[0.050s] Invoking command in '/home/robot/ws_moveit2/build/my_robot_interfaces': CMAKE_PREFIX_PATH=${CMAKE_PREFIX_PATH}:/home/robot/ws_moveit2/install/motion_planning_python_api:/home/robot/ws_moveit2/install/moveit_configs_utils:/home/robot/ws_moveit2/install/my_robot_first_servo_control:/home/robot/ws_moveit2/install/my_pybullet_package:/home/robot/ws_moveit2/install/launch_param_builder:/home/robot/ros2_ws/install/my_turtlesim_project:/home/robot/ros2_ws/install/my_robot_first_servo_control:/home/robot/ros2_ws/install/my_py_pkg:/home/robot/ros2_ws/install/actions_py:/opt/ros/humble /usr/bin/cmake --build /home/robot/ws_moveit2/build/my_robot_interfaces -- -j4 -l4
[0.170s] [35m[1mConsolidate compiler generated dependencies of target my_robot_interfaces__rosidl_generator_c[0m
[0.193s] [  1%] Built target my_robot_interfaces__cpp
[0.203s] [ 12%] Built target my_robot_interfaces__rosidl_generator_c
[0.216s] [ 12%] Built target ament_cmake_python_copy_my_robot_interfaces
[0.246s] [35m[1mConsolidate compiler generated dependencies of target my_robot_interfaces__rosidl_typesupport_fastrtps_cpp[0m
[0.247s] [35m[1mConsolidate compiler generated dependencies of target my_robot_interfaces__rosidl_typesupport_cpp[0m
[0.247s] [35m[1mConsolidate compiler generated dependencies of target my_robot_interfaces__rosidl_typesupport_introspection_cpp[0m
[0.261s] [35m[1mConsolidate compiler generated dependencies of target my_robot_interfaces__rosidl_typesupport_fastrtps_c[0m
[0.289s] [ 23%] Built target my_robot_interfaces__rosidl_typesupport_fastrtps_cpp
[0.297s] [ 35%] Built target my_robot_interfaces__rosidl_typesupport_introspection_cpp
[0.311s] [ 46%] Built target my_robot_interfaces__rosidl_typesupport_fastrtps_c
[0.311s] [ 57%] Built target my_robot_interfaces__rosidl_typesupport_cpp
[0.320s] [35m[1mConsolidate compiler generated dependencies of target my_robot_interfaces__rosidl_typesupport_c[0m
[0.330s] [35m[1mConsolidate compiler generated dependencies of target my_robot_interfaces__rosidl_typesupport_introspection_c[0m
[0.360s] [ 69%] Built target my_robot_interfaces__rosidl_typesupport_c
[0.374s] [ 80%] Built target my_robot_interfaces__rosidl_typesupport_introspection_c
[0.420s] [ 80%] Built target my_robot_interfaces
[0.471s] [ 81%] Built target my_robot_interfaces__py
[0.501s] [35m[1mConsolidate compiler generated dependencies of target my_robot_interfaces__rosidl_generator_py[0m
[0.542s] [ 91%] Built target my_robot_interfaces__rosidl_generator_py
[0.579s] [35m[1mConsolidate compiler generated dependencies of target my_robot_interfaces__rosidl_typesupport_introspection_c__pyext[0m
[0.585s] [35m[1mConsolidate compiler generated dependencies of target my_robot_interfaces__rosidl_typesupport_fastrtps_c__pyext[0m
[0.593s] [35m[1mConsolidate compiler generated dependencies of target my_robot_interfaces__rosidl_typesupport_c__pyext[0m
[0.620s] [ 94%] Built target my_robot_interfaces__rosidl_typesupport_fastrtps_c__pyext
[0.624s] [ 97%] Built target my_robot_interfaces__rosidl_typesupport_introspection_c__pyext
[0.628s] [100%] Built target my_robot_interfaces__rosidl_typesupport_c__pyext
[1.225s] running egg_info
[1.259s] writing my_robot_interfaces.egg-info/PKG-INFO
[1.259s] writing dependency_links to my_robot_interfaces.egg-info/dependency_links.txt
[1.260s] writing top-level names to my_robot_interfaces.egg-info/top_level.txt
[1.381s] reading manifest file 'my_robot_interfaces.egg-info/SOURCES.txt'
[1.383s] writing manifest file 'my_robot_interfaces.egg-info/SOURCES.txt'
[1.469s] [100%] Built target ament_cmake_python_build_my_robot_interfaces_egg
[1.496s] Invoked command in '/home/robot/ws_moveit2/build/my_robot_interfaces' returned '0': CMAKE_PREFIX_PATH=${CMAKE_PREFIX_PATH}:/home/robot/ws_moveit2/install/motion_planning_python_api:/home/robot/ws_moveit2/install/moveit_configs_utils:/home/robot/ws_moveit2/install/my_robot_first_servo_control:/home/robot/ws_moveit2/install/my_pybullet_package:/home/robot/ws_moveit2/install/launch_param_builder:/home/robot/ros2_ws/install/my_turtlesim_project:/home/robot/ros2_ws/install/my_robot_first_servo_control:/home/robot/ros2_ws/install/my_py_pkg:/home/robot/ros2_ws/install/actions_py:/opt/ros/humble /usr/bin/cmake --build /home/robot/ws_moveit2/build/my_robot_interfaces -- -j4 -l4
[2.046s] Invoking command in '/home/robot/ws_moveit2/build/my_robot_interfaces': CMAKE_PREFIX_PATH=${CMAKE_PREFIX_PATH}:/home/robot/ws_moveit2/install/motion_planning_python_api:/home/robot/ws_moveit2/install/moveit_configs_utils:/home/robot/ws_moveit2/install/my_robot_first_servo_control:/home/robot/ws_moveit2/install/my_pybullet_package:/home/robot/ws_moveit2/install/launch_param_builder:/home/robot/ros2_ws/install/my_turtlesim_project:/home/robot/ros2_ws/install/my_robot_first_servo_control:/home/robot/ros2_ws/install/my_py_pkg:/home/robot/ros2_ws/install/actions_py:/opt/ros/humble /usr/bin/cmake --install /home/robot/ws_moveit2/build/my_robot_interfaces
[2.061s] -- Install configuration: "Release"
[2.062s] -- Up-to-date: /home/robot/ws_moveit2/install/my_robot_interfaces/share/ament_index/resource_index/rosidl_interfaces/my_robot_interfaces
[2.062s] -- Up-to-date: /home/robot/ws_moveit2/install/my_robot_interfaces/include/my_robot_interfaces/my_robot_interfaces
[2.062s] -- Up-to-date: /home/robot/ws_moveit2/install/my_robot_interfaces/include/my_robot_interfaces/my_robot_interfaces/action
[2.063s] -- Up-to-date: /home/robot/ws_moveit2/install/my_robot_interfaces/include/my_robot_interfaces/my_robot_interfaces/action/one_servo.h
[2.063s] -- Up-to-date: /home/robot/ws_moveit2/install/my_robot_interfaces/include/my_robot_interfaces/my_robot_interfaces/action/detail
[2.063s] -- Up-to-date: /home/robot/ws_moveit2/install/my_robot_interfaces/include/my_robot_interfaces/my_robot_interfaces/action/detail/count_until__type_support.h
[2.063s] -- Up-to-date: /home/robot/ws_moveit2/install/my_robot_interfaces/include/my_robot_interfaces/my_robot_interfaces/action/detail/one_servo__functions.c
[2.063s] -- Up-to-date: /home/robot/ws_moveit2/install/my_robot_interfaces/include/my_robot_interfaces/my_robot_interfaces/action/detail/count_until__struct.h
[2.063s] -- Up-to-date: /home/robot/ws_moveit2/install/my_robot_interfaces/include/my_robot_interfaces/my_robot_interfaces/action/detail/count_until__functions.h
[2.063s] -- Up-to-date: /home/robot/ws_moveit2/install/my_robot_interfaces/include/my_robot_interfaces/my_robot_interfaces/action/detail/one_servo__functions.h
[2.063s] -- Up-to-date: /home/robot/ws_moveit2/install/my_robot_interfaces/include/my_robot_interfaces/my_robot_interfaces/action/detail/count_until__functions.c
[2.064s] -- Up-to-date: /home/robot/ws_moveit2/install/my_robot_interfaces/include/my_robot_interfaces/my_robot_interfaces/action/detail/one_servo__struct.h
[2.064s] -- Up-to-date: /home/robot/ws_moveit2/install/my_robot_interfaces/include/my_robot_interfaces/my_robot_interfaces/action/detail/one_servo__type_support.h
[2.064s] -- Up-to-date: /home/robot/ws_moveit2/install/my_robot_interfaces/include/my_robot_interfaces/my_robot_interfaces/action/count_until.h
[2.064s] -- Up-to-date: /home/robot/ws_moveit2/install/my_robot_interfaces/include/my_robot_interfaces/my_robot_interfaces/msg
[2.065s] -- Up-to-date: /home/robot/ws_moveit2/install/my_robot_interfaces/include/my_robot_interfaces/my_robot_interfaces/msg/rosidl_generator_c__visibility_control.h
[2.065s] -- Up-to-date: /home/robot/ws_moveit2/install/my_robot_interfaces/include/my_robot_interfaces/my_robot_interfaces/msg/led_panel_state.h
[2.065s] -- Up-to-date: /home/robot/ws_moveit2/install/my_robot_interfaces/include/my_robot_interfaces/my_robot_interfaces/msg/hardware_status.h
[2.065s] -- Up-to-date: /home/robot/ws_moveit2/install/my_robot_interfaces/include/my_robot_interfaces/my_robot_interfaces/msg/detail
[2.066s] -- Up-to-date: /home/robot/ws_moveit2/install/my_robot_interfaces/include/my_robot_interfaces/my_robot_interfaces/msg/detail/hardware_status__functions.h
[2.066s] -- Up-to-date: /home/robot/ws_moveit2/install/my_robot_interfaces/include/my_robot_interfaces/my_robot_interfaces/msg/detail/hardware_status__functions.c
[2.066s] -- Up-to-date: /home/robot/ws_moveit2/install/my_robot_interfaces/include/my_robot_interfaces/my_robot_interfaces/msg/detail/hardware_status__struct.h
[2.066s] -- Up-to-date: /home/robot/ws_moveit2/install/my_robot_interfaces/include/my_robot_interfaces/my_robot_interfaces/msg/detail/led_panel_state__type_support.h
[2.066s] -- Up-to-date: /home/robot/ws_moveit2/install/my_robot_interfaces/include/my_robot_interfaces/my_robot_interfaces/msg/detail/led_panel_state__struct.h
[2.067s] -- Up-to-date: /home/robot/ws_moveit2/install/my_robot_interfaces/include/my_robot_interfaces/my_robot_interfaces/msg/detail/hardware_status__type_support.h
[2.067s] -- Up-to-date: /home/robot/ws_moveit2/install/my_robot_interfaces/include/my_robot_interfaces/my_robot_interfaces/msg/detail/led_panel_state__functions.c
[2.067s] -- Up-to-date: /home/robot/ws_moveit2/install/my_robot_interfaces/include/my_robot_interfaces/my_robot_interfaces/msg/detail/led_panel_state__functions.h
[2.067s] -- Up-to-date: /home/robot/ws_moveit2/install/my_robot_interfaces/include/my_robot_interfaces/my_robot_interfaces/srv
[2.068s] -- Up-to-date: /home/robot/ws_moveit2/install/my_robot_interfaces/include/my_robot_interfaces/my_robot_interfaces/srv/set_led.h
[2.068s] -- Up-to-date: /home/robot/ws_moveit2/install/my_robot_interfaces/include/my_robot_interfaces/my_robot_interfaces/srv/compute_rectangle_area.h
[2.068s] -- Up-to-date: /home/robot/ws_moveit2/install/my_robot_interfaces/include/my_robot_interfaces/my_robot_interfaces/srv/detail
[2.068s] -- Up-to-date: /home/robot/ws_moveit2/install/my_robot_interfaces/include/my_robot_interfaces/my_robot_interfaces/srv/detail/compute_rectangle_area__type_support.h
[2.068s] -- Up-to-date: /home/robot/ws_moveit2/install/my_robot_interfaces/include/my_robot_interfaces/my_robot_interfaces/srv/detail/set_led__functions.h
[2.068s] -- Up-to-date: /home/robot/ws_moveit2/install/my_robot_interfaces/include/my_robot_interfaces/my_robot_interfaces/srv/detail/compute_rectangle_area__functions.c
[2.069s] -- Up-to-date: /home/robot/ws_moveit2/install/my_robot_interfaces/include/my_robot_interfaces/my_robot_interfaces/srv/detail/set_led__type_support.h
[2.069s] -- Up-to-date: /home/robot/ws_moveit2/install/my_robot_interfaces/include/my_robot_interfaces/my_robot_interfaces/srv/detail/compute_rectangle_area__struct.h
[2.069s] -- Up-to-date: /home/robot/ws_moveit2/install/my_robot_interfaces/include/my_robot_interfaces/my_robot_interfaces/srv/detail/compute_rectangle_area__functions.h
[2.069s] -- Up-to-date: /home/robot/ws_moveit2/install/my_robot_interfaces/include/my_robot_interfaces/my_robot_interfaces/srv/detail/set_led__functions.c
[2.069s] -- Up-to-date: /home/robot/ws_moveit2/install/my_robot_interfaces/include/my_robot_interfaces/my_robot_interfaces/srv/detail/set_led__struct.h
[2.069s] -- Up-to-date: /home/robot/ws_moveit2/install/my_robot_interfaces/share/my_robot_interfaces/environment/library_path.sh
[2.069s] -- Up-to-date: /home/robot/ws_moveit2/install/my_robot_interfaces/share/my_robot_interfaces/environment/library_path.dsv
[2.069s] -- Up-to-date: /home/robot/ws_moveit2/install/my_robot_interfaces/lib/libmy_robot_interfaces__rosidl_generator_c.so
[2.070s] -- Up-to-date: /home/robot/ws_moveit2/install/my_robot_interfaces/include/my_robot_interfaces/my_robot_interfaces
[2.070s] -- Up-to-date: /home/robot/ws_moveit2/install/my_robot_interfaces/include/my_robot_interfaces/my_robot_interfaces/action
[2.070s] -- Up-to-date: /home/robot/ws_moveit2/install/my_robot_interfaces/include/my_robot_interfaces/my_robot_interfaces/action/detail
[2.071s] -- Up-to-date: /home/robot/ws_moveit2/install/my_robot_interfaces/include/my_robot_interfaces/my_robot_interfaces/action/detail/count_until__rosidl_typesupport_fastrtps_c.h
[2.071s] -- Up-to-date: /home/robot/ws_moveit2/install/my_robot_interfaces/include/my_robot_interfaces/my_robot_interfaces/action/detail/one_servo__rosidl_typesupport_fastrtps_c.h
[2.071s] -- Up-to-date: /home/robot/ws_moveit2/install/my_robot_interfaces/include/my_robot_interfaces/my_robot_interfaces/msg
[2.071s] -- Up-to-date: /home/robot/ws_moveit2/install/my_robot_interfaces/include/my_robot_interfaces/my_robot_interfaces/msg/detail
[2.071s] -- Up-to-date: /home/robot/ws_moveit2/install/my_robot_interfaces/include/my_robot_interfaces/my_robot_interfaces/msg/detail/hardware_status__rosidl_typesupport_fastrtps_c.h
[2.072s] -- Up-to-date: /home/robot/ws_moveit2/install/my_robot_interfaces/include/my_robot_interfaces/my_robot_interfaces/msg/detail/led_panel_state__rosidl_typesupport_fastrtps_c.h
[2.072s] -- Up-to-date: /home/robot/ws_moveit2/install/my_robot_interfaces/include/my_robot_interfaces/my_robot_interfaces/msg/rosidl_typesupport_fastrtps_c__visibility_control.h
[2.073s] -- Up-to-date: /home/robot/ws_moveit2/install/my_robot_interfaces/include/my_robot_interfaces/my_robot_interfaces/srv
[2.074s] -- Up-to-date: /home/robot/ws_moveit2/install/my_robot_interfaces/include/my_robot_interfaces/my_robot_interfaces/srv/detail
[2.075s] -- Up-to-date: /home/robot/ws_moveit2/install/my_robot_interfaces/include/my_robot_interfaces/my_robot_interfaces/srv/detail/compute_rectangle_area__rosidl_typesupport_fastrtps_c.h
[2.075s] -- Up-to-date: /home/robot/ws_moveit2/install/my_robot_interfaces/include/my_robot_interfaces/my_robot_interfaces/srv/detail/set_led__rosidl_typesupport_fastrtps_c.h
[2.076s] -- Up-to-date: /home/robot/ws_moveit2/install/my_robot_interfaces/lib/libmy_robot_interfaces__rosidl_typesupport_fastrtps_c.so
[2.076s] -- Up-to-date: /home/robot/ws_moveit2/install/my_robot_interfaces/include/my_robot_interfaces/my_robot_interfaces
[2.076s] -- Up-to-date: /home/robot/ws_moveit2/install/my_robot_interfaces/include/my_robot_interfaces/my_robot_interfaces/action
[2.076s] -- Up-to-date: /home/robot/ws_moveit2/install/my_robot_interfaces/include/my_robot_interfaces/my_robot_interfaces/action/detail
[2.076s] -- Up-to-date: /home/robot/ws_moveit2/install/my_robot_interfaces/include/my_robot_interfaces/my_robot_interfaces/action/detail/count_until__rosidl_typesupport_introspection_c.h
[2.076s] -- Up-to-date: /home/robot/ws_moveit2/install/my_robot_interfaces/include/my_robot_interfaces/my_robot_interfaces/action/detail/count_until__type_support.c
[2.077s] -- Up-to-date: /home/robot/ws_moveit2/install/my_robot_interfaces/include/my_robot_interfaces/my_robot_interfaces/action/detail/one_servo__type_support.c
[2.077s] -- Up-to-date: /home/robot/ws_moveit2/install/my_robot_interfaces/include/my_robot_interfaces/my_robot_interfaces/action/detail/one_servo__rosidl_typesupport_introspection_c.h
[2.077s] -- Up-to-date: /home/robot/ws_moveit2/install/my_robot_interfaces/include/my_robot_interfaces/my_robot_interfaces/msg
[2.077s] -- Up-to-date: /home/robot/ws_moveit2/install/my_robot_interfaces/include/my_robot_interfaces/my_robot_interfaces/msg/rosidl_typesupport_introspection_c__visibility_control.h
[2.077s] -- Up-to-date: /home/robot/ws_moveit2/install/my_robot_interfaces/include/my_robot_interfaces/my_robot_interfaces/msg/detail
[2.077s] -- Up-to-date: /home/robot/ws_moveit2/install/my_robot_interfaces/include/my_robot_interfaces/my_robot_interfaces/msg/detail/led_panel_state__type_support.c
[2.077s] -- Up-to-date: /home/robot/ws_moveit2/install/my_robot_interfaces/include/my_robot_interfaces/my_robot_interfaces/msg/detail/hardware_status__rosidl_typesupport_introspection_c.h
[2.078s] -- Up-to-date: /home/robot/ws_moveit2/install/my_robot_interfaces/include/my_robot_interfaces/my_robot_interfaces/msg/detail/hardware_status__type_support.c
[2.078s] -- Up-to-date: /home/robot/ws_moveit2/install/my_robot_interfaces/include/my_robot_interfaces/my_robot_interfaces/msg/detail/led_panel_state__rosidl_typesupport_introspection_c.h
[2.079s] -- Up-to-date: /home/robot/ws_moveit2/install/my_robot_interfaces/include/my_robot_interfaces/my_robot_interfaces/srv
[2.079s] -- Up-to-date: /home/robot/ws_moveit2/install/my_robot_interfaces/include/my_robot_interfaces/my_robot_interfaces/srv/detail
[2.079s] -- Up-to-date: /home/robot/ws_moveit2/install/my_robot_interfaces/include/my_robot_interfaces/my_robot_interfaces/srv/detail/compute_rectangle_area__rosidl_typesupport_introspection_c.h
[2.079s] -- Up-to-date: /home/robot/ws_moveit2/install/my_robot_interfaces/include/my_robot_interfaces/my_robot_interfaces/srv/detail/compute_rectangle_area__type_support.c
[2.080s] -- Up-to-date: /home/robot/ws_moveit2/install/my_robot_interfaces/include/my_robot_interfaces/my_robot_interfaces/srv/detail/set_led__type_support.c
[2.080s] -- Up-to-date: /home/robot/ws_moveit2/install/my_robot_interfaces/include/my_robot_interfaces/my_robot_interfaces/srv/detail/set_led__rosidl_typesupport_introspection_c.h
[2.080s] -- Up-to-date: /home/robot/ws_moveit2/install/my_robot_interfaces/lib/libmy_robot_interfaces__rosidl_typesupport_introspection_c.so
[2.080s] -- Up-to-date: /home/robot/ws_moveit2/install/my_robot_interfaces/lib/libmy_robot_interfaces__rosidl_typesupport_c.so
[2.080s] -- Up-to-date: /home/robot/ws_moveit2/install/my_robot_interfaces/include/my_robot_interfaces/my_robot_interfaces
[2.080s] -- Up-to-date: /home/robot/ws_moveit2/install/my_robot_interfaces/include/my_robot_interfaces/my_robot_interfaces/action
[2.080s] -- Up-to-date: /home/robot/ws_moveit2/install/my_robot_interfaces/include/my_robot_interfaces/my_robot_interfaces/action/count_until.hpp
[2.080s] -- Up-to-date: /home/robot/ws_moveit2/install/my_robot_interfaces/include/my_robot_interfaces/my_robot_interfaces/action/one_servo.hpp
[2.081s] -- Up-to-date: /home/robot/ws_moveit2/install/my_robot_interfaces/include/my_robot_interfaces/my_robot_interfaces/action/detail
[2.081s] -- Up-to-date: /home/robot/ws_moveit2/install/my_robot_interfaces/include/my_robot_interfaces/my_robot_interfaces/action/detail/one_servo__builder.hpp
[2.081s] -- Up-to-date: /home/robot/ws_moveit2/install/my_robot_interfaces/include/my_robot_interfaces/my_robot_interfaces/action/detail/count_until__traits.hpp
[2.081s] -- Up-to-date: /home/robot/ws_moveit2/install/my_robot_interfaces/include/my_robot_interfaces/my_robot_interfaces/action/detail/one_servo__traits.hpp
[2.081s] -- Up-to-date: /home/robot/ws_moveit2/install/my_robot_interfaces/include/my_robot_interfaces/my_robot_interfaces/action/detail/one_servo__struct.hpp
[2.081s] -- Up-to-date: /home/robot/ws_moveit2/install/my_robot_interfaces/include/my_robot_interfaces/my_robot_interfaces/action/detail/count_until__builder.hpp
[2.081s] -- Up-to-date: /home/robot/ws_moveit2/install/my_robot_interfaces/include/my_robot_interfaces/my_robot_interfaces/action/detail/count_until__struct.hpp
[2.081s] -- Up-to-date: /home/robot/ws_moveit2/install/my_robot_interfaces/include/my_robot_interfaces/my_robot_interfaces/msg
[2.082s] -- Up-to-date: /home/robot/ws_moveit2/install/my_robot_interfaces/include/my_robot_interfaces/my_robot_interfaces/msg/led_panel_state.hpp
[2.082s] -- Up-to-date: /home/robot/ws_moveit2/install/my_robot_interfaces/include/my_robot_interfaces/my_robot_interfaces/msg/hardware_status.hpp
[2.082s] -- Up-to-date: /home/robot/ws_moveit2/install/my_robot_interfaces/include/my_robot_interfaces/my_robot_interfaces/msg/detail
[2.082s] -- Up-to-date: /home/robot/ws_moveit2/install/my_robot_interfaces/include/my_robot_interfaces/my_robot_interfaces/msg/detail/led_panel_state__traits.hpp
[2.082s] -- Up-to-date: /home/robot/ws_moveit2/install/my_robot_interfaces/include/my_robot_interfaces/my_robot_interfaces/msg/detail/led_panel_state__struct.hpp
[2.082s] -- Up-to-date: /home/robot/ws_moveit2/install/my_robot_interfaces/include/my_robot_interfaces/my_robot_interfaces/msg/detail/led_panel_state__builder.hpp
[2.083s] -- Up-to-date: /home/robot/ws_moveit2/install/my_robot_interfaces/include/my_robot_interfaces/my_robot_interfaces/msg/detail/hardware_status__traits.hpp
[2.083s] -- Up-to-date: /home/robot/ws_moveit2/install/my_robot_interfaces/include/my_robot_interfaces/my_robot_interfaces/msg/detail/hardware_status__struct.hpp
[2.083s] -- Up-to-date: /home/robot/ws_moveit2/install/my_robot_interfaces/include/my_robot_interfaces/my_robot_interfaces/msg/detail/hardware_status__builder.hpp
[2.083s] -- Up-to-date: /home/robot/ws_moveit2/install/my_robot_interfaces/include/my_robot_interfaces/my_robot_interfaces/srv
[2.083s] -- Up-to-date: /home/robot/ws_moveit2/install/my_robot_interfaces/include/my_robot_interfaces/my_robot_interfaces/srv/set_led.hpp
[2.083s] -- Up-to-date: /home/robot/ws_moveit2/install/my_robot_interfaces/include/my_robot_interfaces/my_robot_interfaces/srv/compute_rectangle_area.hpp
[2.083s] -- Up-to-date: /home/robot/ws_moveit2/install/my_robot_interfaces/include/my_robot_interfaces/my_robot_interfaces/srv/detail
[2.083s] -- Up-to-date: /home/robot/ws_moveit2/install/my_robot_interfaces/include/my_robot_interfaces/my_robot_interfaces/srv/detail/set_led__builder.hpp
[2.084s] -- Up-to-date: /home/robot/ws_moveit2/install/my_robot_interfaces/include/my_robot_interfaces/my_robot_interfaces/srv/detail/compute_rectangle_area__builder.hpp
[2.084s] -- Up-to-date: /home/robot/ws_moveit2/install/my_robot_interfaces/include/my_robot_interfaces/my_robot_interfaces/srv/detail/set_led__struct.hpp
[2.084s] -- Up-to-date: /home/robot/ws_moveit2/install/my_robot_interfaces/include/my_robot_interfaces/my_robot_interfaces/srv/detail/compute_rectangle_area__traits.hpp
[2.084s] -- Up-to-date: /home/robot/ws_moveit2/install/my_robot_interfaces/include/my_robot_interfaces/my_robot_interfaces/srv/detail/set_led__traits.hpp
[2.084s] -- Up-to-date: /home/robot/ws_moveit2/install/my_robot_interfaces/include/my_robot_interfaces/my_robot_interfaces/srv/detail/compute_rectangle_area__struct.hpp
[2.084s] -- Up-to-date: /home/robot/ws_moveit2/install/my_robot_interfaces/include/my_robot_interfaces/my_robot_interfaces
[2.084s] -- Up-to-date: /home/robot/ws_moveit2/install/my_robot_interfaces/include/my_robot_interfaces/my_robot_interfaces/action
[2.084s] -- Up-to-date: /home/robot/ws_moveit2/install/my_robot_interfaces/include/my_robot_interfaces/my_robot_interfaces/action/detail
[2.084s] -- Up-to-date: /home/robot/ws_moveit2/install/my_robot_interfaces/include/my_robot_interfaces/my_robot_interfaces/action/detail/dds_fastrtps
[2.085s] -- Up-to-date: /home/robot/ws_moveit2/install/my_robot_interfaces/include/my_robot_interfaces/my_robot_interfaces/action/detail/count_until__rosidl_typesupport_fastrtps_cpp.hpp
[2.085s] -- Up-to-date: /home/robot/ws_moveit2/install/my_robot_interfaces/include/my_robot_interfaces/my_robot_interfaces/action/detail/one_servo__rosidl_typesupport_fastrtps_cpp.hpp
[2.085s] -- Up-to-date: /home/robot/ws_moveit2/install/my_robot_interfaces/include/my_robot_interfaces/my_robot_interfaces/msg
[2.085s] -- Up-to-date: /home/robot/ws_moveit2/install/my_robot_interfaces/include/my_robot_interfaces/my_robot_interfaces/msg/rosidl_typesupport_fastrtps_cpp__visibility_control.h
[2.085s] -- Up-to-date: /home/robot/ws_moveit2/install/my_robot_interfaces/include/my_robot_interfaces/my_robot_interfaces/msg/detail
[2.085s] -- Up-to-date: /home/robot/ws_moveit2/install/my_robot_interfaces/include/my_robot_interfaces/my_robot_interfaces/msg/detail/dds_fastrtps
[2.085s] -- Up-to-date: /home/robot/ws_moveit2/install/my_robot_interfaces/include/my_robot_interfaces/my_robot_interfaces/msg/detail/led_panel_state__rosidl_typesupport_fastrtps_cpp.hpp
[2.085s] -- Up-to-date: /home/robot/ws_moveit2/install/my_robot_interfaces/include/my_robot_interfaces/my_robot_interfaces/msg/detail/hardware_status__rosidl_typesupport_fastrtps_cpp.hpp
[2.086s] -- Up-to-date: /home/robot/ws_moveit2/install/my_robot_interfaces/include/my_robot_interfaces/my_robot_interfaces/srv
[2.086s] -- Up-to-date: /home/robot/ws_moveit2/install/my_robot_interfaces/include/my_robot_interfaces/my_robot_interfaces/srv/detail
[2.086s] -- Up-to-date: /home/robot/ws_moveit2/install/my_robot_interfaces/include/my_robot_interfaces/my_robot_interfaces/srv/detail/dds_fastrtps
[2.086s] -- Up-to-date: /home/robot/ws_moveit2/install/my_robot_interfaces/include/my_robot_interfaces/my_robot_interfaces/srv/detail/compute_rectangle_area__rosidl_typesupport_fastrtps_cpp.hpp
[2.086s] -- Up-to-date: /home/robot/ws_moveit2/install/my_robot_interfaces/include/my_robot_interfaces/my_robot_interfaces/srv/detail/set_led__rosidl_typesupport_fastrtps_cpp.hpp
[2.086s] -- Up-to-date: /home/robot/ws_moveit2/install/my_robot_interfaces/lib/libmy_robot_interfaces__rosidl_typesupport_fastrtps_cpp.so
[2.086s] -- Up-to-date: /home/robot/ws_moveit2/install/my_robot_interfaces/include/my_robot_interfaces/my_robot_interfaces
[2.086s] -- Up-to-date: /home/robot/ws_moveit2/install/my_robot_interfaces/include/my_robot_interfaces/my_robot_interfaces/action
[2.086s] -- Up-to-date: /home/robot/ws_moveit2/install/my_robot_interfaces/include/my_robot_interfaces/my_robot_interfaces/action/detail
[2.087s] -- Up-to-date: /home/robot/ws_moveit2/install/my_robot_interfaces/include/my_robot_interfaces/my_robot_interfaces/action/detail/one_servo__type_support.cpp
[2.087s] -- Up-to-date: /home/robot/ws_moveit2/install/my_robot_interfaces/include/my_robot_interfaces/my_robot_interfaces/action/detail/count_until__rosidl_typesupport_introspection_cpp.hpp
[2.087s] -- Up-to-date: /home/robot/ws_moveit2/install/my_robot_interfaces/include/my_robot_interfaces/my_robot_interfaces/action/detail/count_until__type_support.cpp
[2.087s] -- Up-to-date: /home/robot/ws_moveit2/install/my_robot_interfaces/include/my_robot_interfaces/my_robot_interfaces/action/detail/one_servo__rosidl_typesupport_introspection_cpp.hpp
[2.087s] -- Up-to-date: /home/robot/ws_moveit2/install/my_robot_interfaces/include/my_robot_interfaces/my_robot_interfaces/msg
[2.087s] -- Up-to-date: /home/robot/ws_moveit2/install/my_robot_interfaces/include/my_robot_interfaces/my_robot_interfaces/msg/detail
[2.087s] -- Up-to-date: /home/robot/ws_moveit2/install/my_robot_interfaces/include/my_robot_interfaces/my_robot_interfaces/msg/detail/hardware_status__rosidl_typesupport_introspection_cpp.hpp
[2.087s] -- Up-to-date: /home/robot/ws_moveit2/install/my_robot_interfaces/include/my_robot_interfaces/my_robot_interfaces/msg/detail/led_panel_state__type_support.cpp
[2.087s] -- Up-to-date: /home/robot/ws_moveit2/install/my_robot_interfaces/include/my_robot_interfaces/my_robot_interfaces/msg/detail/hardware_status__type_support.cpp
[2.088s] -- Up-to-date: /home/robot/ws_moveit2/install/my_robot_interfaces/include/my_robot_interfaces/my_robot_interfaces/msg/detail/led_panel_state__rosidl_typesupport_introspection_cpp.hpp
[2.088s] -- Up-to-date: /home/robot/ws_moveit2/install/my_robot_interfaces/include/my_robot_interfaces/my_robot_interfaces/srv
[2.088s] -- Up-to-date: /home/robot/ws_moveit2/install/my_robot_interfaces/include/my_robot_interfaces/my_robot_interfaces/srv/detail
[2.088s] -- Up-to-date: /home/robot/ws_moveit2/install/my_robot_interfaces/include/my_robot_interfaces/my_robot_interfaces/srv/detail/compute_rectangle_area__rosidl_typesupport_introspection_cpp.hpp
[2.088s] -- Up-to-date: /home/robot/ws_moveit2/install/my_robot_interfaces/include/my_robot_interfaces/my_robot_interfaces/srv/detail/set_led__rosidl_typesupport_introspection_cpp.hpp
[2.088s] -- Up-to-date: /home/robot/ws_moveit2/install/my_robot_interfaces/include/my_robot_interfaces/my_robot_interfaces/srv/detail/compute_rectangle_area__type_support.cpp
[2.088s] -- Up-to-date: /home/robot/ws_moveit2/install/my_robot_interfaces/include/my_robot_interfaces/my_robot_interfaces/srv/detail/set_led__type_support.cpp
[2.088s] -- Up-to-date: /home/robot/ws_moveit2/install/my_robot_interfaces/lib/libmy_robot_interfaces__rosidl_typesupport_introspection_cpp.so
[2.089s] -- Up-to-date: /home/robot/ws_moveit2/install/my_robot_interfaces/lib/libmy_robot_interfaces__rosidl_typesupport_cpp.so
[2.089s] -- Up-to-date: /home/robot/ws_moveit2/install/my_robot_interfaces/share/my_robot_interfaces/environment/pythonpath.sh
[2.089s] -- Up-to-date: /home/robot/ws_moveit2/install/my_robot_interfaces/share/my_robot_interfaces/environment/pythonpath.dsv
[2.089s] -- Up-to-date: /home/robot/ws_moveit2/install/my_robot_interfaces/local/lib/python3.10/dist-packages/my_robot_interfaces-0.0.0-py3.10.egg-info
[2.089s] -- Installing: /home/robot/ws_moveit2/install/my_robot_interfaces/local/lib/python3.10/dist-packages/my_robot_interfaces-0.0.0-py3.10.egg-info/dependency_links.txt
[2.089s] -- Installing: /home/robot/ws_moveit2/install/my_robot_interfaces/local/lib/python3.10/dist-packages/my_robot_interfaces-0.0.0-py3.10.egg-info/PKG-INFO
[2.089s] -- Installing: /home/robot/ws_moveit2/install/my_robot_interfaces/local/lib/python3.10/dist-packages/my_robot_interfaces-0.0.0-py3.10.egg-info/SOURCES.txt
[2.089s] -- Installing: /home/robot/ws_moveit2/install/my_robot_interfaces/local/lib/python3.10/dist-packages/my_robot_interfaces-0.0.0-py3.10.egg-info/top_level.txt
[2.090s] -- Up-to-date: /home/robot/ws_moveit2/install/my_robot_interfaces/local/lib/python3.10/dist-packages/my_robot_interfaces
[2.090s] -- Up-to-date: /home/robot/ws_moveit2/install/my_robot_interfaces/local/lib/python3.10/dist-packages/my_robot_interfaces/action
[2.090s] -- Up-to-date: /home/robot/ws_moveit2/install/my_robot_interfaces/local/lib/python3.10/dist-packages/my_robot_interfaces/action/_one_servo.py
[2.090s] -- Up-to-date: /home/robot/ws_moveit2/install/my_robot_interfaces/local/lib/python3.10/dist-packages/my_robot_interfaces/action/_count_until_s.c
[2.090s] -- Up-to-date: /home/robot/ws_moveit2/install/my_robot_interfaces/local/lib/python3.10/dist-packages/my_robot_interfaces/action/_count_until.py
[2.090s] -- Up-to-date: /home/robot/ws_moveit2/install/my_robot_interfaces/local/lib/python3.10/dist-packages/my_robot_interfaces/action/__init__.py
[2.090s] -- Up-to-date: /home/robot/ws_moveit2/install/my_robot_interfaces/local/lib/python3.10/dist-packages/my_robot_interfaces/action/_one_servo_s.c
[2.090s] -- Up-to-date: /home/robot/ws_moveit2/install/my_robot_interfaces/local/lib/python3.10/dist-packages/my_robot_interfaces/msg
[2.091s] -- Up-to-date: /home/robot/ws_moveit2/install/my_robot_interfaces/local/lib/python3.10/dist-packages/my_robot_interfaces/msg/_hardware_status.py
[2.091s] -- Up-to-date: /home/robot/ws_moveit2/install/my_robot_interfaces/local/lib/python3.10/dist-packages/my_robot_interfaces/msg/_led_panel_state.py
[2.091s] -- Up-to-date: /home/robot/ws_moveit2/install/my_robot_interfaces/local/lib/python3.10/dist-packages/my_robot_interfaces/msg/_hardware_status_s.c
[2.091s] -- Up-to-date: /home/robot/ws_moveit2/install/my_robot_interfaces/local/lib/python3.10/dist-packages/my_robot_interfaces/msg/__init__.py
[2.091s] -- Up-to-date: /home/robot/ws_moveit2/install/my_robot_interfaces/local/lib/python3.10/dist-packages/my_robot_interfaces/msg/_led_panel_state_s.c
[2.091s] -- Up-to-date: /home/robot/ws_moveit2/install/my_robot_interfaces/local/lib/python3.10/dist-packages/my_robot_interfaces/_my_robot_interfaces_s.ep.rosidl_typesupport_fastrtps_c.c
[2.091s] -- Up-to-date: /home/robot/ws_moveit2/install/my_robot_interfaces/local/lib/python3.10/dist-packages/my_robot_interfaces/_my_robot_interfaces_s.ep.rosidl_typesupport_introspection_c.c
[2.092s] -- Up-to-date: /home/robot/ws_moveit2/install/my_robot_interfaces/local/lib/python3.10/dist-packages/my_robot_interfaces/libmy_robot_interfaces__rosidl_generator_py.so
[2.092s] -- Up-to-date: /home/robot/ws_moveit2/install/my_robot_interfaces/local/lib/python3.10/dist-packages/my_robot_interfaces/srv
[2.092s] -- Up-to-date: /home/robot/ws_moveit2/install/my_robot_interfaces/local/lib/python3.10/dist-packages/my_robot_interfaces/srv/_set_led.py
[2.092s] -- Up-to-date: /home/robot/ws_moveit2/install/my_robot_interfaces/local/lib/python3.10/dist-packages/my_robot_interfaces/srv/_set_led_s.c
[2.093s] -- Up-to-date: /home/robot/ws_moveit2/install/my_robot_interfaces/local/lib/python3.10/dist-packages/my_robot_interfaces/srv/_compute_rectangle_area.py
[2.093s] -- Up-to-date: /home/robot/ws_moveit2/install/my_robot_interfaces/local/lib/python3.10/dist-packages/my_robot_interfaces/srv/__init__.py
[2.093s] -- Up-to-date: /home/robot/ws_moveit2/install/my_robot_interfaces/local/lib/python3.10/dist-packages/my_robot_interfaces/srv/_compute_rectangle_area_s.c
[2.093s] -- Up-to-date: /home/robot/ws_moveit2/install/my_robot_interfaces/local/lib/python3.10/dist-packages/my_robot_interfaces/_my_robot_interfaces_s.ep.rosidl_typesupport_c.c
[2.093s] -- Up-to-date: /home/robot/ws_moveit2/install/my_robot_interfaces/local/lib/python3.10/dist-packages/my_robot_interfaces/__init__.py
[2.093s] -- Up-to-date: /home/robot/ws_moveit2/install/my_robot_interfaces/local/lib/python3.10/dist-packages/my_robot_interfaces/my_robot_interfaces_s__rosidl_typesupport_c.cpython-310-x86_64-linux-gnu.so
[2.094s] -- Up-to-date: /home/robot/ws_moveit2/install/my_robot_interfaces/local/lib/python3.10/dist-packages/my_robot_interfaces/my_robot_interfaces_s__rosidl_typesupport_introspection_c.cpython-310-x86_64-linux-gnu.so
[2.094s] -- Up-to-date: /home/robot/ws_moveit2/install/my_robot_interfaces/local/lib/python3.10/dist-packages/my_robot_interfaces/my_robot_interfaces_s__rosidl_typesupport_fastrtps_c.cpython-310-x86_64-linux-gnu.so
[2.167s] Listing '/home/robot/ws_moveit2/install/my_robot_interfaces/local/lib/python3.10/dist-packages/my_robot_interfaces'...
[2.167s] Listing '/home/robot/ws_moveit2/install/my_robot_interfaces/local/lib/python3.10/dist-packages/my_robot_interfaces/action'...
[2.167s] Listing '/home/robot/ws_moveit2/install/my_robot_interfaces/local/lib/python3.10/dist-packages/my_robot_interfaces/msg'...
[2.168s] Listing '/home/robot/ws_moveit2/install/my_robot_interfaces/local/lib/python3.10/dist-packages/my_robot_interfaces/srv'...
[2.179s] -- Up-to-date: /home/robot/ws_moveit2/install/my_robot_interfaces/local/lib/python3.10/dist-packages/my_robot_interfaces/my_robot_interfaces_s__rosidl_typesupport_fastrtps_c.cpython-310-x86_64-linux-gnu.so
[2.179s] -- Up-to-date: /home/robot/ws_moveit2/install/my_robot_interfaces/local/lib/python3.10/dist-packages/my_robot_interfaces/my_robot_interfaces_s__rosidl_typesupport_introspection_c.cpython-310-x86_64-linux-gnu.so
[2.179s] -- Up-to-date: /home/robot/ws_moveit2/install/my_robot_interfaces/local/lib/python3.10/dist-packages/my_robot_interfaces/my_robot_interfaces_s__rosidl_typesupport_c.cpython-310-x86_64-linux-gnu.so
[2.179s] -- Up-to-date: /home/robot/ws_moveit2/install/my_robot_interfaces/lib/libmy_robot_interfaces__rosidl_generator_py.so
[2.180s] -- Up-to-date: /home/robot/ws_moveit2/install/my_robot_interfaces/share/my_robot_interfaces/msg/HardwareStatus.idl
[2.180s] -- Up-to-date: /home/robot/ws_moveit2/install/my_robot_interfaces/share/my_robot_interfaces/msg/LedPanelState.idl
[2.180s] -- Up-to-date: /home/robot/ws_moveit2/install/my_robot_interfaces/share/my_robot_interfaces/srv/ComputeRectangleArea.idl
[2.180s] -- Up-to-date: /home/robot/ws_moveit2/install/my_robot_interfaces/share/my_robot_interfaces/srv/SetLed.idl
[2.180s] -- Up-to-date: /home/robot/ws_moveit2/install/my_robot_interfaces/share/my_robot_interfaces/action/CountUntil.idl
[2.180s] -- Up-to-date: /home/robot/ws_moveit2/install/my_robot_interfaces/share/my_robot_interfaces/action/OneServo.idl
[2.180s] -- Up-to-date: /home/robot/ws_moveit2/install/my_robot_interfaces/share/my_robot_interfaces/msg/HardwareStatus.msg
[2.181s] -- Up-to-date: /home/robot/ws_moveit2/install/my_robot_interfaces/share/my_robot_interfaces/msg/LedPanelState.msg
[2.181s] -- Up-to-date: /home/robot/ws_moveit2/install/my_robot_interfaces/share/my_robot_interfaces/srv/ComputeRectangleArea.srv
[2.181s] -- Up-to-date: /home/robot/ws_moveit2/install/my_robot_interfaces/share/my_robot_interfaces/srv/ComputeRectangleArea_Request.msg
[2.181s] -- Up-to-date: /home/robot/ws_moveit2/install/my_robot_interfaces/share/my_robot_interfaces/srv/ComputeRectangleArea_Response.msg
[2.182s] -- Up-to-date: /home/robot/ws_moveit2/install/my_robot_interfaces/share/my_robot_interfaces/srv/SetLed.srv
[2.182s] -- Up-to-date: /home/robot/ws_moveit2/install/my_robot_interfaces/share/my_robot_interfaces/srv/SetLed_Request.msg
[2.182s] -- Up-to-date: /home/robot/ws_moveit2/install/my_robot_interfaces/share/my_robot_interfaces/srv/SetLed_Response.msg
[2.183s] -- Up-to-date: /home/robot/ws_moveit2/install/my_robot_interfaces/share/my_robot_interfaces/action/CountUntil.action
[2.183s] -- Up-to-date: /home/robot/ws_moveit2/install/my_robot_interfaces/share/my_robot_interfaces/action/OneServo.action
[2.183s] -- Up-to-date: /home/robot/ws_moveit2/install/my_robot_interfaces/share/ament_index/resource_index/package_run_dependencies/my_robot_interfaces
[2.184s] -- Up-to-date: /home/robot/ws_moveit2/install/my_robot_interfaces/share/ament_index/resource_index/parent_prefix_path/my_robot_interfaces
[2.184s] -- Up-to-date: /home/robot/ws_moveit2/install/my_robot_interfaces/share/my_robot_interfaces/environment/ament_prefix_path.sh
[2.184s] -- Up-to-date: /home/robot/ws_moveit2/install/my_robot_interfaces/share/my_robot_interfaces/environment/ament_prefix_path.dsv
[2.184s] -- Up-to-date: /home/robot/ws_moveit2/install/my_robot_interfaces/share/my_robot_interfaces/environment/path.sh
[2.185s] -- Up-to-date: /home/robot/ws_moveit2/install/my_robot_interfaces/share/my_robot_interfaces/environment/path.dsv
[2.185s] -- Up-to-date: /home/robot/ws_moveit2/install/my_robot_interfaces/share/my_robot_interfaces/local_setup.bash
[2.185s] -- Up-to-date: /home/robot/ws_moveit2/install/my_robot_interfaces/share/my_robot_interfaces/local_setup.sh
[2.185s] -- Up-to-date: /home/robot/ws_moveit2/install/my_robot_interfaces/share/my_robot_interfaces/local_setup.zsh
[2.185s] -- Up-to-date: /home/robot/ws_moveit2/install/my_robot_interfaces/share/my_robot_interfaces/local_setup.dsv
[2.185s] -- Installing: /home/robot/ws_moveit2/install/my_robot_interfaces/share/my_robot_interfaces/package.dsv
[2.185s] -- Up-to-date: /home/robot/ws_moveit2/install/my_robot_interfaces/share/ament_index/resource_index/packages/my_robot_interfaces
[2.185s] -- Up-to-date: /home/robot/ws_moveit2/install/my_robot_interfaces/share/my_robot_interfaces/cmake/export_my_robot_interfaces__rosidl_generator_cExport.cmake
[2.185s] -- Up-to-date: /home/robot/ws_moveit2/install/my_robot_interfaces/share/my_robot_interfaces/cmake/export_my_robot_interfaces__rosidl_generator_cExport-release.cmake
[2.186s] -- Up-to-date: /home/robot/ws_moveit2/install/my_robot_interfaces/share/my_robot_interfaces/cmake/export_my_robot_interfaces__rosidl_typesupport_fastrtps_cExport.cmake
[2.186s] -- Up-to-date: /home/robot/ws_moveit2/install/my_robot_interfaces/share/my_robot_interfaces/cmake/export_my_robot_interfaces__rosidl_typesupport_fastrtps_cExport-release.cmake
[2.186s] -- Up-to-date: /home/robot/ws_moveit2/install/my_robot_interfaces/share/my_robot_interfaces/cmake/my_robot_interfaces__rosidl_typesupport_introspection_cExport.cmake
[2.186s] -- Up-to-date: /home/robot/ws_moveit2/install/my_robot_interfaces/share/my_robot_interfaces/cmake/my_robot_interfaces__rosidl_typesupport_introspection_cExport-release.cmake
[2.186s] -- Up-to-date: /home/robot/ws_moveit2/install/my_robot_interfaces/share/my_robot_interfaces/cmake/my_robot_interfaces__rosidl_typesupport_cExport.cmake
[2.186s] -- Up-to-date: /home/robot/ws_moveit2/install/my_robot_interfaces/share/my_robot_interfaces/cmake/my_robot_interfaces__rosidl_typesupport_cExport-release.cmake
[2.186s] -- Up-to-date: /home/robot/ws_moveit2/install/my_robot_interfaces/share/my_robot_interfaces/cmake/export_my_robot_interfaces__rosidl_generator_cppExport.cmake
[2.187s] -- Up-to-date: /home/robot/ws_moveit2/install/my_robot_interfaces/share/my_robot_interfaces/cmake/export_my_robot_interfaces__rosidl_typesupport_fastrtps_cppExport.cmake
[2.187s] -- Up-to-date: /home/robot/ws_moveit2/install/my_robot_interfaces/share/my_robot_interfaces/cmake/export_my_robot_interfaces__rosidl_typesupport_fastrtps_cppExport-release.cmake
[2.187s] -- Up-to-date: /home/robot/ws_moveit2/install/my_robot_interfaces/share/my_robot_interfaces/cmake/my_robot_interfaces__rosidl_typesupport_introspection_cppExport.cmake
[2.187s] -- Up-to-date: /home/robot/ws_moveit2/install/my_robot_interfaces/share/my_robot_interfaces/cmake/my_robot_interfaces__rosidl_typesupport_introspection_cppExport-release.cmake
[2.187s] -- Up-to-date: /home/robot/ws_moveit2/install/my_robot_interfaces/share/my_robot_interfaces/cmake/my_robot_interfaces__rosidl_typesupport_cppExport.cmake
[2.187s] -- Up-to-date: /home/robot/ws_moveit2/install/my_robot_interfaces/share/my_robot_interfaces/cmake/my_robot_interfaces__rosidl_typesupport_cppExport-release.cmake
[2.188s] -- Up-to-date: /home/robot/ws_moveit2/install/my_robot_interfaces/share/my_robot_interfaces/cmake/export_my_robot_interfaces__rosidl_generator_pyExport.cmake
[2.188s] -- Up-to-date: /home/robot/ws_moveit2/install/my_robot_interfaces/share/my_robot_interfaces/cmake/export_my_robot_interfaces__rosidl_generator_pyExport-release.cmake
[2.188s] -- Up-to-date: /home/robot/ws_moveit2/install/my_robot_interfaces/share/my_robot_interfaces/cmake/rosidl_cmake-extras.cmake
[2.189s] -- Up-to-date: /home/robot/ws_moveit2/install/my_robot_interfaces/share/my_robot_interfaces/cmake/ament_cmake_export_dependencies-extras.cmake
[2.189s] -- Up-to-date: /home/robot/ws_moveit2/install/my_robot_interfaces/share/my_robot_interfaces/cmake/ament_cmake_export_include_directories-extras.cmake
[2.189s] -- Up-to-date: /home/robot/ws_moveit2/install/my_robot_interfaces/share/my_robot_interfaces/cmake/ament_cmake_export_libraries-extras.cmake
[2.189s] -- Up-to-date: /home/robot/ws_moveit2/install/my_robot_interfaces/share/my_robot_interfaces/cmake/ament_cmake_export_targets-extras.cmake
[2.190s] -- Up-to-date: /home/robot/ws_moveit2/install/my_robot_interfaces/share/my_robot_interfaces/cmake/rosidl_cmake_export_typesupport_targets-extras.cmake
[2.191s] -- Up-to-date: /home/robot/ws_moveit2/install/my_robot_interfaces/share/my_robot_interfaces/cmake/rosidl_cmake_export_typesupport_libraries-extras.cmake
[2.192s] -- Up-to-date: /home/robot/ws_moveit2/install/my_robot_interfaces/share/my_robot_interfaces/cmake/my_robot_interfacesConfig.cmake
[2.192s] -- Up-to-date: /home/robot/ws_moveit2/install/my_robot_interfaces/share/my_robot_interfaces/cmake/my_robot_interfacesConfig-version.cmake
[2.192s] -- Up-to-date: /home/robot/ws_moveit2/install/my_robot_interfaces/share/my_robot_interfaces/package.xml
[2.193s] Invoked command in '/home/robot/ws_moveit2/build/my_robot_interfaces' returned '0': CMAKE_PREFIX_PATH=${CMAKE_PREFIX_PATH}:/home/robot/ws_moveit2/install/motion_planning_python_api:/home/robot/ws_moveit2/install/moveit_configs_utils:/home/robot/ws_moveit2/install/my_robot_first_servo_control:/home/robot/ws_moveit2/install/my_pybullet_package:/home/robot/ws_moveit2/install/launch_param_builder:/home/robot/ros2_ws/install/my_turtlesim_project:/home/robot/ros2_ws/install/my_robot_first_servo_control:/home/robot/ros2_ws/install/my_py_pkg:/home/robot/ros2_ws/install/actions_py:/opt/ros/humble /usr/bin/cmake --install /home/robot/ws_moveit2/build/my_robot_interfaces
