[0.057s] Invoking command in '/home/robot/ws_moveit2/build/moveit_resources_dragon_description': CMAKE_PREFIX_PATH=${CMAKE_PREFIX_PATH}:/home/robot/ws_moveit2/install/moveit_configs_utils:/home/robot/ws_moveit2/install/myrobot_3D_movit_config:/home/robot/ws_moveit2/install/my_robot_first_servo_control:/home/robot/ws_moveit2/install/my_pybullet_package:/home/robot/ws_moveit2/install/launch_param_builder:/home/robot/ros2_ws/install/my_turtlesim_project:/home/robot/ros2_ws/install/my_robot_first_servo_control:/home/robot/ros2_ws/install/my_py_pkg:/home/robot/ros2_ws/install/actions_py:/opt/ros/humble /usr/bin/cmake --build /home/robot/ws_moveit2/build/moveit_resources_dragon_description -- -j4 -l4
[0.185s] Invoked command in '/home/robot/ws_moveit2/build/moveit_resources_dragon_description' returned '0': CMAKE_PREFIX_PATH=${CMAKE_PREFIX_PATH}:/home/robot/ws_moveit2/install/moveit_configs_utils:/home/robot/ws_moveit2/install/myrobot_3D_movit_config:/home/robot/ws_moveit2/install/my_robot_first_servo_control:/home/robot/ws_moveit2/install/my_pybullet_package:/home/robot/ws_moveit2/install/launch_param_builder:/home/robot/ros2_ws/install/my_turtlesim_project:/home/robot/ros2_ws/install/my_robot_first_servo_control:/home/robot/ros2_ws/install/my_py_pkg:/home/robot/ros2_ws/install/actions_py:/opt/ros/humble /usr/bin/cmake --build /home/robot/ws_moveit2/build/moveit_resources_dragon_description -- -j4 -l4
[0.308s] Invoking command in '/home/robot/ws_moveit2/build/moveit_resources_dragon_description': CMAKE_PREFIX_PATH=${CMAKE_PREFIX_PATH}:/home/robot/ws_moveit2/install/moveit_configs_utils:/home/robot/ws_moveit2/install/myrobot_3D_movit_config:/home/robot/ws_moveit2/install/my_robot_first_servo_control:/home/robot/ws_moveit2/install/my_pybullet_package:/home/robot/ws_moveit2/install/launch_param_builder:/home/robot/ros2_ws/install/my_turtlesim_project:/home/robot/ros2_ws/install/my_robot_first_servo_control:/home/robot/ros2_ws/install/my_py_pkg:/home/robot/ros2_ws/install/actions_py:/opt/ros/humble /usr/bin/cmake --install /home/robot/ws_moveit2/build/moveit_resources_dragon_description
[0.331s] -- Install configuration: "Release"
[0.331s] -- Up-to-date: /home/robot/ws_moveit2/install/moveit_resources_dragon_description/share/ament_index/resource_index/package_run_dependencies/moveit_resources_dragon_description
[0.335s] -- Up-to-date: /home/robot/ws_moveit2/install/moveit_resources_dragon_description/share/ament_index/resource_index/parent_prefix_path/moveit_resources_dragon_description
[0.335s] -- Up-to-date: /home/robot/ws_moveit2/install/moveit_resources_dragon_description/share/moveit_resources_dragon_description/environment/ament_prefix_path.sh
[0.335s] -- Up-to-date: /home/robot/ws_moveit2/install/moveit_resources_dragon_description/share/moveit_resources_dragon_description/environment/ament_prefix_path.dsv
[0.335s] -- Up-to-date: /home/robot/ws_moveit2/install/moveit_resources_dragon_description/share/moveit_resources_dragon_description/environment/path.sh
[0.336s] -- Up-to-date: /home/robot/ws_moveit2/install/moveit_resources_dragon_description/share/moveit_resources_dragon_description/environment/path.dsv
[0.336s] -- Up-to-date: /home/robot/ws_moveit2/install/moveit_resources_dragon_description/share/moveit_resources_dragon_description/local_setup.bash
[0.336s] -- Up-to-date: /home/robot/ws_moveit2/install/moveit_resources_dragon_description/share/moveit_resources_dragon_description/local_setup.sh
[0.336s] -- Up-to-date: /home/robot/ws_moveit2/install/moveit_resources_dragon_description/share/moveit_resources_dragon_description/local_setup.zsh
[0.336s] -- Up-to-date: /home/robot/ws_moveit2/install/moveit_resources_dragon_description/share/moveit_resources_dragon_description/local_setup.dsv
[0.339s] -- Installing: /home/robot/ws_moveit2/install/moveit_resources_dragon_description/share/moveit_resources_dragon_description/package.dsv
[0.346s] -- Up-to-date: /home/robot/ws_moveit2/install/moveit_resources_dragon_description/share/ament_index/resource_index/packages/moveit_resources_dragon_description
[0.346s] -- Up-to-date: /home/robot/ws_moveit2/install/moveit_resources_dragon_description/share/moveit_resources_dragon_description/cmake/moveit_resources_dragon_descriptionConfig.cmake
[0.346s] -- Up-to-date: /home/robot/ws_moveit2/install/moveit_resources_dragon_description/share/moveit_resources_dragon_description/cmake/moveit_resources_dragon_descriptionConfig-version.cmake
[0.346s] -- Up-to-date: /home/robot/ws_moveit2/install/moveit_resources_dragon_description/share/moveit_resources_dragon_description/package.xml
[0.346s] -- Up-to-date: /home/robot/ws_moveit2/install/moveit_resources_dragon_description/share/moveit_resources_dragon_description/meshes
[0.346s] -- Up-to-date: /home/robot/ws_moveit2/install/moveit_resources_dragon_description/share/moveit_resources_dragon_description/meshes/stl
[0.347s] -- Up-to-date: /home/robot/ws_moveit2/install/moveit_resources_dragon_description/share/moveit_resources_dragon_description/meshes/stl/base.stl
[0.347s] -- Up-to-date: /home/robot/ws_moveit2/install/moveit_resources_dragon_description/share/moveit_resources_dragon_description/meshes/stl/right_finger.stl
[0.347s] -- Up-to-date: /home/robot/ws_moveit2/install/moveit_resources_dragon_description/share/moveit_resources_dragon_description/meshes/stl/spacer_short.stl_history.log
[0.347s] -- Up-to-date: /home/robot/ws_moveit2/install/moveit_resources_dragon_description/share/moveit_resources_dragon_description/meshes/stl/spacer_short.001.stl_history.log
[0.347s] -- Up-to-date: /home/robot/ws_moveit2/install/moveit_resources_dragon_description/share/moveit_resources_dragon_description/meshes/stl/joint2.stl_history.log
[0.347s] -- Up-to-date: /home/robot/ws_moveit2/install/moveit_resources_dragon_description/share/moveit_resources_dragon_description/meshes/stl/spacer_short.001.stl
[0.347s] -- Up-to-date: /home/robot/ws_moveit2/install/moveit_resources_dragon_description/share/moveit_resources_dragon_description/meshes/stl/joint1.stl_history.log
[0.347s] -- Up-to-date: /home/robot/ws_moveit2/install/moveit_resources_dragon_description/share/moveit_resources_dragon_description/meshes/stl/joint4.stl_history.log
[0.347s] -- Up-to-date: /home/robot/ws_moveit2/install/moveit_resources_dragon_description/share/moveit_resources_dragon_description/meshes/stl/spacer_short.stl
[0.348s] -- Up-to-date: /home/robot/ws_moveit2/install/moveit_resources_dragon_description/share/moveit_resources_dragon_description/meshes/stl/left_finger.stl_history.log
[0.348s] -- Up-to-date: /home/robot/ws_moveit2/install/moveit_resources_dragon_description/share/moveit_resources_dragon_description/meshes/stl/gripper_palm.stl_history.log
[0.348s] -- Up-to-date: /home/robot/ws_moveit2/install/moveit_resources_dragon_description/share/moveit_resources_dragon_description/meshes/stl/joint4.stl
[0.348s] -- Up-to-date: /home/robot/ws_moveit2/install/moveit_resources_dragon_description/share/moveit_resources_dragon_description/meshes/stl/right_finger.stl_history.log
[0.348s] -- Up-to-date: /home/robot/ws_moveit2/install/moveit_resources_dragon_description/share/moveit_resources_dragon_description/meshes/stl/left_finger.stl
[0.349s] -- Up-to-date: /home/robot/ws_moveit2/install/moveit_resources_dragon_description/share/moveit_resources_dragon_description/meshes/stl/joint3.stl_history.log
[0.350s] -- Up-to-date: /home/robot/ws_moveit2/install/moveit_resources_dragon_description/share/moveit_resources_dragon_description/meshes/stl/joint3.stl
[0.354s] -- Up-to-date: /home/robot/ws_moveit2/install/moveit_resources_dragon_description/share/moveit_resources_dragon_description/meshes/stl/joint2.stl
[0.354s] -- Up-to-date: /home/robot/ws_moveit2/install/moveit_resources_dragon_description/share/moveit_resources_dragon_description/meshes/stl/gripper_palm.stl
[0.354s] -- Up-to-date: /home/robot/ws_moveit2/install/moveit_resources_dragon_description/share/moveit_resources_dragon_description/meshes/stl/base.stl_history.log
[0.354s] -- Up-to-date: /home/robot/ws_moveit2/install/moveit_resources_dragon_description/share/moveit_resources_dragon_description/meshes/stl/joint1.stl
[0.355s] -- Up-to-date: /home/robot/ws_moveit2/install/moveit_resources_dragon_description/share/moveit_resources_dragon_description/urdf
[0.355s] -- Up-to-date: /home/robot/ws_moveit2/install/moveit_resources_dragon_description/share/moveit_resources_dragon_description/urdf/dragon.urdf
[0.363s] Invoked command in '/home/robot/ws_moveit2/build/moveit_resources_dragon_description' returned '0': CMAKE_PREFIX_PATH=${CMAKE_PREFIX_PATH}:/home/robot/ws_moveit2/install/moveit_configs_utils:/home/robot/ws_moveit2/install/myrobot_3D_movit_config:/home/robot/ws_moveit2/install/my_robot_first_servo_control:/home/robot/ws_moveit2/install/my_pybullet_package:/home/robot/ws_moveit2/install/launch_param_builder:/home/robot/ros2_ws/install/my_turtlesim_project:/home/robot/ros2_ws/install/my_robot_first_servo_control:/home/robot/ros2_ws/install/my_py_pkg:/home/robot/ros2_ws/install/actions_py:/opt/ros/humble /usr/bin/cmake --install /home/robot/ws_moveit2/build/moveit_resources_dragon_description
