[  1%] Built target moveit_exceptions
[  2%] Built target moveit_kinematics_base
[  4%] Built target moveit_distance_field
[  5%] Built target moveit_transforms
[  7%] Built target moveit_utils
[  8%] Built target gtest
[  9%] Built target gtest_main
[ 11%] Built target gmock
[ 12%] Built target moveit_smoothing_base
[ 13%] Built target gmock_main
[ 14%] Built target moveit_butterworth_parameters
[ 15%] Built target test_transforms
[ 17%] Built target moveit_version
[ 18%] Built target test_voxel_grid
[ 25%] Built target moveit_robot_model
[ 26%] Built target test_distance_field
[ 27%] Built target moveit_butterworth_filter
gmake[1]: *** [CMakeFiles/Makefile2:1341: online_signal_smoothing/CMakeFiles/test_butterworth_filter.dir/all] Interrupt
gmake[1]: *** [CMakeFiles/Makefile2:2131: utils/CMakeFiles/moveit_test_utils.dir/all] Interrupt
[ 30%] Built target moveit_robot_state
gmake[1]: *** [CMakeFiles/Makefile2:1654: robot_state/CMakeFiles/moveit_robot_state.dir/all] Interrupt
gmake: *** [Makefile:146: all] Interrupt
