[0.048s] Invoking command in '/home/robot/ws_moveit2/build/srdfdom': CMAKE_PREFIX_PATH=${CMAKE_PREFIX_PATH}:/home/robot/ws_moveit2/install/moveit_configs_utils:/home/robot/ws_moveit2/install/myrobot_3D_movit_config:/home/robot/ws_moveit2/install/my_robot_first_servo_control:/home/robot/ws_moveit2/install/my_pybullet_package:/home/robot/ws_moveit2/install/launch_param_builder:/home/robot/ros2_ws/install/my_turtlesim_project:/home/robot/ros2_ws/install/my_robot_first_servo_control:/home/robot/ros2_ws/install/my_py_pkg:/home/robot/ros2_ws/install/actions_py:/opt/ros/humble /usr/bin/cmake --build /home/robot/ws_moveit2/build/srdfdom -- -j4 -l4
[0.348s] [ 18%] Built target gtest_main
[0.362s] [ 36%] Built target gtest
[0.376s] [ 36%] Built target ament_cmake_python_copy_srdfdom
[0.403s] [ 63%] Built target srdfdom
[0.583s] [ 81%] Built target test_cpp_nl_NL.UTF-8
[0.587s] [100%] Built target test_cpp_C
[1.585s] running egg_info
[1.649s] writing srdfdom.egg-info/PKG-INFO
[1.649s] writing dependency_links to srdfdom.egg-info/dependency_links.txt
[1.650s] writing top-level names to srdfdom.egg-info/top_level.txt
[1.846s] reading manifest file 'srdfdom.egg-info/SOURCES.txt'
[1.848s] writing manifest file 'srdfdom.egg-info/SOURCES.txt'
[1.996s] [100%] Built target ament_cmake_python_build_srdfdom_egg
[2.034s] Invoked command in '/home/robot/ws_moveit2/build/srdfdom' returned '0': CMAKE_PREFIX_PATH=${CMAKE_PREFIX_PATH}:/home/robot/ws_moveit2/install/moveit_configs_utils:/home/robot/ws_moveit2/install/myrobot_3D_movit_config:/home/robot/ws_moveit2/install/my_robot_first_servo_control:/home/robot/ws_moveit2/install/my_pybullet_package:/home/robot/ws_moveit2/install/launch_param_builder:/home/robot/ros2_ws/install/my_turtlesim_project:/home/robot/ros2_ws/install/my_robot_first_servo_control:/home/robot/ros2_ws/install/my_py_pkg:/home/robot/ros2_ws/install/actions_py:/opt/ros/humble /usr/bin/cmake --build /home/robot/ws_moveit2/build/srdfdom -- -j4 -l4
[2.150s] Invoking command in '/home/robot/ws_moveit2/build/srdfdom': CMAKE_PREFIX_PATH=${CMAKE_PREFIX_PATH}:/home/robot/ws_moveit2/install/moveit_configs_utils:/home/robot/ws_moveit2/install/myrobot_3D_movit_config:/home/robot/ws_moveit2/install/my_robot_first_servo_control:/home/robot/ws_moveit2/install/my_pybullet_package:/home/robot/ws_moveit2/install/launch_param_builder:/home/robot/ros2_ws/install/my_turtlesim_project:/home/robot/ros2_ws/install/my_robot_first_servo_control:/home/robot/ros2_ws/install/my_py_pkg:/home/robot/ros2_ws/install/actions_py:/opt/ros/humble /usr/bin/cmake --install /home/robot/ws_moveit2/build/srdfdom
[2.167s] -- Install configuration: "Release"
[2.168s] -- Up-to-date: /home/robot/ws_moveit2/install/srdfdom/lib/libsrdfdom.so.2.0.4
[2.168s] -- Up-to-date: /home/robot/ws_moveit2/install/srdfdom/lib/libsrdfdom.so
[2.168s] -- Up-to-date: /home/robot/ws_moveit2/install/srdfdom/include/srdfdom
[2.169s] -- Up-to-date: /home/robot/ws_moveit2/install/srdfdom/include/srdfdom/visibility_control.h
[2.169s] -- Up-to-date: /home/robot/ws_moveit2/install/srdfdom/include/srdfdom/model.h
[2.169s] -- Up-to-date: /home/robot/ws_moveit2/install/srdfdom/include/srdfdom/srdf_writer.h
[2.169s] -- Up-to-date: /home/robot/ws_moveit2/install/srdfdom/lib/srdfdom/display_srdf
[2.169s] -- Up-to-date: /home/robot/ws_moveit2/install/srdfdom/share/srdfdom/environment/pythonpath.sh
[2.169s] -- Up-to-date: /home/robot/ws_moveit2/install/srdfdom/share/srdfdom/environment/pythonpath.dsv
[2.170s] -- Up-to-date: /home/robot/ws_moveit2/install/srdfdom/local/lib/python3.10/dist-packages/srdfdom-2.0.4-py3.10.egg-info
[2.170s] -- Installing: /home/robot/ws_moveit2/install/srdfdom/local/lib/python3.10/dist-packages/srdfdom-2.0.4-py3.10.egg-info/dependency_links.txt
[2.170s] -- Installing: /home/robot/ws_moveit2/install/srdfdom/local/lib/python3.10/dist-packages/srdfdom-2.0.4-py3.10.egg-info/PKG-INFO
[2.171s] -- Installing: /home/robot/ws_moveit2/install/srdfdom/local/lib/python3.10/dist-packages/srdfdom-2.0.4-py3.10.egg-info/SOURCES.txt
[2.171s] -- Installing: /home/robot/ws_moveit2/install/srdfdom/local/lib/python3.10/dist-packages/srdfdom-2.0.4-py3.10.egg-info/top_level.txt
[2.171s] -- Up-to-date: /home/robot/ws_moveit2/install/srdfdom/local/lib/python3.10/dist-packages/srdfdom
[2.171s] -- Up-to-date: /home/robot/ws_moveit2/install/srdfdom/local/lib/python3.10/dist-packages/srdfdom/srdf.py
[2.171s] -- Up-to-date: /home/robot/ws_moveit2/install/srdfdom/local/lib/python3.10/dist-packages/srdfdom/__init__.py
[2.250s] Listing '/home/robot/ws_moveit2/install/srdfdom/local/lib/python3.10/dist-packages/srdfdom'...
[2.257s] -- Up-to-date: /home/robot/ws_moveit2/install/srdfdom/share/srdfdom/environment/library_path.sh
[2.257s] -- Up-to-date: /home/robot/ws_moveit2/install/srdfdom/share/srdfdom/environment/library_path.dsv
[2.257s] -- Up-to-date: /home/robot/ws_moveit2/install/srdfdom/share/ament_index/resource_index/package_run_dependencies/srdfdom
[2.257s] -- Up-to-date: /home/robot/ws_moveit2/install/srdfdom/share/ament_index/resource_index/parent_prefix_path/srdfdom
[2.258s] -- Up-to-date: /home/robot/ws_moveit2/install/srdfdom/share/srdfdom/environment/ament_prefix_path.sh
[2.258s] -- Up-to-date: /home/robot/ws_moveit2/install/srdfdom/share/srdfdom/environment/ament_prefix_path.dsv
[2.258s] -- Up-to-date: /home/robot/ws_moveit2/install/srdfdom/share/srdfdom/environment/path.sh
[2.258s] -- Up-to-date: /home/robot/ws_moveit2/install/srdfdom/share/srdfdom/environment/path.dsv
[2.258s] -- Up-to-date: /home/robot/ws_moveit2/install/srdfdom/share/srdfdom/local_setup.bash
[2.258s] -- Up-to-date: /home/robot/ws_moveit2/install/srdfdom/share/srdfdom/local_setup.sh
[2.259s] -- Up-to-date: /home/robot/ws_moveit2/install/srdfdom/share/srdfdom/local_setup.zsh
[2.259s] -- Up-to-date: /home/robot/ws_moveit2/install/srdfdom/share/srdfdom/local_setup.dsv
[2.259s] -- Installing: /home/robot/ws_moveit2/install/srdfdom/share/srdfdom/package.dsv
[2.259s] -- Up-to-date: /home/robot/ws_moveit2/install/srdfdom/share/ament_index/resource_index/packages/srdfdom
[2.259s] -- Up-to-date: /home/robot/ws_moveit2/install/srdfdom/share/srdfdom/cmake/srdfdomTargetsExport.cmake
[2.259s] -- Up-to-date: /home/robot/ws_moveit2/install/srdfdom/share/srdfdom/cmake/srdfdomTargetsExport-release.cmake
[2.260s] -- Up-to-date: /home/robot/ws_moveit2/install/srdfdom/share/srdfdom/cmake/ament_cmake_export_targets-extras.cmake
[2.260s] -- Up-to-date: /home/robot/ws_moveit2/install/srdfdom/share/srdfdom/cmake/ament_cmake_export_dependencies-extras.cmake
[2.260s] -- Up-to-date: /home/robot/ws_moveit2/install/srdfdom/share/srdfdom/cmake/srdfdomConfig.cmake
[2.260s] -- Up-to-date: /home/robot/ws_moveit2/install/srdfdom/share/srdfdom/cmake/srdfdomConfig-version.cmake
[2.260s] -- Up-to-date: /home/robot/ws_moveit2/install/srdfdom/share/srdfdom/package.xml
[2.263s] Invoked command in '/home/robot/ws_moveit2/build/srdfdom' returned '0': CMAKE_PREFIX_PATH=${CMAKE_PREFIX_PATH}:/home/robot/ws_moveit2/install/moveit_configs_utils:/home/robot/ws_moveit2/install/myrobot_3D_movit_config:/home/robot/ws_moveit2/install/my_robot_first_servo_control:/home/robot/ws_moveit2/install/my_pybullet_package:/home/robot/ws_moveit2/install/launch_param_builder:/home/robot/ros2_ws/install/my_turtlesim_project:/home/robot/ros2_ws/install/my_robot_first_servo_control:/home/robot/ros2_ws/install/my_py_pkg:/home/robot/ros2_ws/install/actions_py:/opt/ros/humble /usr/bin/cmake --install /home/robot/ws_moveit2/build/srdfdom
