[0.088s] Invoking command in '/home/robot/ws_moveit2/build/moveit_core': CMAKE_PREFIX_PATH=/home/robot/ws_moveit2/install/moveit_resources_panda_moveit_config:/home/robot/ws_moveit2/install/srdfdom:/home/robot/ws_moveit2/install/moveit_resources_pr2_description:/home/robot/ws_moveit2/install/moveit_resources_panda_description:/home/robot/ws_moveit2/install/moveit_common:/home/robot/ws_moveit2/install/myrobot_ompl_constrained_planning:/home/robot/ws_moveit2/install/ompl_constrained_planning:/home/robot/ws_moveit2/install/mtc_tutorial:/home/robot/ws_moveit2/install/pilz_industrial_motion_planner_testutils:/home/robot/ws_moveit2/install/myrobot_moveit_config:/home/robot/ws_moveit2/install/moveit_runtime:/home/robot/ws_moveit2/install/moveit2_tutorials:/home/robot/ws_moveit2/install/moveit:/home/robot/ws_moveit2/install/moveit_planners:/home/robot/ws_moveit2/install/pilz_industrial_motion_planner:/home/robot/ws_moveit2/install/myrobot_hello_moveit:/home/robot/ws_moveit2/install/moveit_visual_tools:/home/robot/ws_moveit2/install/moveit_task_constructor_visualization:/home/robot/ws_moveit2/install/moveit_task_constructor_demo:/home/robot/ws_moveit2/install/moveit_task_constructor_capabilities:/home/robot/ws_moveit2/install/moveit_task_constructor_core:/home/robot/ws_moveit2/install/moveit_ros_control_interface:/home/robot/ws_moveit2/install/moveit_plugins:/home/robot/ws_moveit2/install/moveit_simple_controller_manager:/home/robot/ws_moveit2/install/moveit_setup_assistant:/home/robot/ws_moveit2/install/moveit_setup_srdf_plugins:/home/robot/ws_moveit2/install/moveit_setup_core_plugins:/home/robot/ws_moveit2/install/moveit_setup_controllers:/home/robot/ws_moveit2/install/moveit_setup_app_plugins:/home/robot/ws_moveit2/install/moveit_setup_framework:/home/robot/ws_moveit2/install/moveit_servo:/home/robot/ws_moveit2/install/moveit_ros:/home/robot/ws_moveit2/install/moveit_ros_visualization:/home/robot/ws_moveit2/install/moveit_hybrid_planning:/home/robot/ws_moveit2/install/moveit_ros_planning_interface:/home/robot/ws_moveit2/install/moveit_ros_benchmarks:/home/robot/ws_moveit2/install/moveit_ros_warehouse:/home/robot/ws_moveit2/install/moveit_ros_robot_interaction:/home/robot/ws_moveit2/install/moveit_ros_perception:/home/robot/ws_moveit2/install/moveit_resources_prbt_pg70_support:/home/robot/ws_moveit2/install/moveit_resources_prbt_moveit_config:/home/robot/ws_moveit2/install/moveit_ros_move_group:/home/robot/ws_moveit2/install/moveit_planners_ompl:/home/robot/ws_moveit2/install/moveit_ros_planning:/home/robot/ws_moveit2/install/moveit_ros_occupancy_map_monitor:/home/robot/ws_moveit2/install/moveit_resources_prbt_ikfast_manipulator_plugin:/home/robot/ws_moveit2/install/moveit_planners_chomp:/home/robot/ws_moveit2/install/moveit_kinematics:/home/robot/ws_moveit2/install/moveit_chomp_optimizer_adapter:/home/robot/ws_moveit2/install/chomp_motion_planner:/home/robot/ws_moveit2/install/moveit_core:/home/robot/ws_moveit2/install/rviz_marker_tools:/home/robot/ws_moveit2/install/rosparam_shortcuts:/home/robot/ws_moveit2/install/moveit_task_constructor_msgs:/home/robot/ws_moveit2/install/moveit_resources_prbt_support:/home/robot/ws_moveit2/install/moveit_resources:/home/robot/ws_moveit2/install/moveit_resources_fanuc_moveit_config:/home/robot/ws_moveit2/install/moveit_resources_fanuc_description:/home/robot/ros2_ws/install/my_robot_bringup:/home/robot/ros2_ws/install/my_robot_interfaces:/home/robot/ros2_ws/install/my_robot_firstrobot:/home/robot/ros2_ws/install/my_robot_first_roboticarm:/home/robot/ros2_ws/install/my_cpp_pkg:/home/robot/ws_moveit2/install/moveit_configs_utils:/home/robot/ws_moveit2/install/launch_param_builder:/home/robot/ros2_ws/install/my_turtlesim_project:/home/robot/ros2_ws/install/my_robot_first_servo_control:/home/robot/ros2_ws/install/my_py_pkg:/home/robot/ros2_ws/install/actions_py:/opt/ros/humble LD_LIBRARY_PATH=/home/robot/ws_moveit2/install/srdfdom/lib:/home/robot/ws_moveit2/install/pilz_industrial_motion_planner_testutils/lib:/home/robot/ws_moveit2/install/pilz_industrial_motion_planner/lib:/home/robot/ws_moveit2/install/moveit_visual_tools/lib:/home/robot/ws_moveit2/install/moveit_task_constructor_visualization/lib:/home/robot/ws_moveit2/install/moveit_task_constructor_demo/lib:/home/robot/ws_moveit2/install/moveit_task_constructor_capabilities/lib:/home/robot/ws_moveit2/install/moveit_task_constructor_core/lib:/home/robot/ws_moveit2/install/moveit_ros_control_interface/lib:/home/robot/ws_moveit2/install/moveit_simple_controller_manager/lib:/home/robot/ws_moveit2/install/moveit_setup_assistant/lib:/home/robot/ws_moveit2/install/moveit_setup_srdf_plugins/lib:/home/robot/ws_moveit2/install/moveit_setup_core_plugins/lib:/home/robot/ws_moveit2/install/moveit_setup_controllers/lib:/home/robot/ws_moveit2/install/moveit_setup_app_plugins/lib:/home/robot/ws_moveit2/install/moveit_setup_framework/lib:/home/robot/ws_moveit2/install/moveit_servo/lib:/home/robot/ws_moveit2/install/moveit_ros_visualization/lib:/home/robot/ws_moveit2/install/moveit_hybrid_planning/lib:/home/robot/ws_moveit2/install/moveit_ros_planning_interface/lib:/home/robot/ws_moveit2/install/moveit_ros_benchmarks/lib:/home/robot/ws_moveit2/install/moveit_ros_warehouse/lib:/home/robot/ws_moveit2/install/moveit_ros_robot_interaction/lib:/home/robot/ws_moveit2/install/moveit_ros_perception/lib:/home/robot/ws_moveit2/install/moveit_ros_move_group/lib:/home/robot/ws_moveit2/install/moveit_planners_ompl/lib:/home/robot/ws_moveit2/install/moveit_ros_planning/lib:/home/robot/ws_moveit2/install/moveit_ros_occupancy_map_monitor/lib:/home/robot/ws_moveit2/install/moveit_resources_prbt_ikfast_manipulator_plugin/lib:/home/robot/ws_moveit2/install/moveit_planners_chomp/lib:/home/robot/ws_moveit2/install/moveit_kinematics/lib:/home/robot/ws_moveit2/install/moveit_chomp_optimizer_adapter/lib:/home/robot/ws_moveit2/install/chomp_motion_planner/lib:/home/robot/ws_moveit2/install/moveit_core/lib:/home/robot/ws_moveit2/install/rviz_marker_tools/lib:/home/robot/ws_moveit2/install/rosparam_shortcuts/lib:/home/robot/ws_moveit2/install/moveit_task_constructor_msgs/lib:/home/robot/ros2_ws/install/my_robot_interfaces/lib:/usr/lib/x86_64-linux-gnu/gazebo-11/plugins:/opt/ros/humble/opt/rviz_ogre_vendor/lib:/opt/ros/humble/lib/x86_64-linux-gnu:/opt/ros/humble/lib /usr/bin/cmake --build /home/robot/ws_moveit2/build/moveit_core -- -j4 -l4
[0.375s] [  1%] Built target moveit_transforms
[0.539s] [  3%] Built target moveit_distance_field
[0.641s] [  5%] Built target moveit_utils
[0.745s] [  6%] Built target gtest
[0.861s] [  7%] Built target gtest_main
[0.953s] [  9%] Built target gmock
[1.051s] [ 10%] Built target gmock_main
[1.174s] [ 11%] Built target test_voxel_grid
[1.323s] [ 12%] Built target test_distance_field
[1.406s] [ 13%] Built target moveit_smoothing_base
[1.534s] [ 14%] Built target moveit_butterworth_parameters
[1.683s] [ 15%] Built target test_transforms
[1.794s] [ 17%] Built target moveit_version
[1.941s] [ 18%] Built target moveit_kinematics_base
[2.055s] [ 19%] Built target moveit_exceptions
[2.207s] [ 26%] Built target moveit_robot_model
[2.324s] [ 29%] Built target moveit_robot_state
[2.415s] [ 30%] Built target moveit_butterworth_filter
[2.493s] [ 31%] Built target moveit_robot_trajectory
[2.571s] [ 33%] Built target moveit_dynamics_solver
[2.675s] [ 34%] Built target moveit_kinematics_metrics
[2.781s] [ 35%] Built target test_butterworth_filter
[2.893s] [ 37%] Built target moveit_planning_interface
[3.019s] [ 41%] Built target moveit_trajectory_processing
[3.155s] [ 47%] Built target moveit_collision_detection
[3.268s] [ 48%] Built target moveit_test_utils
[3.354s] [ 50%] Built target test_world_diff
[3.466s] [ 51%] Built target test_all_valid
[3.594s] [ 56%] Built target moveit_collision_detection_bullet
[3.692s] [ 57%] Built target test_robot_model
[3.796s] [ 59%] Built target test_robot_state
[3.926s] [ 60%] Built target test_robot_state_benchmark
[4.025s] [ 61%] Built target test_robot_state_complex
[4.135s] [ 62%] Built target test_aabb
[4.244s] [ 63%] Built target test_cartesian_interpolator
[4.350s] [ 64%] Built target test_robot_trajectory
[4.460s] [ 65%] Built target test_time_parameterization
[4.548s] [ 67%] Built target test_time_optimal_trajectory_generation
[4.675s] [ 68%] Built target test_ruckig_traj_smoothing
[4.781s] [ 69%] Built target test_bullet_collision_detection
[4.877s] [ 70%] Built target test_bullet_collision_detection_panda
[4.979s] [ 72%] Built target test_bullet_continuous_collision_checking
[5.049s] [ 73%] Built target test_world
[5.150s] [ 75%] Built target moveit_collision_detection_fcl
[5.262s] [ 77%] Built target moveit_kinematic_constraints
[5.381s] [ 78%] Built target test_fcl_collision_detection_panda
[5.503s] [ 79%] Built target moveit_planning_scene
[5.616s] [ 80%] Built target test_constraints
[5.751s] [ 81%] Built target test_orientation_constraints
[5.865s] [ 82%] Built target moveit_planning_request_adapter
[5.999s] [ 83%] Built target test_planning_scene
[6.123s] [ 84%] Built target test_collision_objects
[6.226s] [ 85%] Built target test_multi_threaded
[6.347s] [ 86%] Built target collision_detector_bullet_plugin
[6.447s] [ 87%] Built target collision_detector_fcl_plugin
[6.574s] [ 90%] Built target moveit_collision_distance_field
[6.707s] [ 93%] Built target moveit_constraint_samplers
[6.838s] [ 94%] Built target test_collision_distance_field
[6.966s] [ 97%] Built target test_constraint_samplers
[7.108s] [ 98%] Built target test_fcl_collision_detection
[7.239s] [100%] Built target test_fcl_collision_env
[7.286s] Invoked command in '/home/robot/ws_moveit2/build/moveit_core' returned '0': CMAKE_PREFIX_PATH=/home/robot/ws_moveit2/install/moveit_resources_panda_moveit_config:/home/robot/ws_moveit2/install/srdfdom:/home/robot/ws_moveit2/install/moveit_resources_pr2_description:/home/robot/ws_moveit2/install/moveit_resources_panda_description:/home/robot/ws_moveit2/install/moveit_common:/home/robot/ws_moveit2/install/myrobot_ompl_constrained_planning:/home/robot/ws_moveit2/install/ompl_constrained_planning:/home/robot/ws_moveit2/install/mtc_tutorial:/home/robot/ws_moveit2/install/pilz_industrial_motion_planner_testutils:/home/robot/ws_moveit2/install/myrobot_moveit_config:/home/robot/ws_moveit2/install/moveit_runtime:/home/robot/ws_moveit2/install/moveit2_tutorials:/home/robot/ws_moveit2/install/moveit:/home/robot/ws_moveit2/install/moveit_planners:/home/robot/ws_moveit2/install/pilz_industrial_motion_planner:/home/robot/ws_moveit2/install/myrobot_hello_moveit:/home/robot/ws_moveit2/install/moveit_visual_tools:/home/robot/ws_moveit2/install/moveit_task_constructor_visualization:/home/robot/ws_moveit2/install/moveit_task_constructor_demo:/home/robot/ws_moveit2/install/moveit_task_constructor_capabilities:/home/robot/ws_moveit2/install/moveit_task_constructor_core:/home/robot/ws_moveit2/install/moveit_ros_control_interface:/home/robot/ws_moveit2/install/moveit_plugins:/home/robot/ws_moveit2/install/moveit_simple_controller_manager:/home/robot/ws_moveit2/install/moveit_setup_assistant:/home/robot/ws_moveit2/install/moveit_setup_srdf_plugins:/home/robot/ws_moveit2/install/moveit_setup_core_plugins:/home/robot/ws_moveit2/install/moveit_setup_controllers:/home/robot/ws_moveit2/install/moveit_setup_app_plugins:/home/robot/ws_moveit2/install/moveit_setup_framework:/home/robot/ws_moveit2/install/moveit_servo:/home/robot/ws_moveit2/install/moveit_ros:/home/robot/ws_moveit2/install/moveit_ros_visualization:/home/robot/ws_moveit2/install/moveit_hybrid_planning:/home/robot/ws_moveit2/install/moveit_ros_planning_interface:/home/robot/ws_moveit2/install/moveit_ros_benchmarks:/home/robot/ws_moveit2/install/moveit_ros_warehouse:/home/robot/ws_moveit2/install/moveit_ros_robot_interaction:/home/robot/ws_moveit2/install/moveit_ros_perception:/home/robot/ws_moveit2/install/moveit_resources_prbt_pg70_support:/home/robot/ws_moveit2/install/moveit_resources_prbt_moveit_config:/home/robot/ws_moveit2/install/moveit_ros_move_group:/home/robot/ws_moveit2/install/moveit_planners_ompl:/home/robot/ws_moveit2/install/moveit_ros_planning:/home/robot/ws_moveit2/install/moveit_ros_occupancy_map_monitor:/home/robot/ws_moveit2/install/moveit_resources_prbt_ikfast_manipulator_plugin:/home/robot/ws_moveit2/install/moveit_planners_chomp:/home/robot/ws_moveit2/install/moveit_kinematics:/home/robot/ws_moveit2/install/moveit_chomp_optimizer_adapter:/home/robot/ws_moveit2/install/chomp_motion_planner:/home/robot/ws_moveit2/install/moveit_core:/home/robot/ws_moveit2/install/rviz_marker_tools:/home/robot/ws_moveit2/install/rosparam_shortcuts:/home/robot/ws_moveit2/install/moveit_task_constructor_msgs:/home/robot/ws_moveit2/install/moveit_resources_prbt_support:/home/robot/ws_moveit2/install/moveit_resources:/home/robot/ws_moveit2/install/moveit_resources_fanuc_moveit_config:/home/robot/ws_moveit2/install/moveit_resources_fanuc_description:/home/robot/ros2_ws/install/my_robot_bringup:/home/robot/ros2_ws/install/my_robot_interfaces:/home/robot/ros2_ws/install/my_robot_firstrobot:/home/robot/ros2_ws/install/my_robot_first_roboticarm:/home/robot/ros2_ws/install/my_cpp_pkg:/home/robot/ws_moveit2/install/moveit_configs_utils:/home/robot/ws_moveit2/install/launch_param_builder:/home/robot/ros2_ws/install/my_turtlesim_project:/home/robot/ros2_ws/install/my_robot_first_servo_control:/home/robot/ros2_ws/install/my_py_pkg:/home/robot/ros2_ws/install/actions_py:/opt/ros/humble LD_LIBRARY_PATH=/home/robot/ws_moveit2/install/srdfdom/lib:/home/robot/ws_moveit2/install/pilz_industrial_motion_planner_testutils/lib:/home/robot/ws_moveit2/install/pilz_industrial_motion_planner/lib:/home/robot/ws_moveit2/install/moveit_visual_tools/lib:/home/robot/ws_moveit2/install/moveit_task_constructor_visualization/lib:/home/robot/ws_moveit2/install/moveit_task_constructor_demo/lib:/home/robot/ws_moveit2/install/moveit_task_constructor_capabilities/lib:/home/robot/ws_moveit2/install/moveit_task_constructor_core/lib:/home/robot/ws_moveit2/install/moveit_ros_control_interface/lib:/home/robot/ws_moveit2/install/moveit_simple_controller_manager/lib:/home/robot/ws_moveit2/install/moveit_setup_assistant/lib:/home/robot/ws_moveit2/install/moveit_setup_srdf_plugins/lib:/home/robot/ws_moveit2/install/moveit_setup_core_plugins/lib:/home/robot/ws_moveit2/install/moveit_setup_controllers/lib:/home/robot/ws_moveit2/install/moveit_setup_app_plugins/lib:/home/robot/ws_moveit2/install/moveit_setup_framework/lib:/home/robot/ws_moveit2/install/moveit_servo/lib:/home/robot/ws_moveit2/install/moveit_ros_visualization/lib:/home/robot/ws_moveit2/install/moveit_hybrid_planning/lib:/home/robot/ws_moveit2/install/moveit_ros_planning_interface/lib:/home/robot/ws_moveit2/install/moveit_ros_benchmarks/lib:/home/robot/ws_moveit2/install/moveit_ros_warehouse/lib:/home/robot/ws_moveit2/install/moveit_ros_robot_interaction/lib:/home/robot/ws_moveit2/install/moveit_ros_perception/lib:/home/robot/ws_moveit2/install/moveit_ros_move_group/lib:/home/robot/ws_moveit2/install/moveit_planners_ompl/lib:/home/robot/ws_moveit2/install/moveit_ros_planning/lib:/home/robot/ws_moveit2/install/moveit_ros_occupancy_map_monitor/lib:/home/robot/ws_moveit2/install/moveit_resources_prbt_ikfast_manipulator_plugin/lib:/home/robot/ws_moveit2/install/moveit_planners_chomp/lib:/home/robot/ws_moveit2/install/moveit_kinematics/lib:/home/robot/ws_moveit2/install/moveit_chomp_optimizer_adapter/lib:/home/robot/ws_moveit2/install/chomp_motion_planner/lib:/home/robot/ws_moveit2/install/moveit_core/lib:/home/robot/ws_moveit2/install/rviz_marker_tools/lib:/home/robot/ws_moveit2/install/rosparam_shortcuts/lib:/home/robot/ws_moveit2/install/moveit_task_constructor_msgs/lib:/home/robot/ros2_ws/install/my_robot_interfaces/lib:/usr/lib/x86_64-linux-gnu/gazebo-11/plugins:/opt/ros/humble/opt/rviz_ogre_vendor/lib:/opt/ros/humble/lib/x86_64-linux-gnu:/opt/ros/humble/lib /usr/bin/cmake --build /home/robot/ws_moveit2/build/moveit_core -- -j4 -l4
[7.636s] Invoking command in '/home/robot/ws_moveit2/build/moveit_core': CMAKE_PREFIX_PATH=/home/robot/ws_moveit2/install/moveit_resources_panda_moveit_config:/home/robot/ws_moveit2/install/srdfdom:/home/robot/ws_moveit2/install/moveit_resources_pr2_description:/home/robot/ws_moveit2/install/moveit_resources_panda_description:/home/robot/ws_moveit2/install/moveit_common:/home/robot/ws_moveit2/install/myrobot_ompl_constrained_planning:/home/robot/ws_moveit2/install/ompl_constrained_planning:/home/robot/ws_moveit2/install/mtc_tutorial:/home/robot/ws_moveit2/install/pilz_industrial_motion_planner_testutils:/home/robot/ws_moveit2/install/myrobot_moveit_config:/home/robot/ws_moveit2/install/moveit_runtime:/home/robot/ws_moveit2/install/moveit2_tutorials:/home/robot/ws_moveit2/install/moveit:/home/robot/ws_moveit2/install/moveit_planners:/home/robot/ws_moveit2/install/pilz_industrial_motion_planner:/home/robot/ws_moveit2/install/myrobot_hello_moveit:/home/robot/ws_moveit2/install/moveit_visual_tools:/home/robot/ws_moveit2/install/moveit_task_constructor_visualization:/home/robot/ws_moveit2/install/moveit_task_constructor_demo:/home/robot/ws_moveit2/install/moveit_task_constructor_capabilities:/home/robot/ws_moveit2/install/moveit_task_constructor_core:/home/robot/ws_moveit2/install/moveit_ros_control_interface:/home/robot/ws_moveit2/install/moveit_plugins:/home/robot/ws_moveit2/install/moveit_simple_controller_manager:/home/robot/ws_moveit2/install/moveit_setup_assistant:/home/robot/ws_moveit2/install/moveit_setup_srdf_plugins:/home/robot/ws_moveit2/install/moveit_setup_core_plugins:/home/robot/ws_moveit2/install/moveit_setup_controllers:/home/robot/ws_moveit2/install/moveit_setup_app_plugins:/home/robot/ws_moveit2/install/moveit_setup_framework:/home/robot/ws_moveit2/install/moveit_servo:/home/robot/ws_moveit2/install/moveit_ros:/home/robot/ws_moveit2/install/moveit_ros_visualization:/home/robot/ws_moveit2/install/moveit_hybrid_planning:/home/robot/ws_moveit2/install/moveit_ros_planning_interface:/home/robot/ws_moveit2/install/moveit_ros_benchmarks:/home/robot/ws_moveit2/install/moveit_ros_warehouse:/home/robot/ws_moveit2/install/moveit_ros_robot_interaction:/home/robot/ws_moveit2/install/moveit_ros_perception:/home/robot/ws_moveit2/install/moveit_resources_prbt_pg70_support:/home/robot/ws_moveit2/install/moveit_resources_prbt_moveit_config:/home/robot/ws_moveit2/install/moveit_ros_move_group:/home/robot/ws_moveit2/install/moveit_planners_ompl:/home/robot/ws_moveit2/install/moveit_ros_planning:/home/robot/ws_moveit2/install/moveit_ros_occupancy_map_monitor:/home/robot/ws_moveit2/install/moveit_resources_prbt_ikfast_manipulator_plugin:/home/robot/ws_moveit2/install/moveit_planners_chomp:/home/robot/ws_moveit2/install/moveit_kinematics:/home/robot/ws_moveit2/install/moveit_chomp_optimizer_adapter:/home/robot/ws_moveit2/install/chomp_motion_planner:/home/robot/ws_moveit2/install/moveit_core:/home/robot/ws_moveit2/install/rviz_marker_tools:/home/robot/ws_moveit2/install/rosparam_shortcuts:/home/robot/ws_moveit2/install/moveit_task_constructor_msgs:/home/robot/ws_moveit2/install/moveit_resources_prbt_support:/home/robot/ws_moveit2/install/moveit_resources:/home/robot/ws_moveit2/install/moveit_resources_fanuc_moveit_config:/home/robot/ws_moveit2/install/moveit_resources_fanuc_description:/home/robot/ros2_ws/install/my_robot_bringup:/home/robot/ros2_ws/install/my_robot_interfaces:/home/robot/ros2_ws/install/my_robot_firstrobot:/home/robot/ros2_ws/install/my_robot_first_roboticarm:/home/robot/ros2_ws/install/my_cpp_pkg:/home/robot/ws_moveit2/install/moveit_configs_utils:/home/robot/ws_moveit2/install/launch_param_builder:/home/robot/ros2_ws/install/my_turtlesim_project:/home/robot/ros2_ws/install/my_robot_first_servo_control:/home/robot/ros2_ws/install/my_py_pkg:/home/robot/ros2_ws/install/actions_py:/opt/ros/humble LD_LIBRARY_PATH=/home/robot/ws_moveit2/install/srdfdom/lib:/home/robot/ws_moveit2/install/pilz_industrial_motion_planner_testutils/lib:/home/robot/ws_moveit2/install/pilz_industrial_motion_planner/lib:/home/robot/ws_moveit2/install/moveit_visual_tools/lib:/home/robot/ws_moveit2/install/moveit_task_constructor_visualization/lib:/home/robot/ws_moveit2/install/moveit_task_constructor_demo/lib:/home/robot/ws_moveit2/install/moveit_task_constructor_capabilities/lib:/home/robot/ws_moveit2/install/moveit_task_constructor_core/lib:/home/robot/ws_moveit2/install/moveit_ros_control_interface/lib:/home/robot/ws_moveit2/install/moveit_simple_controller_manager/lib:/home/robot/ws_moveit2/install/moveit_setup_assistant/lib:/home/robot/ws_moveit2/install/moveit_setup_srdf_plugins/lib:/home/robot/ws_moveit2/install/moveit_setup_core_plugins/lib:/home/robot/ws_moveit2/install/moveit_setup_controllers/lib:/home/robot/ws_moveit2/install/moveit_setup_app_plugins/lib:/home/robot/ws_moveit2/install/moveit_setup_framework/lib:/home/robot/ws_moveit2/install/moveit_servo/lib:/home/robot/ws_moveit2/install/moveit_ros_visualization/lib:/home/robot/ws_moveit2/install/moveit_hybrid_planning/lib:/home/robot/ws_moveit2/install/moveit_ros_planning_interface/lib:/home/robot/ws_moveit2/install/moveit_ros_benchmarks/lib:/home/robot/ws_moveit2/install/moveit_ros_warehouse/lib:/home/robot/ws_moveit2/install/moveit_ros_robot_interaction/lib:/home/robot/ws_moveit2/install/moveit_ros_perception/lib:/home/robot/ws_moveit2/install/moveit_ros_move_group/lib:/home/robot/ws_moveit2/install/moveit_planners_ompl/lib:/home/robot/ws_moveit2/install/moveit_ros_planning/lib:/home/robot/ws_moveit2/install/moveit_ros_occupancy_map_monitor/lib:/home/robot/ws_moveit2/install/moveit_resources_prbt_ikfast_manipulator_plugin/lib:/home/robot/ws_moveit2/install/moveit_planners_chomp/lib:/home/robot/ws_moveit2/install/moveit_kinematics/lib:/home/robot/ws_moveit2/install/moveit_chomp_optimizer_adapter/lib:/home/robot/ws_moveit2/install/chomp_motion_planner/lib:/home/robot/ws_moveit2/install/moveit_core/lib:/home/robot/ws_moveit2/install/rviz_marker_tools/lib:/home/robot/ws_moveit2/install/rosparam_shortcuts/lib:/home/robot/ws_moveit2/install/moveit_task_constructor_msgs/lib:/home/robot/ros2_ws/install/my_robot_interfaces/lib:/usr/lib/x86_64-linux-gnu/gazebo-11/plugins:/opt/ros/humble/opt/rviz_ogre_vendor/lib:/opt/ros/humble/lib/x86_64-linux-gnu:/opt/ros/humble/lib /usr/bin/cmake --install /home/robot/ws_moveit2/build/moveit_core
[7.680s] -- Install configuration: "Release"
[7.680s] -- Up-to-date: /home/robot/ws_moveit2/install/moveit_core/include/moveit/version.h
[7.681s] -- Up-to-date: /home/robot/ws_moveit2/install/moveit_core/include
[7.682s] -- Up-to-date: /home/robot/ws_moveit2/install/moveit_core/include/moveit
[7.682s] -- Up-to-date: /home/robot/ws_moveit2/install/moveit_core/include/moveit/collision_distance_field
[7.683s] -- Up-to-date: /home/robot/ws_moveit2/install/moveit_core/include/moveit/collision_distance_field/collision_detector_allocator_distance_field.h
[7.683s] -- Up-to-date: /home/robot/ws_moveit2/install/moveit_core/include/moveit/collision_distance_field/collision_env_hybrid.h
[7.683s] -- Up-to-date: /home/robot/ws_moveit2/install/moveit_core/include/moveit/collision_distance_field/collision_env_distance_field.h
[7.683s] -- Up-to-date: /home/robot/ws_moveit2/install/moveit_core/include/moveit/collision_distance_field/collision_common_distance_field.h
[7.683s] -- Up-to-date: /home/robot/ws_moveit2/install/moveit_core/include/moveit/collision_distance_field/collision_distance_field_types.h
[7.684s] -- Up-to-date: /home/robot/ws_moveit2/install/moveit_core/include/moveit/collision_distance_field/collision_detector_allocator_hybrid.h
[7.684s] -- Up-to-date: /home/robot/ws_moveit2/install/moveit_core/include/moveit_collision_distance_field_export.h
[7.685s] -- Up-to-date: /home/robot/ws_moveit2/install/moveit_core/include
[7.685s] -- Up-to-date: /home/robot/ws_moveit2/install/moveit_core/include/moveit
[7.686s] -- Up-to-date: /home/robot/ws_moveit2/install/moveit_core/include/moveit/constraint_samplers
[7.686s] -- Up-to-date: /home/robot/ws_moveit2/install/moveit_core/include/moveit/constraint_samplers/union_constraint_sampler.h
[7.686s] -- Up-to-date: /home/robot/ws_moveit2/install/moveit_core/include/moveit/constraint_samplers/constraint_sampler_manager.h
[7.686s] -- Up-to-date: /home/robot/ws_moveit2/install/moveit_core/include/moveit/constraint_samplers/constraint_sampler_tools.h
[7.686s] -- Up-to-date: /home/robot/ws_moveit2/install/moveit_core/include/moveit/constraint_samplers/default_constraint_samplers.h
[7.686s] -- Up-to-date: /home/robot/ws_moveit2/install/moveit_core/include/moveit/constraint_samplers/constraint_sampler_allocator.h
[7.687s] -- Up-to-date: /home/robot/ws_moveit2/install/moveit_core/include/moveit/constraint_samplers/constraint_sampler.h
[7.687s] -- Up-to-date: /home/robot/ws_moveit2/install/moveit_core/include
[7.687s] -- Up-to-date: /home/robot/ws_moveit2/install/moveit_core/include/moveit
[7.688s] -- Up-to-date: /home/robot/ws_moveit2/install/moveit_core/include/moveit/controller_manager
[7.688s] -- Up-to-date: /home/robot/ws_moveit2/install/moveit_core/include/moveit/controller_manager/controller_manager.h
[7.689s] -- Up-to-date: /home/robot/ws_moveit2/install/moveit_core/include
[7.689s] -- Up-to-date: /home/robot/ws_moveit2/install/moveit_core/include/moveit
[7.689s] -- Up-to-date: /home/robot/ws_moveit2/install/moveit_core/include/moveit/distance_field
[7.689s] -- Up-to-date: /home/robot/ws_moveit2/install/moveit_core/include/moveit/distance_field/propagation_distance_field.h
[7.689s] -- Up-to-date: /home/robot/ws_moveit2/install/moveit_core/include/moveit/distance_field/distance_field.h
[7.690s] -- Up-to-date: /home/robot/ws_moveit2/install/moveit_core/include/moveit/distance_field/voxel_grid.h
[7.690s] -- Up-to-date: /home/robot/ws_moveit2/install/moveit_core/include/moveit/distance_field/find_internal_points.h
[7.690s] -- Up-to-date: /home/robot/ws_moveit2/install/moveit_core/include
[7.690s] -- Up-to-date: /home/robot/ws_moveit2/install/moveit_core/include/moveit
[7.690s] -- Up-to-date: /home/robot/ws_moveit2/install/moveit_core/include/moveit/dynamics_solver
[7.691s] -- Up-to-date: /home/robot/ws_moveit2/install/moveit_core/include/moveit/dynamics_solver/dynamics_solver.h
[7.691s] -- Up-to-date: /home/robot/ws_moveit2/install/moveit_core/include
[7.692s] -- Up-to-date: /home/robot/ws_moveit2/install/moveit_core/include/moveit
[7.692s] -- Up-to-date: /home/robot/ws_moveit2/install/moveit_core/include/moveit/exceptions
[7.692s] -- Up-to-date: /home/robot/ws_moveit2/install/moveit_core/include/moveit/exceptions/exceptions.h
[7.693s] -- Up-to-date: /home/robot/ws_moveit2/install/moveit_core/include
[7.694s] -- Up-to-date: /home/robot/ws_moveit2/install/moveit_core/include/moveit
[7.694s] -- Up-to-date: /home/robot/ws_moveit2/install/moveit_core/include/moveit/kinematics_base
[7.695s] -- Up-to-date: /home/robot/ws_moveit2/install/moveit_core/include/moveit/kinematics_base/kinematics_base.h
[7.695s] -- Up-to-date: /home/robot/ws_moveit2/install/moveit_core/include/moveit_kinematics_base_export.h
[7.696s] -- Up-to-date: /home/robot/ws_moveit2/install/moveit_core/include
[7.696s] -- Up-to-date: /home/robot/ws_moveit2/install/moveit_core/include/moveit
[7.697s] -- Up-to-date: /home/robot/ws_moveit2/install/moveit_core/include/moveit/kinematic_constraints
[7.697s] -- Up-to-date: /home/robot/ws_moveit2/install/moveit_core/include/moveit/kinematic_constraints/utils.h
[7.698s] -- Up-to-date: /home/robot/ws_moveit2/install/moveit_core/include/moveit/kinematic_constraints/kinematic_constraint.h
[7.699s] -- Up-to-date: /home/robot/ws_moveit2/install/moveit_core/include
[7.700s] -- Up-to-date: /home/robot/ws_moveit2/install/moveit_core/include/moveit
[7.700s] -- Up-to-date: /home/robot/ws_moveit2/install/moveit_core/include/moveit/kinematics_metrics
[7.701s] -- Up-to-date: /home/robot/ws_moveit2/install/moveit_core/include/moveit/kinematics_metrics/kinematics_metrics.h
[7.702s] -- Up-to-date: /home/robot/ws_moveit2/install/moveit_core/include
[7.702s] -- Up-to-date: /home/robot/ws_moveit2/install/moveit_core/include/moveit
[7.703s] -- Up-to-date: /home/robot/ws_moveit2/install/moveit_core/include/moveit/macros
[7.703s] -- Up-to-date: /home/robot/ws_moveit2/install/moveit_core/include/moveit/macros/deprecation.h
[7.703s] -- Up-to-date: /home/robot/ws_moveit2/install/moveit_core/include/moveit/macros/console_colors.h
[7.703s] -- Up-to-date: /home/robot/ws_moveit2/install/moveit_core/include/moveit/macros/declare_ptr.h
[7.704s] -- Up-to-date: /home/robot/ws_moveit2/install/moveit_core/include/moveit/macros/class_forward.h
[7.704s] -- Up-to-date: /home/robot/ws_moveit2/install/moveit_core/include/moveit_butterworth_parameters
[7.705s] -- Up-to-date: /home/robot/ws_moveit2/install/moveit_core/include/moveit_butterworth_parameters/moveit_butterworth_parameters.hpp
[7.705s] -- Up-to-date: /home/robot/ws_moveit2/install/moveit_core/include
[7.706s] -- Up-to-date: /home/robot/ws_moveit2/install/moveit_core/include/moveit
[7.706s] -- Up-to-date: /home/robot/ws_moveit2/install/moveit_core/include/moveit/online_signal_smoothing
[7.707s] -- Up-to-date: /home/robot/ws_moveit2/install/moveit_core/include/moveit/online_signal_smoothing/smoothing_base_class.h
[7.707s] -- Up-to-date: /home/robot/ws_moveit2/install/moveit_core/include/moveit/online_signal_smoothing/butterworth_filter.h
[7.707s] -- Up-to-date: /home/robot/ws_moveit2/install/moveit_core/include/moveit_smoothing_base_export.h
[7.708s] -- Up-to-date: /home/robot/ws_moveit2/install/moveit_core/include/moveit_butterworth_filter_export.h
[7.708s] -- Up-to-date: /home/robot/ws_moveit2/install/moveit_core/include
[7.709s] -- Up-to-date: /home/robot/ws_moveit2/install/moveit_core/include/moveit
[7.709s] -- Up-to-date: /home/robot/ws_moveit2/install/moveit_core/include/moveit/planning_interface
[7.709s] -- Up-to-date: /home/robot/ws_moveit2/install/moveit_core/include/moveit/planning_interface/planning_interface.h
[7.710s] -- Up-to-date: /home/robot/ws_moveit2/install/moveit_core/include/moveit/planning_interface/planning_response.h
[7.710s] -- Up-to-date: /home/robot/ws_moveit2/install/moveit_core/include/moveit/planning_interface/planning_request.h
[7.710s] -- Up-to-date: /home/robot/ws_moveit2/install/moveit_core/include
[7.711s] -- Up-to-date: /home/robot/ws_moveit2/install/moveit_core/include/moveit
[7.711s] -- Up-to-date: /home/robot/ws_moveit2/install/moveit_core/include/moveit/planning_request_adapter
[7.712s] -- Up-to-date: /home/robot/ws_moveit2/install/moveit_core/include/moveit/planning_request_adapter/planning_request_adapter.h
[7.712s] -- Up-to-date: /home/robot/ws_moveit2/install/moveit_core/include
[7.716s] -- Up-to-date: /home/robot/ws_moveit2/install/moveit_core/include/moveit
[7.716s] -- Up-to-date: /home/robot/ws_moveit2/install/moveit_core/include/moveit/planning_scene
[7.716s] -- Up-to-date: /home/robot/ws_moveit2/install/moveit_core/include/moveit/planning_scene/planning_scene.h
[7.716s] -- Up-to-date: /home/robot/ws_moveit2/install/moveit_core/include/moveit_planning_scene_export.h
[7.716s] -- Up-to-date: /home/robot/ws_moveit2/install/moveit_core/include
[7.717s] -- Up-to-date: /home/robot/ws_moveit2/install/moveit_core/include/moveit
[7.717s] -- Up-to-date: /home/robot/ws_moveit2/install/moveit_core/include/moveit/robot_model
[7.717s] -- Up-to-date: /home/robot/ws_moveit2/install/moveit_core/include/moveit/robot_model/fixed_joint_model.h
[7.717s] -- Up-to-date: /home/robot/ws_moveit2/install/moveit_core/include/moveit/robot_model/joint_model_group.h
[7.717s] -- Up-to-date: /home/robot/ws_moveit2/install/moveit_core/include/moveit/robot_model/planar_joint_model.h
[7.717s] -- Up-to-date: /home/robot/ws_moveit2/install/moveit_core/include/moveit/robot_model/robot_model.h
[7.717s] -- Up-to-date: /home/robot/ws_moveit2/install/moveit_core/include/moveit/robot_model/aabb.h
[7.718s] -- Up-to-date: /home/robot/ws_moveit2/install/moveit_core/include/moveit/robot_model/revolute_joint_model.h
[7.718s] -- Up-to-date: /home/robot/ws_moveit2/install/moveit_core/include/moveit/robot_model/link_model.h
[7.719s] -- Up-to-date: /home/robot/ws_moveit2/install/moveit_core/include/moveit/robot_model/joint_model.h
[7.719s] -- Up-to-date: /home/robot/ws_moveit2/install/moveit_core/include/moveit/robot_model/prismatic_joint_model.h
[7.719s] -- Up-to-date: /home/robot/ws_moveit2/install/moveit_core/include/moveit/robot_model/floating_joint_model.h
[7.719s] -- Up-to-date: /home/robot/ws_moveit2/install/moveit_core/include
[7.719s] -- Up-to-date: /home/robot/ws_moveit2/install/moveit_core/include/moveit
[7.719s] -- Up-to-date: /home/robot/ws_moveit2/install/moveit_core/include/moveit/robot_state
[7.720s] -- Up-to-date: /home/robot/ws_moveit2/install/moveit_core/include/moveit/robot_state/attached_body.h
[7.721s] -- Up-to-date: /home/robot/ws_moveit2/install/moveit_core/include/moveit/robot_state/cartesian_interpolator.h
[7.721s] -- Up-to-date: /home/robot/ws_moveit2/install/moveit_core/include/moveit/robot_state/robot_state.h
[7.721s] -- Up-to-date: /home/robot/ws_moveit2/install/moveit_core/include/moveit/robot_state/conversions.h
[7.722s] -- Up-to-date: /home/robot/ws_moveit2/install/moveit_core/include
[7.722s] -- Up-to-date: /home/robot/ws_moveit2/install/moveit_core/include/moveit
[7.723s] -- Up-to-date: /home/robot/ws_moveit2/install/moveit_core/include/moveit/robot_trajectory
[7.723s] -- Up-to-date: /home/robot/ws_moveit2/install/moveit_core/include/moveit/robot_trajectory/robot_trajectory.h
[7.723s] -- Up-to-date: /home/robot/ws_moveit2/install/moveit_core/include
[7.723s] -- Up-to-date: /home/robot/ws_moveit2/install/moveit_core/include/moveit
[7.723s] -- Up-to-date: /home/robot/ws_moveit2/install/moveit_core/include/moveit/sensor_manager
[7.723s] -- Up-to-date: /home/robot/ws_moveit2/install/moveit_core/include/moveit/sensor_manager/sensor_manager.h
[7.724s] -- Up-to-date: /home/robot/ws_moveit2/install/moveit_core/include
[7.724s] -- Up-to-date: /home/robot/ws_moveit2/install/moveit_core/include/moveit
[7.724s] -- Up-to-date: /home/robot/ws_moveit2/install/moveit_core/include/moveit/trajectory_processing
[7.724s] -- Up-to-date: /home/robot/ws_moveit2/install/moveit_core/include/moveit/trajectory_processing/iterative_spline_parameterization.h
[7.724s] -- Up-to-date: /home/robot/ws_moveit2/install/moveit_core/include/moveit/trajectory_processing/iterative_time_parameterization.h
[7.728s] -- Up-to-date: /home/robot/ws_moveit2/install/moveit_core/include/moveit/trajectory_processing/time_optimal_trajectory_generation.h
[7.728s] -- Up-to-date: /home/robot/ws_moveit2/install/moveit_core/include/moveit/trajectory_processing/ruckig_traj_smoothing.h
[7.728s] -- Up-to-date: /home/robot/ws_moveit2/install/moveit_core/include/moveit/trajectory_processing/time_parameterization.h
[7.728s] -- Up-to-date: /home/robot/ws_moveit2/install/moveit_core/include/moveit/trajectory_processing/trajectory_tools.h
[7.728s] -- Up-to-date: /home/robot/ws_moveit2/install/moveit_core/include
[7.728s] -- Up-to-date: /home/robot/ws_moveit2/install/moveit_core/include/moveit
[7.728s] -- Up-to-date: /home/robot/ws_moveit2/install/moveit_core/include/moveit/transforms
[7.729s] -- Up-to-date: /home/robot/ws_moveit2/install/moveit_core/include/moveit/transforms/transforms.h
[7.729s] -- Up-to-date: /home/robot/ws_moveit2/install/moveit_core/include
[7.729s] -- Up-to-date: /home/robot/ws_moveit2/install/moveit_core/include/moveit
[7.729s] -- Up-to-date: /home/robot/ws_moveit2/install/moveit_core/include/moveit/utils
[7.729s] -- Up-to-date: /home/robot/ws_moveit2/install/moveit_core/include/moveit/utils/message_checks.h
[7.729s] -- Up-to-date: /home/robot/ws_moveit2/install/moveit_core/include/moveit/utils/rclcpp_utils.h
[7.729s] -- Up-to-date: /home/robot/ws_moveit2/install/moveit_core/include/moveit/utils/moveit_error_code.h
[7.729s] -- Up-to-date: /home/robot/ws_moveit2/install/moveit_core/include/moveit/utils/lexical_casts.h
[7.730s] -- Up-to-date: /home/robot/ws_moveit2/install/moveit_core/include/moveit/utils/robot_model_test_utils.h
[7.730s] -- Up-to-date: /home/robot/ws_moveit2/install/moveit_core/bin/moveit_version
[7.730s] -- Up-to-date: /home/robot/ws_moveit2/install/moveit_core/include
[7.731s] -- Up-to-date: /home/robot/ws_moveit2/install/moveit_core/include/moveit
[7.732s] -- Up-to-date: /home/robot/ws_moveit2/install/moveit_core/include/moveit/collision_detection
[7.732s] -- Up-to-date: /home/robot/ws_moveit2/install/moveit_core/include/moveit/collision_detection/test_collision_common_panda.h
[7.732s] -- Up-to-date: /home/robot/ws_moveit2/install/moveit_core/include/moveit/collision_detection/collision_plugin_cache.h
[7.732s] -- Up-to-date: /home/robot/ws_moveit2/install/moveit_core/include/moveit/collision_detection/collision_matrix.h
[7.732s] -- Up-to-date: /home/robot/ws_moveit2/install/moveit_core/include/moveit/collision_detection/allvalid
[7.733s] -- Up-to-date: /home/robot/ws_moveit2/install/moveit_core/include/moveit/collision_detection/allvalid/collision_env_allvalid.h
[7.733s] -- Up-to-date: /home/robot/ws_moveit2/install/moveit_core/include/moveit/collision_detection/allvalid/collision_detector_allocator_allvalid.h
[7.733s] -- Up-to-date: /home/robot/ws_moveit2/install/moveit_core/include/moveit/collision_detection/collision_detector_allocator.h
[7.733s] -- Up-to-date: /home/robot/ws_moveit2/install/moveit_core/include/moveit/collision_detection/collision_octomap_filter.h
[7.733s] -- Up-to-date: /home/robot/ws_moveit2/install/moveit_core/include/moveit/collision_detection/test_collision_common_pr2.h
[7.733s] -- Up-to-date: /home/robot/ws_moveit2/install/moveit_core/include/moveit/collision_detection/world.h
[7.733s] -- Up-to-date: /home/robot/ws_moveit2/install/moveit_core/include/moveit/collision_detection/collision_tools.h
[7.734s] -- Up-to-date: /home/robot/ws_moveit2/install/moveit_core/include/moveit/collision_detection/collision_env.h
[7.734s] -- Up-to-date: /home/robot/ws_moveit2/install/moveit_core/include/moveit/collision_detection/collision_common.h
[7.734s] -- Up-to-date: /home/robot/ws_moveit2/install/moveit_core/include/moveit/collision_detection/world_diff.h
[7.734s] -- Up-to-date: /home/robot/ws_moveit2/install/moveit_core/include/moveit/collision_detection/occupancy_map.h
[7.734s] -- Up-to-date: /home/robot/ws_moveit2/install/moveit_core/include/moveit/collision_detection/collision_plugin.h
[7.734s] -- Up-to-date: /home/robot/ws_moveit2/install/moveit_core/include/moveit_collision_detection_export.h
[7.734s] -- Up-to-date: /home/robot/ws_moveit2/install/moveit_core/include
[7.737s] -- Up-to-date: /home/robot/ws_moveit2/install/moveit_core/include/moveit
[7.737s] -- Up-to-date: /home/robot/ws_moveit2/install/moveit_core/include/moveit/collision_detection_bullet
[7.737s] -- Up-to-date: /home/robot/ws_moveit2/install/moveit_core/include/moveit/collision_detection_bullet/collision_detector_bullet_plugin_loader.h
[7.737s] -- Up-to-date: /home/robot/ws_moveit2/install/moveit_core/include/moveit/collision_detection_bullet/collision_env_bullet.h
[7.738s] -- Up-to-date: /home/robot/ws_moveit2/install/moveit_core/include/moveit/collision_detection_bullet/bullet_integration
[7.738s] -- Up-to-date: /home/robot/ws_moveit2/install/moveit_core/include/moveit/collision_detection_bullet/bullet_integration/bullet_discrete_bvh_manager.h
[7.738s] -- Up-to-date: /home/robot/ws_moveit2/install/moveit_core/include/moveit/collision_detection_bullet/bullet_integration/bullet_bvh_manager.h
[7.738s] -- Up-to-date: /home/robot/ws_moveit2/install/moveit_core/include/moveit/collision_detection_bullet/bullet_integration/bullet_utils.h
[7.738s] -- Up-to-date: /home/robot/ws_moveit2/install/moveit_core/include/moveit/collision_detection_bullet/bullet_integration/ros_bullet_utils.h
[7.738s] -- Up-to-date: /home/robot/ws_moveit2/install/moveit_core/include/moveit/collision_detection_bullet/bullet_integration/basic_types.h
[7.739s] -- Up-to-date: /home/robot/ws_moveit2/install/moveit_core/include/moveit/collision_detection_bullet/bullet_integration/contact_checker_common.h
[7.739s] -- Up-to-date: /home/robot/ws_moveit2/install/moveit_core/include/moveit/collision_detection_bullet/bullet_integration/bullet_cast_bvh_manager.h
[7.739s] -- Up-to-date: /home/robot/ws_moveit2/install/moveit_core/include/moveit/collision_detection_bullet/collision_detector_allocator_bullet.h
[7.739s] -- Up-to-date: /home/robot/ws_moveit2/install/moveit_core/include/moveit_collision_detection_bullet_export.h
[7.739s] -- Up-to-date: /home/robot/ws_moveit2/install/moveit_core/include
[7.739s] -- Up-to-date: /home/robot/ws_moveit2/install/moveit_core/include/moveit
[7.740s] -- Up-to-date: /home/robot/ws_moveit2/install/moveit_core/include/moveit/collision_detection_fcl
[7.740s] -- Up-to-date: /home/robot/ws_moveit2/install/moveit_core/include/moveit/collision_detection_fcl/collision_detector_fcl_plugin_loader.h
[7.740s] -- Up-to-date: /home/robot/ws_moveit2/install/moveit_core/include/moveit/collision_detection_fcl/collision_env_fcl.h
[7.740s] -- Up-to-date: /home/robot/ws_moveit2/install/moveit_core/include/moveit/collision_detection_fcl/fcl_compat.h
[7.740s] -- Up-to-date: /home/robot/ws_moveit2/install/moveit_core/include/moveit/collision_detection_fcl/collision_common.h
[7.740s] -- Up-to-date: /home/robot/ws_moveit2/install/moveit_core/include/moveit/collision_detection_fcl/collision_detector_allocator_fcl.h
[7.740s] -- Up-to-date: /home/robot/ws_moveit2/install/moveit_core/include/moveit_collision_detection_fcl_export.h
[7.741s] -- Up-to-date: /home/robot/ws_moveit2/install/moveit_core/lib/libcollision_detector_bullet_plugin.so.2.5.5
[7.741s] -- Up-to-date: /home/robot/ws_moveit2/install/moveit_core/lib/libcollision_detector_bullet_plugin.so
[7.741s] -- Up-to-date: /home/robot/ws_moveit2/install/moveit_core/lib/libmoveit_butterworth_filter.so.2.5.5
[7.744s] -- Up-to-date: /home/robot/ws_moveit2/install/moveit_core/lib/libmoveit_butterworth_filter.so
[7.744s] -- Up-to-date: /home/robot/ws_moveit2/install/moveit_core/lib/libmoveit_collision_distance_field.so.2.5.5
[7.744s] -- Up-to-date: /home/robot/ws_moveit2/install/moveit_core/lib/libmoveit_collision_distance_field.so
[7.744s] -- Up-to-date: /home/robot/ws_moveit2/install/moveit_core/lib/libmoveit_collision_detection.so.2.5.5
[7.744s] -- Up-to-date: /home/robot/ws_moveit2/install/moveit_core/lib/libmoveit_collision_detection.so
[7.744s] -- Up-to-date: /home/robot/ws_moveit2/install/moveit_core/lib/libmoveit_collision_detection_fcl.so.2.5.5
[7.744s] -- Up-to-date: /home/robot/ws_moveit2/install/moveit_core/lib/libmoveit_collision_detection_fcl.so
[7.745s] -- Up-to-date: /home/robot/ws_moveit2/install/moveit_core/lib/libmoveit_collision_detection_bullet.so.2.5.5
[7.745s] -- Up-to-date: /home/robot/ws_moveit2/install/moveit_core/lib/libmoveit_collision_detection_bullet.so
[7.746s] -- Up-to-date: /home/robot/ws_moveit2/install/moveit_core/lib/libmoveit_dynamics_solver.so.2.5.5
[7.747s] -- Up-to-date: /home/robot/ws_moveit2/install/moveit_core/lib/libmoveit_dynamics_solver.so
[7.747s] -- Up-to-date: /home/robot/ws_moveit2/install/moveit_core/lib/libmoveit_constraint_samplers.so.2.5.5
[7.748s] -- Up-to-date: /home/robot/ws_moveit2/install/moveit_core/lib/libmoveit_constraint_samplers.so
[7.749s] -- Up-to-date: /home/robot/ws_moveit2/install/moveit_core/lib/libmoveit_distance_field.so.2.5.5
[7.750s] -- Up-to-date: /home/robot/ws_moveit2/install/moveit_core/lib/libmoveit_distance_field.so
[7.750s] -- Up-to-date: /home/robot/ws_moveit2/install/moveit_core/lib/libmoveit_exceptions.so.2.5.5
[7.751s] -- Up-to-date: /home/robot/ws_moveit2/install/moveit_core/lib/libmoveit_exceptions.so
[7.751s] -- Up-to-date: /home/robot/ws_moveit2/install/moveit_core/lib/libmoveit_kinematics_base.so
[7.753s] -- Up-to-date: /home/robot/ws_moveit2/install/moveit_core/lib/libmoveit_kinematic_constraints.so.2.5.5
[7.753s] -- Up-to-date: /home/robot/ws_moveit2/install/moveit_core/lib/libmoveit_kinematic_constraints.so
[7.754s] -- Up-to-date: /home/robot/ws_moveit2/install/moveit_core/lib/libmoveit_kinematics_metrics.so.2.5.5
[7.755s] -- Up-to-date: /home/robot/ws_moveit2/install/moveit_core/lib/libmoveit_kinematics_metrics.so
[7.756s] -- Up-to-date: /home/robot/ws_moveit2/install/moveit_core/lib/libmoveit_planning_interface.so.2.5.5
[7.757s] -- Up-to-date: /home/robot/ws_moveit2/install/moveit_core/lib/libmoveit_planning_interface.so
[7.758s] -- Up-to-date: /home/robot/ws_moveit2/install/moveit_core/lib/libmoveit_planning_scene.so.2.5.5
[7.759s] -- Up-to-date: /home/robot/ws_moveit2/install/moveit_core/lib/libmoveit_planning_scene.so
[7.760s] -- Up-to-date: /home/robot/ws_moveit2/install/moveit_core/lib/libmoveit_planning_request_adapter.so.2.5.5
[7.761s] -- Up-to-date: /home/robot/ws_moveit2/install/moveit_core/lib/libmoveit_planning_request_adapter.so
[7.762s] -- Up-to-date: /home/robot/ws_moveit2/install/moveit_core/lib/libmoveit_robot_model.so.2.5.5
[7.763s] -- Up-to-date: /home/robot/ws_moveit2/install/moveit_core/lib/libmoveit_robot_model.so
[7.763s] -- Up-to-date: /home/robot/ws_moveit2/install/moveit_core/lib/libmoveit_robot_state.so.2.5.5
[7.764s] -- Up-to-date: /home/robot/ws_moveit2/install/moveit_core/lib/libmoveit_robot_state.so
[7.764s] -- Up-to-date: /home/robot/ws_moveit2/install/moveit_core/lib/libmoveit_robot_trajectory.so.2.5.5
[7.765s] -- Up-to-date: /home/robot/ws_moveit2/install/moveit_core/lib/libmoveit_robot_trajectory.so
[7.765s] -- Up-to-date: /home/robot/ws_moveit2/install/moveit_core/lib/libmoveit_smoothing_base.so.2.5.5
[7.765s] -- Up-to-date: /home/robot/ws_moveit2/install/moveit_core/lib/libmoveit_smoothing_base.so
[7.766s] -- Up-to-date: /home/robot/ws_moveit2/install/moveit_core/lib/libmoveit_test_utils.so.2.5.5
[7.767s] -- Up-to-date: /home/robot/ws_moveit2/install/moveit_core/lib/libmoveit_test_utils.so
[7.767s] -- Up-to-date: /home/robot/ws_moveit2/install/moveit_core/lib/libmoveit_trajectory_processing.so.2.5.5
[7.768s] -- Up-to-date: /home/robot/ws_moveit2/install/moveit_core/lib/libmoveit_trajectory_processing.so
[7.769s] -- Up-to-date: /home/robot/ws_moveit2/install/moveit_core/lib/libmoveit_transforms.so.2.5.5
[7.769s] -- Up-to-date: /home/robot/ws_moveit2/install/moveit_core/lib/libmoveit_transforms.so
[7.770s] -- Up-to-date: /home/robot/ws_moveit2/install/moveit_core/lib/libmoveit_utils.so.2.5.5
[7.771s] -- Up-to-date: /home/robot/ws_moveit2/install/moveit_core/lib/libmoveit_utils.so
[7.771s] -- Up-to-date: /home/robot/ws_moveit2/install/moveit_core/share/moveit_core/environment/library_path.sh
[7.772s] -- Up-to-date: /home/robot/ws_moveit2/install/moveit_core/share/moveit_core/environment/library_path.dsv
[7.772s] -- Up-to-date: /home/robot/ws_moveit2/install/moveit_core/share/moveit_core/collision_detector_fcl_description.xml
[7.772s] -- Up-to-date: /home/robot/ws_moveit2/install/moveit_core/share/moveit_core/collision_detector_bullet_description.xml
[7.773s] -- Up-to-date: /home/robot/ws_moveit2/install/moveit_core/share/moveit_core/filter_plugin_butterworth.xml
[7.773s] -- Up-to-date: /home/robot/ws_moveit2/install/moveit_core/share/ament_index/resource_index/package_run_dependencies/moveit_core
[7.773s] -- Up-to-date: /home/robot/ws_moveit2/install/moveit_core/share/ament_index/resource_index/parent_prefix_path/moveit_core
[7.773s] -- Up-to-date: /home/robot/ws_moveit2/install/moveit_core/share/moveit_core/environment/ament_prefix_path.sh
[7.773s] -- Up-to-date: /home/robot/ws_moveit2/install/moveit_core/share/moveit_core/environment/ament_prefix_path.dsv
[7.774s] -- Up-to-date: /home/robot/ws_moveit2/install/moveit_core/share/moveit_core/environment/path.sh
[7.774s] -- Up-to-date: /home/robot/ws_moveit2/install/moveit_core/share/moveit_core/environment/path.dsv
[7.776s] -- Up-to-date: /home/robot/ws_moveit2/install/moveit_core/share/moveit_core/local_setup.bash
[7.776s] -- Up-to-date: /home/robot/ws_moveit2/install/moveit_core/share/moveit_core/local_setup.sh
[7.776s] -- Up-to-date: /home/robot/ws_moveit2/install/moveit_core/share/moveit_core/local_setup.zsh
[7.776s] -- Up-to-date: /home/robot/ws_moveit2/install/moveit_core/share/moveit_core/local_setup.dsv
[7.776s] -- Installing: /home/robot/ws_moveit2/install/moveit_core/share/moveit_core/package.dsv
[7.776s] -- Up-to-date: /home/robot/ws_moveit2/install/moveit_core/share/ament_index/resource_index/packages/moveit_core
[7.777s] -- Up-to-date: /home/robot/ws_moveit2/install/moveit_core/share/ament_index/resource_index/moveit_core__pluginlib__plugin/moveit_core
[7.777s] -- Up-to-date: /home/robot/ws_moveit2/install/moveit_core/share/moveit_core/cmake/export_moveit_coreExport.cmake
[7.777s] -- Up-to-date: /home/robot/ws_moveit2/install/moveit_core/share/moveit_core/cmake/export_moveit_coreExport-release.cmake
[7.777s] -- Up-to-date: /home/robot/ws_moveit2/install/moveit_core/share/moveit_core/cmake/ConfigExtras.cmake
[7.777s] -- Up-to-date: /home/robot/ws_moveit2/install/moveit_core/share/moveit_core/cmake/ament_cmake_export_targets-extras.cmake
[7.778s] -- Up-to-date: /home/robot/ws_moveit2/install/moveit_core/share/moveit_core/cmake/ament_cmake_export_dependencies-extras.cmake
[7.778s] -- Up-to-date: /home/robot/ws_moveit2/install/moveit_core/share/moveit_core/cmake/moveit_coreConfig.cmake
[7.778s] -- Up-to-date: /home/robot/ws_moveit2/install/moveit_core/share/moveit_core/cmake/moveit_coreConfig-version.cmake
[7.778s] -- Up-to-date: /home/robot/ws_moveit2/install/moveit_core/share/moveit_core/package.xml
[7.784s] Invoked command in '/home/robot/ws_moveit2/build/moveit_core' returned '0': CMAKE_PREFIX_PATH=/home/robot/ws_moveit2/install/moveit_resources_panda_moveit_config:/home/robot/ws_moveit2/install/srdfdom:/home/robot/ws_moveit2/install/moveit_resources_pr2_description:/home/robot/ws_moveit2/install/moveit_resources_panda_description:/home/robot/ws_moveit2/install/moveit_common:/home/robot/ws_moveit2/install/myrobot_ompl_constrained_planning:/home/robot/ws_moveit2/install/ompl_constrained_planning:/home/robot/ws_moveit2/install/mtc_tutorial:/home/robot/ws_moveit2/install/pilz_industrial_motion_planner_testutils:/home/robot/ws_moveit2/install/myrobot_moveit_config:/home/robot/ws_moveit2/install/moveit_runtime:/home/robot/ws_moveit2/install/moveit2_tutorials:/home/robot/ws_moveit2/install/moveit:/home/robot/ws_moveit2/install/moveit_planners:/home/robot/ws_moveit2/install/pilz_industrial_motion_planner:/home/robot/ws_moveit2/install/myrobot_hello_moveit:/home/robot/ws_moveit2/install/moveit_visual_tools:/home/robot/ws_moveit2/install/moveit_task_constructor_visualization:/home/robot/ws_moveit2/install/moveit_task_constructor_demo:/home/robot/ws_moveit2/install/moveit_task_constructor_capabilities:/home/robot/ws_moveit2/install/moveit_task_constructor_core:/home/robot/ws_moveit2/install/moveit_ros_control_interface:/home/robot/ws_moveit2/install/moveit_plugins:/home/robot/ws_moveit2/install/moveit_simple_controller_manager:/home/robot/ws_moveit2/install/moveit_setup_assistant:/home/robot/ws_moveit2/install/moveit_setup_srdf_plugins:/home/robot/ws_moveit2/install/moveit_setup_core_plugins:/home/robot/ws_moveit2/install/moveit_setup_controllers:/home/robot/ws_moveit2/install/moveit_setup_app_plugins:/home/robot/ws_moveit2/install/moveit_setup_framework:/home/robot/ws_moveit2/install/moveit_servo:/home/robot/ws_moveit2/install/moveit_ros:/home/robot/ws_moveit2/install/moveit_ros_visualization:/home/robot/ws_moveit2/install/moveit_hybrid_planning:/home/robot/ws_moveit2/install/moveit_ros_planning_interface:/home/robot/ws_moveit2/install/moveit_ros_benchmarks:/home/robot/ws_moveit2/install/moveit_ros_warehouse:/home/robot/ws_moveit2/install/moveit_ros_robot_interaction:/home/robot/ws_moveit2/install/moveit_ros_perception:/home/robot/ws_moveit2/install/moveit_resources_prbt_pg70_support:/home/robot/ws_moveit2/install/moveit_resources_prbt_moveit_config:/home/robot/ws_moveit2/install/moveit_ros_move_group:/home/robot/ws_moveit2/install/moveit_planners_ompl:/home/robot/ws_moveit2/install/moveit_ros_planning:/home/robot/ws_moveit2/install/moveit_ros_occupancy_map_monitor:/home/robot/ws_moveit2/install/moveit_resources_prbt_ikfast_manipulator_plugin:/home/robot/ws_moveit2/install/moveit_planners_chomp:/home/robot/ws_moveit2/install/moveit_kinematics:/home/robot/ws_moveit2/install/moveit_chomp_optimizer_adapter:/home/robot/ws_moveit2/install/chomp_motion_planner:/home/robot/ws_moveit2/install/moveit_core:/home/robot/ws_moveit2/install/rviz_marker_tools:/home/robot/ws_moveit2/install/rosparam_shortcuts:/home/robot/ws_moveit2/install/moveit_task_constructor_msgs:/home/robot/ws_moveit2/install/moveit_resources_prbt_support:/home/robot/ws_moveit2/install/moveit_resources:/home/robot/ws_moveit2/install/moveit_resources_fanuc_moveit_config:/home/robot/ws_moveit2/install/moveit_resources_fanuc_description:/home/robot/ros2_ws/install/my_robot_bringup:/home/robot/ros2_ws/install/my_robot_interfaces:/home/robot/ros2_ws/install/my_robot_firstrobot:/home/robot/ros2_ws/install/my_robot_first_roboticarm:/home/robot/ros2_ws/install/my_cpp_pkg:/home/robot/ws_moveit2/install/moveit_configs_utils:/home/robot/ws_moveit2/install/launch_param_builder:/home/robot/ros2_ws/install/my_turtlesim_project:/home/robot/ros2_ws/install/my_robot_first_servo_control:/home/robot/ros2_ws/install/my_py_pkg:/home/robot/ros2_ws/install/actions_py:/opt/ros/humble LD_LIBRARY_PATH=/home/robot/ws_moveit2/install/srdfdom/lib:/home/robot/ws_moveit2/install/pilz_industrial_motion_planner_testutils/lib:/home/robot/ws_moveit2/install/pilz_industrial_motion_planner/lib:/home/robot/ws_moveit2/install/moveit_visual_tools/lib:/home/robot/ws_moveit2/install/moveit_task_constructor_visualization/lib:/home/robot/ws_moveit2/install/moveit_task_constructor_demo/lib:/home/robot/ws_moveit2/install/moveit_task_constructor_capabilities/lib:/home/robot/ws_moveit2/install/moveit_task_constructor_core/lib:/home/robot/ws_moveit2/install/moveit_ros_control_interface/lib:/home/robot/ws_moveit2/install/moveit_simple_controller_manager/lib:/home/robot/ws_moveit2/install/moveit_setup_assistant/lib:/home/robot/ws_moveit2/install/moveit_setup_srdf_plugins/lib:/home/robot/ws_moveit2/install/moveit_setup_core_plugins/lib:/home/robot/ws_moveit2/install/moveit_setup_controllers/lib:/home/robot/ws_moveit2/install/moveit_setup_app_plugins/lib:/home/robot/ws_moveit2/install/moveit_setup_framework/lib:/home/robot/ws_moveit2/install/moveit_servo/lib:/home/robot/ws_moveit2/install/moveit_ros_visualization/lib:/home/robot/ws_moveit2/install/moveit_hybrid_planning/lib:/home/robot/ws_moveit2/install/moveit_ros_planning_interface/lib:/home/robot/ws_moveit2/install/moveit_ros_benchmarks/lib:/home/robot/ws_moveit2/install/moveit_ros_warehouse/lib:/home/robot/ws_moveit2/install/moveit_ros_robot_interaction/lib:/home/robot/ws_moveit2/install/moveit_ros_perception/lib:/home/robot/ws_moveit2/install/moveit_ros_move_group/lib:/home/robot/ws_moveit2/install/moveit_planners_ompl/lib:/home/robot/ws_moveit2/install/moveit_ros_planning/lib:/home/robot/ws_moveit2/install/moveit_ros_occupancy_map_monitor/lib:/home/robot/ws_moveit2/install/moveit_resources_prbt_ikfast_manipulator_plugin/lib:/home/robot/ws_moveit2/install/moveit_planners_chomp/lib:/home/robot/ws_moveit2/install/moveit_kinematics/lib:/home/robot/ws_moveit2/install/moveit_chomp_optimizer_adapter/lib:/home/robot/ws_moveit2/install/chomp_motion_planner/lib:/home/robot/ws_moveit2/install/moveit_core/lib:/home/robot/ws_moveit2/install/rviz_marker_tools/lib:/home/robot/ws_moveit2/install/rosparam_shortcuts/lib:/home/robot/ws_moveit2/install/moveit_task_constructor_msgs/lib:/home/robot/ros2_ws/install/my_robot_interfaces/lib:/usr/lib/x86_64-linux-gnu/gazebo-11/plugins:/opt/ros/humble/opt/rviz_ogre_vendor/lib:/opt/ros/humble/lib/x86_64-linux-gnu:/opt/ros/humble/lib /usr/bin/cmake --install /home/robot/ws_moveit2/build/moveit_core
