-- Found ament_cmake: 1.3.10 (/opt/ros/humble/share/ament_cmake/cmake)
-- Found moveit_ros_planning_interface: 2.5.5 (/home/robot/ws_moveit2/install/moveit_ros_planning_interface/share/moveit_ros_planning_interface/cmake)
-- Found Boost: /usr/lib/x86_64-linux-gnu/cmake/Boost-1.74.0/BoostConfig.cmake (found version "1.74.0") found components: date_time filesystem program_options system thread 
-- Found rosidl_generator_c: 3.1.5 (/opt/ros/humble/share/rosidl_generator_c/cmake)
-- Found rosidl_adapter: 3.1.5 (/opt/ros/humble/share/rosidl_adapter/cmake)
-- Found rosidl_generator_cpp: 3.1.5 (/opt/ros/humble/share/rosidl_generator_cpp/cmake)
-- Using all available rosidl_typesupport_c: rosidl_typesupport_fastrtps_c;rosidl_typesupport_introspection_c
-- Using all available rosidl_typesupport_cpp: rosidl_typesupport_fastrtps_cpp;rosidl_typesupport_introspection_cpp
-- Found Boost: /usr/lib/x86_64-linux-gnu/cmake/Boost-1.74.0/BoostConfig.cmake (found version "1.74.0") found components: chrono date_time filesystem iostreams program_options regex serialization system thread 
-- Found parameter_traits: 0.3.8 (/opt/ros/humble/share/parameter_traits/cmake)
-- Found rmw_implementation_cmake: 6.1.2 (/opt/ros/humble/share/rmw_implementation_cmake/cmake)
-- Found rmw_cyclonedds_cpp: 1.3.4 (/opt/ros/humble/share/rmw_cyclonedds_cpp/cmake)
-- Using RMW implementation 'rmw_cyclonedds_cpp' as default
-- Found rclcpp_lifecycle: 16.0.10 (/opt/ros/humble/share/rclcpp_lifecycle/cmake)
-- Found Boost: /usr/lib/x86_64-linux-gnu/cmake/Boost-1.74.0/BoostConfig.cmake (found version "1.74.0") found components: filesystem 
-- library: /usr/lib/x86_64-linux-gnu/libcurl.so
-- Ensuring Eigen3 include directory is part of orocos-kdl CMake target
-- Found Boost: /usr/lib/x86_64-linux-gnu/cmake/Boost-1.74.0/BoostConfig.cmake (found version "1.74.0") found components: system filesystem date_time program_options thread chrono 
-- Found Boost: /usr/lib/x86_64-linux-gnu/cmake/Boost-1.74.0/BoostConfig.cmake (found version "1.74.0") found components: thread system filesystem regex date_time program_options 
-- Found Boost: /usr/lib/x86_64-linux-gnu/cmake/Boost-1.74.0/BoostConfig.cmake (found version "1.74.0") found components: system filesystem date_time program_options thread 
-- Found ament_lint_auto: 0.12.11 (/opt/ros/humble/share/ament_lint_auto/cmake)
-- Added test 'cppcheck' to perform static code analysis on C / C++ code
-- Configured cppcheck include dirs: $<BUILD_INTERFACE:/home/robot/ws_moveit2/src/dragon_hello_moveit/include>
-- Configured cppcheck exclude dirs and/or files: 
-- Added test 'lint_cmake' to check CMake code style
-- Added test 'uncrustify' to check C / C++ code style
-- Configured uncrustify additional arguments: 
-- Added test 'xmllint' to check XML markup files
-- Configuring done
-- Generating done
-- Build files have been written to: /home/robot/ws_moveit2/build/dragon_hello_moveit
[35m[1mConsolidate compiler generated dependencies of target dragon_hello_moveit[0m
[35m[1mConsolidate compiler generated dependencies of target dragon_get_pose[0m
[ 25%] [32mBuilding CXX object CMakeFiles/dragon_hello_moveit.dir/src/dragon_hello_moveit.cpp.o[0m
[ 75%] Built target dragon_get_pose
[100%] [32m[1mLinking CXX executable dragon_hello_moveit[0m
[100%] Built target dragon_hello_moveit
-- Install configuration: "Release"
-- Installing: /home/robot/ws_moveit2/install/dragon_hello_moveit/lib/dragon_hello_moveit/dragon_hello_moveit
-- Set runtime path of "/home/robot/ws_moveit2/install/dragon_hello_moveit/lib/dragon_hello_moveit/dragon_hello_moveit" to ""
-- Up-to-date: /home/robot/ws_moveit2/install/dragon_hello_moveit/lib/dragon_hello_moveit/dragon_get_pose
-- Up-to-date: /home/robot/ws_moveit2/install/dragon_hello_moveit/share/ament_index/resource_index/package_run_dependencies/dragon_hello_moveit
-- Up-to-date: /home/robot/ws_moveit2/install/dragon_hello_moveit/share/ament_index/resource_index/parent_prefix_path/dragon_hello_moveit
-- Up-to-date: /home/robot/ws_moveit2/install/dragon_hello_moveit/share/dragon_hello_moveit/environment/ament_prefix_path.sh
-- Installing: /home/robot/ws_moveit2/install/dragon_hello_moveit/share/dragon_hello_moveit/environment/ament_prefix_path.dsv
-- Up-to-date: /home/robot/ws_moveit2/install/dragon_hello_moveit/share/dragon_hello_moveit/environment/path.sh
-- Installing: /home/robot/ws_moveit2/install/dragon_hello_moveit/share/dragon_hello_moveit/environment/path.dsv
-- Up-to-date: /home/robot/ws_moveit2/install/dragon_hello_moveit/share/dragon_hello_moveit/local_setup.bash
-- Up-to-date: /home/robot/ws_moveit2/install/dragon_hello_moveit/share/dragon_hello_moveit/local_setup.sh
-- Up-to-date: /home/robot/ws_moveit2/install/dragon_hello_moveit/share/dragon_hello_moveit/local_setup.zsh
-- Installing: /home/robot/ws_moveit2/install/dragon_hello_moveit/share/dragon_hello_moveit/local_setup.dsv
-- Installing: /home/robot/ws_moveit2/install/dragon_hello_moveit/share/dragon_hello_moveit/package.dsv
-- Up-to-date: /home/robot/ws_moveit2/install/dragon_hello_moveit/share/ament_index/resource_index/packages/dragon_hello_moveit
-- Up-to-date: /home/robot/ws_moveit2/install/dragon_hello_moveit/share/dragon_hello_moveit/cmake/dragon_hello_moveitConfig.cmake
-- Up-to-date: /home/robot/ws_moveit2/install/dragon_hello_moveit/share/dragon_hello_moveit/cmake/dragon_hello_moveitConfig-version.cmake
-- Up-to-date: /home/robot/ws_moveit2/install/dragon_hello_moveit/share/dragon_hello_moveit/package.xml
