[0.034s] Invoking command in '/home/robot/ws_moveit2/build/myrobot_ompl_constraint_planning': /usr/bin/cmake /home/robot/ws_moveit2/src/myrobot_ompl_constraint_planning -DCMAKE_BUILD_TYPE=Release -DCMAKE_CXX_FLAGS=--param ggc-min-expand=20 -DCMAKE_INSTALL_PREFIX=/home/robot/ws_moveit2/install/myrobot_ompl_constraint_planning
[0.058s] [33mCMake Warning (dev) in CMakeLists.txt:
[0.058s]   No project() command is present.  The top-level CMakeLists.txt file must
[0.058s]   contain a literal, direct call to the project() command.  Add a line of
[0.058s]   code such as
[0.058s] 
[0.058s]     project(ProjectName)
[0.058s] 
[0.058s]   near the top of the file, but after cmake_minimum_required().
[0.058s] 
[0.059s]   CMake is pretending there is a "project(Project)" command on the first
[0.059s]   line.
[0.059s] This warning is for project developers.  Use -Wno-dev to suppress it.
[0.059s] [0m
[0.348s] -- The C compiler identification is GNU 11.4.0
[0.634s] -- The CXX compiler identification is GNU 11.4.0
[0.689s] -- Detecting C compiler ABI info
[0.908s] -- Detecting C compiler ABI info - done
[0.937s] -- Check for working C compiler: /usr/bin/cc - skipped
[0.939s] -- Detecting C compile features
[0.940s] -- Detecting C compile features - done
[0.965s] -- Detecting CXX compiler ABI info
[1.225s] -- Detecting CXX compiler ABI info - done
[1.251s] -- Check for working CXX compiler: /usr/bin/c++ - skipped
[1.252s] -- Detecting CXX compile features
[1.253s] -- Detecting CXX compile features - done
[1.255s] [31mCMake Error at CMakeLists.txt:5 (ament_target_dependencies):
[1.255s]   Unknown CMake command "ament_target_dependencies".
[1.255s] 
[1.255s] [0m
[1.255s] [33mCMake Warning (dev) in CMakeLists.txt:
[1.256s]   No cmake_minimum_required command is present.  A line of code such as
[1.256s] 
[1.256s]     cmake_minimum_required(VERSION 3.22)
[1.256s] 
[1.256s]   should be added at the top of the file.  The version specified may be lower
[1.256s]   if you wish to support older CMake versions for this project.  For more
[1.257s]   information run "cmake --help-policy CMP0000".
[1.257s] This warning is for project developers.  Use -Wno-dev to suppress it.
[1.257s] [0m
[1.257s] -- Configuring incomplete, errors occurred!
[1.257s] See also "/home/robot/ws_moveit2/build/myrobot_ompl_constraint_planning/CMakeFiles/CMakeOutput.log".
[1.262s] Invoked command in '/home/robot/ws_moveit2/build/myrobot_ompl_constraint_planning' returned '1': /usr/bin/cmake /home/robot/ws_moveit2/src/myrobot_ompl_constraint_planning -DCMAKE_BUILD_TYPE=Release -DCMAKE_CXX_FLAGS=--param ggc-min-expand=20 -DCMAKE_INSTALL_PREFIX=/home/robot/ws_moveit2/install/myrobot_ompl_constraint_planning
