[4.244s] Invoking command in '/home/robot/ws_moveit2/src/launch_param_builder': PYTHONPATH=/home/robot/ws_moveit2/build/launch_param_builder/prefix_override:/usr/lib/python3/dist-packages/colcon_core/task/python/colcon_distutils_commands:/home/robot/ws_moveit2/install/launch_param_builder/lib/python3.10/site-packages:${PYTHONPATH} /usr/bin/python3 -W ignore:setup.py install is deprecated setup.py egg_info --egg-base ../../build/launch_param_builder build --build-base /home/robot/ws_moveit2/build/launch_param_builder/build install --record /home/robot/ws_moveit2/build/launch_param_builder/install.log --single-version-externally-managed install_data
[5.562s] running egg_info
[5.610s] writing ../../build/launch_param_builder/launch_param_builder.egg-info/PKG-INFO
[5.613s] writing dependency_links to ../../build/launch_param_builder/launch_param_builder.egg-info/dependency_links.txt
[5.613s] writing requirements to ../../build/launch_param_builder/launch_param_builder.egg-info/requires.txt
[5.613s] writing top-level names to ../../build/launch_param_builder/launch_param_builder.egg-info/top_level.txt
[5.757s] reading manifest file '../../build/launch_param_builder/launch_param_builder.egg-info/SOURCES.txt'
[5.757s] adding license file 'LICENSE'
[5.761s] writing manifest file '../../build/launch_param_builder/launch_param_builder.egg-info/SOURCES.txt'
[5.761s] running build
[5.761s] running build_py
[5.761s] running install
[5.781s] running install_lib
[5.827s] running install_data
[5.827s] running install_egg_info
[5.879s] removing '/home/robot/ws_moveit2/install/launch_param_builder/lib/python3.10/site-packages/launch_param_builder-0.1.1-py3.10.egg-info' (and everything under it)
[5.889s] Copying ../../build/launch_param_builder/launch_param_builder.egg-info to /home/robot/ws_moveit2/install/launch_param_builder/lib/python3.10/site-packages/launch_param_builder-0.1.1-py3.10.egg-info
[5.891s] running install_scripts
[6.083s] writing list of installed files to '/home/robot/ws_moveit2/build/launch_param_builder/install.log'
[6.260s] Invoked command in '/home/robot/ws_moveit2/src/launch_param_builder' returned '0': PYTHONPATH=/home/robot/ws_moveit2/build/launch_param_builder/prefix_override:/usr/lib/python3/dist-packages/colcon_core/task/python/colcon_distutils_commands:/home/robot/ws_moveit2/install/launch_param_builder/lib/python3.10/site-packages:${PYTHONPATH} /usr/bin/python3 -W ignore:setup.py install is deprecated setup.py egg_info --egg-base ../../build/launch_param_builder build --build-base /home/robot/ws_moveit2/build/launch_param_builder/build install --record /home/robot/ws_moveit2/build/launch_param_builder/install.log --single-version-externally-managed install_data
