[0.032s] Invoking command in '/home/robot/ws_moveit2/build/srdfdom': CMAKE_PREFIX_PATH=${CMAKE_PREFIX_PATH}:/home/robot/ws_moveit2/install/moveit_configs_utils:/home/robot/ws_moveit2/install/launch_param_builder:/home/robot/ros2_ws/install/my_turtlesim_project:/home/robot/ros2_ws/install/my_robot_first_servo_control:/home/robot/ros2_ws/install/my_py_pkg:/home/robot/ros2_ws/install/actions_py:/opt/ros/humble /usr/bin/cmake --build /home/robot/ws_moveit2/build/srdfdom -- -j4 -l4
[0.171s] [ 18%] Built target gtest
[0.171s] [ 45%] Built target srdfdom
[0.194s] [ 63%] Built target gtest_main
[0.214s] [ 63%] Built target ament_cmake_python_copy_srdfdom
[0.258s] [ 81%] Built target test_cpp_C
[0.275s] [100%] Built target test_cpp_nl_NL.UTF-8
[0.706s] running egg_info
[0.708s] writing srdfdom.egg-info/PKG-INFO
[0.709s] writing dependency_links to srdfdom.egg-info/dependency_links.txt
[0.710s] writing top-level names to srdfdom.egg-info/top_level.txt
[0.714s] reading manifest file 'srdfdom.egg-info/SOURCES.txt'
[0.715s] writing manifest file 'srdfdom.egg-info/SOURCES.txt'
[0.758s] [100%] Built target ament_cmake_python_build_srdfdom_egg
[0.779s] Invoked command in '/home/robot/ws_moveit2/build/srdfdom' returned '0': CMAKE_PREFIX_PATH=${CMAKE_PREFIX_PATH}:/home/robot/ws_moveit2/install/moveit_configs_utils:/home/robot/ws_moveit2/install/launch_param_builder:/home/robot/ros2_ws/install/my_turtlesim_project:/home/robot/ros2_ws/install/my_robot_first_servo_control:/home/robot/ros2_ws/install/my_py_pkg:/home/robot/ros2_ws/install/actions_py:/opt/ros/humble /usr/bin/cmake --build /home/robot/ws_moveit2/build/srdfdom -- -j4 -l4
[0.904s] Invoking command in '/home/robot/ws_moveit2/build/srdfdom': CMAKE_PREFIX_PATH=${CMAKE_PREFIX_PATH}:/home/robot/ws_moveit2/install/moveit_configs_utils:/home/robot/ws_moveit2/install/launch_param_builder:/home/robot/ros2_ws/install/my_turtlesim_project:/home/robot/ros2_ws/install/my_robot_first_servo_control:/home/robot/ros2_ws/install/my_py_pkg:/home/robot/ros2_ws/install/actions_py:/opt/ros/humble /usr/bin/cmake --install /home/robot/ws_moveit2/build/srdfdom
[0.920s] -- Install configuration: "Release"
[0.920s] -- Up-to-date: /home/robot/ws_moveit2/install/srdfdom/lib/libsrdfdom.so.2.0.4
[0.920s] -- Up-to-date: /home/robot/ws_moveit2/install/srdfdom/lib/libsrdfdom.so
[0.921s] -- Up-to-date: /home/robot/ws_moveit2/install/srdfdom/include/srdfdom
[0.921s] -- Up-to-date: /home/robot/ws_moveit2/install/srdfdom/include/srdfdom/visibility_control.h
[0.921s] -- Up-to-date: /home/robot/ws_moveit2/install/srdfdom/include/srdfdom/model.h
[0.922s] -- Up-to-date: /home/robot/ws_moveit2/install/srdfdom/include/srdfdom/srdf_writer.h
[0.922s] -- Up-to-date: /home/robot/ws_moveit2/install/srdfdom/lib/srdfdom/display_srdf
[0.922s] -- Up-to-date: /home/robot/ws_moveit2/install/srdfdom/share/srdfdom/environment/pythonpath.sh
[0.922s] -- Up-to-date: /home/robot/ws_moveit2/install/srdfdom/share/srdfdom/environment/pythonpath.dsv
[0.922s] -- Up-to-date: /home/robot/ws_moveit2/install/srdfdom/local/lib/python3.10/dist-packages/srdfdom-2.0.4-py3.10.egg-info
[0.923s] -- Installing: /home/robot/ws_moveit2/install/srdfdom/local/lib/python3.10/dist-packages/srdfdom-2.0.4-py3.10.egg-info/dependency_links.txt
[0.923s] -- Installing: /home/robot/ws_moveit2/install/srdfdom/local/lib/python3.10/dist-packages/srdfdom-2.0.4-py3.10.egg-info/PKG-INFO
[0.923s] -- Installing: /home/robot/ws_moveit2/install/srdfdom/local/lib/python3.10/dist-packages/srdfdom-2.0.4-py3.10.egg-info/SOURCES.txt
[0.923s] -- Installing: /home/robot/ws_moveit2/install/srdfdom/local/lib/python3.10/dist-packages/srdfdom-2.0.4-py3.10.egg-info/top_level.txt
[0.923s] -- Up-to-date: /home/robot/ws_moveit2/install/srdfdom/local/lib/python3.10/dist-packages/srdfdom
[0.924s] -- Up-to-date: /home/robot/ws_moveit2/install/srdfdom/local/lib/python3.10/dist-packages/srdfdom/srdf.py
[0.924s] -- Up-to-date: /home/robot/ws_moveit2/install/srdfdom/local/lib/python3.10/dist-packages/srdfdom/__init__.py
[0.997s] Listing '/home/robot/ws_moveit2/install/srdfdom/local/lib/python3.10/dist-packages/srdfdom'...
[1.000s] -- Up-to-date: /home/robot/ws_moveit2/install/srdfdom/share/srdfdom/environment/library_path.sh
[1.000s] -- Up-to-date: /home/robot/ws_moveit2/install/srdfdom/share/srdfdom/environment/library_path.dsv
[1.000s] -- Up-to-date: /home/robot/ws_moveit2/install/srdfdom/share/ament_index/resource_index/package_run_dependencies/srdfdom
[1.000s] -- Up-to-date: /home/robot/ws_moveit2/install/srdfdom/share/ament_index/resource_index/parent_prefix_path/srdfdom
[1.000s] -- Up-to-date: /home/robot/ws_moveit2/install/srdfdom/share/srdfdom/environment/ament_prefix_path.sh
[1.000s] -- Up-to-date: /home/robot/ws_moveit2/install/srdfdom/share/srdfdom/environment/ament_prefix_path.dsv
[1.000s] -- Up-to-date: /home/robot/ws_moveit2/install/srdfdom/share/srdfdom/environment/path.sh
[1.001s] -- Up-to-date: /home/robot/ws_moveit2/install/srdfdom/share/srdfdom/environment/path.dsv
[1.001s] -- Up-to-date: /home/robot/ws_moveit2/install/srdfdom/share/srdfdom/local_setup.bash
[1.001s] -- Up-to-date: /home/robot/ws_moveit2/install/srdfdom/share/srdfdom/local_setup.sh
[1.002s] -- Up-to-date: /home/robot/ws_moveit2/install/srdfdom/share/srdfdom/local_setup.zsh
[1.002s] -- Up-to-date: /home/robot/ws_moveit2/install/srdfdom/share/srdfdom/local_setup.dsv
[1.002s] -- Installing: /home/robot/ws_moveit2/install/srdfdom/share/srdfdom/package.dsv
[1.002s] -- Up-to-date: /home/robot/ws_moveit2/install/srdfdom/share/ament_index/resource_index/packages/srdfdom
[1.002s] -- Up-to-date: /home/robot/ws_moveit2/install/srdfdom/share/srdfdom/cmake/srdfdomTargetsExport.cmake
[1.002s] -- Up-to-date: /home/robot/ws_moveit2/install/srdfdom/share/srdfdom/cmake/srdfdomTargetsExport-release.cmake
[1.003s] -- Up-to-date: /home/robot/ws_moveit2/install/srdfdom/share/srdfdom/cmake/ament_cmake_export_targets-extras.cmake
[1.003s] -- Up-to-date: /home/robot/ws_moveit2/install/srdfdom/share/srdfdom/cmake/ament_cmake_export_dependencies-extras.cmake
[1.003s] -- Up-to-date: /home/robot/ws_moveit2/install/srdfdom/share/srdfdom/cmake/srdfdomConfig.cmake
[1.003s] -- Up-to-date: /home/robot/ws_moveit2/install/srdfdom/share/srdfdom/cmake/srdfdomConfig-version.cmake
[1.003s] -- Up-to-date: /home/robot/ws_moveit2/install/srdfdom/share/srdfdom/package.xml
[1.007s] Invoked command in '/home/robot/ws_moveit2/build/srdfdom' returned '0': CMAKE_PREFIX_PATH=${CMAKE_PREFIX_PATH}:/home/robot/ws_moveit2/install/moveit_configs_utils:/home/robot/ws_moveit2/install/launch_param_builder:/home/robot/ros2_ws/install/my_turtlesim_project:/home/robot/ros2_ws/install/my_robot_first_servo_control:/home/robot/ros2_ws/install/my_py_pkg:/home/robot/ros2_ws/install/actions_py:/opt/ros/humble /usr/bin/cmake --install /home/robot/ws_moveit2/build/srdfdom
