[0.075s] Invoking command in '/home/robot/ws_moveit2/build/moveit_resources_myrobot_description': CMAKE_PREFIX_PATH=${CMAKE_PREFIX_PATH}:/home/robot/ws_moveit2/install/launch_param_builder:/home/robot/ws_moveit2/install/generate_parameter_module_example:/home/robot/ws_moveit2/install/moveit_configs_utils:/home/robot/ws_moveit2/install/generate_parameter_library_py:/home/robot/ros2_ws/install/my_turtlesim_project:/home/robot/ros2_ws/install/my_robot_first_servo_control:/home/robot/ros2_ws/install/my_py_pkg:/home/robot/ros2_ws/install/lifecycle_py:/home/robot/ros2_ws/install/course3_project:/home/robot/ros2_ws/install/actions_py:/opt/ros/humble /home/robot/.local/bin/cmake /home/robot/ws_moveit2/src/moveit_resources/myrobot_description -DCMAKE_BUILD_TYPE=Release -DCMAKE_CXX_FLAGS=--param ggc-min-expand=20 -DCMAKE_INSTALL_PREFIX=/home/robot/ws_moveit2/install/moveit_resources_myrobot_description
[0.301s] -- The C compiler identification is GNU 11.4.0
[0.465s] -- The CXX compiler identification is GNU 11.4.0
[0.498s] -- Detecting C compiler ABI info
[0.766s] -- Detecting C compiler ABI info - done
[0.802s] -- Check for working C compiler: /usr/bin/cc - skipped
[0.803s] -- Detecting C compile features
[0.804s] -- Detecting C compile features - done
[0.810s] -- Detecting CXX compiler ABI info
[0.961s] -- Detecting CXX compiler ABI info - done
[1.008s] -- Check for working CXX compiler: /usr/bin/c++ - skipped
[1.009s] -- Detecting CXX compile features
[1.011s] -- Detecting CXX compile features - done
[1.029s] -- Found ament_cmake: 1.3.9 (/opt/ros/humble/share/ament_cmake/cmake)
[1.353s] -- Found Python3: /usr/bin/python3 (found version "3.10.12") found components: Interpreter
[1.677s] -- Configuring done (1.5s)
[1.682s] -- Generating done (0.0s)
[1.683s] -- Build files have been written to: /home/robot/ws_moveit2/build/moveit_resources_myrobot_description
[1.707s] Invoked command in '/home/robot/ws_moveit2/build/moveit_resources_myrobot_description' returned '0': CMAKE_PREFIX_PATH=${CMAKE_PREFIX_PATH}:/home/robot/ws_moveit2/install/launch_param_builder:/home/robot/ws_moveit2/install/generate_parameter_module_example:/home/robot/ws_moveit2/install/moveit_configs_utils:/home/robot/ws_moveit2/install/generate_parameter_library_py:/home/robot/ros2_ws/install/my_turtlesim_project:/home/robot/ros2_ws/install/my_robot_first_servo_control:/home/robot/ros2_ws/install/my_py_pkg:/home/robot/ros2_ws/install/lifecycle_py:/home/robot/ros2_ws/install/course3_project:/home/robot/ros2_ws/install/actions_py:/opt/ros/humble /home/robot/.local/bin/cmake /home/robot/ws_moveit2/src/moveit_resources/myrobot_description -DCMAKE_BUILD_TYPE=Release -DCMAKE_CXX_FLAGS=--param ggc-min-expand=20 -DCMAKE_INSTALL_PREFIX=/home/robot/ws_moveit2/install/moveit_resources_myrobot_description
[1.718s] Invoking command in '/home/robot/ws_moveit2/build/moveit_resources_myrobot_description': CMAKE_PREFIX_PATH=${CMAKE_PREFIX_PATH}:/home/robot/ws_moveit2/install/launch_param_builder:/home/robot/ws_moveit2/install/generate_parameter_module_example:/home/robot/ws_moveit2/install/moveit_configs_utils:/home/robot/ws_moveit2/install/generate_parameter_library_py:/home/robot/ros2_ws/install/my_turtlesim_project:/home/robot/ros2_ws/install/my_robot_first_servo_control:/home/robot/ros2_ws/install/my_py_pkg:/home/robot/ros2_ws/install/lifecycle_py:/home/robot/ros2_ws/install/course3_project:/home/robot/ros2_ws/install/actions_py:/opt/ros/humble /home/robot/.local/bin/cmake --build /home/robot/ws_moveit2/build/moveit_resources_myrobot_description -- -j6 -l6
[1.893s] Invoked command in '/home/robot/ws_moveit2/build/moveit_resources_myrobot_description' returned '0': CMAKE_PREFIX_PATH=${CMAKE_PREFIX_PATH}:/home/robot/ws_moveit2/install/launch_param_builder:/home/robot/ws_moveit2/install/generate_parameter_module_example:/home/robot/ws_moveit2/install/moveit_configs_utils:/home/robot/ws_moveit2/install/generate_parameter_library_py:/home/robot/ros2_ws/install/my_turtlesim_project:/home/robot/ros2_ws/install/my_robot_first_servo_control:/home/robot/ros2_ws/install/my_py_pkg:/home/robot/ros2_ws/install/lifecycle_py:/home/robot/ros2_ws/install/course3_project:/home/robot/ros2_ws/install/actions_py:/opt/ros/humble /home/robot/.local/bin/cmake --build /home/robot/ws_moveit2/build/moveit_resources_myrobot_description -- -j6 -l6
[2.056s] Invoking command in '/home/robot/ws_moveit2/build/moveit_resources_myrobot_description': CMAKE_PREFIX_PATH=${CMAKE_PREFIX_PATH}:/home/robot/ws_moveit2/install/launch_param_builder:/home/robot/ws_moveit2/install/generate_parameter_module_example:/home/robot/ws_moveit2/install/moveit_configs_utils:/home/robot/ws_moveit2/install/generate_parameter_library_py:/home/robot/ros2_ws/install/my_turtlesim_project:/home/robot/ros2_ws/install/my_robot_first_servo_control:/home/robot/ros2_ws/install/my_py_pkg:/home/robot/ros2_ws/install/lifecycle_py:/home/robot/ros2_ws/install/course3_project:/home/robot/ros2_ws/install/actions_py:/opt/ros/humble /home/robot/.local/bin/cmake --install /home/robot/ws_moveit2/build/moveit_resources_myrobot_description
[2.165s] -- Install configuration: "Release"
[2.165s] -- Installing: /home/robot/ws_moveit2/install/moveit_resources_myrobot_description/share/moveit_resources_myrobot_description//urdf
[2.174s] -- Installing: /home/robot/ws_moveit2/install/moveit_resources_myrobot_description/share/moveit_resources_myrobot_description//urdf/arm_base.xacro
[2.174s] -- Installing: /home/robot/ws_moveit2/install/moveit_resources_myrobot_description/share/moveit_resources_myrobot_description//urdf/robotic_arm.urdf.xacro
[2.175s] -- Installing: /home/robot/ws_moveit2/install/moveit_resources_myrobot_description/share/moveit_resources_myrobot_description//urdf/arm_base_gazebo.xacro
[2.175s] -- Installing: /home/robot/ws_moveit2/install/moveit_resources_myrobot_description/share/moveit_resources_myrobot_description//urdf/common_properties.xacro
[2.176s] -- Installing: /home/robot/ws_moveit2/install/moveit_resources_myrobot_description/share/ament_index/resource_index/package_run_dependencies/moveit_resources_myrobot_description
[2.177s] -- Installing: /home/robot/ws_moveit2/install/moveit_resources_myrobot_description/share/ament_index/resource_index/parent_prefix_path/moveit_resources_myrobot_description
[2.177s] -- Installing: /home/robot/ws_moveit2/install/moveit_resources_myrobot_description/share/moveit_resources_myrobot_description/environment/ament_prefix_path.sh
[2.177s] -- Installing: /home/robot/ws_moveit2/install/moveit_resources_myrobot_description/share/moveit_resources_myrobot_description/environment/ament_prefix_path.dsv
[2.177s] -- Installing: /home/robot/ws_moveit2/install/moveit_resources_myrobot_description/share/moveit_resources_myrobot_description/environment/path.sh
[2.177s] -- Installing: /home/robot/ws_moveit2/install/moveit_resources_myrobot_description/share/moveit_resources_myrobot_description/environment/path.dsv
[2.177s] -- Installing: /home/robot/ws_moveit2/install/moveit_resources_myrobot_description/share/moveit_resources_myrobot_description/local_setup.bash
[2.178s] -- Installing: /home/robot/ws_moveit2/install/moveit_resources_myrobot_description/share/moveit_resources_myrobot_description/local_setup.sh
[2.178s] -- Installing: /home/robot/ws_moveit2/install/moveit_resources_myrobot_description/share/moveit_resources_myrobot_description/local_setup.zsh
[2.178s] -- Installing: /home/robot/ws_moveit2/install/moveit_resources_myrobot_description/share/moveit_resources_myrobot_description/local_setup.dsv
[2.178s] -- Installing: /home/robot/ws_moveit2/install/moveit_resources_myrobot_description/share/moveit_resources_myrobot_description/package.dsv
[2.178s] -- Installing: /home/robot/ws_moveit2/install/moveit_resources_myrobot_description/share/ament_index/resource_index/packages/moveit_resources_myrobot_description
[2.178s] -- Installing: /home/robot/ws_moveit2/install/moveit_resources_myrobot_description/share/moveit_resources_myrobot_description/cmake/moveit_resources_myrobot_descriptionConfig.cmake
[2.178s] -- Installing: /home/robot/ws_moveit2/install/moveit_resources_myrobot_description/share/moveit_resources_myrobot_description/cmake/moveit_resources_myrobot_descriptionConfig-version.cmake
[2.179s] -- Installing: /home/robot/ws_moveit2/install/moveit_resources_myrobot_description/share/moveit_resources_myrobot_description/package.xml
[2.195s] Invoked command in '/home/robot/ws_moveit2/build/moveit_resources_myrobot_description' returned '0': CMAKE_PREFIX_PATH=${CMAKE_PREFIX_PATH}:/home/robot/ws_moveit2/install/launch_param_builder:/home/robot/ws_moveit2/install/generate_parameter_module_example:/home/robot/ws_moveit2/install/moveit_configs_utils:/home/robot/ws_moveit2/install/generate_parameter_library_py:/home/robot/ros2_ws/install/my_turtlesim_project:/home/robot/ros2_ws/install/my_robot_first_servo_control:/home/robot/ros2_ws/install/my_py_pkg:/home/robot/ros2_ws/install/lifecycle_py:/home/robot/ros2_ws/install/course3_project:/home/robot/ros2_ws/install/actions_py:/opt/ros/humble /home/robot/.local/bin/cmake --install /home/robot/ws_moveit2/build/moveit_resources_myrobot_description
