[0.041s] Invoking command in '/home/robot/ws_moveit2/build/rosparam_shortcuts': CMAKE_PREFIX_PATH=${CMAKE_PREFIX_PATH}:/home/robot/ws_moveit2/install/moveit_configs_utils:/home/robot/ws_moveit2/install/launch_param_builder:/home/robot/ros2_ws/install/my_turtlesim_project:/home/robot/ros2_ws/install/my_robot_first_servo_control:/home/robot/ros2_ws/install/my_py_pkg:/home/robot/ros2_ws/install/actions_py:/opt/ros/humble /usr/bin/cmake --build /home/robot/ws_moveit2/build/rosparam_shortcuts -- -j4 -l4
[0.262s] [ 23%] Built target rosparam_shortcuts
[0.341s] [ 38%] Built target gtest
[0.440s] [ 53%] Built target rosparam_shortcuts_node_parameters_example
[0.542s] [ 69%] Built target rosparam_shortcuts_example
[0.616s] [ 84%] Built target gtest_main
[0.712s] [100%] Built target test_node_parameters
[0.758s] Invoked command in '/home/robot/ws_moveit2/build/rosparam_shortcuts' returned '0': CMAKE_PREFIX_PATH=${CMAKE_PREFIX_PATH}:/home/robot/ws_moveit2/install/moveit_configs_utils:/home/robot/ws_moveit2/install/launch_param_builder:/home/robot/ros2_ws/install/my_turtlesim_project:/home/robot/ros2_ws/install/my_robot_first_servo_control:/home/robot/ros2_ws/install/my_py_pkg:/home/robot/ros2_ws/install/actions_py:/opt/ros/humble /usr/bin/cmake --build /home/robot/ws_moveit2/build/rosparam_shortcuts -- -j4 -l4
[0.922s] Invoking command in '/home/robot/ws_moveit2/build/rosparam_shortcuts': CMAKE_PREFIX_PATH=${CMAKE_PREFIX_PATH}:/home/robot/ws_moveit2/install/moveit_configs_utils:/home/robot/ws_moveit2/install/launch_param_builder:/home/robot/ros2_ws/install/my_turtlesim_project:/home/robot/ros2_ws/install/my_robot_first_servo_control:/home/robot/ros2_ws/install/my_py_pkg:/home/robot/ros2_ws/install/actions_py:/opt/ros/humble /usr/bin/cmake --install /home/robot/ws_moveit2/build/rosparam_shortcuts
[0.949s] -- Install configuration: "Release"
[0.953s] -- Up-to-date: /home/robot/ws_moveit2/install/rosparam_shortcuts/lib/librosparam_shortcuts.so
[0.956s] -- Up-to-date: /home/robot/ws_moveit2/install/rosparam_shortcuts/lib/rosparam_shortcuts/example
[0.958s] -- Up-to-date: /home/robot/ws_moveit2/install/rosparam_shortcuts/lib/rosparam_shortcuts/node_parameters_example
[0.958s] -- Up-to-date: /home/robot/ws_moveit2/install/rosparam_shortcuts/include
[0.959s] -- Up-to-date: /home/robot/ws_moveit2/install/rosparam_shortcuts/include/rosparam_shortcuts
[0.959s] -- Up-to-date: /home/robot/ws_moveit2/install/rosparam_shortcuts/include/rosparam_shortcuts/node_parameters.h
[0.959s] -- Up-to-date: /home/robot/ws_moveit2/install/rosparam_shortcuts/include/rosparam_shortcuts/rosparam_shortcuts.h
[0.960s] -- Up-to-date: /home/robot/ws_moveit2/install/rosparam_shortcuts/share/rosparam_shortcuts/launch
[0.961s] -- Up-to-date: /home/robot/ws_moveit2/install/rosparam_shortcuts/share/rosparam_shortcuts/launch/example.launch.py
[0.961s] -- Up-to-date: /home/robot/ws_moveit2/install/rosparam_shortcuts/share/rosparam_shortcuts/config
[0.962s] -- Up-to-date: /home/robot/ws_moveit2/install/rosparam_shortcuts/share/rosparam_shortcuts/config/example.yaml
[0.963s] -- Up-to-date: /home/robot/ws_moveit2/install/rosparam_shortcuts/share/rosparam_shortcuts/environment/library_path.sh
[0.964s] -- Up-to-date: /home/robot/ws_moveit2/install/rosparam_shortcuts/share/rosparam_shortcuts/environment/library_path.dsv
[0.965s] -- Up-to-date: /home/robot/ws_moveit2/install/rosparam_shortcuts/share/ament_index/resource_index/package_run_dependencies/rosparam_shortcuts
[0.966s] -- Up-to-date: /home/robot/ws_moveit2/install/rosparam_shortcuts/share/ament_index/resource_index/parent_prefix_path/rosparam_shortcuts
[0.966s] -- Up-to-date: /home/robot/ws_moveit2/install/rosparam_shortcuts/share/rosparam_shortcuts/environment/ament_prefix_path.sh
[0.967s] -- Up-to-date: /home/robot/ws_moveit2/install/rosparam_shortcuts/share/rosparam_shortcuts/environment/ament_prefix_path.dsv
[0.968s] -- Up-to-date: /home/robot/ws_moveit2/install/rosparam_shortcuts/share/rosparam_shortcuts/environment/path.sh
[0.969s] -- Up-to-date: /home/robot/ws_moveit2/install/rosparam_shortcuts/share/rosparam_shortcuts/environment/path.dsv
[0.970s] -- Up-to-date: /home/robot/ws_moveit2/install/rosparam_shortcuts/share/rosparam_shortcuts/local_setup.bash
[0.971s] -- Up-to-date: /home/robot/ws_moveit2/install/rosparam_shortcuts/share/rosparam_shortcuts/local_setup.sh
[0.971s] -- Up-to-date: /home/robot/ws_moveit2/install/rosparam_shortcuts/share/rosparam_shortcuts/local_setup.zsh
[0.971s] -- Up-to-date: /home/robot/ws_moveit2/install/rosparam_shortcuts/share/rosparam_shortcuts/local_setup.dsv
[0.972s] -- Installing: /home/robot/ws_moveit2/install/rosparam_shortcuts/share/rosparam_shortcuts/package.dsv
[0.973s] -- Up-to-date: /home/robot/ws_moveit2/install/rosparam_shortcuts/share/ament_index/resource_index/packages/rosparam_shortcuts
[0.978s] -- Up-to-date: /home/robot/ws_moveit2/install/rosparam_shortcuts/share/rosparam_shortcuts/cmake/export_rosparam_shortcutsExport.cmake
[0.979s] -- Up-to-date: /home/robot/ws_moveit2/install/rosparam_shortcuts/share/rosparam_shortcuts/cmake/export_rosparam_shortcutsExport-release.cmake
[0.979s] -- Up-to-date: /home/robot/ws_moveit2/install/rosparam_shortcuts/share/rosparam_shortcuts/cmake/ament_cmake_export_targets-extras.cmake
[0.979s] -- Up-to-date: /home/robot/ws_moveit2/install/rosparam_shortcuts/share/rosparam_shortcuts/cmake/ament_cmake_export_dependencies-extras.cmake
[0.980s] -- Up-to-date: /home/robot/ws_moveit2/install/rosparam_shortcuts/share/rosparam_shortcuts/cmake/rosparam_shortcutsConfig.cmake
[0.980s] -- Up-to-date: /home/robot/ws_moveit2/install/rosparam_shortcuts/share/rosparam_shortcuts/cmake/rosparam_shortcutsConfig-version.cmake
[0.980s] -- Up-to-date: /home/robot/ws_moveit2/install/rosparam_shortcuts/share/rosparam_shortcuts/package.xml
[0.990s] Invoked command in '/home/robot/ws_moveit2/build/rosparam_shortcuts' returned '0': CMAKE_PREFIX_PATH=${CMAKE_PREFIX_PATH}:/home/robot/ws_moveit2/install/moveit_configs_utils:/home/robot/ws_moveit2/install/launch_param_builder:/home/robot/ros2_ws/install/my_turtlesim_project:/home/robot/ros2_ws/install/my_robot_first_servo_control:/home/robot/ros2_ws/install/my_py_pkg:/home/robot/ros2_ws/install/actions_py:/opt/ros/humble /usr/bin/cmake --install /home/robot/ws_moveit2/build/rosparam_shortcuts
