[1.360s] Invoking command in '/home/robot/ws_moveit2/src/my_pybullet_package': PYTHONPATH=/home/robot/ws_moveit2/build/my_pybullet_package/prefix_override:/usr/lib/python3/dist-packages/colcon_core/task/python/colcon_distutils_commands:/home/robot/ws_moveit2/install/my_pybullet_package/lib/python3.10/site-packages:${PYTHONPATH} /usr/bin/python3 -W ignore:setup.py install is deprecated setup.py egg_info --egg-base ../../build/my_pybullet_package build --build-base /home/robot/ws_moveit2/build/my_pybullet_package/build install --record /home/robot/ws_moveit2/build/my_pybullet_package/install.log --single-version-externally-managed
[1.873s] running egg_info
[1.874s] writing ../../build/my_pybullet_package/my_pybullet_package.egg-info/PKG-INFO
[1.874s] writing dependency_links to ../../build/my_pybullet_package/my_pybullet_package.egg-info/dependency_links.txt
[1.874s] writing entry points to ../../build/my_pybullet_package/my_pybullet_package.egg-info/entry_points.txt
[1.874s] writing requirements to ../../build/my_pybullet_package/my_pybullet_package.egg-info/requires.txt
[1.874s] writing top-level names to ../../build/my_pybullet_package/my_pybullet_package.egg-info/top_level.txt
[1.878s] reading manifest file '../../build/my_pybullet_package/my_pybullet_package.egg-info/SOURCES.txt'
[1.880s] writing manifest file '../../build/my_pybullet_package/my_pybullet_package.egg-info/SOURCES.txt'
[1.881s] running build
[1.881s] running build_py
[1.881s] copying my_pybullet_package/pybullet_node.py -> /home/robot/ws_moveit2/build/my_pybullet_package/build/lib/my_pybullet_package
[1.881s] running install
[1.882s] running install_lib
[1.883s] copying /home/robot/ws_moveit2/build/my_pybullet_package/build/lib/my_pybullet_package/pybullet_node.py -> /home/robot/ws_moveit2/install/my_pybullet_package/lib/python3.10/site-packages/my_pybullet_package
[1.884s] byte-compiling /home/robot/ws_moveit2/install/my_pybullet_package/lib/python3.10/site-packages/my_pybullet_package/pybullet_node.py to pybullet_node.cpython-310.pyc
[1.886s] running install_egg_info
[1.889s] removing '/home/robot/ws_moveit2/install/my_pybullet_package/lib/python3.10/site-packages/my_pybullet_package-0.0.1-py3.10.egg-info' (and everything under it)
[1.889s] Copying ../../build/my_pybullet_package/my_pybullet_package.egg-info to /home/robot/ws_moveit2/install/my_pybullet_package/lib/python3.10/site-packages/my_pybullet_package-0.0.1-py3.10.egg-info
[1.890s] running install_scripts
[1.934s] Installing pybullet_node script to /home/robot/ws_moveit2/install/my_pybullet_package/lib/my_pybullet_package
[1.935s] writing list of installed files to '/home/robot/ws_moveit2/build/my_pybullet_package/install.log'
[1.980s] Invoked command in '/home/robot/ws_moveit2/src/my_pybullet_package' returned '0': PYTHONPATH=/home/robot/ws_moveit2/build/my_pybullet_package/prefix_override:/usr/lib/python3/dist-packages/colcon_core/task/python/colcon_distutils_commands:/home/robot/ws_moveit2/install/my_pybullet_package/lib/python3.10/site-packages:${PYTHONPATH} /usr/bin/python3 -W ignore:setup.py install is deprecated setup.py egg_info --egg-base ../../build/my_pybullet_package build --build-base /home/robot/ws_moveit2/build/my_pybullet_package/build install --record /home/robot/ws_moveit2/build/my_pybullet_package/install.log --single-version-externally-managed
