[0.022s] Invoking command in '/home/robot/ws_moveit2/build/moveit_resources_prbt_ikfast_manipulator_plugin': AMENT_PREFIX_PATH=/home/robot/ws_moveit2/install/moveit_core:/home/robot/ws_moveit2/install/moveit_resources_panda_moveit_config:/home/robot/ws_moveit2/install/srdfdom:/home/robot/ws_moveit2/install/moveit_resources_pr2_description:/home/robot/ws_moveit2/install/moveit_resources_panda_description:/home/robot/ws_moveit2/install/moveit_common:${AMENT_PREFIX_PATH} CMAKE_PREFIX_PATH=/home/robot/ws_moveit2/install/moveit_core:/home/robot/ws_moveit2/install/moveit_resources_panda_moveit_config:/home/robot/ws_moveit2/install/srdfdom:/home/robot/ws_moveit2/install/moveit_resources_pr2_description:/home/robot/ws_moveit2/install/moveit_resources_panda_description:/home/robot/ws_moveit2/install/moveit_common:/home/robot/ros2_ws/install/my_robot_bringup:/home/robot/ros2_ws/install/my_robot_interfaces:/home/robot/ros2_ws/install/my_robot_firstrobot:/home/robot/ros2_ws/install/my_robot_first_roboticarm:/home/robot/ros2_ws/install/my_cpp_pkg:/home/robot/ros2_ws/install/my_turtlesim_project:/home/robot/ros2_ws/install/my_robot_first_servo_control:/home/robot/ros2_ws/install/my_py_pkg:/home/robot/ros2_ws/install/actions_py:/opt/ros/humble LD_LIBRARY_PATH=/home/robot/ws_moveit2/install/moveit_core/lib:/home/robot/ws_moveit2/install/srdfdom/lib:${LD_LIBRARY_PATH} PATH=/home/robot/ws_moveit2/install/moveit_core/bin:${PATH} PYTHONPATH=/home/robot/ws_moveit2/install/srdfdom/local/lib/python3.10/dist-packages:${PYTHONPATH} /usr/bin/cmake /home/robot/ws_moveit2/src/moveit2/moveit_planners/test_configs/prbt_ikfast_manipulator_plugin -DCMAKE_BUILD_TYPE=Release -DCMAKE_CXX_FLAGS=--param ggc-min-expand=20 -DCMAKE_INSTALL_PREFIX=/home/robot/ws_moveit2/install/moveit_resources_prbt_ikfast_manipulator_plugin
[0.102s] -- The C compiler identification is GNU 11.4.0
[0.186s] -- The CXX compiler identification is GNU 11.4.0
[0.198s] -- Detecting C compiler ABI info
[0.295s] -- Detecting C compiler ABI info - done
[0.315s] -- Check for working C compiler: /usr/bin/cc - skipped
[0.315s] -- Detecting C compile features
[0.316s] -- Detecting C compile features - done
[0.321s] -- Detecting CXX compiler ABI info
[0.437s] -- Detecting CXX compiler ABI info - done
[0.457s] -- Check for working CXX compiler: /usr/bin/c++ - skipped
[0.457s] -- Detecting CXX compile features
[0.458s] -- Detecting CXX compile features - done
[0.464s] -- Found ament_cmake: 1.3.10 (/opt/ros/humble/share/ament_cmake/cmake)
[0.710s] -- Found Python3: /usr/bin/python3 (found version "3.10.12") found components: Interpreter 
[0.870s] -- Found moveit_core: 2.5.5 (/home/robot/ws_moveit2/install/moveit_core/share/moveit_core/cmake)
[1.146s] -- Found Boost: /usr/lib/x86_64-linux-gnu/cmake/Boost-1.74.0/BoostConfig.cmake (found version "1.74.0") found components: chrono date_time filesystem iostreams program_options regex serialization system thread 
[1.261s] -- Found parameter_traits: 0.3.8 (/opt/ros/humble/share/parameter_traits/cmake)
[1.346s] -- Found rosidl_generator_c: 3.1.5 (/opt/ros/humble/share/rosidl_generator_c/cmake)
[1.359s] -- Found rosidl_adapter: 3.1.5 (/opt/ros/humble/share/rosidl_adapter/cmake)
[1.377s] -- Found rosidl_generator_cpp: 3.1.5 (/opt/ros/humble/share/rosidl_generator_cpp/cmake)
[1.404s] -- Using all available rosidl_typesupport_c: rosidl_typesupport_fastrtps_c;rosidl_typesupport_introspection_c
[1.440s] -- Using all available rosidl_typesupport_cpp: rosidl_typesupport_fastrtps_cpp;rosidl_typesupport_introspection_cpp
[1.550s] -- Found rmw_implementation_cmake: 6.1.2 (/opt/ros/humble/share/rmw_implementation_cmake/cmake)
[1.556s] -- Found rmw_fastrtps_cpp: 6.2.7 (/opt/ros/humble/share/rmw_fastrtps_cpp/cmake)
[1.702s] -- Found OpenSSL: /usr/lib/x86_64-linux-gnu/libcrypto.so (found version "3.0.2")  
[1.745s] -- Found FastRTPS: /opt/ros/humble/include  
[1.815s] -- Using RMW implementation 'rmw_fastrtps_cpp' as default
[1.834s] -- Found Threads: TRUE  
[1.981s] -- Found Eigen3: TRUE (found version "3.4.0") 
[1.987s] -- Found rclcpp_lifecycle: 16.0.10 (/opt/ros/humble/share/rclcpp_lifecycle/cmake)
[2.050s] -- Found Boost: /usr/lib/x86_64-linux-gnu/cmake/Boost-1.74.0/BoostConfig.cmake (found version "1.74.0") found components: filesystem 
[2.226s] -- library: /usr/lib/x86_64-linux-gnu/libcurl.so
[2.399s] -- Ensuring Eigen3 include directory is part of orocos-kdl CMake target
[3.017s] -- Found tf2_eigen_kdl: 0.25.7 (/opt/ros/humble/share/tf2_eigen_kdl/cmake)
[3.141s] -- Configuring done
[3.187s] -- Generating done
[3.191s] -- Build files have been written to: /home/robot/ws_moveit2/build/moveit_resources_prbt_ikfast_manipulator_plugin
[3.210s] Invoked command in '/home/robot/ws_moveit2/build/moveit_resources_prbt_ikfast_manipulator_plugin' returned '0': AMENT_PREFIX_PATH=/home/robot/ws_moveit2/install/moveit_core:/home/robot/ws_moveit2/install/moveit_resources_panda_moveit_config:/home/robot/ws_moveit2/install/srdfdom:/home/robot/ws_moveit2/install/moveit_resources_pr2_description:/home/robot/ws_moveit2/install/moveit_resources_panda_description:/home/robot/ws_moveit2/install/moveit_common:${AMENT_PREFIX_PATH} CMAKE_PREFIX_PATH=/home/robot/ws_moveit2/install/moveit_core:/home/robot/ws_moveit2/install/moveit_resources_panda_moveit_config:/home/robot/ws_moveit2/install/srdfdom:/home/robot/ws_moveit2/install/moveit_resources_pr2_description:/home/robot/ws_moveit2/install/moveit_resources_panda_description:/home/robot/ws_moveit2/install/moveit_common:/home/robot/ros2_ws/install/my_robot_bringup:/home/robot/ros2_ws/install/my_robot_interfaces:/home/robot/ros2_ws/install/my_robot_firstrobot:/home/robot/ros2_ws/install/my_robot_first_roboticarm:/home/robot/ros2_ws/install/my_cpp_pkg:/home/robot/ros2_ws/install/my_turtlesim_project:/home/robot/ros2_ws/install/my_robot_first_servo_control:/home/robot/ros2_ws/install/my_py_pkg:/home/robot/ros2_ws/install/actions_py:/opt/ros/humble LD_LIBRARY_PATH=/home/robot/ws_moveit2/install/moveit_core/lib:/home/robot/ws_moveit2/install/srdfdom/lib:${LD_LIBRARY_PATH} PATH=/home/robot/ws_moveit2/install/moveit_core/bin:${PATH} PYTHONPATH=/home/robot/ws_moveit2/install/srdfdom/local/lib/python3.10/dist-packages:${PYTHONPATH} /usr/bin/cmake /home/robot/ws_moveit2/src/moveit2/moveit_planners/test_configs/prbt_ikfast_manipulator_plugin -DCMAKE_BUILD_TYPE=Release -DCMAKE_CXX_FLAGS=--param ggc-min-expand=20 -DCMAKE_INSTALL_PREFIX=/home/robot/ws_moveit2/install/moveit_resources_prbt_ikfast_manipulator_plugin
[3.213s] Invoking command in '/home/robot/ws_moveit2/build/moveit_resources_prbt_ikfast_manipulator_plugin': AMENT_PREFIX_PATH=/home/robot/ws_moveit2/install/moveit_core:/home/robot/ws_moveit2/install/moveit_resources_panda_moveit_config:/home/robot/ws_moveit2/install/srdfdom:/home/robot/ws_moveit2/install/moveit_resources_pr2_description:/home/robot/ws_moveit2/install/moveit_resources_panda_description:/home/robot/ws_moveit2/install/moveit_common:${AMENT_PREFIX_PATH} CMAKE_PREFIX_PATH=/home/robot/ws_moveit2/install/moveit_core:/home/robot/ws_moveit2/install/moveit_resources_panda_moveit_config:/home/robot/ws_moveit2/install/srdfdom:/home/robot/ws_moveit2/install/moveit_resources_pr2_description:/home/robot/ws_moveit2/install/moveit_resources_panda_description:/home/robot/ws_moveit2/install/moveit_common:/home/robot/ros2_ws/install/my_robot_bringup:/home/robot/ros2_ws/install/my_robot_interfaces:/home/robot/ros2_ws/install/my_robot_firstrobot:/home/robot/ros2_ws/install/my_robot_first_roboticarm:/home/robot/ros2_ws/install/my_cpp_pkg:/home/robot/ros2_ws/install/my_turtlesim_project:/home/robot/ros2_ws/install/my_robot_first_servo_control:/home/robot/ros2_ws/install/my_py_pkg:/home/robot/ros2_ws/install/actions_py:/opt/ros/humble LD_LIBRARY_PATH=/home/robot/ws_moveit2/install/moveit_core/lib:/home/robot/ws_moveit2/install/srdfdom/lib:${LD_LIBRARY_PATH} PATH=/home/robot/ws_moveit2/install/moveit_core/bin:${PATH} PYTHONPATH=/home/robot/ws_moveit2/install/srdfdom/local/lib/python3.10/dist-packages:${PYTHONPATH} /usr/bin/cmake --build /home/robot/ws_moveit2/build/moveit_resources_prbt_ikfast_manipulator_plugin -- -j4 -l4
[3.293s] [ 50%] [32mBuilding CXX object CMakeFiles/prbt_manipulator_moveit_ikfast_plugin.dir/src/prbt_manipulator_ikfast_moveit_plugin.cpp.o[0m
[36.852s] [100%] [32m[1mLinking CXX shared library libprbt_manipulator_moveit_ikfast_plugin.so[0m
[37.129s] [100%] Built target prbt_manipulator_moveit_ikfast_plugin
[37.144s] Invoked command in '/home/robot/ws_moveit2/build/moveit_resources_prbt_ikfast_manipulator_plugin' returned '0': AMENT_PREFIX_PATH=/home/robot/ws_moveit2/install/moveit_core:/home/robot/ws_moveit2/install/moveit_resources_panda_moveit_config:/home/robot/ws_moveit2/install/srdfdom:/home/robot/ws_moveit2/install/moveit_resources_pr2_description:/home/robot/ws_moveit2/install/moveit_resources_panda_description:/home/robot/ws_moveit2/install/moveit_common:${AMENT_PREFIX_PATH} CMAKE_PREFIX_PATH=/home/robot/ws_moveit2/install/moveit_core:/home/robot/ws_moveit2/install/moveit_resources_panda_moveit_config:/home/robot/ws_moveit2/install/srdfdom:/home/robot/ws_moveit2/install/moveit_resources_pr2_description:/home/robot/ws_moveit2/install/moveit_resources_panda_description:/home/robot/ws_moveit2/install/moveit_common:/home/robot/ros2_ws/install/my_robot_bringup:/home/robot/ros2_ws/install/my_robot_interfaces:/home/robot/ros2_ws/install/my_robot_firstrobot:/home/robot/ros2_ws/install/my_robot_first_roboticarm:/home/robot/ros2_ws/install/my_cpp_pkg:/home/robot/ros2_ws/install/my_turtlesim_project:/home/robot/ros2_ws/install/my_robot_first_servo_control:/home/robot/ros2_ws/install/my_py_pkg:/home/robot/ros2_ws/install/actions_py:/opt/ros/humble LD_LIBRARY_PATH=/home/robot/ws_moveit2/install/moveit_core/lib:/home/robot/ws_moveit2/install/srdfdom/lib:${LD_LIBRARY_PATH} PATH=/home/robot/ws_moveit2/install/moveit_core/bin:${PATH} PYTHONPATH=/home/robot/ws_moveit2/install/srdfdom/local/lib/python3.10/dist-packages:${PYTHONPATH} /usr/bin/cmake --build /home/robot/ws_moveit2/build/moveit_resources_prbt_ikfast_manipulator_plugin -- -j4 -l4
[37.182s] Invoking command in '/home/robot/ws_moveit2/build/moveit_resources_prbt_ikfast_manipulator_plugin': AMENT_PREFIX_PATH=/home/robot/ws_moveit2/install/moveit_core:/home/robot/ws_moveit2/install/moveit_resources_panda_moveit_config:/home/robot/ws_moveit2/install/srdfdom:/home/robot/ws_moveit2/install/moveit_resources_pr2_description:/home/robot/ws_moveit2/install/moveit_resources_panda_description:/home/robot/ws_moveit2/install/moveit_common:${AMENT_PREFIX_PATH} CMAKE_PREFIX_PATH=/home/robot/ws_moveit2/install/moveit_core:/home/robot/ws_moveit2/install/moveit_resources_panda_moveit_config:/home/robot/ws_moveit2/install/srdfdom:/home/robot/ws_moveit2/install/moveit_resources_pr2_description:/home/robot/ws_moveit2/install/moveit_resources_panda_description:/home/robot/ws_moveit2/install/moveit_common:/home/robot/ros2_ws/install/my_robot_bringup:/home/robot/ros2_ws/install/my_robot_interfaces:/home/robot/ros2_ws/install/my_robot_firstrobot:/home/robot/ros2_ws/install/my_robot_first_roboticarm:/home/robot/ros2_ws/install/my_cpp_pkg:/home/robot/ros2_ws/install/my_turtlesim_project:/home/robot/ros2_ws/install/my_robot_first_servo_control:/home/robot/ros2_ws/install/my_py_pkg:/home/robot/ros2_ws/install/actions_py:/opt/ros/humble LD_LIBRARY_PATH=/home/robot/ws_moveit2/install/moveit_core/lib:/home/robot/ws_moveit2/install/srdfdom/lib:${LD_LIBRARY_PATH} PATH=/home/robot/ws_moveit2/install/moveit_core/bin:${PATH} PYTHONPATH=/home/robot/ws_moveit2/install/srdfdom/local/lib/python3.10/dist-packages:${PYTHONPATH} /usr/bin/cmake --install /home/robot/ws_moveit2/build/moveit_resources_prbt_ikfast_manipulator_plugin
[37.193s] -- Install configuration: "Release"
[37.194s] -- Installing: /home/robot/ws_moveit2/install/moveit_resources_prbt_ikfast_manipulator_plugin/share/moveit_resources_prbt_ikfast_manipulator_plugin/prbt_manipulator_moveit_ikfast_plugin_description.xml
[37.195s] -- Installing: /home/robot/ws_moveit2/install/moveit_resources_prbt_ikfast_manipulator_plugin/lib/libprbt_manipulator_moveit_ikfast_plugin.so
[37.196s] -- Set runtime path of "/home/robot/ws_moveit2/install/moveit_resources_prbt_ikfast_manipulator_plugin/lib/libprbt_manipulator_moveit_ikfast_plugin.so" to ""
[37.197s] -- Installing: /home/robot/ws_moveit2/install/moveit_resources_prbt_ikfast_manipulator_plugin/share/moveit_resources_prbt_ikfast_manipulator_plugin/environment/library_path.sh
[37.197s] -- Installing: /home/robot/ws_moveit2/install/moveit_resources_prbt_ikfast_manipulator_plugin/share/moveit_resources_prbt_ikfast_manipulator_plugin/environment/library_path.dsv
[37.197s] -- Installing: /home/robot/ws_moveit2/install/moveit_resources_prbt_ikfast_manipulator_plugin/share/ament_index/resource_index/package_run_dependencies/moveit_resources_prbt_ikfast_manipulator_plugin
[37.198s] -- Installing: /home/robot/ws_moveit2/install/moveit_resources_prbt_ikfast_manipulator_plugin/share/ament_index/resource_index/parent_prefix_path/moveit_resources_prbt_ikfast_manipulator_plugin
[37.198s] -- Installing: /home/robot/ws_moveit2/install/moveit_resources_prbt_ikfast_manipulator_plugin/share/moveit_resources_prbt_ikfast_manipulator_plugin/environment/ament_prefix_path.sh
[37.199s] -- Installing: /home/robot/ws_moveit2/install/moveit_resources_prbt_ikfast_manipulator_plugin/share/moveit_resources_prbt_ikfast_manipulator_plugin/environment/ament_prefix_path.dsv
[37.199s] -- Installing: /home/robot/ws_moveit2/install/moveit_resources_prbt_ikfast_manipulator_plugin/share/moveit_resources_prbt_ikfast_manipulator_plugin/environment/path.sh
[37.200s] -- Installing: /home/robot/ws_moveit2/install/moveit_resources_prbt_ikfast_manipulator_plugin/share/moveit_resources_prbt_ikfast_manipulator_plugin/environment/path.dsv
[37.200s] -- Installing: /home/robot/ws_moveit2/install/moveit_resources_prbt_ikfast_manipulator_plugin/share/moveit_resources_prbt_ikfast_manipulator_plugin/local_setup.bash
[37.201s] -- Installing: /home/robot/ws_moveit2/install/moveit_resources_prbt_ikfast_manipulator_plugin/share/moveit_resources_prbt_ikfast_manipulator_plugin/local_setup.sh
[37.201s] -- Installing: /home/robot/ws_moveit2/install/moveit_resources_prbt_ikfast_manipulator_plugin/share/moveit_resources_prbt_ikfast_manipulator_plugin/local_setup.zsh
[37.201s] -- Installing: /home/robot/ws_moveit2/install/moveit_resources_prbt_ikfast_manipulator_plugin/share/moveit_resources_prbt_ikfast_manipulator_plugin/local_setup.dsv
[37.202s] -- Installing: /home/robot/ws_moveit2/install/moveit_resources_prbt_ikfast_manipulator_plugin/share/moveit_resources_prbt_ikfast_manipulator_plugin/package.dsv
[37.202s] -- Installing: /home/robot/ws_moveit2/install/moveit_resources_prbt_ikfast_manipulator_plugin/share/ament_index/resource_index/packages/moveit_resources_prbt_ikfast_manipulator_plugin
[37.203s] -- Installing: /home/robot/ws_moveit2/install/moveit_resources_prbt_ikfast_manipulator_plugin/share/ament_index/resource_index/moveit_core__pluginlib__plugin/moveit_resources_prbt_ikfast_manipulator_plugin
[37.203s] -- Installing: /home/robot/ws_moveit2/install/moveit_resources_prbt_ikfast_manipulator_plugin/share/moveit_resources_prbt_ikfast_manipulator_plugin/cmake/export_moveit_resources_prbt_ikfast_manipulator_pluginExport.cmake
[37.204s] -- Installing: /home/robot/ws_moveit2/install/moveit_resources_prbt_ikfast_manipulator_plugin/share/moveit_resources_prbt_ikfast_manipulator_plugin/cmake/export_moveit_resources_prbt_ikfast_manipulator_pluginExport-release.cmake
[37.204s] -- Installing: /home/robot/ws_moveit2/install/moveit_resources_prbt_ikfast_manipulator_plugin/share/moveit_resources_prbt_ikfast_manipulator_plugin/cmake/ament_cmake_export_targets-extras.cmake
[37.204s] -- Installing: /home/robot/ws_moveit2/install/moveit_resources_prbt_ikfast_manipulator_plugin/share/moveit_resources_prbt_ikfast_manipulator_plugin/cmake/moveit_resources_prbt_ikfast_manipulator_pluginConfig.cmake
[37.205s] -- Installing: /home/robot/ws_moveit2/install/moveit_resources_prbt_ikfast_manipulator_plugin/share/moveit_resources_prbt_ikfast_manipulator_plugin/cmake/moveit_resources_prbt_ikfast_manipulator_pluginConfig-version.cmake
[37.205s] -- Installing: /home/robot/ws_moveit2/install/moveit_resources_prbt_ikfast_manipulator_plugin/share/moveit_resources_prbt_ikfast_manipulator_plugin/package.xml
[37.209s] Invoked command in '/home/robot/ws_moveit2/build/moveit_resources_prbt_ikfast_manipulator_plugin' returned '0': AMENT_PREFIX_PATH=/home/robot/ws_moveit2/install/moveit_core:/home/robot/ws_moveit2/install/moveit_resources_panda_moveit_config:/home/robot/ws_moveit2/install/srdfdom:/home/robot/ws_moveit2/install/moveit_resources_pr2_description:/home/robot/ws_moveit2/install/moveit_resources_panda_description:/home/robot/ws_moveit2/install/moveit_common:${AMENT_PREFIX_PATH} CMAKE_PREFIX_PATH=/home/robot/ws_moveit2/install/moveit_core:/home/robot/ws_moveit2/install/moveit_resources_panda_moveit_config:/home/robot/ws_moveit2/install/srdfdom:/home/robot/ws_moveit2/install/moveit_resources_pr2_description:/home/robot/ws_moveit2/install/moveit_resources_panda_description:/home/robot/ws_moveit2/install/moveit_common:/home/robot/ros2_ws/install/my_robot_bringup:/home/robot/ros2_ws/install/my_robot_interfaces:/home/robot/ros2_ws/install/my_robot_firstrobot:/home/robot/ros2_ws/install/my_robot_first_roboticarm:/home/robot/ros2_ws/install/my_cpp_pkg:/home/robot/ros2_ws/install/my_turtlesim_project:/home/robot/ros2_ws/install/my_robot_first_servo_control:/home/robot/ros2_ws/install/my_py_pkg:/home/robot/ros2_ws/install/actions_py:/opt/ros/humble LD_LIBRARY_PATH=/home/robot/ws_moveit2/install/moveit_core/lib:/home/robot/ws_moveit2/install/srdfdom/lib:${LD_LIBRARY_PATH} PATH=/home/robot/ws_moveit2/install/moveit_core/bin:${PATH} PYTHONPATH=/home/robot/ws_moveit2/install/srdfdom/local/lib/python3.10/dist-packages:${PYTHONPATH} /usr/bin/cmake --install /home/robot/ws_moveit2/build/moveit_resources_prbt_ikfast_manipulator_plugin
