[0.039s] Invoking command in '/home/robot/ws_moveit2/build/rosparam_shortcuts': CMAKE_PREFIX_PATH=${CMAKE_PREFIX_PATH}:/home/robot/ws_moveit2/install/moveit_configs_utils:/home/robot/ws_moveit2/install/launch_param_builder:/home/robot/ros2_ws/install/my_turtlesim_project:/home/robot/ros2_ws/install/my_robot_first_servo_control:/home/robot/ros2_ws/install/my_py_pkg:/home/robot/ros2_ws/install/actions_py:/opt/ros/humble /usr/bin/cmake --build /home/robot/ws_moveit2/build/rosparam_shortcuts -- -j4 -l4
[0.311s] [ 23%] Built target rosparam_shortcuts
[0.421s] [ 38%] Built target gtest
[0.555s] [ 53%] Built target rosparam_shortcuts_node_parameters_example
[0.668s] [ 69%] Built target rosparam_shortcuts_example
[0.781s] [ 84%] Built target gtest_main
[0.905s] [100%] Built target test_node_parameters
[0.937s] Invoked command in '/home/robot/ws_moveit2/build/rosparam_shortcuts' returned '0': CMAKE_PREFIX_PATH=${CMAKE_PREFIX_PATH}:/home/robot/ws_moveit2/install/moveit_configs_utils:/home/robot/ws_moveit2/install/launch_param_builder:/home/robot/ros2_ws/install/my_turtlesim_project:/home/robot/ros2_ws/install/my_robot_first_servo_control:/home/robot/ros2_ws/install/my_py_pkg:/home/robot/ros2_ws/install/actions_py:/opt/ros/humble /usr/bin/cmake --build /home/robot/ws_moveit2/build/rosparam_shortcuts -- -j4 -l4
[1.147s] Invoking command in '/home/robot/ws_moveit2/build/rosparam_shortcuts': CMAKE_PREFIX_PATH=${CMAKE_PREFIX_PATH}:/home/robot/ws_moveit2/install/moveit_configs_utils:/home/robot/ws_moveit2/install/launch_param_builder:/home/robot/ros2_ws/install/my_turtlesim_project:/home/robot/ros2_ws/install/my_robot_first_servo_control:/home/robot/ros2_ws/install/my_py_pkg:/home/robot/ros2_ws/install/actions_py:/opt/ros/humble /usr/bin/cmake --install /home/robot/ws_moveit2/build/rosparam_shortcuts
[1.176s] -- Install configuration: "Release"
[1.177s] -- Up-to-date: /home/robot/ws_moveit2/install/rosparam_shortcuts/lib/librosparam_shortcuts.so
[1.177s] -- Up-to-date: /home/robot/ws_moveit2/install/rosparam_shortcuts/lib/rosparam_shortcuts/example
[1.181s] -- Up-to-date: /home/robot/ws_moveit2/install/rosparam_shortcuts/lib/rosparam_shortcuts/node_parameters_example
[1.184s] -- Up-to-date: /home/robot/ws_moveit2/install/rosparam_shortcuts/include
[1.189s] -- Up-to-date: /home/robot/ws_moveit2/install/rosparam_shortcuts/include/rosparam_shortcuts
[1.189s] -- Up-to-date: /home/robot/ws_moveit2/install/rosparam_shortcuts/include/rosparam_shortcuts/node_parameters.h
[1.190s] -- Up-to-date: /home/robot/ws_moveit2/install/rosparam_shortcuts/include/rosparam_shortcuts/rosparam_shortcuts.h
[1.190s] -- Up-to-date: /home/robot/ws_moveit2/install/rosparam_shortcuts/share/rosparam_shortcuts/launch
[1.190s] -- Up-to-date: /home/robot/ws_moveit2/install/rosparam_shortcuts/share/rosparam_shortcuts/launch/example.launch.py
[1.190s] -- Up-to-date: /home/robot/ws_moveit2/install/rosparam_shortcuts/share/rosparam_shortcuts/config
[1.195s] -- Up-to-date: /home/robot/ws_moveit2/install/rosparam_shortcuts/share/rosparam_shortcuts/config/example.yaml
[1.195s] -- Up-to-date: /home/robot/ws_moveit2/install/rosparam_shortcuts/share/rosparam_shortcuts/environment/library_path.sh
[1.195s] -- Up-to-date: /home/robot/ws_moveit2/install/rosparam_shortcuts/share/rosparam_shortcuts/environment/library_path.dsv
[1.195s] -- Up-to-date: /home/robot/ws_moveit2/install/rosparam_shortcuts/share/ament_index/resource_index/package_run_dependencies/rosparam_shortcuts
[1.196s] -- Up-to-date: /home/robot/ws_moveit2/install/rosparam_shortcuts/share/ament_index/resource_index/parent_prefix_path/rosparam_shortcuts
[1.196s] -- Up-to-date: /home/robot/ws_moveit2/install/rosparam_shortcuts/share/rosparam_shortcuts/environment/ament_prefix_path.sh
[1.197s] -- Up-to-date: /home/robot/ws_moveit2/install/rosparam_shortcuts/share/rosparam_shortcuts/environment/ament_prefix_path.dsv
[1.197s] -- Up-to-date: /home/robot/ws_moveit2/install/rosparam_shortcuts/share/rosparam_shortcuts/environment/path.sh
[1.200s] -- Up-to-date: /home/robot/ws_moveit2/install/rosparam_shortcuts/share/rosparam_shortcuts/environment/path.dsv
[1.201s] -- Up-to-date: /home/robot/ws_moveit2/install/rosparam_shortcuts/share/rosparam_shortcuts/local_setup.bash
[1.202s] -- Up-to-date: /home/robot/ws_moveit2/install/rosparam_shortcuts/share/rosparam_shortcuts/local_setup.sh
[1.202s] -- Up-to-date: /home/robot/ws_moveit2/install/rosparam_shortcuts/share/rosparam_shortcuts/local_setup.zsh
[1.202s] -- Up-to-date: /home/robot/ws_moveit2/install/rosparam_shortcuts/share/rosparam_shortcuts/local_setup.dsv
[1.202s] -- Installing: /home/robot/ws_moveit2/install/rosparam_shortcuts/share/rosparam_shortcuts/package.dsv
[1.203s] -- Up-to-date: /home/robot/ws_moveit2/install/rosparam_shortcuts/share/ament_index/resource_index/packages/rosparam_shortcuts
[1.205s] -- Up-to-date: /home/robot/ws_moveit2/install/rosparam_shortcuts/share/rosparam_shortcuts/cmake/export_rosparam_shortcutsExport.cmake
[1.206s] -- Up-to-date: /home/robot/ws_moveit2/install/rosparam_shortcuts/share/rosparam_shortcuts/cmake/export_rosparam_shortcutsExport-release.cmake
[1.206s] -- Up-to-date: /home/robot/ws_moveit2/install/rosparam_shortcuts/share/rosparam_shortcuts/cmake/ament_cmake_export_targets-extras.cmake
[1.206s] -- Up-to-date: /home/robot/ws_moveit2/install/rosparam_shortcuts/share/rosparam_shortcuts/cmake/ament_cmake_export_dependencies-extras.cmake
[1.207s] -- Up-to-date: /home/robot/ws_moveit2/install/rosparam_shortcuts/share/rosparam_shortcuts/cmake/rosparam_shortcutsConfig.cmake
[1.207s] -- Up-to-date: /home/robot/ws_moveit2/install/rosparam_shortcuts/share/rosparam_shortcuts/cmake/rosparam_shortcutsConfig-version.cmake
[1.208s] -- Up-to-date: /home/robot/ws_moveit2/install/rosparam_shortcuts/share/rosparam_shortcuts/package.xml
[1.223s] Invoked command in '/home/robot/ws_moveit2/build/rosparam_shortcuts' returned '0': CMAKE_PREFIX_PATH=${CMAKE_PREFIX_PATH}:/home/robot/ws_moveit2/install/moveit_configs_utils:/home/robot/ws_moveit2/install/launch_param_builder:/home/robot/ros2_ws/install/my_turtlesim_project:/home/robot/ros2_ws/install/my_robot_first_servo_control:/home/robot/ros2_ws/install/my_py_pkg:/home/robot/ros2_ws/install/actions_py:/opt/ros/humble /usr/bin/cmake --install /home/robot/ws_moveit2/build/rosparam_shortcuts
