[1.361s] Invoking command in '/home/robot/ws_moveit2/src/my_pybullet_package': PYTHONPATH=/home/robot/ws_moveit2/build/my_pybullet_package/prefix_override:/usr/lib/python3/dist-packages/colcon_core/task/python/colcon_distutils_commands:/home/robot/ws_moveit2/install/my_pybullet_package/lib/python3.10/site-packages:${PYTHONPATH} /usr/bin/python3 -W ignore:setup.py install is deprecated setup.py egg_info --egg-base ../../build/my_pybullet_package build --build-base /home/robot/ws_moveit2/build/my_pybullet_package/build install --record /home/robot/ws_moveit2/build/my_pybullet_package/install.log --single-version-externally-managed install_data
[1.878s] running egg_info
[1.879s] writing ../../build/my_pybullet_package/my_pybullet_package.egg-info/PKG-INFO
[1.880s] writing dependency_links to ../../build/my_pybullet_package/my_pybullet_package.egg-info/dependency_links.txt
[1.881s] writing entry points to ../../build/my_pybullet_package/my_pybullet_package.egg-info/entry_points.txt
[1.881s] writing requirements to ../../build/my_pybullet_package/my_pybullet_package.egg-info/requires.txt
[1.881s] writing top-level names to ../../build/my_pybullet_package/my_pybullet_package.egg-info/top_level.txt
[1.885s] reading manifest file '../../build/my_pybullet_package/my_pybullet_package.egg-info/SOURCES.txt'
[1.888s] writing manifest file '../../build/my_pybullet_package/my_pybullet_package.egg-info/SOURCES.txt'
[1.888s] running build
[1.888s] running build_py
[1.889s] running install
[1.889s] running install_lib
[1.893s] running install_data
[1.893s] running install_egg_info
[1.896s] removing '/home/robot/ws_moveit2/install/my_pybullet_package/lib/python3.10/site-packages/my_pybullet_package-0.0.1-py3.10.egg-info' (and everything under it)
[1.896s] Copying ../../build/my_pybullet_package/my_pybullet_package.egg-info to /home/robot/ws_moveit2/install/my_pybullet_package/lib/python3.10/site-packages/my_pybullet_package-0.0.1-py3.10.egg-info
[1.898s] running install_scripts
[1.941s] Installing pybullet_node script to /home/robot/ws_moveit2/install/my_pybullet_package/lib/my_pybullet_package
[1.942s] writing list of installed files to '/home/robot/ws_moveit2/build/my_pybullet_package/install.log'
[1.983s] Invoked command in '/home/robot/ws_moveit2/src/my_pybullet_package' returned '0': PYTHONPATH=/home/robot/ws_moveit2/build/my_pybullet_package/prefix_override:/usr/lib/python3/dist-packages/colcon_core/task/python/colcon_distutils_commands:/home/robot/ws_moveit2/install/my_pybullet_package/lib/python3.10/site-packages:${PYTHONPATH} /usr/bin/python3 -W ignore:setup.py install is deprecated setup.py egg_info --egg-base ../../build/my_pybullet_package build --build-base /home/robot/ws_moveit2/build/my_pybullet_package/build install --record /home/robot/ws_moveit2/build/my_pybullet_package/install.log --single-version-externally-managed install_data
