[2.108s] Invoking command in '/home/robot/ws_moveit2/src/launch_param_builder': PYTHONPATH=/home/robot/ws_moveit2/build/launch_param_builder/prefix_override:/usr/lib/python3/dist-packages/colcon_core/task/python/colcon_distutils_commands:/home/robot/ws_moveit2/install/launch_param_builder/lib/python3.10/site-packages:${PYTHONPATH} /usr/bin/python3 -W ignore:setup.py install is deprecated setup.py egg_info --egg-base ../../build/launch_param_builder build --build-base /home/robot/ws_moveit2/build/launch_param_builder/build install --record /home/robot/ws_moveit2/build/launch_param_builder/install.log --single-version-externally-managed install_data
[2.985s] running egg_info
[2.986s] creating ../../build/launch_param_builder/launch_param_builder.egg-info
[3.021s] writing ../../build/launch_param_builder/launch_param_builder.egg-info/PKG-INFO
[3.022s] writing dependency_links to ../../build/launch_param_builder/launch_param_builder.egg-info/dependency_links.txt
[3.022s] writing requirements to ../../build/launch_param_builder/launch_param_builder.egg-info/requires.txt
[3.022s] writing top-level names to ../../build/launch_param_builder/launch_param_builder.egg-info/top_level.txt
[3.022s] writing manifest file '../../build/launch_param_builder/launch_param_builder.egg-info/SOURCES.txt'
[3.107s] reading manifest file '../../build/launch_param_builder/launch_param_builder.egg-info/SOURCES.txt'
[3.107s] adding license file 'LICENSE'
[3.108s] writing manifest file '../../build/launch_param_builder/launch_param_builder.egg-info/SOURCES.txt'
[3.109s] running build
[3.109s] running build_py
[3.109s] creating /home/robot/ws_moveit2/build/launch_param_builder/build
[3.110s] creating /home/robot/ws_moveit2/build/launch_param_builder/build/lib
[3.110s] creating /home/robot/ws_moveit2/build/launch_param_builder/build/lib/launch_param_builder
[3.110s] copying launch_param_builder/launch_param_builder.py -> /home/robot/ws_moveit2/build/launch_param_builder/build/lib/launch_param_builder
[3.110s] copying launch_param_builder/utils.py -> /home/robot/ws_moveit2/build/launch_param_builder/build/lib/launch_param_builder
[3.110s] copying launch_param_builder/__init__.py -> /home/robot/ws_moveit2/build/launch_param_builder/build/lib/launch_param_builder
[3.111s] running install
[3.125s] running install_lib
[3.165s] creating /home/robot/ws_moveit2/install/launch_param_builder/lib/python3.10/site-packages/launch_param_builder
[3.165s] copying /home/robot/ws_moveit2/build/launch_param_builder/build/lib/launch_param_builder/launch_param_builder.py -> /home/robot/ws_moveit2/install/launch_param_builder/lib/python3.10/site-packages/launch_param_builder
[3.165s] copying /home/robot/ws_moveit2/build/launch_param_builder/build/lib/launch_param_builder/utils.py -> /home/robot/ws_moveit2/install/launch_param_builder/lib/python3.10/site-packages/launch_param_builder
[3.165s] copying /home/robot/ws_moveit2/build/launch_param_builder/build/lib/launch_param_builder/__init__.py -> /home/robot/ws_moveit2/install/launch_param_builder/lib/python3.10/site-packages/launch_param_builder
[3.166s] byte-compiling /home/robot/ws_moveit2/install/launch_param_builder/lib/python3.10/site-packages/launch_param_builder/launch_param_builder.py to launch_param_builder.cpython-310.pyc
[3.167s] byte-compiling /home/robot/ws_moveit2/install/launch_param_builder/lib/python3.10/site-packages/launch_param_builder/utils.py to utils.cpython-310.pyc
[3.168s] byte-compiling /home/robot/ws_moveit2/install/launch_param_builder/lib/python3.10/site-packages/launch_param_builder/__init__.py to __init__.cpython-310.pyc
[3.168s] running install_data
[3.168s] creating /home/robot/ws_moveit2/install/launch_param_builder/share/ament_index
[3.168s] creating /home/robot/ws_moveit2/install/launch_param_builder/share/ament_index/resource_index
[3.169s] creating /home/robot/ws_moveit2/install/launch_param_builder/share/ament_index/resource_index/packages
[3.169s] copying resource/launch_param_builder -> /home/robot/ws_moveit2/install/launch_param_builder/share/ament_index/resource_index/packages
[3.169s] creating /home/robot/ws_moveit2/install/launch_param_builder/share/launch_param_builder/launch
[3.169s] copying example/launch_param_builder_example.launch.py -> /home/robot/ws_moveit2/install/launch_param_builder/share/launch_param_builder/launch
[3.169s] creating /home/robot/ws_moveit2/install/launch_param_builder/share/launch_param_builder/config
[3.170s] copying test/data/param_file_to_inject.yaml -> /home/robot/ws_moveit2/install/launch_param_builder/share/launch_param_builder/config
[3.170s] copying test/data/parameter_file -> /home/robot/ws_moveit2/install/launch_param_builder/share/launch_param_builder/config
[3.170s] copying test/data/parameters_injection.yaml -> /home/robot/ws_moveit2/install/launch_param_builder/share/launch_param_builder/config
[3.170s] copying test/data/parameter.xacro -> /home/robot/ws_moveit2/install/launch_param_builder/share/launch_param_builder/config
[3.170s] copying test/data/parameters.yaml -> /home/robot/ws_moveit2/install/launch_param_builder/share/launch_param_builder/config
[3.170s] copying package.xml -> /home/robot/ws_moveit2/install/launch_param_builder/share/launch_param_builder
[3.171s] creating /home/robot/ws_moveit2/install/launch_param_builder/lib/launch_param_builder
[3.171s] copying example/example_node.py -> /home/robot/ws_moveit2/install/launch_param_builder/lib/launch_param_builder
[3.171s] running install_egg_info
[3.209s] Copying ../../build/launch_param_builder/launch_param_builder.egg-info to /home/robot/ws_moveit2/install/launch_param_builder/lib/python3.10/site-packages/launch_param_builder-0.1.1-py3.10.egg-info
[3.209s] running install_scripts
[3.348s] writing list of installed files to '/home/robot/ws_moveit2/build/launch_param_builder/install.log'
[3.418s] Invoked command in '/home/robot/ws_moveit2/src/launch_param_builder' returned '0': PYTHONPATH=/home/robot/ws_moveit2/build/launch_param_builder/prefix_override:/usr/lib/python3/dist-packages/colcon_core/task/python/colcon_distutils_commands:/home/robot/ws_moveit2/install/launch_param_builder/lib/python3.10/site-packages:${PYTHONPATH} /usr/bin/python3 -W ignore:setup.py install is deprecated setup.py egg_info --egg-base ../../build/launch_param_builder build --build-base /home/robot/ws_moveit2/build/launch_param_builder/build install --record /home/robot/ws_moveit2/build/launch_param_builder/install.log --single-version-externally-managed install_data
