[1.386s] Invoking command in '/home/robot/ws_moveit2/src/my_robot_first_servo_control': PYTHONPATH=/home/robot/ws_moveit2/build/my_robot_first_servo_control/prefix_override:/usr/lib/python3/dist-packages/colcon_core/task/python/colcon_distutils_commands:/home/robot/ws_moveit2/install/my_robot_first_servo_control/lib/python3.10/site-packages:${PYTHONPATH} /usr/bin/python3 -W ignore:setup.py install is deprecated setup.py egg_info --egg-base ../../build/my_robot_first_servo_control build --build-base /home/robot/ws_moveit2/build/my_robot_first_servo_control/build install --record /home/robot/ws_moveit2/build/my_robot_first_servo_control/install.log --single-version-externally-managed install_data
[1.897s] running egg_info
[1.898s] writing ../../build/my_robot_first_servo_control/my_robot_first_servo_control.egg-info/PKG-INFO
[1.901s] writing dependency_links to ../../build/my_robot_first_servo_control/my_robot_first_servo_control.egg-info/dependency_links.txt
[1.902s] writing entry points to ../../build/my_robot_first_servo_control/my_robot_first_servo_control.egg-info/entry_points.txt
[1.902s] writing requirements to ../../build/my_robot_first_servo_control/my_robot_first_servo_control.egg-info/requires.txt
[1.903s] writing top-level names to ../../build/my_robot_first_servo_control/my_robot_first_servo_control.egg-info/top_level.txt
[1.906s] reading manifest file '../../build/my_robot_first_servo_control/my_robot_first_servo_control.egg-info/SOURCES.txt'
[1.909s] writing manifest file '../../build/my_robot_first_servo_control/my_robot_first_servo_control.egg-info/SOURCES.txt'
[1.909s] running build
[1.909s] running build_py
[1.909s] copying my_robot_first_servo_control/servo_client_node_client.py -> /home/robot/ws_moveit2/build/my_robot_first_servo_control/build/lib/my_robot_first_servo_control
[1.910s] running install
[1.910s] running install_lib
[1.913s] copying /home/robot/ws_moveit2/build/my_robot_first_servo_control/build/lib/my_robot_first_servo_control/servo_client_node_client.py -> /home/robot/ws_moveit2/install/my_robot_first_servo_control/lib/python3.10/site-packages/my_robot_first_servo_control
[1.914s] byte-compiling /home/robot/ws_moveit2/install/my_robot_first_servo_control/lib/python3.10/site-packages/my_robot_first_servo_control/servo_client_node_client.py to servo_client_node_client.cpython-310.pyc
[1.916s] running install_data
[1.916s] running install_egg_info
[1.918s] removing '/home/robot/ws_moveit2/install/my_robot_first_servo_control/lib/python3.10/site-packages/my_robot_first_servo_control-0.0.0-py3.10.egg-info' (and everything under it)
[1.918s] Copying ../../build/my_robot_first_servo_control/my_robot_first_servo_control.egg-info to /home/robot/ws_moveit2/install/my_robot_first_servo_control/lib/python3.10/site-packages/my_robot_first_servo_control-0.0.0-py3.10.egg-info
[1.920s] running install_scripts
[1.967s] Installing servo_client script to /home/robot/ws_moveit2/install/my_robot_first_servo_control/lib/my_robot_first_servo_control
[1.967s] Installing servo_client_client script to /home/robot/ws_moveit2/install/my_robot_first_servo_control/lib/my_robot_first_servo_control
[1.968s] writing list of installed files to '/home/robot/ws_moveit2/build/my_robot_first_servo_control/install.log'
[2.007s] Invoked command in '/home/robot/ws_moveit2/src/my_robot_first_servo_control' returned '0': PYTHONPATH=/home/robot/ws_moveit2/build/my_robot_first_servo_control/prefix_override:/usr/lib/python3/dist-packages/colcon_core/task/python/colcon_distutils_commands:/home/robot/ws_moveit2/install/my_robot_first_servo_control/lib/python3.10/site-packages:${PYTHONPATH} /usr/bin/python3 -W ignore:setup.py install is deprecated setup.py egg_info --egg-base ../../build/my_robot_first_servo_control build --build-base /home/robot/ws_moveit2/build/my_robot_first_servo_control/build install --record /home/robot/ws_moveit2/build/my_robot_first_servo_control/install.log --single-version-externally-managed install_data
