[0.030s] Invoking command in '/home/robot/ws_moveit2/build/my_robot_interfaces': CMAKE_PREFIX_PATH=${CMAKE_PREFIX_PATH}:/home/robot/ws_moveit2/install/moveit_configs_utils:/home/robot/ws_moveit2/install/myrobot_3D_movit_config:/home/robot/ws_moveit2/install/my_robot_first_servo_control:/home/robot/ws_moveit2/install/my_pybullet_package:/home/robot/ws_moveit2/install/launch_param_builder:/home/robot/ros2_ws/install/my_turtlesim_project:/home/robot/ros2_ws/install/my_robot_first_servo_control:/home/robot/ros2_ws/install/my_py_pkg:/home/robot/ros2_ws/install/actions_py:/opt/ros/humble /usr/bin/cmake --build /home/robot/ws_moveit2/build/my_robot_interfaces -- -j4 -l4
[0.153s] [  1%] Built target my_robot_interfaces__cpp
[0.243s] [  1%] Built target ament_cmake_python_copy_my_robot_interfaces
[0.314s] [ 12%] Built target my_robot_interfaces__rosidl_typesupport_fastrtps_cpp
[0.375s] [ 23%] Built target my_robot_interfaces__rosidl_typesupport_introspection_cpp
[1.142s] running egg_info
[1.177s] writing my_robot_interfaces.egg-info/PKG-INFO
[1.177s] writing dependency_links to my_robot_interfaces.egg-info/dependency_links.txt
[1.177s] writing top-level names to my_robot_interfaces.egg-info/top_level.txt
[1.270s] reading manifest file 'my_robot_interfaces.egg-info/SOURCES.txt'
[1.272s] writing manifest file 'my_robot_interfaces.egg-info/SOURCES.txt'
[1.368s] [ 23%] Built target ament_cmake_python_build_my_robot_interfaces_egg
[1.424s] [ 35%] Built target my_robot_interfaces__rosidl_typesupport_cpp
[1.490s] [ 46%] Built target my_robot_interfaces__rosidl_generator_c
[1.562s] [ 57%] Built target my_robot_interfaces__rosidl_typesupport_fastrtps_c
[1.649s] [ 69%] Built target my_robot_interfaces__rosidl_typesupport_c
[1.721s] [ 80%] Built target my_robot_interfaces__rosidl_typesupport_introspection_c
[1.812s] [ 80%] Built target my_robot_interfaces
[1.885s] [ 81%] Built target my_robot_interfaces__py
[1.962s] [ 91%] Built target my_robot_interfaces__rosidl_generator_py
[2.021s] [ 94%] Built target my_robot_interfaces__rosidl_typesupport_fastrtps_c__pyext
[2.078s] [ 97%] Built target my_robot_interfaces__rosidl_typesupport_c__pyext
[2.133s] [100%] Built target my_robot_interfaces__rosidl_typesupport_introspection_c__pyext
[2.161s] Invoked command in '/home/robot/ws_moveit2/build/my_robot_interfaces' returned '0': CMAKE_PREFIX_PATH=${CMAKE_PREFIX_PATH}:/home/robot/ws_moveit2/install/moveit_configs_utils:/home/robot/ws_moveit2/install/myrobot_3D_movit_config:/home/robot/ws_moveit2/install/my_robot_first_servo_control:/home/robot/ws_moveit2/install/my_pybullet_package:/home/robot/ws_moveit2/install/launch_param_builder:/home/robot/ros2_ws/install/my_turtlesim_project:/home/robot/ros2_ws/install/my_robot_first_servo_control:/home/robot/ros2_ws/install/my_py_pkg:/home/robot/ros2_ws/install/actions_py:/opt/ros/humble /usr/bin/cmake --build /home/robot/ws_moveit2/build/my_robot_interfaces -- -j4 -l4
[2.751s] Invoking command in '/home/robot/ws_moveit2/build/my_robot_interfaces': CMAKE_PREFIX_PATH=${CMAKE_PREFIX_PATH}:/home/robot/ws_moveit2/install/moveit_configs_utils:/home/robot/ws_moveit2/install/myrobot_3D_movit_config:/home/robot/ws_moveit2/install/my_robot_first_servo_control:/home/robot/ws_moveit2/install/my_pybullet_package:/home/robot/ws_moveit2/install/launch_param_builder:/home/robot/ros2_ws/install/my_turtlesim_project:/home/robot/ros2_ws/install/my_robot_first_servo_control:/home/robot/ros2_ws/install/my_py_pkg:/home/robot/ros2_ws/install/actions_py:/opt/ros/humble /usr/bin/cmake --install /home/robot/ws_moveit2/build/my_robot_interfaces
[2.772s] -- Install configuration: "Release"
[2.773s] -- Up-to-date: /home/robot/ws_moveit2/install/my_robot_interfaces/share/ament_index/resource_index/rosidl_interfaces/my_robot_interfaces
[2.773s] -- Up-to-date: /home/robot/ws_moveit2/install/my_robot_interfaces/include/my_robot_interfaces/my_robot_interfaces
[2.773s] -- Up-to-date: /home/robot/ws_moveit2/install/my_robot_interfaces/include/my_robot_interfaces/my_robot_interfaces/action
[2.773s] -- Up-to-date: /home/robot/ws_moveit2/install/my_robot_interfaces/include/my_robot_interfaces/my_robot_interfaces/action/one_servo.h
[2.773s] -- Up-to-date: /home/robot/ws_moveit2/install/my_robot_interfaces/include/my_robot_interfaces/my_robot_interfaces/action/detail
[2.773s] -- Up-to-date: /home/robot/ws_moveit2/install/my_robot_interfaces/include/my_robot_interfaces/my_robot_interfaces/action/detail/count_until__type_support.h
[2.774s] -- Up-to-date: /home/robot/ws_moveit2/install/my_robot_interfaces/include/my_robot_interfaces/my_robot_interfaces/action/detail/one_servo__functions.c
[2.774s] -- Up-to-date: /home/robot/ws_moveit2/install/my_robot_interfaces/include/my_robot_interfaces/my_robot_interfaces/action/detail/count_until__struct.h
[2.782s] -- Up-to-date: /home/robot/ws_moveit2/install/my_robot_interfaces/include/my_robot_interfaces/my_robot_interfaces/action/detail/count_until__functions.h
[2.782s] -- Up-to-date: /home/robot/ws_moveit2/install/my_robot_interfaces/include/my_robot_interfaces/my_robot_interfaces/action/detail/one_servo__functions.h
[2.782s] -- Up-to-date: /home/robot/ws_moveit2/install/my_robot_interfaces/include/my_robot_interfaces/my_robot_interfaces/action/detail/count_until__functions.c
[2.784s] -- Up-to-date: /home/robot/ws_moveit2/install/my_robot_interfaces/include/my_robot_interfaces/my_robot_interfaces/action/detail/one_servo__struct.h
[2.784s] -- Up-to-date: /home/robot/ws_moveit2/install/my_robot_interfaces/include/my_robot_interfaces/my_robot_interfaces/action/detail/one_servo__type_support.h
[2.784s] -- Up-to-date: /home/robot/ws_moveit2/install/my_robot_interfaces/include/my_robot_interfaces/my_robot_interfaces/action/count_until.h
[2.784s] -- Up-to-date: /home/robot/ws_moveit2/install/my_robot_interfaces/include/my_robot_interfaces/my_robot_interfaces/msg
[2.784s] -- Up-to-date: /home/robot/ws_moveit2/install/my_robot_interfaces/include/my_robot_interfaces/my_robot_interfaces/msg/rosidl_generator_c__visibility_control.h
[2.787s] -- Up-to-date: /home/robot/ws_moveit2/install/my_robot_interfaces/include/my_robot_interfaces/my_robot_interfaces/msg/led_panel_state.h
[2.787s] -- Up-to-date: /home/robot/ws_moveit2/install/my_robot_interfaces/include/my_robot_interfaces/my_robot_interfaces/msg/hardware_status.h
[2.787s] -- Up-to-date: /home/robot/ws_moveit2/install/my_robot_interfaces/include/my_robot_interfaces/my_robot_interfaces/msg/detail
[2.787s] -- Up-to-date: /home/robot/ws_moveit2/install/my_robot_interfaces/include/my_robot_interfaces/my_robot_interfaces/msg/detail/hardware_status__functions.h
[2.787s] -- Up-to-date: /home/robot/ws_moveit2/install/my_robot_interfaces/include/my_robot_interfaces/my_robot_interfaces/msg/detail/hardware_status__functions.c
[2.787s] -- Up-to-date: /home/robot/ws_moveit2/install/my_robot_interfaces/include/my_robot_interfaces/my_robot_interfaces/msg/detail/hardware_status__struct.h
[2.787s] -- Up-to-date: /home/robot/ws_moveit2/install/my_robot_interfaces/include/my_robot_interfaces/my_robot_interfaces/msg/detail/led_panel_state__type_support.h
[2.788s] -- Up-to-date: /home/robot/ws_moveit2/install/my_robot_interfaces/include/my_robot_interfaces/my_robot_interfaces/msg/detail/led_panel_state__struct.h
[2.788s] -- Up-to-date: /home/robot/ws_moveit2/install/my_robot_interfaces/include/my_robot_interfaces/my_robot_interfaces/msg/detail/hardware_status__type_support.h
[2.788s] -- Up-to-date: /home/robot/ws_moveit2/install/my_robot_interfaces/include/my_robot_interfaces/my_robot_interfaces/msg/detail/led_panel_state__functions.c
[2.788s] -- Up-to-date: /home/robot/ws_moveit2/install/my_robot_interfaces/include/my_robot_interfaces/my_robot_interfaces/msg/detail/led_panel_state__functions.h
[2.788s] -- Up-to-date: /home/robot/ws_moveit2/install/my_robot_interfaces/include/my_robot_interfaces/my_robot_interfaces/srv
[2.788s] -- Up-to-date: /home/robot/ws_moveit2/install/my_robot_interfaces/include/my_robot_interfaces/my_robot_interfaces/srv/set_led.h
[2.788s] -- Up-to-date: /home/robot/ws_moveit2/install/my_robot_interfaces/include/my_robot_interfaces/my_robot_interfaces/srv/compute_rectangle_area.h
[2.792s] -- Up-to-date: /home/robot/ws_moveit2/install/my_robot_interfaces/include/my_robot_interfaces/my_robot_interfaces/srv/detail
[2.792s] -- Up-to-date: /home/robot/ws_moveit2/install/my_robot_interfaces/include/my_robot_interfaces/my_robot_interfaces/srv/detail/compute_rectangle_area__type_support.h
[2.792s] -- Up-to-date: /home/robot/ws_moveit2/install/my_robot_interfaces/include/my_robot_interfaces/my_robot_interfaces/srv/detail/set_led__functions.h
[2.792s] -- Up-to-date: /home/robot/ws_moveit2/install/my_robot_interfaces/include/my_robot_interfaces/my_robot_interfaces/srv/detail/compute_rectangle_area__functions.c
[2.792s] -- Up-to-date: /home/robot/ws_moveit2/install/my_robot_interfaces/include/my_robot_interfaces/my_robot_interfaces/srv/detail/set_led__type_support.h
[2.792s] -- Up-to-date: /home/robot/ws_moveit2/install/my_robot_interfaces/include/my_robot_interfaces/my_robot_interfaces/srv/detail/compute_rectangle_area__struct.h
[2.793s] -- Up-to-date: /home/robot/ws_moveit2/install/my_robot_interfaces/include/my_robot_interfaces/my_robot_interfaces/srv/detail/compute_rectangle_area__functions.h
[2.793s] -- Up-to-date: /home/robot/ws_moveit2/install/my_robot_interfaces/include/my_robot_interfaces/my_robot_interfaces/srv/detail/set_led__functions.c
[2.793s] -- Up-to-date: /home/robot/ws_moveit2/install/my_robot_interfaces/include/my_robot_interfaces/my_robot_interfaces/srv/detail/set_led__struct.h
[2.793s] -- Up-to-date: /home/robot/ws_moveit2/install/my_robot_interfaces/share/my_robot_interfaces/environment/library_path.sh
[2.793s] -- Up-to-date: /home/robot/ws_moveit2/install/my_robot_interfaces/share/my_robot_interfaces/environment/library_path.dsv
[2.793s] -- Up-to-date: /home/robot/ws_moveit2/install/my_robot_interfaces/lib/libmy_robot_interfaces__rosidl_generator_c.so
[2.793s] -- Up-to-date: /home/robot/ws_moveit2/install/my_robot_interfaces/include/my_robot_interfaces/my_robot_interfaces
[2.794s] -- Up-to-date: /home/robot/ws_moveit2/install/my_robot_interfaces/include/my_robot_interfaces/my_robot_interfaces/action
[2.794s] -- Up-to-date: /home/robot/ws_moveit2/install/my_robot_interfaces/include/my_robot_interfaces/my_robot_interfaces/action/detail
[2.794s] -- Up-to-date: /home/robot/ws_moveit2/install/my_robot_interfaces/include/my_robot_interfaces/my_robot_interfaces/action/detail/count_until__rosidl_typesupport_fastrtps_c.h
[2.794s] -- Up-to-date: /home/robot/ws_moveit2/install/my_robot_interfaces/include/my_robot_interfaces/my_robot_interfaces/action/detail/one_servo__rosidl_typesupport_fastrtps_c.h
[2.794s] -- Up-to-date: /home/robot/ws_moveit2/install/my_robot_interfaces/include/my_robot_interfaces/my_robot_interfaces/msg
[2.794s] -- Up-to-date: /home/robot/ws_moveit2/install/my_robot_interfaces/include/my_robot_interfaces/my_robot_interfaces/msg/detail
[2.795s] -- Up-to-date: /home/robot/ws_moveit2/install/my_robot_interfaces/include/my_robot_interfaces/my_robot_interfaces/msg/detail/hardware_status__rosidl_typesupport_fastrtps_c.h
[2.795s] -- Up-to-date: /home/robot/ws_moveit2/install/my_robot_interfaces/include/my_robot_interfaces/my_robot_interfaces/msg/detail/led_panel_state__rosidl_typesupport_fastrtps_c.h
[2.795s] -- Up-to-date: /home/robot/ws_moveit2/install/my_robot_interfaces/include/my_robot_interfaces/my_robot_interfaces/msg/rosidl_typesupport_fastrtps_c__visibility_control.h
[2.795s] -- Up-to-date: /home/robot/ws_moveit2/install/my_robot_interfaces/include/my_robot_interfaces/my_robot_interfaces/srv
[2.795s] -- Up-to-date: /home/robot/ws_moveit2/install/my_robot_interfaces/include/my_robot_interfaces/my_robot_interfaces/srv/detail
[2.796s] -- Up-to-date: /home/robot/ws_moveit2/install/my_robot_interfaces/include/my_robot_interfaces/my_robot_interfaces/srv/detail/compute_rectangle_area__rosidl_typesupport_fastrtps_c.h
[2.797s] -- Up-to-date: /home/robot/ws_moveit2/install/my_robot_interfaces/include/my_robot_interfaces/my_robot_interfaces/srv/detail/set_led__rosidl_typesupport_fastrtps_c.h
[2.797s] -- Up-to-date: /home/robot/ws_moveit2/install/my_robot_interfaces/lib/libmy_robot_interfaces__rosidl_typesupport_fastrtps_c.so
[2.797s] -- Up-to-date: /home/robot/ws_moveit2/install/my_robot_interfaces/include/my_robot_interfaces/my_robot_interfaces
[2.797s] -- Up-to-date: /home/robot/ws_moveit2/install/my_robot_interfaces/include/my_robot_interfaces/my_robot_interfaces/action
[2.797s] -- Up-to-date: /home/robot/ws_moveit2/install/my_robot_interfaces/include/my_robot_interfaces/my_robot_interfaces/action/detail
[2.797s] -- Up-to-date: /home/robot/ws_moveit2/install/my_robot_interfaces/include/my_robot_interfaces/my_robot_interfaces/action/detail/count_until__rosidl_typesupport_introspection_c.h
[2.797s] -- Up-to-date: /home/robot/ws_moveit2/install/my_robot_interfaces/include/my_robot_interfaces/my_robot_interfaces/action/detail/count_until__type_support.c
[2.797s] -- Up-to-date: /home/robot/ws_moveit2/install/my_robot_interfaces/include/my_robot_interfaces/my_robot_interfaces/action/detail/one_servo__type_support.c
[2.798s] -- Up-to-date: /home/robot/ws_moveit2/install/my_robot_interfaces/include/my_robot_interfaces/my_robot_interfaces/action/detail/one_servo__rosidl_typesupport_introspection_c.h
[2.798s] -- Up-to-date: /home/robot/ws_moveit2/install/my_robot_interfaces/include/my_robot_interfaces/my_robot_interfaces/msg
[2.798s] -- Up-to-date: /home/robot/ws_moveit2/install/my_robot_interfaces/include/my_robot_interfaces/my_robot_interfaces/msg/rosidl_typesupport_introspection_c__visibility_control.h
[2.798s] -- Up-to-date: /home/robot/ws_moveit2/install/my_robot_interfaces/include/my_robot_interfaces/my_robot_interfaces/msg/detail
[2.798s] -- Up-to-date: /home/robot/ws_moveit2/install/my_robot_interfaces/include/my_robot_interfaces/my_robot_interfaces/msg/detail/led_panel_state__type_support.c
[2.798s] -- Up-to-date: /home/robot/ws_moveit2/install/my_robot_interfaces/include/my_robot_interfaces/my_robot_interfaces/msg/detail/hardware_status__rosidl_typesupport_introspection_c.h
[2.798s] -- Up-to-date: /home/robot/ws_moveit2/install/my_robot_interfaces/include/my_robot_interfaces/my_robot_interfaces/msg/detail/hardware_status__type_support.c
[2.798s] -- Up-to-date: /home/robot/ws_moveit2/install/my_robot_interfaces/include/my_robot_interfaces/my_robot_interfaces/msg/detail/led_panel_state__rosidl_typesupport_introspection_c.h
[2.798s] -- Up-to-date: /home/robot/ws_moveit2/install/my_robot_interfaces/include/my_robot_interfaces/my_robot_interfaces/srv
[2.802s] -- Up-to-date: /home/robot/ws_moveit2/install/my_robot_interfaces/include/my_robot_interfaces/my_robot_interfaces/srv/detail
[2.803s] -- Up-to-date: /home/robot/ws_moveit2/install/my_robot_interfaces/include/my_robot_interfaces/my_robot_interfaces/srv/detail/compute_rectangle_area__rosidl_typesupport_introspection_c.h
[2.803s] -- Up-to-date: /home/robot/ws_moveit2/install/my_robot_interfaces/include/my_robot_interfaces/my_robot_interfaces/srv/detail/compute_rectangle_area__type_support.c
[2.803s] -- Up-to-date: /home/robot/ws_moveit2/install/my_robot_interfaces/include/my_robot_interfaces/my_robot_interfaces/srv/detail/set_led__type_support.c
[2.803s] -- Up-to-date: /home/robot/ws_moveit2/install/my_robot_interfaces/include/my_robot_interfaces/my_robot_interfaces/srv/detail/set_led__rosidl_typesupport_introspection_c.h
[2.803s] -- Up-to-date: /home/robot/ws_moveit2/install/my_robot_interfaces/lib/libmy_robot_interfaces__rosidl_typesupport_introspection_c.so
[2.803s] -- Up-to-date: /home/robot/ws_moveit2/install/my_robot_interfaces/lib/libmy_robot_interfaces__rosidl_typesupport_c.so
[2.803s] -- Up-to-date: /home/robot/ws_moveit2/install/my_robot_interfaces/include/my_robot_interfaces/my_robot_interfaces
[2.803s] -- Up-to-date: /home/robot/ws_moveit2/install/my_robot_interfaces/include/my_robot_interfaces/my_robot_interfaces/action
[2.804s] -- Up-to-date: /home/robot/ws_moveit2/install/my_robot_interfaces/include/my_robot_interfaces/my_robot_interfaces/action/count_until.hpp
[2.804s] -- Up-to-date: /home/robot/ws_moveit2/install/my_robot_interfaces/include/my_robot_interfaces/my_robot_interfaces/action/one_servo.hpp
[2.804s] -- Up-to-date: /home/robot/ws_moveit2/install/my_robot_interfaces/include/my_robot_interfaces/my_robot_interfaces/action/detail
[2.804s] -- Up-to-date: /home/robot/ws_moveit2/install/my_robot_interfaces/include/my_robot_interfaces/my_robot_interfaces/action/detail/one_servo__builder.hpp
[2.804s] -- Up-to-date: /home/robot/ws_moveit2/install/my_robot_interfaces/include/my_robot_interfaces/my_robot_interfaces/action/detail/count_until__traits.hpp
[2.804s] -- Up-to-date: /home/robot/ws_moveit2/install/my_robot_interfaces/include/my_robot_interfaces/my_robot_interfaces/action/detail/one_servo__traits.hpp
[2.804s] -- Up-to-date: /home/robot/ws_moveit2/install/my_robot_interfaces/include/my_robot_interfaces/my_robot_interfaces/action/detail/one_servo__struct.hpp
[2.804s] -- Up-to-date: /home/robot/ws_moveit2/install/my_robot_interfaces/include/my_robot_interfaces/my_robot_interfaces/action/detail/count_until__builder.hpp
[2.808s] -- Up-to-date: /home/robot/ws_moveit2/install/my_robot_interfaces/include/my_robot_interfaces/my_robot_interfaces/action/detail/count_until__struct.hpp
[2.808s] -- Up-to-date: /home/robot/ws_moveit2/install/my_robot_interfaces/include/my_robot_interfaces/my_robot_interfaces/msg
[2.808s] -- Up-to-date: /home/robot/ws_moveit2/install/my_robot_interfaces/include/my_robot_interfaces/my_robot_interfaces/msg/led_panel_state.hpp
[2.808s] -- Up-to-date: /home/robot/ws_moveit2/install/my_robot_interfaces/include/my_robot_interfaces/my_robot_interfaces/msg/hardware_status.hpp
[2.808s] -- Up-to-date: /home/robot/ws_moveit2/install/my_robot_interfaces/include/my_robot_interfaces/my_robot_interfaces/msg/detail
[2.808s] -- Up-to-date: /home/robot/ws_moveit2/install/my_robot_interfaces/include/my_robot_interfaces/my_robot_interfaces/msg/detail/led_panel_state__traits.hpp
[2.808s] -- Up-to-date: /home/robot/ws_moveit2/install/my_robot_interfaces/include/my_robot_interfaces/my_robot_interfaces/msg/detail/led_panel_state__struct.hpp
[2.808s] -- Up-to-date: /home/robot/ws_moveit2/install/my_robot_interfaces/include/my_robot_interfaces/my_robot_interfaces/msg/detail/led_panel_state__builder.hpp
[2.809s] -- Up-to-date: /home/robot/ws_moveit2/install/my_robot_interfaces/include/my_robot_interfaces/my_robot_interfaces/msg/detail/hardware_status__traits.hpp
[2.809s] -- Up-to-date: /home/robot/ws_moveit2/install/my_robot_interfaces/include/my_robot_interfaces/my_robot_interfaces/msg/detail/hardware_status__struct.hpp
[2.809s] -- Up-to-date: /home/robot/ws_moveit2/install/my_robot_interfaces/include/my_robot_interfaces/my_robot_interfaces/msg/detail/hardware_status__builder.hpp
[2.809s] -- Up-to-date: /home/robot/ws_moveit2/install/my_robot_interfaces/include/my_robot_interfaces/my_robot_interfaces/srv
[2.809s] -- Up-to-date: /home/robot/ws_moveit2/install/my_robot_interfaces/include/my_robot_interfaces/my_robot_interfaces/srv/set_led.hpp
[2.809s] -- Up-to-date: /home/robot/ws_moveit2/install/my_robot_interfaces/include/my_robot_interfaces/my_robot_interfaces/srv/compute_rectangle_area.hpp
[2.809s] -- Up-to-date: /home/robot/ws_moveit2/install/my_robot_interfaces/include/my_robot_interfaces/my_robot_interfaces/srv/detail
[2.809s] -- Up-to-date: /home/robot/ws_moveit2/install/my_robot_interfaces/include/my_robot_interfaces/my_robot_interfaces/srv/detail/set_led__builder.hpp
[2.809s] -- Up-to-date: /home/robot/ws_moveit2/install/my_robot_interfaces/include/my_robot_interfaces/my_robot_interfaces/srv/detail/compute_rectangle_area__builder.hpp
[2.810s] -- Up-to-date: /home/robot/ws_moveit2/install/my_robot_interfaces/include/my_robot_interfaces/my_robot_interfaces/srv/detail/set_led__struct.hpp
[2.810s] -- Up-to-date: /home/robot/ws_moveit2/install/my_robot_interfaces/include/my_robot_interfaces/my_robot_interfaces/srv/detail/compute_rectangle_area__traits.hpp
[2.813s] -- Up-to-date: /home/robot/ws_moveit2/install/my_robot_interfaces/include/my_robot_interfaces/my_robot_interfaces/srv/detail/set_led__traits.hpp
[2.813s] -- Up-to-date: /home/robot/ws_moveit2/install/my_robot_interfaces/include/my_robot_interfaces/my_robot_interfaces/srv/detail/compute_rectangle_area__struct.hpp
[2.813s] -- Up-to-date: /home/robot/ws_moveit2/install/my_robot_interfaces/include/my_robot_interfaces/my_robot_interfaces
[2.813s] -- Up-to-date: /home/robot/ws_moveit2/install/my_robot_interfaces/include/my_robot_interfaces/my_robot_interfaces/action
[2.813s] -- Up-to-date: /home/robot/ws_moveit2/install/my_robot_interfaces/include/my_robot_interfaces/my_robot_interfaces/action/detail
[2.814s] -- Up-to-date: /home/robot/ws_moveit2/install/my_robot_interfaces/include/my_robot_interfaces/my_robot_interfaces/action/detail/dds_fastrtps
[2.814s] -- Up-to-date: /home/robot/ws_moveit2/install/my_robot_interfaces/include/my_robot_interfaces/my_robot_interfaces/action/detail/count_until__rosidl_typesupport_fastrtps_cpp.hpp
[2.814s] -- Up-to-date: /home/robot/ws_moveit2/install/my_robot_interfaces/include/my_robot_interfaces/my_robot_interfaces/action/detail/one_servo__rosidl_typesupport_fastrtps_cpp.hpp
[2.814s] -- Up-to-date: /home/robot/ws_moveit2/install/my_robot_interfaces/include/my_robot_interfaces/my_robot_interfaces/msg
[2.817s] -- Up-to-date: /home/robot/ws_moveit2/install/my_robot_interfaces/include/my_robot_interfaces/my_robot_interfaces/msg/rosidl_typesupport_fastrtps_cpp__visibility_control.h
[2.817s] -- Up-to-date: /home/robot/ws_moveit2/install/my_robot_interfaces/include/my_robot_interfaces/my_robot_interfaces/msg/detail
[2.818s] -- Up-to-date: /home/robot/ws_moveit2/install/my_robot_interfaces/include/my_robot_interfaces/my_robot_interfaces/msg/detail/dds_fastrtps
[2.818s] -- Up-to-date: /home/robot/ws_moveit2/install/my_robot_interfaces/include/my_robot_interfaces/my_robot_interfaces/msg/detail/led_panel_state__rosidl_typesupport_fastrtps_cpp.hpp
[2.818s] -- Up-to-date: /home/robot/ws_moveit2/install/my_robot_interfaces/include/my_robot_interfaces/my_robot_interfaces/msg/detail/hardware_status__rosidl_typesupport_fastrtps_cpp.hpp
[2.818s] -- Up-to-date: /home/robot/ws_moveit2/install/my_robot_interfaces/include/my_robot_interfaces/my_robot_interfaces/srv
[2.818s] -- Up-to-date: /home/robot/ws_moveit2/install/my_robot_interfaces/include/my_robot_interfaces/my_robot_interfaces/srv/detail
[2.818s] -- Up-to-date: /home/robot/ws_moveit2/install/my_robot_interfaces/include/my_robot_interfaces/my_robot_interfaces/srv/detail/dds_fastrtps
[2.818s] -- Up-to-date: /home/robot/ws_moveit2/install/my_robot_interfaces/include/my_robot_interfaces/my_robot_interfaces/srv/detail/compute_rectangle_area__rosidl_typesupport_fastrtps_cpp.hpp
[2.820s] -- Up-to-date: /home/robot/ws_moveit2/install/my_robot_interfaces/include/my_robot_interfaces/my_robot_interfaces/srv/detail/set_led__rosidl_typesupport_fastrtps_cpp.hpp
[2.820s] -- Up-to-date: /home/robot/ws_moveit2/install/my_robot_interfaces/lib/libmy_robot_interfaces__rosidl_typesupport_fastrtps_cpp.so
[2.822s] -- Up-to-date: /home/robot/ws_moveit2/install/my_robot_interfaces/include/my_robot_interfaces/my_robot_interfaces
[2.822s] -- Up-to-date: /home/robot/ws_moveit2/install/my_robot_interfaces/include/my_robot_interfaces/my_robot_interfaces/action
[2.822s] -- Up-to-date: /home/robot/ws_moveit2/install/my_robot_interfaces/include/my_robot_interfaces/my_robot_interfaces/action/detail
[2.822s] -- Up-to-date: /home/robot/ws_moveit2/install/my_robot_interfaces/include/my_robot_interfaces/my_robot_interfaces/action/detail/one_servo__type_support.cpp
[2.822s] -- Up-to-date: /home/robot/ws_moveit2/install/my_robot_interfaces/include/my_robot_interfaces/my_robot_interfaces/action/detail/count_until__rosidl_typesupport_introspection_cpp.hpp
[2.822s] -- Up-to-date: /home/robot/ws_moveit2/install/my_robot_interfaces/include/my_robot_interfaces/my_robot_interfaces/action/detail/count_until__type_support.cpp
[2.822s] -- Up-to-date: /home/robot/ws_moveit2/install/my_robot_interfaces/include/my_robot_interfaces/my_robot_interfaces/action/detail/one_servo__rosidl_typesupport_introspection_cpp.hpp
[2.822s] -- Up-to-date: /home/robot/ws_moveit2/install/my_robot_interfaces/include/my_robot_interfaces/my_robot_interfaces/msg
[2.822s] -- Up-to-date: /home/robot/ws_moveit2/install/my_robot_interfaces/include/my_robot_interfaces/my_robot_interfaces/msg/detail
[2.823s] -- Up-to-date: /home/robot/ws_moveit2/install/my_robot_interfaces/include/my_robot_interfaces/my_robot_interfaces/msg/detail/hardware_status__rosidl_typesupport_introspection_cpp.hpp
[2.823s] -- Up-to-date: /home/robot/ws_moveit2/install/my_robot_interfaces/include/my_robot_interfaces/my_robot_interfaces/msg/detail/led_panel_state__type_support.cpp
[2.823s] -- Up-to-date: /home/robot/ws_moveit2/install/my_robot_interfaces/include/my_robot_interfaces/my_robot_interfaces/msg/detail/hardware_status__type_support.cpp
[2.823s] -- Up-to-date: /home/robot/ws_moveit2/install/my_robot_interfaces/include/my_robot_interfaces/my_robot_interfaces/msg/detail/led_panel_state__rosidl_typesupport_introspection_cpp.hpp
[2.823s] -- Up-to-date: /home/robot/ws_moveit2/install/my_robot_interfaces/include/my_robot_interfaces/my_robot_interfaces/srv
[2.823s] -- Up-to-date: /home/robot/ws_moveit2/install/my_robot_interfaces/include/my_robot_interfaces/my_robot_interfaces/srv/detail
[2.823s] -- Up-to-date: /home/robot/ws_moveit2/install/my_robot_interfaces/include/my_robot_interfaces/my_robot_interfaces/srv/detail/compute_rectangle_area__rosidl_typesupport_introspection_cpp.hpp
[2.824s] -- Up-to-date: /home/robot/ws_moveit2/install/my_robot_interfaces/include/my_robot_interfaces/my_robot_interfaces/srv/detail/set_led__rosidl_typesupport_introspection_cpp.hpp
[2.824s] -- Up-to-date: /home/robot/ws_moveit2/install/my_robot_interfaces/include/my_robot_interfaces/my_robot_interfaces/srv/detail/compute_rectangle_area__type_support.cpp
[2.824s] -- Up-to-date: /home/robot/ws_moveit2/install/my_robot_interfaces/include/my_robot_interfaces/my_robot_interfaces/srv/detail/set_led__type_support.cpp
[2.826s] -- Up-to-date: /home/robot/ws_moveit2/install/my_robot_interfaces/lib/libmy_robot_interfaces__rosidl_typesupport_introspection_cpp.so
[2.826s] -- Up-to-date: /home/robot/ws_moveit2/install/my_robot_interfaces/lib/libmy_robot_interfaces__rosidl_typesupport_cpp.so
[2.826s] -- Up-to-date: /home/robot/ws_moveit2/install/my_robot_interfaces/share/my_robot_interfaces/environment/pythonpath.sh
[2.827s] -- Up-to-date: /home/robot/ws_moveit2/install/my_robot_interfaces/share/my_robot_interfaces/environment/pythonpath.dsv
[2.827s] -- Up-to-date: /home/robot/ws_moveit2/install/my_robot_interfaces/local/lib/python3.10/dist-packages/my_robot_interfaces-0.0.0-py3.10.egg-info
[2.827s] -- Installing: /home/robot/ws_moveit2/install/my_robot_interfaces/local/lib/python3.10/dist-packages/my_robot_interfaces-0.0.0-py3.10.egg-info/dependency_links.txt
[2.827s] -- Installing: /home/robot/ws_moveit2/install/my_robot_interfaces/local/lib/python3.10/dist-packages/my_robot_interfaces-0.0.0-py3.10.egg-info/PKG-INFO
[2.827s] -- Installing: /home/robot/ws_moveit2/install/my_robot_interfaces/local/lib/python3.10/dist-packages/my_robot_interfaces-0.0.0-py3.10.egg-info/SOURCES.txt
[2.827s] -- Installing: /home/robot/ws_moveit2/install/my_robot_interfaces/local/lib/python3.10/dist-packages/my_robot_interfaces-0.0.0-py3.10.egg-info/top_level.txt
[2.827s] -- Up-to-date: /home/robot/ws_moveit2/install/my_robot_interfaces/local/lib/python3.10/dist-packages/my_robot_interfaces
[2.827s] -- Up-to-date: /home/robot/ws_moveit2/install/my_robot_interfaces/local/lib/python3.10/dist-packages/my_robot_interfaces/action
[2.827s] -- Up-to-date: /home/robot/ws_moveit2/install/my_robot_interfaces/local/lib/python3.10/dist-packages/my_robot_interfaces/action/_one_servo.py
[2.828s] -- Up-to-date: /home/robot/ws_moveit2/install/my_robot_interfaces/local/lib/python3.10/dist-packages/my_robot_interfaces/action/_count_until_s.c
[2.828s] -- Up-to-date: /home/robot/ws_moveit2/install/my_robot_interfaces/local/lib/python3.10/dist-packages/my_robot_interfaces/action/_count_until.py
[2.828s] -- Up-to-date: /home/robot/ws_moveit2/install/my_robot_interfaces/local/lib/python3.10/dist-packages/my_robot_interfaces/action/__init__.py
[2.828s] -- Up-to-date: /home/robot/ws_moveit2/install/my_robot_interfaces/local/lib/python3.10/dist-packages/my_robot_interfaces/action/_one_servo_s.c
[2.828s] -- Up-to-date: /home/robot/ws_moveit2/install/my_robot_interfaces/local/lib/python3.10/dist-packages/my_robot_interfaces/msg
[2.828s] -- Up-to-date: /home/robot/ws_moveit2/install/my_robot_interfaces/local/lib/python3.10/dist-packages/my_robot_interfaces/msg/_hardware_status.py
[2.828s] -- Up-to-date: /home/robot/ws_moveit2/install/my_robot_interfaces/local/lib/python3.10/dist-packages/my_robot_interfaces/msg/_led_panel_state.py
[2.828s] -- Up-to-date: /home/robot/ws_moveit2/install/my_robot_interfaces/local/lib/python3.10/dist-packages/my_robot_interfaces/msg/_hardware_status_s.c
[2.834s] -- Up-to-date: /home/robot/ws_moveit2/install/my_robot_interfaces/local/lib/python3.10/dist-packages/my_robot_interfaces/msg/__init__.py
[2.834s] -- Up-to-date: /home/robot/ws_moveit2/install/my_robot_interfaces/local/lib/python3.10/dist-packages/my_robot_interfaces/msg/_led_panel_state_s.c
[2.834s] -- Up-to-date: /home/robot/ws_moveit2/install/my_robot_interfaces/local/lib/python3.10/dist-packages/my_robot_interfaces/_my_robot_interfaces_s.ep.rosidl_typesupport_fastrtps_c.c
[2.834s] -- Up-to-date: /home/robot/ws_moveit2/install/my_robot_interfaces/local/lib/python3.10/dist-packages/my_robot_interfaces/_my_robot_interfaces_s.ep.rosidl_typesupport_introspection_c.c
[2.834s] -- Up-to-date: /home/robot/ws_moveit2/install/my_robot_interfaces/local/lib/python3.10/dist-packages/my_robot_interfaces/libmy_robot_interfaces__rosidl_generator_py.so
[2.834s] -- Up-to-date: /home/robot/ws_moveit2/install/my_robot_interfaces/local/lib/python3.10/dist-packages/my_robot_interfaces/srv
[2.834s] -- Up-to-date: /home/robot/ws_moveit2/install/my_robot_interfaces/local/lib/python3.10/dist-packages/my_robot_interfaces/srv/_set_led.py
[2.834s] -- Up-to-date: /home/robot/ws_moveit2/install/my_robot_interfaces/local/lib/python3.10/dist-packages/my_robot_interfaces/srv/_set_led_s.c
[2.835s] -- Up-to-date: /home/robot/ws_moveit2/install/my_robot_interfaces/local/lib/python3.10/dist-packages/my_robot_interfaces/srv/_compute_rectangle_area.py
[2.835s] -- Up-to-date: /home/robot/ws_moveit2/install/my_robot_interfaces/local/lib/python3.10/dist-packages/my_robot_interfaces/srv/__init__.py
[2.835s] -- Up-to-date: /home/robot/ws_moveit2/install/my_robot_interfaces/local/lib/python3.10/dist-packages/my_robot_interfaces/srv/_compute_rectangle_area_s.c
[2.835s] -- Up-to-date: /home/robot/ws_moveit2/install/my_robot_interfaces/local/lib/python3.10/dist-packages/my_robot_interfaces/_my_robot_interfaces_s.ep.rosidl_typesupport_c.c
[2.835s] -- Up-to-date: /home/robot/ws_moveit2/install/my_robot_interfaces/local/lib/python3.10/dist-packages/my_robot_interfaces/__init__.py
[2.835s] -- Up-to-date: /home/robot/ws_moveit2/install/my_robot_interfaces/local/lib/python3.10/dist-packages/my_robot_interfaces/my_robot_interfaces_s__rosidl_typesupport_c.cpython-310-x86_64-linux-gnu.so
[2.835s] -- Up-to-date: /home/robot/ws_moveit2/install/my_robot_interfaces/local/lib/python3.10/dist-packages/my_robot_interfaces/my_robot_interfaces_s__rosidl_typesupport_introspection_c.cpython-310-x86_64-linux-gnu.so
[2.835s] -- Up-to-date: /home/robot/ws_moveit2/install/my_robot_interfaces/local/lib/python3.10/dist-packages/my_robot_interfaces/my_robot_interfaces_s__rosidl_typesupport_fastrtps_c.cpython-310-x86_64-linux-gnu.so
[2.941s] Listing '/home/robot/ws_moveit2/install/my_robot_interfaces/local/lib/python3.10/dist-packages/my_robot_interfaces'...
[2.942s] Listing '/home/robot/ws_moveit2/install/my_robot_interfaces/local/lib/python3.10/dist-packages/my_robot_interfaces/action'...
[2.942s] Listing '/home/robot/ws_moveit2/install/my_robot_interfaces/local/lib/python3.10/dist-packages/my_robot_interfaces/msg'...
[2.942s] Listing '/home/robot/ws_moveit2/install/my_robot_interfaces/local/lib/python3.10/dist-packages/my_robot_interfaces/srv'...
[2.953s] -- Up-to-date: /home/robot/ws_moveit2/install/my_robot_interfaces/local/lib/python3.10/dist-packages/my_robot_interfaces/my_robot_interfaces_s__rosidl_typesupport_fastrtps_c.cpython-310-x86_64-linux-gnu.so
[2.957s] -- Up-to-date: /home/robot/ws_moveit2/install/my_robot_interfaces/local/lib/python3.10/dist-packages/my_robot_interfaces/my_robot_interfaces_s__rosidl_typesupport_introspection_c.cpython-310-x86_64-linux-gnu.so
[2.957s] -- Up-to-date: /home/robot/ws_moveit2/install/my_robot_interfaces/local/lib/python3.10/dist-packages/my_robot_interfaces/my_robot_interfaces_s__rosidl_typesupport_c.cpython-310-x86_64-linux-gnu.so
[2.958s] -- Up-to-date: /home/robot/ws_moveit2/install/my_robot_interfaces/lib/libmy_robot_interfaces__rosidl_generator_py.so
[2.959s] -- Up-to-date: /home/robot/ws_moveit2/install/my_robot_interfaces/share/my_robot_interfaces/msg/HardwareStatus.idl
[2.959s] -- Up-to-date: /home/robot/ws_moveit2/install/my_robot_interfaces/share/my_robot_interfaces/msg/LedPanelState.idl
[2.959s] -- Up-to-date: /home/robot/ws_moveit2/install/my_robot_interfaces/share/my_robot_interfaces/srv/ComputeRectangleArea.idl
[2.959s] -- Up-to-date: /home/robot/ws_moveit2/install/my_robot_interfaces/share/my_robot_interfaces/srv/SetLed.idl
[2.959s] -- Up-to-date: /home/robot/ws_moveit2/install/my_robot_interfaces/share/my_robot_interfaces/action/CountUntil.idl
[2.960s] -- Up-to-date: /home/robot/ws_moveit2/install/my_robot_interfaces/share/my_robot_interfaces/action/OneServo.idl
[2.960s] -- Up-to-date: /home/robot/ws_moveit2/install/my_robot_interfaces/share/my_robot_interfaces/msg/HardwareStatus.msg
[2.960s] -- Up-to-date: /home/robot/ws_moveit2/install/my_robot_interfaces/share/my_robot_interfaces/msg/LedPanelState.msg
[2.960s] -- Up-to-date: /home/robot/ws_moveit2/install/my_robot_interfaces/share/my_robot_interfaces/srv/ComputeRectangleArea.srv
[2.960s] -- Up-to-date: /home/robot/ws_moveit2/install/my_robot_interfaces/share/my_robot_interfaces/srv/ComputeRectangleArea_Request.msg
[2.960s] -- Up-to-date: /home/robot/ws_moveit2/install/my_robot_interfaces/share/my_robot_interfaces/srv/ComputeRectangleArea_Response.msg
[2.962s] -- Up-to-date: /home/robot/ws_moveit2/install/my_robot_interfaces/share/my_robot_interfaces/srv/SetLed.srv
[2.962s] -- Up-to-date: /home/robot/ws_moveit2/install/my_robot_interfaces/share/my_robot_interfaces/srv/SetLed_Request.msg
[2.963s] -- Up-to-date: /home/robot/ws_moveit2/install/my_robot_interfaces/share/my_robot_interfaces/srv/SetLed_Response.msg
[2.963s] -- Up-to-date: /home/robot/ws_moveit2/install/my_robot_interfaces/share/my_robot_interfaces/action/CountUntil.action
[2.963s] -- Up-to-date: /home/robot/ws_moveit2/install/my_robot_interfaces/share/my_robot_interfaces/action/OneServo.action
[2.963s] -- Up-to-date: /home/robot/ws_moveit2/install/my_robot_interfaces/share/ament_index/resource_index/package_run_dependencies/my_robot_interfaces
[2.964s] -- Up-to-date: /home/robot/ws_moveit2/install/my_robot_interfaces/share/ament_index/resource_index/parent_prefix_path/my_robot_interfaces
[2.964s] -- Up-to-date: /home/robot/ws_moveit2/install/my_robot_interfaces/share/my_robot_interfaces/environment/ament_prefix_path.sh
[2.964s] -- Up-to-date: /home/robot/ws_moveit2/install/my_robot_interfaces/share/my_robot_interfaces/environment/ament_prefix_path.dsv
[2.964s] -- Up-to-date: /home/robot/ws_moveit2/install/my_robot_interfaces/share/my_robot_interfaces/environment/path.sh
[2.965s] -- Up-to-date: /home/robot/ws_moveit2/install/my_robot_interfaces/share/my_robot_interfaces/environment/path.dsv
[2.965s] -- Up-to-date: /home/robot/ws_moveit2/install/my_robot_interfaces/share/my_robot_interfaces/local_setup.bash
[2.965s] -- Up-to-date: /home/robot/ws_moveit2/install/my_robot_interfaces/share/my_robot_interfaces/local_setup.sh
[2.965s] -- Up-to-date: /home/robot/ws_moveit2/install/my_robot_interfaces/share/my_robot_interfaces/local_setup.zsh
[2.965s] -- Up-to-date: /home/robot/ws_moveit2/install/my_robot_interfaces/share/my_robot_interfaces/local_setup.dsv
[2.966s] -- Installing: /home/robot/ws_moveit2/install/my_robot_interfaces/share/my_robot_interfaces/package.dsv
[2.966s] -- Up-to-date: /home/robot/ws_moveit2/install/my_robot_interfaces/share/ament_index/resource_index/packages/my_robot_interfaces
[2.967s] -- Up-to-date: /home/robot/ws_moveit2/install/my_robot_interfaces/share/my_robot_interfaces/cmake/export_my_robot_interfaces__rosidl_generator_cExport.cmake
[2.967s] -- Up-to-date: /home/robot/ws_moveit2/install/my_robot_interfaces/share/my_robot_interfaces/cmake/export_my_robot_interfaces__rosidl_generator_cExport-release.cmake
[2.967s] -- Up-to-date: /home/robot/ws_moveit2/install/my_robot_interfaces/share/my_robot_interfaces/cmake/export_my_robot_interfaces__rosidl_typesupport_fastrtps_cExport.cmake
[2.968s] -- Up-to-date: /home/robot/ws_moveit2/install/my_robot_interfaces/share/my_robot_interfaces/cmake/export_my_robot_interfaces__rosidl_typesupport_fastrtps_cExport-release.cmake
[2.968s] -- Up-to-date: /home/robot/ws_moveit2/install/my_robot_interfaces/share/my_robot_interfaces/cmake/my_robot_interfaces__rosidl_typesupport_introspection_cExport.cmake
[2.968s] -- Up-to-date: /home/robot/ws_moveit2/install/my_robot_interfaces/share/my_robot_interfaces/cmake/my_robot_interfaces__rosidl_typesupport_introspection_cExport-release.cmake
[2.968s] -- Up-to-date: /home/robot/ws_moveit2/install/my_robot_interfaces/share/my_robot_interfaces/cmake/my_robot_interfaces__rosidl_typesupport_cExport.cmake
[2.968s] -- Up-to-date: /home/robot/ws_moveit2/install/my_robot_interfaces/share/my_robot_interfaces/cmake/my_robot_interfaces__rosidl_typesupport_cExport-release.cmake
[2.970s] -- Up-to-date: /home/robot/ws_moveit2/install/my_robot_interfaces/share/my_robot_interfaces/cmake/export_my_robot_interfaces__rosidl_generator_cppExport.cmake
[2.970s] -- Up-to-date: /home/robot/ws_moveit2/install/my_robot_interfaces/share/my_robot_interfaces/cmake/export_my_robot_interfaces__rosidl_typesupport_fastrtps_cppExport.cmake
[2.970s] -- Up-to-date: /home/robot/ws_moveit2/install/my_robot_interfaces/share/my_robot_interfaces/cmake/export_my_robot_interfaces__rosidl_typesupport_fastrtps_cppExport-release.cmake
[2.970s] -- Up-to-date: /home/robot/ws_moveit2/install/my_robot_interfaces/share/my_robot_interfaces/cmake/my_robot_interfaces__rosidl_typesupport_introspection_cppExport.cmake
[2.970s] -- Up-to-date: /home/robot/ws_moveit2/install/my_robot_interfaces/share/my_robot_interfaces/cmake/my_robot_interfaces__rosidl_typesupport_introspection_cppExport-release.cmake
[2.970s] -- Up-to-date: /home/robot/ws_moveit2/install/my_robot_interfaces/share/my_robot_interfaces/cmake/my_robot_interfaces__rosidl_typesupport_cppExport.cmake
[2.971s] -- Up-to-date: /home/robot/ws_moveit2/install/my_robot_interfaces/share/my_robot_interfaces/cmake/my_robot_interfaces__rosidl_typesupport_cppExport-release.cmake
[2.971s] -- Up-to-date: /home/robot/ws_moveit2/install/my_robot_interfaces/share/my_robot_interfaces/cmake/export_my_robot_interfaces__rosidl_generator_pyExport.cmake
[2.971s] -- Up-to-date: /home/robot/ws_moveit2/install/my_robot_interfaces/share/my_robot_interfaces/cmake/export_my_robot_interfaces__rosidl_generator_pyExport-release.cmake
[2.972s] -- Up-to-date: /home/robot/ws_moveit2/install/my_robot_interfaces/share/my_robot_interfaces/cmake/rosidl_cmake-extras.cmake
[2.974s] -- Up-to-date: /home/robot/ws_moveit2/install/my_robot_interfaces/share/my_robot_interfaces/cmake/ament_cmake_export_dependencies-extras.cmake
[2.974s] -- Up-to-date: /home/robot/ws_moveit2/install/my_robot_interfaces/share/my_robot_interfaces/cmake/ament_cmake_export_include_directories-extras.cmake
[2.974s] -- Up-to-date: /home/robot/ws_moveit2/install/my_robot_interfaces/share/my_robot_interfaces/cmake/ament_cmake_export_libraries-extras.cmake
[2.974s] -- Up-to-date: /home/robot/ws_moveit2/install/my_robot_interfaces/share/my_robot_interfaces/cmake/ament_cmake_export_targets-extras.cmake
[2.974s] -- Up-to-date: /home/robot/ws_moveit2/install/my_robot_interfaces/share/my_robot_interfaces/cmake/rosidl_cmake_export_typesupport_targets-extras.cmake
[2.974s] -- Up-to-date: /home/robot/ws_moveit2/install/my_robot_interfaces/share/my_robot_interfaces/cmake/rosidl_cmake_export_typesupport_libraries-extras.cmake
[2.975s] -- Up-to-date: /home/robot/ws_moveit2/install/my_robot_interfaces/share/my_robot_interfaces/cmake/my_robot_interfacesConfig.cmake
[2.975s] -- Up-to-date: /home/robot/ws_moveit2/install/my_robot_interfaces/share/my_robot_interfaces/cmake/my_robot_interfacesConfig-version.cmake
[2.975s] -- Up-to-date: /home/robot/ws_moveit2/install/my_robot_interfaces/share/my_robot_interfaces/package.xml
[2.980s] Invoked command in '/home/robot/ws_moveit2/build/my_robot_interfaces' returned '0': CMAKE_PREFIX_PATH=${CMAKE_PREFIX_PATH}:/home/robot/ws_moveit2/install/moveit_configs_utils:/home/robot/ws_moveit2/install/myrobot_3D_movit_config:/home/robot/ws_moveit2/install/my_robot_first_servo_control:/home/robot/ws_moveit2/install/my_pybullet_package:/home/robot/ws_moveit2/install/launch_param_builder:/home/robot/ros2_ws/install/my_turtlesim_project:/home/robot/ros2_ws/install/my_robot_first_servo_control:/home/robot/ros2_ws/install/my_py_pkg:/home/robot/ros2_ws/install/actions_py:/opt/ros/humble /usr/bin/cmake --install /home/robot/ws_moveit2/build/my_robot_interfaces
