[0.067s] Invoking command in '/home/robot/ws_moveit2/build/moveit_core': CMAKE_PREFIX_PATH=/home/robot/ws_moveit2/install/moveit_resources_panda_moveit_config:/home/robot/ws_moveit2/install/srdfdom:/home/robot/ws_moveit2/install/moveit_resources_pr2_description:/home/robot/ws_moveit2/install/moveit_resources_panda_description:/home/robot/ws_moveit2/install/moveit_common:/home/robot/ws_moveit2/install/dragon_hello_moveit:/home/robot/ws_moveit2/install/pilz_industrial_motion_planner_testutils:/home/robot/ws_moveit2/install/myrobot_moveit_config:/home/robot/ws_moveit2/install/moveit_runtime:/home/robot/ws_moveit2/install/moveit2_tutorials:/home/robot/ws_moveit2/install/moveit:/home/robot/ws_moveit2/install/dragon_moveit_config:/home/robot/ws_moveit2/install/moveit_planners:/home/robot/ws_moveit2/install/pilz_industrial_motion_planner:/home/robot/ws_moveit2/install/ompl_constrained_planning:/home/robot/ws_moveit2/install/myrobot_ompl_constrained_planning:/home/robot/ws_moveit2/install/myrobot_hello_moveit:/home/robot/ws_moveit2/install/mtc_tutorial:/home/robot/ws_moveit2/install/moveit_visual_tools:/home/robot/ws_moveit2/install/moveit_task_constructor_visualization:/home/robot/ws_moveit2/install/moveit_task_constructor_demo:/home/robot/ws_moveit2/install/moveit_task_constructor_capabilities:/home/robot/ws_moveit2/install/moveit_task_constructor_core:/home/robot/ws_moveit2/install/moveit_ros_control_interface:/home/robot/ws_moveit2/install/moveit_plugins:/home/robot/ws_moveit2/install/moveit_simple_controller_manager:/home/robot/ws_moveit2/install/moveit_setup_assistant:/home/robot/ws_moveit2/install/moveit_setup_srdf_plugins:/home/robot/ws_moveit2/install/moveit_setup_core_plugins:/home/robot/ws_moveit2/install/moveit_setup_controllers:/home/robot/ws_moveit2/install/moveit_setup_app_plugins:/home/robot/ws_moveit2/install/moveit_setup_framework:/home/robot/ws_moveit2/install/moveit_servo:/home/robot/ws_moveit2/install/moveit_ros:/home/robot/ws_moveit2/install/moveit_ros_visualization:/home/robot/ws_moveit2/install/moveit_hybrid_planning:/home/robot/ws_moveit2/install/moveit_ros_planning_interface:/home/robot/ws_moveit2/install/moveit_ros_benchmarks:/home/robot/ws_moveit2/install/moveit_ros_warehouse:/home/robot/ws_moveit2/install/moveit_ros_robot_interaction:/home/robot/ws_moveit2/install/moveit_ros_perception:/home/robot/ws_moveit2/install/moveit_resources_prbt_pg70_support:/home/robot/ws_moveit2/install/moveit_resources_prbt_moveit_config:/home/robot/ws_moveit2/install/moveit_ros_move_group:/home/robot/ws_moveit2/install/moveit_planners_ompl:/home/robot/ws_moveit2/install/moveit_ros_planning:/home/robot/ws_moveit2/install/moveit_ros_occupancy_map_monitor:/home/robot/ws_moveit2/install/moveit_resources_prbt_ikfast_manipulator_plugin:/home/robot/ws_moveit2/install/moveit_planners_chomp:/home/robot/ws_moveit2/install/moveit_kinematics:/home/robot/ws_moveit2/install/moveit_chomp_optimizer_adapter:/home/robot/ws_moveit2/install/chomp_motion_planner:/home/robot/ws_moveit2/install/moveit_core:/home/robot/ws_moveit2/install/rviz_marker_tools:/home/robot/ws_moveit2/install/rosparam_shortcuts:/home/robot/ws_moveit2/install/my_robot_interfaces:/home/robot/ws_moveit2/install/moveit_task_constructor_msgs:/home/robot/ws_moveit2/install/moveit_resources_prbt_support:/home/robot/ws_moveit2/install/moveit_resources:/home/robot/ws_moveit2/install/moveit_resources_fanuc_moveit_config:/home/robot/ws_moveit2/install/moveit_resources_fanuc_description:/home/robot/ws_moveit2/install/moveit_resources_dragon_description:/home/robot/ros2_ws/install/my_robot_bringup:/home/robot/ros2_ws/install/my_robot_interfaces:/home/robot/ros2_ws/install/my_robot_firstrobot:/home/robot/ros2_ws/install/my_robot_first_roboticarm:/home/robot/ros2_ws/install/my_cpp_pkg:/home/robot/ws_moveit2/install/moveit_configs_utils:/home/robot/ws_moveit2/install/myrobot_3D_movit_config:/home/robot/ws_moveit2/install/my_robot_first_servo_control:/home/robot/ws_moveit2/install/my_pybullet_package:/home/robot/ws_moveit2/install/launch_param_builder:/home/robot/ros2_ws/install/my_turtlesim_project:/home/robot/ros2_ws/install/my_robot_first_servo_control:/home/robot/ros2_ws/install/my_py_pkg:/home/robot/ros2_ws/install/actions_py:/opt/ros/humble LD_LIBRARY_PATH=/home/robot/ws_moveit2/install/srdfdom/lib:/home/robot/ws_moveit2/install/pilz_industrial_motion_planner_testutils/lib:/home/robot/ws_moveit2/install/pilz_industrial_motion_planner/lib:/home/robot/ws_moveit2/install/moveit_visual_tools/lib:/home/robot/ws_moveit2/install/moveit_task_constructor_visualization/lib:/home/robot/ws_moveit2/install/moveit_task_constructor_demo/lib:/home/robot/ws_moveit2/install/moveit_task_constructor_capabilities/lib:/home/robot/ws_moveit2/install/moveit_task_constructor_core/lib:/home/robot/ws_moveit2/install/moveit_ros_control_interface/lib:/home/robot/ws_moveit2/install/moveit_simple_controller_manager/lib:/home/robot/ws_moveit2/install/moveit_setup_assistant/lib:/home/robot/ws_moveit2/install/moveit_setup_srdf_plugins/lib:/home/robot/ws_moveit2/install/moveit_setup_core_plugins/lib:/home/robot/ws_moveit2/install/moveit_setup_controllers/lib:/home/robot/ws_moveit2/install/moveit_setup_app_plugins/lib:/home/robot/ws_moveit2/install/moveit_setup_framework/lib:/home/robot/ws_moveit2/install/moveit_servo/lib:/home/robot/ws_moveit2/install/moveit_ros_visualization/lib:/home/robot/ws_moveit2/install/moveit_hybrid_planning/lib:/home/robot/ws_moveit2/install/moveit_ros_planning_interface/lib:/home/robot/ws_moveit2/install/moveit_ros_benchmarks/lib:/home/robot/ws_moveit2/install/moveit_ros_warehouse/lib:/home/robot/ws_moveit2/install/moveit_ros_robot_interaction/lib:/home/robot/ws_moveit2/install/moveit_ros_perception/lib:/home/robot/ws_moveit2/install/moveit_ros_move_group/lib:/home/robot/ws_moveit2/install/moveit_planners_ompl/lib:/home/robot/ws_moveit2/install/moveit_ros_planning/lib:/home/robot/ws_moveit2/install/moveit_ros_occupancy_map_monitor/lib:/home/robot/ws_moveit2/install/moveit_resources_prbt_ikfast_manipulator_plugin/lib:/home/robot/ws_moveit2/install/moveit_planners_chomp/lib:/home/robot/ws_moveit2/install/moveit_kinematics/lib:/home/robot/ws_moveit2/install/moveit_chomp_optimizer_adapter/lib:/home/robot/ws_moveit2/install/chomp_motion_planner/lib:/home/robot/ws_moveit2/install/moveit_core/lib:/home/robot/ws_moveit2/install/rviz_marker_tools/lib:/home/robot/ws_moveit2/install/rosparam_shortcuts/lib:/home/robot/ws_moveit2/install/my_robot_interfaces/lib:/home/robot/ws_moveit2/install/moveit_task_constructor_msgs/lib:/home/robot/ros2_ws/install/my_robot_interfaces/lib:/usr/lib/x86_64-linux-gnu/gazebo-11/plugins:/opt/ros/humble/opt/rviz_ogre_vendor/lib:/opt/ros/humble/lib/x86_64-linux-gnu:/opt/ros/humble/lib /usr/bin/cmake --build /home/robot/ws_moveit2/build/moveit_core -- -j4 -l4
[0.486s] [  1%] Built target moveit_transforms
[0.631s] [  3%] Built target moveit_distance_field
[0.803s] [  5%] Built target moveit_utils
[1.043s] [  6%] Built target gtest
[1.173s] [  7%] Built target gtest_main
[1.305s] [  9%] Built target gmock
[1.427s] [ 10%] Built target gmock_main
[1.578s] [ 11%] Built target test_voxel_grid
[1.741s] [ 12%] Built target test_distance_field
[1.906s] [ 13%] Built target moveit_smoothing_base
[1.996s] [ 14%] Built target moveit_butterworth_parameters
[2.124s] [ 15%] Built target test_transforms
[2.214s] [ 17%] Built target moveit_version
[2.322s] [ 18%] Built target moveit_kinematics_base
[2.418s] [ 19%] Built target moveit_exceptions
[2.571s] [ 26%] Built target moveit_robot_model
[2.691s] [ 29%] Built target moveit_robot_state
[2.814s] [ 30%] Built target moveit_butterworth_filter
[2.944s] [ 31%] Built target moveit_robot_trajectory
[3.070s] [ 33%] Built target moveit_dynamics_solver
[3.210s] [ 34%] Built target moveit_kinematics_metrics
[3.292s] [ 35%] Built target test_butterworth_filter
[3.404s] [ 37%] Built target moveit_planning_interface
[3.549s] [ 41%] Built target moveit_trajectory_processing
[3.725s] [ 47%] Built target moveit_collision_detection
[3.846s] [ 48%] Built target moveit_test_utils
[4.015s] [ 50%] Built target test_world_diff
[4.158s] [ 51%] Built target test_all_valid
[4.335s] [ 56%] Built target moveit_collision_detection_bullet
[4.468s] [ 57%] Built target test_robot_model
[4.607s] [ 59%] Built target test_robot_state
[4.732s] [ 60%] Built target test_robot_state_benchmark
[4.852s] [ 61%] Built target test_robot_state_complex
[4.968s] [ 62%] Built target test_aabb
[5.098s] [ 63%] Built target test_cartesian_interpolator
[5.204s] [ 64%] Built target test_robot_trajectory
[5.321s] [ 65%] Built target test_time_parameterization
[5.448s] [ 67%] Built target test_time_optimal_trajectory_generation
[5.579s] [ 68%] Built target test_ruckig_traj_smoothing
[5.706s] [ 69%] Built target test_bullet_collision_detection
[5.849s] [ 70%] Built target test_bullet_collision_detection_panda
[6.011s] [ 72%] Built target test_bullet_continuous_collision_checking
[6.134s] [ 73%] Built target test_world
[6.321s] [ 75%] Built target moveit_collision_detection_fcl
[6.497s] [ 77%] Built target moveit_kinematic_constraints
[6.643s] [ 78%] Built target test_fcl_collision_detection_panda
[6.791s] [ 79%] Built target moveit_planning_scene
[6.893s] [ 80%] Built target test_constraints
[7.006s] [ 81%] Built target test_orientation_constraints
[7.125s] [ 82%] Built target moveit_planning_request_adapter
[7.272s] [ 83%] Built target test_planning_scene
[7.459s] [ 84%] Built target test_collision_objects
[7.599s] [ 85%] Built target test_multi_threaded
[7.701s] [ 86%] Built target collision_detector_bullet_plugin
[7.834s] [ 87%] Built target collision_detector_fcl_plugin
[8.032s] [ 90%] Built target moveit_collision_distance_field
[8.196s] [ 93%] Built target moveit_constraint_samplers
[8.333s] [ 94%] Built target test_collision_distance_field
[8.497s] [ 97%] Built target test_constraint_samplers
[8.651s] [ 98%] Built target test_fcl_collision_detection
[8.799s] [100%] Built target test_fcl_collision_env
[8.847s] Invoked command in '/home/robot/ws_moveit2/build/moveit_core' returned '0': CMAKE_PREFIX_PATH=/home/robot/ws_moveit2/install/moveit_resources_panda_moveit_config:/home/robot/ws_moveit2/install/srdfdom:/home/robot/ws_moveit2/install/moveit_resources_pr2_description:/home/robot/ws_moveit2/install/moveit_resources_panda_description:/home/robot/ws_moveit2/install/moveit_common:/home/robot/ws_moveit2/install/dragon_hello_moveit:/home/robot/ws_moveit2/install/pilz_industrial_motion_planner_testutils:/home/robot/ws_moveit2/install/myrobot_moveit_config:/home/robot/ws_moveit2/install/moveit_runtime:/home/robot/ws_moveit2/install/moveit2_tutorials:/home/robot/ws_moveit2/install/moveit:/home/robot/ws_moveit2/install/dragon_moveit_config:/home/robot/ws_moveit2/install/moveit_planners:/home/robot/ws_moveit2/install/pilz_industrial_motion_planner:/home/robot/ws_moveit2/install/ompl_constrained_planning:/home/robot/ws_moveit2/install/myrobot_ompl_constrained_planning:/home/robot/ws_moveit2/install/myrobot_hello_moveit:/home/robot/ws_moveit2/install/mtc_tutorial:/home/robot/ws_moveit2/install/moveit_visual_tools:/home/robot/ws_moveit2/install/moveit_task_constructor_visualization:/home/robot/ws_moveit2/install/moveit_task_constructor_demo:/home/robot/ws_moveit2/install/moveit_task_constructor_capabilities:/home/robot/ws_moveit2/install/moveit_task_constructor_core:/home/robot/ws_moveit2/install/moveit_ros_control_interface:/home/robot/ws_moveit2/install/moveit_plugins:/home/robot/ws_moveit2/install/moveit_simple_controller_manager:/home/robot/ws_moveit2/install/moveit_setup_assistant:/home/robot/ws_moveit2/install/moveit_setup_srdf_plugins:/home/robot/ws_moveit2/install/moveit_setup_core_plugins:/home/robot/ws_moveit2/install/moveit_setup_controllers:/home/robot/ws_moveit2/install/moveit_setup_app_plugins:/home/robot/ws_moveit2/install/moveit_setup_framework:/home/robot/ws_moveit2/install/moveit_servo:/home/robot/ws_moveit2/install/moveit_ros:/home/robot/ws_moveit2/install/moveit_ros_visualization:/home/robot/ws_moveit2/install/moveit_hybrid_planning:/home/robot/ws_moveit2/install/moveit_ros_planning_interface:/home/robot/ws_moveit2/install/moveit_ros_benchmarks:/home/robot/ws_moveit2/install/moveit_ros_warehouse:/home/robot/ws_moveit2/install/moveit_ros_robot_interaction:/home/robot/ws_moveit2/install/moveit_ros_perception:/home/robot/ws_moveit2/install/moveit_resources_prbt_pg70_support:/home/robot/ws_moveit2/install/moveit_resources_prbt_moveit_config:/home/robot/ws_moveit2/install/moveit_ros_move_group:/home/robot/ws_moveit2/install/moveit_planners_ompl:/home/robot/ws_moveit2/install/moveit_ros_planning:/home/robot/ws_moveit2/install/moveit_ros_occupancy_map_monitor:/home/robot/ws_moveit2/install/moveit_resources_prbt_ikfast_manipulator_plugin:/home/robot/ws_moveit2/install/moveit_planners_chomp:/home/robot/ws_moveit2/install/moveit_kinematics:/home/robot/ws_moveit2/install/moveit_chomp_optimizer_adapter:/home/robot/ws_moveit2/install/chomp_motion_planner:/home/robot/ws_moveit2/install/moveit_core:/home/robot/ws_moveit2/install/rviz_marker_tools:/home/robot/ws_moveit2/install/rosparam_shortcuts:/home/robot/ws_moveit2/install/my_robot_interfaces:/home/robot/ws_moveit2/install/moveit_task_constructor_msgs:/home/robot/ws_moveit2/install/moveit_resources_prbt_support:/home/robot/ws_moveit2/install/moveit_resources:/home/robot/ws_moveit2/install/moveit_resources_fanuc_moveit_config:/home/robot/ws_moveit2/install/moveit_resources_fanuc_description:/home/robot/ws_moveit2/install/moveit_resources_dragon_description:/home/robot/ros2_ws/install/my_robot_bringup:/home/robot/ros2_ws/install/my_robot_interfaces:/home/robot/ros2_ws/install/my_robot_firstrobot:/home/robot/ros2_ws/install/my_robot_first_roboticarm:/home/robot/ros2_ws/install/my_cpp_pkg:/home/robot/ws_moveit2/install/moveit_configs_utils:/home/robot/ws_moveit2/install/myrobot_3D_movit_config:/home/robot/ws_moveit2/install/my_robot_first_servo_control:/home/robot/ws_moveit2/install/my_pybullet_package:/home/robot/ws_moveit2/install/launch_param_builder:/home/robot/ros2_ws/install/my_turtlesim_project:/home/robot/ros2_ws/install/my_robot_first_servo_control:/home/robot/ros2_ws/install/my_py_pkg:/home/robot/ros2_ws/install/actions_py:/opt/ros/humble LD_LIBRARY_PATH=/home/robot/ws_moveit2/install/srdfdom/lib:/home/robot/ws_moveit2/install/pilz_industrial_motion_planner_testutils/lib:/home/robot/ws_moveit2/install/pilz_industrial_motion_planner/lib:/home/robot/ws_moveit2/install/moveit_visual_tools/lib:/home/robot/ws_moveit2/install/moveit_task_constructor_visualization/lib:/home/robot/ws_moveit2/install/moveit_task_constructor_demo/lib:/home/robot/ws_moveit2/install/moveit_task_constructor_capabilities/lib:/home/robot/ws_moveit2/install/moveit_task_constructor_core/lib:/home/robot/ws_moveit2/install/moveit_ros_control_interface/lib:/home/robot/ws_moveit2/install/moveit_simple_controller_manager/lib:/home/robot/ws_moveit2/install/moveit_setup_assistant/lib:/home/robot/ws_moveit2/install/moveit_setup_srdf_plugins/lib:/home/robot/ws_moveit2/install/moveit_setup_core_plugins/lib:/home/robot/ws_moveit2/install/moveit_setup_controllers/lib:/home/robot/ws_moveit2/install/moveit_setup_app_plugins/lib:/home/robot/ws_moveit2/install/moveit_setup_framework/lib:/home/robot/ws_moveit2/install/moveit_servo/lib:/home/robot/ws_moveit2/install/moveit_ros_visualization/lib:/home/robot/ws_moveit2/install/moveit_hybrid_planning/lib:/home/robot/ws_moveit2/install/moveit_ros_planning_interface/lib:/home/robot/ws_moveit2/install/moveit_ros_benchmarks/lib:/home/robot/ws_moveit2/install/moveit_ros_warehouse/lib:/home/robot/ws_moveit2/install/moveit_ros_robot_interaction/lib:/home/robot/ws_moveit2/install/moveit_ros_perception/lib:/home/robot/ws_moveit2/install/moveit_ros_move_group/lib:/home/robot/ws_moveit2/install/moveit_planners_ompl/lib:/home/robot/ws_moveit2/install/moveit_ros_planning/lib:/home/robot/ws_moveit2/install/moveit_ros_occupancy_map_monitor/lib:/home/robot/ws_moveit2/install/moveit_resources_prbt_ikfast_manipulator_plugin/lib:/home/robot/ws_moveit2/install/moveit_planners_chomp/lib:/home/robot/ws_moveit2/install/moveit_kinematics/lib:/home/robot/ws_moveit2/install/moveit_chomp_optimizer_adapter/lib:/home/robot/ws_moveit2/install/chomp_motion_planner/lib:/home/robot/ws_moveit2/install/moveit_core/lib:/home/robot/ws_moveit2/install/rviz_marker_tools/lib:/home/robot/ws_moveit2/install/rosparam_shortcuts/lib:/home/robot/ws_moveit2/install/my_robot_interfaces/lib:/home/robot/ws_moveit2/install/moveit_task_constructor_msgs/lib:/home/robot/ros2_ws/install/my_robot_interfaces/lib:/usr/lib/x86_64-linux-gnu/gazebo-11/plugins:/opt/ros/humble/opt/rviz_ogre_vendor/lib:/opt/ros/humble/lib/x86_64-linux-gnu:/opt/ros/humble/lib /usr/bin/cmake --build /home/robot/ws_moveit2/build/moveit_core -- -j4 -l4
[9.307s] Invoking command in '/home/robot/ws_moveit2/build/moveit_core': CMAKE_PREFIX_PATH=/home/robot/ws_moveit2/install/moveit_resources_panda_moveit_config:/home/robot/ws_moveit2/install/srdfdom:/home/robot/ws_moveit2/install/moveit_resources_pr2_description:/home/robot/ws_moveit2/install/moveit_resources_panda_description:/home/robot/ws_moveit2/install/moveit_common:/home/robot/ws_moveit2/install/dragon_hello_moveit:/home/robot/ws_moveit2/install/pilz_industrial_motion_planner_testutils:/home/robot/ws_moveit2/install/myrobot_moveit_config:/home/robot/ws_moveit2/install/moveit_runtime:/home/robot/ws_moveit2/install/moveit2_tutorials:/home/robot/ws_moveit2/install/moveit:/home/robot/ws_moveit2/install/dragon_moveit_config:/home/robot/ws_moveit2/install/moveit_planners:/home/robot/ws_moveit2/install/pilz_industrial_motion_planner:/home/robot/ws_moveit2/install/ompl_constrained_planning:/home/robot/ws_moveit2/install/myrobot_ompl_constrained_planning:/home/robot/ws_moveit2/install/myrobot_hello_moveit:/home/robot/ws_moveit2/install/mtc_tutorial:/home/robot/ws_moveit2/install/moveit_visual_tools:/home/robot/ws_moveit2/install/moveit_task_constructor_visualization:/home/robot/ws_moveit2/install/moveit_task_constructor_demo:/home/robot/ws_moveit2/install/moveit_task_constructor_capabilities:/home/robot/ws_moveit2/install/moveit_task_constructor_core:/home/robot/ws_moveit2/install/moveit_ros_control_interface:/home/robot/ws_moveit2/install/moveit_plugins:/home/robot/ws_moveit2/install/moveit_simple_controller_manager:/home/robot/ws_moveit2/install/moveit_setup_assistant:/home/robot/ws_moveit2/install/moveit_setup_srdf_plugins:/home/robot/ws_moveit2/install/moveit_setup_core_plugins:/home/robot/ws_moveit2/install/moveit_setup_controllers:/home/robot/ws_moveit2/install/moveit_setup_app_plugins:/home/robot/ws_moveit2/install/moveit_setup_framework:/home/robot/ws_moveit2/install/moveit_servo:/home/robot/ws_moveit2/install/moveit_ros:/home/robot/ws_moveit2/install/moveit_ros_visualization:/home/robot/ws_moveit2/install/moveit_hybrid_planning:/home/robot/ws_moveit2/install/moveit_ros_planning_interface:/home/robot/ws_moveit2/install/moveit_ros_benchmarks:/home/robot/ws_moveit2/install/moveit_ros_warehouse:/home/robot/ws_moveit2/install/moveit_ros_robot_interaction:/home/robot/ws_moveit2/install/moveit_ros_perception:/home/robot/ws_moveit2/install/moveit_resources_prbt_pg70_support:/home/robot/ws_moveit2/install/moveit_resources_prbt_moveit_config:/home/robot/ws_moveit2/install/moveit_ros_move_group:/home/robot/ws_moveit2/install/moveit_planners_ompl:/home/robot/ws_moveit2/install/moveit_ros_planning:/home/robot/ws_moveit2/install/moveit_ros_occupancy_map_monitor:/home/robot/ws_moveit2/install/moveit_resources_prbt_ikfast_manipulator_plugin:/home/robot/ws_moveit2/install/moveit_planners_chomp:/home/robot/ws_moveit2/install/moveit_kinematics:/home/robot/ws_moveit2/install/moveit_chomp_optimizer_adapter:/home/robot/ws_moveit2/install/chomp_motion_planner:/home/robot/ws_moveit2/install/moveit_core:/home/robot/ws_moveit2/install/rviz_marker_tools:/home/robot/ws_moveit2/install/rosparam_shortcuts:/home/robot/ws_moveit2/install/my_robot_interfaces:/home/robot/ws_moveit2/install/moveit_task_constructor_msgs:/home/robot/ws_moveit2/install/moveit_resources_prbt_support:/home/robot/ws_moveit2/install/moveit_resources:/home/robot/ws_moveit2/install/moveit_resources_fanuc_moveit_config:/home/robot/ws_moveit2/install/moveit_resources_fanuc_description:/home/robot/ws_moveit2/install/moveit_resources_dragon_description:/home/robot/ros2_ws/install/my_robot_bringup:/home/robot/ros2_ws/install/my_robot_interfaces:/home/robot/ros2_ws/install/my_robot_firstrobot:/home/robot/ros2_ws/install/my_robot_first_roboticarm:/home/robot/ros2_ws/install/my_cpp_pkg:/home/robot/ws_moveit2/install/moveit_configs_utils:/home/robot/ws_moveit2/install/myrobot_3D_movit_config:/home/robot/ws_moveit2/install/my_robot_first_servo_control:/home/robot/ws_moveit2/install/my_pybullet_package:/home/robot/ws_moveit2/install/launch_param_builder:/home/robot/ros2_ws/install/my_turtlesim_project:/home/robot/ros2_ws/install/my_robot_first_servo_control:/home/robot/ros2_ws/install/my_py_pkg:/home/robot/ros2_ws/install/actions_py:/opt/ros/humble LD_LIBRARY_PATH=/home/robot/ws_moveit2/install/srdfdom/lib:/home/robot/ws_moveit2/install/pilz_industrial_motion_planner_testutils/lib:/home/robot/ws_moveit2/install/pilz_industrial_motion_planner/lib:/home/robot/ws_moveit2/install/moveit_visual_tools/lib:/home/robot/ws_moveit2/install/moveit_task_constructor_visualization/lib:/home/robot/ws_moveit2/install/moveit_task_constructor_demo/lib:/home/robot/ws_moveit2/install/moveit_task_constructor_capabilities/lib:/home/robot/ws_moveit2/install/moveit_task_constructor_core/lib:/home/robot/ws_moveit2/install/moveit_ros_control_interface/lib:/home/robot/ws_moveit2/install/moveit_simple_controller_manager/lib:/home/robot/ws_moveit2/install/moveit_setup_assistant/lib:/home/robot/ws_moveit2/install/moveit_setup_srdf_plugins/lib:/home/robot/ws_moveit2/install/moveit_setup_core_plugins/lib:/home/robot/ws_moveit2/install/moveit_setup_controllers/lib:/home/robot/ws_moveit2/install/moveit_setup_app_plugins/lib:/home/robot/ws_moveit2/install/moveit_setup_framework/lib:/home/robot/ws_moveit2/install/moveit_servo/lib:/home/robot/ws_moveit2/install/moveit_ros_visualization/lib:/home/robot/ws_moveit2/install/moveit_hybrid_planning/lib:/home/robot/ws_moveit2/install/moveit_ros_planning_interface/lib:/home/robot/ws_moveit2/install/moveit_ros_benchmarks/lib:/home/robot/ws_moveit2/install/moveit_ros_warehouse/lib:/home/robot/ws_moveit2/install/moveit_ros_robot_interaction/lib:/home/robot/ws_moveit2/install/moveit_ros_perception/lib:/home/robot/ws_moveit2/install/moveit_ros_move_group/lib:/home/robot/ws_moveit2/install/moveit_planners_ompl/lib:/home/robot/ws_moveit2/install/moveit_ros_planning/lib:/home/robot/ws_moveit2/install/moveit_ros_occupancy_map_monitor/lib:/home/robot/ws_moveit2/install/moveit_resources_prbt_ikfast_manipulator_plugin/lib:/home/robot/ws_moveit2/install/moveit_planners_chomp/lib:/home/robot/ws_moveit2/install/moveit_kinematics/lib:/home/robot/ws_moveit2/install/moveit_chomp_optimizer_adapter/lib:/home/robot/ws_moveit2/install/chomp_motion_planner/lib:/home/robot/ws_moveit2/install/moveit_core/lib:/home/robot/ws_moveit2/install/rviz_marker_tools/lib:/home/robot/ws_moveit2/install/rosparam_shortcuts/lib:/home/robot/ws_moveit2/install/my_robot_interfaces/lib:/home/robot/ws_moveit2/install/moveit_task_constructor_msgs/lib:/home/robot/ros2_ws/install/my_robot_interfaces/lib:/usr/lib/x86_64-linux-gnu/gazebo-11/plugins:/opt/ros/humble/opt/rviz_ogre_vendor/lib:/opt/ros/humble/lib/x86_64-linux-gnu:/opt/ros/humble/lib /usr/bin/cmake --install /home/robot/ws_moveit2/build/moveit_core
[9.351s] -- Install configuration: "Release"
[9.352s] -- Up-to-date: /home/robot/ws_moveit2/install/moveit_core/include/moveit/version.h
[9.357s] -- Up-to-date: /home/robot/ws_moveit2/install/moveit_core/include
[9.357s] -- Up-to-date: /home/robot/ws_moveit2/install/moveit_core/include/moveit
[9.357s] -- Up-to-date: /home/robot/ws_moveit2/install/moveit_core/include/moveit/collision_distance_field
[9.357s] -- Up-to-date: /home/robot/ws_moveit2/install/moveit_core/include/moveit/collision_distance_field/collision_detector_allocator_distance_field.h
[9.357s] -- Up-to-date: /home/robot/ws_moveit2/install/moveit_core/include/moveit/collision_distance_field/collision_env_hybrid.h
[9.358s] -- Up-to-date: /home/robot/ws_moveit2/install/moveit_core/include/moveit/collision_distance_field/collision_env_distance_field.h
[9.358s] -- Up-to-date: /home/robot/ws_moveit2/install/moveit_core/include/moveit/collision_distance_field/collision_common_distance_field.h
[9.358s] -- Up-to-date: /home/robot/ws_moveit2/install/moveit_core/include/moveit/collision_distance_field/collision_distance_field_types.h
[9.358s] -- Up-to-date: /home/robot/ws_moveit2/install/moveit_core/include/moveit/collision_distance_field/collision_detector_allocator_hybrid.h
[9.358s] -- Up-to-date: /home/robot/ws_moveit2/install/moveit_core/include/moveit_collision_distance_field_export.h
[9.358s] -- Up-to-date: /home/robot/ws_moveit2/install/moveit_core/include
[9.358s] -- Up-to-date: /home/robot/ws_moveit2/install/moveit_core/include/moveit
[9.358s] -- Up-to-date: /home/robot/ws_moveit2/install/moveit_core/include/moveit/constraint_samplers
[9.358s] -- Up-to-date: /home/robot/ws_moveit2/install/moveit_core/include/moveit/constraint_samplers/union_constraint_sampler.h
[9.359s] -- Up-to-date: /home/robot/ws_moveit2/install/moveit_core/include/moveit/constraint_samplers/constraint_sampler_manager.h
[9.359s] -- Up-to-date: /home/robot/ws_moveit2/install/moveit_core/include/moveit/constraint_samplers/constraint_sampler_tools.h
[9.359s] -- Up-to-date: /home/robot/ws_moveit2/install/moveit_core/include/moveit/constraint_samplers/default_constraint_samplers.h
[9.359s] -- Up-to-date: /home/robot/ws_moveit2/install/moveit_core/include/moveit/constraint_samplers/constraint_sampler_allocator.h
[9.359s] -- Up-to-date: /home/robot/ws_moveit2/install/moveit_core/include/moveit/constraint_samplers/constraint_sampler.h
[9.364s] -- Up-to-date: /home/robot/ws_moveit2/install/moveit_core/include
[9.365s] -- Up-to-date: /home/robot/ws_moveit2/install/moveit_core/include/moveit
[9.365s] -- Up-to-date: /home/robot/ws_moveit2/install/moveit_core/include/moveit/controller_manager
[9.365s] -- Up-to-date: /home/robot/ws_moveit2/install/moveit_core/include/moveit/controller_manager/controller_manager.h
[9.365s] -- Up-to-date: /home/robot/ws_moveit2/install/moveit_core/include
[9.365s] -- Up-to-date: /home/robot/ws_moveit2/install/moveit_core/include/moveit
[9.366s] -- Up-to-date: /home/robot/ws_moveit2/install/moveit_core/include/moveit/distance_field
[9.369s] -- Up-to-date: /home/robot/ws_moveit2/install/moveit_core/include/moveit/distance_field/propagation_distance_field.h
[9.371s] -- Up-to-date: /home/robot/ws_moveit2/install/moveit_core/include/moveit/distance_field/distance_field.h
[9.371s] -- Up-to-date: /home/robot/ws_moveit2/install/moveit_core/include/moveit/distance_field/voxel_grid.h
[9.372s] -- Up-to-date: /home/robot/ws_moveit2/install/moveit_core/include/moveit/distance_field/find_internal_points.h
[9.374s] -- Up-to-date: /home/robot/ws_moveit2/install/moveit_core/include
[9.374s] -- Up-to-date: /home/robot/ws_moveit2/install/moveit_core/include/moveit
[9.381s] -- Up-to-date: /home/robot/ws_moveit2/install/moveit_core/include/moveit/dynamics_solver
[9.382s] -- Up-to-date: /home/robot/ws_moveit2/install/moveit_core/include/moveit/dynamics_solver/dynamics_solver.h
[9.382s] -- Up-to-date: /home/robot/ws_moveit2/install/moveit_core/include
[9.382s] -- Up-to-date: /home/robot/ws_moveit2/install/moveit_core/include/moveit
[9.382s] -- Up-to-date: /home/robot/ws_moveit2/install/moveit_core/include/moveit/exceptions
[9.383s] -- Up-to-date: /home/robot/ws_moveit2/install/moveit_core/include/moveit/exceptions/exceptions.h
[9.383s] -- Up-to-date: /home/robot/ws_moveit2/install/moveit_core/include
[9.383s] -- Up-to-date: /home/robot/ws_moveit2/install/moveit_core/include/moveit
[9.383s] -- Up-to-date: /home/robot/ws_moveit2/install/moveit_core/include/moveit/kinematics_base
[9.383s] -- Up-to-date: /home/robot/ws_moveit2/install/moveit_core/include/moveit/kinematics_base/kinematics_base.h
[9.383s] -- Up-to-date: /home/robot/ws_moveit2/install/moveit_core/include/moveit_kinematics_base_export.h
[9.383s] -- Up-to-date: /home/robot/ws_moveit2/install/moveit_core/include
[9.384s] -- Up-to-date: /home/robot/ws_moveit2/install/moveit_core/include/moveit
[9.384s] -- Up-to-date: /home/robot/ws_moveit2/install/moveit_core/include/moveit/kinematic_constraints
[9.384s] -- Up-to-date: /home/robot/ws_moveit2/install/moveit_core/include/moveit/kinematic_constraints/utils.h
[9.384s] -- Up-to-date: /home/robot/ws_moveit2/install/moveit_core/include/moveit/kinematic_constraints/kinematic_constraint.h
[9.390s] -- Up-to-date: /home/robot/ws_moveit2/install/moveit_core/include
[9.391s] -- Up-to-date: /home/robot/ws_moveit2/install/moveit_core/include/moveit
[9.391s] -- Up-to-date: /home/robot/ws_moveit2/install/moveit_core/include/moveit/kinematics_metrics
[9.391s] -- Up-to-date: /home/robot/ws_moveit2/install/moveit_core/include/moveit/kinematics_metrics/kinematics_metrics.h
[9.391s] -- Up-to-date: /home/robot/ws_moveit2/install/moveit_core/include
[9.391s] -- Up-to-date: /home/robot/ws_moveit2/install/moveit_core/include/moveit
[9.392s] -- Up-to-date: /home/robot/ws_moveit2/install/moveit_core/include/moveit/macros
[9.392s] -- Up-to-date: /home/robot/ws_moveit2/install/moveit_core/include/moveit/macros/deprecation.h
[9.392s] -- Up-to-date: /home/robot/ws_moveit2/install/moveit_core/include/moveit/macros/console_colors.h
[9.392s] -- Up-to-date: /home/robot/ws_moveit2/install/moveit_core/include/moveit/macros/declare_ptr.h
[9.392s] -- Up-to-date: /home/robot/ws_moveit2/install/moveit_core/include/moveit/macros/class_forward.h
[9.396s] -- Up-to-date: /home/robot/ws_moveit2/install/moveit_core/include/moveit_butterworth_parameters
[9.396s] -- Up-to-date: /home/robot/ws_moveit2/install/moveit_core/include/moveit_butterworth_parameters/moveit_butterworth_parameters.hpp
[9.396s] -- Up-to-date: /home/robot/ws_moveit2/install/moveit_core/include
[9.397s] -- Up-to-date: /home/robot/ws_moveit2/install/moveit_core/include/moveit
[9.397s] -- Up-to-date: /home/robot/ws_moveit2/install/moveit_core/include/moveit/online_signal_smoothing
[9.397s] -- Up-to-date: /home/robot/ws_moveit2/install/moveit_core/include/moveit/online_signal_smoothing/smoothing_base_class.h
[9.398s] -- Up-to-date: /home/robot/ws_moveit2/install/moveit_core/include/moveit/online_signal_smoothing/butterworth_filter.h
[9.398s] -- Up-to-date: /home/robot/ws_moveit2/install/moveit_core/include/moveit_smoothing_base_export.h
[9.398s] -- Up-to-date: /home/robot/ws_moveit2/install/moveit_core/include/moveit_butterworth_filter_export.h
[9.405s] -- Up-to-date: /home/robot/ws_moveit2/install/moveit_core/include
[9.405s] -- Up-to-date: /home/robot/ws_moveit2/install/moveit_core/include/moveit
[9.405s] -- Up-to-date: /home/robot/ws_moveit2/install/moveit_core/include/moveit/planning_interface
[9.407s] -- Up-to-date: /home/robot/ws_moveit2/install/moveit_core/include/moveit/planning_interface/planning_interface.h
[9.407s] -- Up-to-date: /home/robot/ws_moveit2/install/moveit_core/include/moveit/planning_interface/planning_response.h
[9.407s] -- Up-to-date: /home/robot/ws_moveit2/install/moveit_core/include/moveit/planning_interface/planning_request.h
[9.412s] -- Up-to-date: /home/robot/ws_moveit2/install/moveit_core/include
[9.413s] -- Up-to-date: /home/robot/ws_moveit2/install/moveit_core/include/moveit
[9.413s] -- Up-to-date: /home/robot/ws_moveit2/install/moveit_core/include/moveit/planning_request_adapter
[9.413s] -- Up-to-date: /home/robot/ws_moveit2/install/moveit_core/include/moveit/planning_request_adapter/planning_request_adapter.h
[9.413s] -- Up-to-date: /home/robot/ws_moveit2/install/moveit_core/include
[9.413s] -- Up-to-date: /home/robot/ws_moveit2/install/moveit_core/include/moveit
[9.417s] -- Up-to-date: /home/robot/ws_moveit2/install/moveit_core/include/moveit/planning_scene
[9.417s] -- Up-to-date: /home/robot/ws_moveit2/install/moveit_core/include/moveit/planning_scene/planning_scene.h
[9.417s] -- Up-to-date: /home/robot/ws_moveit2/install/moveit_core/include/moveit_planning_scene_export.h
[9.417s] -- Up-to-date: /home/robot/ws_moveit2/install/moveit_core/include
[9.417s] -- Up-to-date: /home/robot/ws_moveit2/install/moveit_core/include/moveit
[9.419s] -- Up-to-date: /home/robot/ws_moveit2/install/moveit_core/include/moveit/robot_model
[9.419s] -- Up-to-date: /home/robot/ws_moveit2/install/moveit_core/include/moveit/robot_model/fixed_joint_model.h
[9.419s] -- Up-to-date: /home/robot/ws_moveit2/install/moveit_core/include/moveit/robot_model/joint_model_group.h
[9.419s] -- Up-to-date: /home/robot/ws_moveit2/install/moveit_core/include/moveit/robot_model/planar_joint_model.h
[9.419s] -- Up-to-date: /home/robot/ws_moveit2/install/moveit_core/include/moveit/robot_model/robot_model.h
[9.419s] -- Up-to-date: /home/robot/ws_moveit2/install/moveit_core/include/moveit/robot_model/aabb.h
[9.420s] -- Up-to-date: /home/robot/ws_moveit2/install/moveit_core/include/moveit/robot_model/revolute_joint_model.h
[9.420s] -- Up-to-date: /home/robot/ws_moveit2/install/moveit_core/include/moveit/robot_model/link_model.h
[9.420s] -- Up-to-date: /home/robot/ws_moveit2/install/moveit_core/include/moveit/robot_model/joint_model.h
[9.420s] -- Up-to-date: /home/robot/ws_moveit2/install/moveit_core/include/moveit/robot_model/prismatic_joint_model.h
[9.420s] -- Up-to-date: /home/robot/ws_moveit2/install/moveit_core/include/moveit/robot_model/floating_joint_model.h
[9.420s] -- Up-to-date: /home/robot/ws_moveit2/install/moveit_core/include
[9.420s] -- Up-to-date: /home/robot/ws_moveit2/install/moveit_core/include/moveit
[9.423s] -- Up-to-date: /home/robot/ws_moveit2/install/moveit_core/include/moveit/robot_state
[9.423s] -- Up-to-date: /home/robot/ws_moveit2/install/moveit_core/include/moveit/robot_state/attached_body.h
[9.423s] -- Up-to-date: /home/robot/ws_moveit2/install/moveit_core/include/moveit/robot_state/cartesian_interpolator.h
[9.424s] -- Up-to-date: /home/robot/ws_moveit2/install/moveit_core/include/moveit/robot_state/robot_state.h
[9.424s] -- Up-to-date: /home/robot/ws_moveit2/install/moveit_core/include/moveit/robot_state/conversions.h
[9.424s] -- Up-to-date: /home/robot/ws_moveit2/install/moveit_core/include
[9.424s] -- Up-to-date: /home/robot/ws_moveit2/install/moveit_core/include/moveit
[9.425s] -- Up-to-date: /home/robot/ws_moveit2/install/moveit_core/include/moveit/robot_trajectory
[9.425s] -- Up-to-date: /home/robot/ws_moveit2/install/moveit_core/include/moveit/robot_trajectory/robot_trajectory.h
[9.425s] -- Up-to-date: /home/robot/ws_moveit2/install/moveit_core/include
[9.426s] -- Up-to-date: /home/robot/ws_moveit2/install/moveit_core/include/moveit
[9.426s] -- Up-to-date: /home/robot/ws_moveit2/install/moveit_core/include/moveit/sensor_manager
[9.426s] -- Up-to-date: /home/robot/ws_moveit2/install/moveit_core/include/moveit/sensor_manager/sensor_manager.h
[9.427s] -- Up-to-date: /home/robot/ws_moveit2/install/moveit_core/include
[9.427s] -- Up-to-date: /home/robot/ws_moveit2/install/moveit_core/include/moveit
[9.427s] -- Up-to-date: /home/robot/ws_moveit2/install/moveit_core/include/moveit/trajectory_processing
[9.427s] -- Up-to-date: /home/robot/ws_moveit2/install/moveit_core/include/moveit/trajectory_processing/iterative_spline_parameterization.h
[9.427s] -- Up-to-date: /home/robot/ws_moveit2/install/moveit_core/include/moveit/trajectory_processing/iterative_time_parameterization.h
[9.427s] -- Up-to-date: /home/robot/ws_moveit2/install/moveit_core/include/moveit/trajectory_processing/time_optimal_trajectory_generation.h
[9.429s] -- Up-to-date: /home/robot/ws_moveit2/install/moveit_core/include/moveit/trajectory_processing/ruckig_traj_smoothing.h
[9.429s] -- Up-to-date: /home/robot/ws_moveit2/install/moveit_core/include/moveit/trajectory_processing/time_parameterization.h
[9.429s] -- Up-to-date: /home/robot/ws_moveit2/install/moveit_core/include/moveit/trajectory_processing/trajectory_tools.h
[9.430s] -- Up-to-date: /home/robot/ws_moveit2/install/moveit_core/include
[9.430s] -- Up-to-date: /home/robot/ws_moveit2/install/moveit_core/include/moveit
[9.430s] -- Up-to-date: /home/robot/ws_moveit2/install/moveit_core/include/moveit/transforms
[9.430s] -- Up-to-date: /home/robot/ws_moveit2/install/moveit_core/include/moveit/transforms/transforms.h
[9.432s] -- Up-to-date: /home/robot/ws_moveit2/install/moveit_core/include
[9.432s] -- Up-to-date: /home/robot/ws_moveit2/install/moveit_core/include/moveit
[9.433s] -- Up-to-date: /home/robot/ws_moveit2/install/moveit_core/include/moveit/utils
[9.433s] -- Up-to-date: /home/robot/ws_moveit2/install/moveit_core/include/moveit/utils/message_checks.h
[9.433s] -- Up-to-date: /home/robot/ws_moveit2/install/moveit_core/include/moveit/utils/rclcpp_utils.h
[9.433s] -- Up-to-date: /home/robot/ws_moveit2/install/moveit_core/include/moveit/utils/moveit_error_code.h
[9.433s] -- Up-to-date: /home/robot/ws_moveit2/install/moveit_core/include/moveit/utils/lexical_casts.h
[9.434s] -- Up-to-date: /home/robot/ws_moveit2/install/moveit_core/include/moveit/utils/robot_model_test_utils.h
[9.438s] -- Up-to-date: /home/robot/ws_moveit2/install/moveit_core/bin/moveit_version
[9.441s] -- Up-to-date: /home/robot/ws_moveit2/install/moveit_core/include
[9.442s] -- Up-to-date: /home/robot/ws_moveit2/install/moveit_core/include/moveit
[9.442s] -- Up-to-date: /home/robot/ws_moveit2/install/moveit_core/include/moveit/collision_detection
[9.442s] -- Up-to-date: /home/robot/ws_moveit2/install/moveit_core/include/moveit/collision_detection/test_collision_common_panda.h
[9.443s] -- Up-to-date: /home/robot/ws_moveit2/install/moveit_core/include/moveit/collision_detection/collision_plugin_cache.h
[9.443s] -- Up-to-date: /home/robot/ws_moveit2/install/moveit_core/include/moveit/collision_detection/collision_matrix.h
[9.443s] -- Up-to-date: /home/robot/ws_moveit2/install/moveit_core/include/moveit/collision_detection/allvalid
[9.443s] -- Up-to-date: /home/robot/ws_moveit2/install/moveit_core/include/moveit/collision_detection/allvalid/collision_env_allvalid.h
[9.444s] -- Up-to-date: /home/robot/ws_moveit2/install/moveit_core/include/moveit/collision_detection/allvalid/collision_detector_allocator_allvalid.h
[9.444s] -- Up-to-date: /home/robot/ws_moveit2/install/moveit_core/include/moveit/collision_detection/collision_detector_allocator.h
[9.444s] -- Up-to-date: /home/robot/ws_moveit2/install/moveit_core/include/moveit/collision_detection/collision_octomap_filter.h
[9.445s] -- Up-to-date: /home/robot/ws_moveit2/install/moveit_core/include/moveit/collision_detection/test_collision_common_pr2.h
[9.445s] -- Up-to-date: /home/robot/ws_moveit2/install/moveit_core/include/moveit/collision_detection/world.h
[9.445s] -- Up-to-date: /home/robot/ws_moveit2/install/moveit_core/include/moveit/collision_detection/collision_tools.h
[9.446s] -- Up-to-date: /home/robot/ws_moveit2/install/moveit_core/include/moveit/collision_detection/collision_env.h
[9.446s] -- Up-to-date: /home/robot/ws_moveit2/install/moveit_core/include/moveit/collision_detection/collision_common.h
[9.446s] -- Up-to-date: /home/robot/ws_moveit2/install/moveit_core/include/moveit/collision_detection/world_diff.h
[9.446s] -- Up-to-date: /home/robot/ws_moveit2/install/moveit_core/include/moveit/collision_detection/occupancy_map.h
[9.446s] -- Up-to-date: /home/robot/ws_moveit2/install/moveit_core/include/moveit/collision_detection/collision_plugin.h
[9.446s] -- Up-to-date: /home/robot/ws_moveit2/install/moveit_core/include/moveit_collision_detection_export.h
[9.446s] -- Up-to-date: /home/robot/ws_moveit2/install/moveit_core/include
[9.446s] -- Up-to-date: /home/robot/ws_moveit2/install/moveit_core/include/moveit
[9.447s] -- Up-to-date: /home/robot/ws_moveit2/install/moveit_core/include/moveit/collision_detection_bullet
[9.447s] -- Up-to-date: /home/robot/ws_moveit2/install/moveit_core/include/moveit/collision_detection_bullet/collision_detector_bullet_plugin_loader.h
[9.447s] -- Up-to-date: /home/robot/ws_moveit2/install/moveit_core/include/moveit/collision_detection_bullet/collision_env_bullet.h
[9.447s] -- Up-to-date: /home/robot/ws_moveit2/install/moveit_core/include/moveit/collision_detection_bullet/bullet_integration
[9.447s] -- Up-to-date: /home/robot/ws_moveit2/install/moveit_core/include/moveit/collision_detection_bullet/bullet_integration/bullet_discrete_bvh_manager.h
[9.447s] -- Up-to-date: /home/robot/ws_moveit2/install/moveit_core/include/moveit/collision_detection_bullet/bullet_integration/bullet_bvh_manager.h
[9.447s] -- Up-to-date: /home/robot/ws_moveit2/install/moveit_core/include/moveit/collision_detection_bullet/bullet_integration/bullet_utils.h
[9.448s] -- Up-to-date: /home/robot/ws_moveit2/install/moveit_core/include/moveit/collision_detection_bullet/bullet_integration/ros_bullet_utils.h
[9.448s] -- Up-to-date: /home/robot/ws_moveit2/install/moveit_core/include/moveit/collision_detection_bullet/bullet_integration/basic_types.h
[9.448s] -- Up-to-date: /home/robot/ws_moveit2/install/moveit_core/include/moveit/collision_detection_bullet/bullet_integration/contact_checker_common.h
[9.448s] -- Up-to-date: /home/robot/ws_moveit2/install/moveit_core/include/moveit/collision_detection_bullet/bullet_integration/bullet_cast_bvh_manager.h
[9.448s] -- Up-to-date: /home/robot/ws_moveit2/install/moveit_core/include/moveit/collision_detection_bullet/collision_detector_allocator_bullet.h
[9.448s] -- Up-to-date: /home/robot/ws_moveit2/install/moveit_core/include/moveit_collision_detection_bullet_export.h
[9.451s] -- Up-to-date: /home/robot/ws_moveit2/install/moveit_core/include
[9.452s] -- Up-to-date: /home/robot/ws_moveit2/install/moveit_core/include/moveit
[9.452s] -- Up-to-date: /home/robot/ws_moveit2/install/moveit_core/include/moveit/collision_detection_fcl
[9.452s] -- Up-to-date: /home/robot/ws_moveit2/install/moveit_core/include/moveit/collision_detection_fcl/collision_detector_fcl_plugin_loader.h
[9.452s] -- Up-to-date: /home/robot/ws_moveit2/install/moveit_core/include/moveit/collision_detection_fcl/collision_env_fcl.h
[9.452s] -- Up-to-date: /home/robot/ws_moveit2/install/moveit_core/include/moveit/collision_detection_fcl/fcl_compat.h
[9.452s] -- Up-to-date: /home/robot/ws_moveit2/install/moveit_core/include/moveit/collision_detection_fcl/collision_common.h
[9.453s] -- Up-to-date: /home/robot/ws_moveit2/install/moveit_core/include/moveit/collision_detection_fcl/collision_detector_allocator_fcl.h
[9.453s] -- Up-to-date: /home/robot/ws_moveit2/install/moveit_core/include/moveit_collision_detection_fcl_export.h
[9.454s] -- Up-to-date: /home/robot/ws_moveit2/install/moveit_core/lib/libcollision_detector_bullet_plugin.so.2.5.5
[9.457s] -- Up-to-date: /home/robot/ws_moveit2/install/moveit_core/lib/libcollision_detector_bullet_plugin.so
[9.477s] -- Up-to-date: /home/robot/ws_moveit2/install/moveit_core/lib/libmoveit_butterworth_filter.so.2.5.5
[9.477s] -- Up-to-date: /home/robot/ws_moveit2/install/moveit_core/lib/libmoveit_butterworth_filter.so
[9.481s] -- Up-to-date: /home/robot/ws_moveit2/install/moveit_core/lib/libmoveit_collision_distance_field.so.2.5.5
[9.481s] -- Up-to-date: /home/robot/ws_moveit2/install/moveit_core/lib/libmoveit_collision_distance_field.so
[9.486s] -- Up-to-date: /home/robot/ws_moveit2/install/moveit_core/lib/libmoveit_collision_detection.so.2.5.5
[9.492s] -- Up-to-date: /home/robot/ws_moveit2/install/moveit_core/lib/libmoveit_collision_detection.so
[9.492s] -- Up-to-date: /home/robot/ws_moveit2/install/moveit_core/lib/libmoveit_collision_detection_fcl.so.2.5.5
[9.492s] -- Up-to-date: /home/robot/ws_moveit2/install/moveit_core/lib/libmoveit_collision_detection_fcl.so
[9.492s] -- Up-to-date: /home/robot/ws_moveit2/install/moveit_core/lib/libmoveit_collision_detection_bullet.so.2.5.5
[9.492s] -- Up-to-date: /home/robot/ws_moveit2/install/moveit_core/lib/libmoveit_collision_detection_bullet.so
[9.492s] -- Up-to-date: /home/robot/ws_moveit2/install/moveit_core/lib/libmoveit_dynamics_solver.so.2.5.5
[9.492s] -- Up-to-date: /home/robot/ws_moveit2/install/moveit_core/lib/libmoveit_dynamics_solver.so
[9.496s] -- Up-to-date: /home/robot/ws_moveit2/install/moveit_core/lib/libmoveit_constraint_samplers.so.2.5.5
[9.497s] -- Up-to-date: /home/robot/ws_moveit2/install/moveit_core/lib/libmoveit_constraint_samplers.so
[9.497s] -- Up-to-date: /home/robot/ws_moveit2/install/moveit_core/lib/libmoveit_distance_field.so.2.5.5
[9.497s] -- Up-to-date: /home/robot/ws_moveit2/install/moveit_core/lib/libmoveit_distance_field.so
[9.498s] -- Up-to-date: /home/robot/ws_moveit2/install/moveit_core/lib/libmoveit_exceptions.so.2.5.5
[9.505s] -- Up-to-date: /home/robot/ws_moveit2/install/moveit_core/lib/libmoveit_exceptions.so
[9.505s] -- Up-to-date: /home/robot/ws_moveit2/install/moveit_core/lib/libmoveit_kinematics_base.so
[9.506s] -- Up-to-date: /home/robot/ws_moveit2/install/moveit_core/lib/libmoveit_kinematic_constraints.so.2.5.5
[9.506s] -- Up-to-date: /home/robot/ws_moveit2/install/moveit_core/lib/libmoveit_kinematic_constraints.so
[9.508s] -- Up-to-date: /home/robot/ws_moveit2/install/moveit_core/lib/libmoveit_kinematics_metrics.so.2.5.5
[9.508s] -- Up-to-date: /home/robot/ws_moveit2/install/moveit_core/lib/libmoveit_kinematics_metrics.so
[9.512s] -- Up-to-date: /home/robot/ws_moveit2/install/moveit_core/lib/libmoveit_planning_interface.so.2.5.5
[9.512s] -- Up-to-date: /home/robot/ws_moveit2/install/moveit_core/lib/libmoveit_planning_interface.so
[9.515s] -- Up-to-date: /home/robot/ws_moveit2/install/moveit_core/lib/libmoveit_planning_scene.so.2.5.5
[9.515s] -- Up-to-date: /home/robot/ws_moveit2/install/moveit_core/lib/libmoveit_planning_scene.so
[9.518s] -- Up-to-date: /home/robot/ws_moveit2/install/moveit_core/lib/libmoveit_planning_request_adapter.so.2.5.5
[9.518s] -- Up-to-date: /home/robot/ws_moveit2/install/moveit_core/lib/libmoveit_planning_request_adapter.so
[9.520s] -- Up-to-date: /home/robot/ws_moveit2/install/moveit_core/lib/libmoveit_robot_model.so.2.5.5
[9.520s] -- Up-to-date: /home/robot/ws_moveit2/install/moveit_core/lib/libmoveit_robot_model.so
[9.523s] -- Up-to-date: /home/robot/ws_moveit2/install/moveit_core/lib/libmoveit_robot_state.so.2.5.5
[9.525s] -- Up-to-date: /home/robot/ws_moveit2/install/moveit_core/lib/libmoveit_robot_state.so
[9.525s] -- Up-to-date: /home/robot/ws_moveit2/install/moveit_core/lib/libmoveit_robot_trajectory.so.2.5.5
[9.526s] -- Up-to-date: /home/robot/ws_moveit2/install/moveit_core/lib/libmoveit_robot_trajectory.so
[9.528s] -- Up-to-date: /home/robot/ws_moveit2/install/moveit_core/lib/libmoveit_smoothing_base.so.2.5.5
[9.528s] -- Up-to-date: /home/robot/ws_moveit2/install/moveit_core/lib/libmoveit_smoothing_base.so
[9.530s] -- Up-to-date: /home/robot/ws_moveit2/install/moveit_core/lib/libmoveit_test_utils.so.2.5.5
[9.531s] -- Up-to-date: /home/robot/ws_moveit2/install/moveit_core/lib/libmoveit_test_utils.so
[9.532s] -- Up-to-date: /home/robot/ws_moveit2/install/moveit_core/lib/libmoveit_trajectory_processing.so.2.5.5
[9.534s] -- Up-to-date: /home/robot/ws_moveit2/install/moveit_core/lib/libmoveit_trajectory_processing.so
[9.535s] -- Up-to-date: /home/robot/ws_moveit2/install/moveit_core/lib/libmoveit_transforms.so.2.5.5
[9.536s] -- Up-to-date: /home/robot/ws_moveit2/install/moveit_core/lib/libmoveit_transforms.so
[9.538s] -- Up-to-date: /home/robot/ws_moveit2/install/moveit_core/lib/libmoveit_utils.so.2.5.5
[9.541s] -- Up-to-date: /home/robot/ws_moveit2/install/moveit_core/lib/libmoveit_utils.so
[9.542s] -- Up-to-date: /home/robot/ws_moveit2/install/moveit_core/share/moveit_core/environment/library_path.sh
[9.542s] -- Up-to-date: /home/robot/ws_moveit2/install/moveit_core/share/moveit_core/environment/library_path.dsv
[9.542s] -- Up-to-date: /home/robot/ws_moveit2/install/moveit_core/share/moveit_core/collision_detector_fcl_description.xml
[9.542s] -- Up-to-date: /home/robot/ws_moveit2/install/moveit_core/share/moveit_core/collision_detector_bullet_description.xml
[9.543s] -- Up-to-date: /home/robot/ws_moveit2/install/moveit_core/share/moveit_core/filter_plugin_butterworth.xml
[9.543s] -- Up-to-date: /home/robot/ws_moveit2/install/moveit_core/share/ament_index/resource_index/package_run_dependencies/moveit_core
[9.543s] -- Up-to-date: /home/robot/ws_moveit2/install/moveit_core/share/ament_index/resource_index/parent_prefix_path/moveit_core
[9.543s] -- Up-to-date: /home/robot/ws_moveit2/install/moveit_core/share/moveit_core/environment/ament_prefix_path.sh
[9.548s] -- Up-to-date: /home/robot/ws_moveit2/install/moveit_core/share/moveit_core/environment/ament_prefix_path.dsv
[9.548s] -- Up-to-date: /home/robot/ws_moveit2/install/moveit_core/share/moveit_core/environment/path.sh
[9.548s] -- Up-to-date: /home/robot/ws_moveit2/install/moveit_core/share/moveit_core/environment/path.dsv
[9.548s] -- Up-to-date: /home/robot/ws_moveit2/install/moveit_core/share/moveit_core/local_setup.bash
[9.549s] -- Up-to-date: /home/robot/ws_moveit2/install/moveit_core/share/moveit_core/local_setup.sh
[9.549s] -- Up-to-date: /home/robot/ws_moveit2/install/moveit_core/share/moveit_core/local_setup.zsh
[9.549s] -- Up-to-date: /home/robot/ws_moveit2/install/moveit_core/share/moveit_core/local_setup.dsv
[9.549s] -- Installing: /home/robot/ws_moveit2/install/moveit_core/share/moveit_core/package.dsv
[9.587s] -- Up-to-date: /home/robot/ws_moveit2/install/moveit_core/share/ament_index/resource_index/packages/moveit_core
[9.588s] -- Up-to-date: /home/robot/ws_moveit2/install/moveit_core/share/ament_index/resource_index/moveit_core__pluginlib__plugin/moveit_core
[9.589s] -- Up-to-date: /home/robot/ws_moveit2/install/moveit_core/share/moveit_core/cmake/export_moveit_coreExport.cmake
[9.589s] -- Up-to-date: /home/robot/ws_moveit2/install/moveit_core/share/moveit_core/cmake/export_moveit_coreExport-release.cmake
[9.590s] -- Up-to-date: /home/robot/ws_moveit2/install/moveit_core/share/moveit_core/cmake/ConfigExtras.cmake
[9.593s] -- Up-to-date: /home/robot/ws_moveit2/install/moveit_core/share/moveit_core/cmake/ament_cmake_export_targets-extras.cmake
[9.593s] -- Up-to-date: /home/robot/ws_moveit2/install/moveit_core/share/moveit_core/cmake/ament_cmake_export_dependencies-extras.cmake
[9.593s] -- Up-to-date: /home/robot/ws_moveit2/install/moveit_core/share/moveit_core/cmake/moveit_coreConfig.cmake
[9.593s] -- Up-to-date: /home/robot/ws_moveit2/install/moveit_core/share/moveit_core/cmake/moveit_coreConfig-version.cmake
[9.594s] -- Up-to-date: /home/robot/ws_moveit2/install/moveit_core/share/moveit_core/package.xml
[9.606s] Invoked command in '/home/robot/ws_moveit2/build/moveit_core' returned '0': CMAKE_PREFIX_PATH=/home/robot/ws_moveit2/install/moveit_resources_panda_moveit_config:/home/robot/ws_moveit2/install/srdfdom:/home/robot/ws_moveit2/install/moveit_resources_pr2_description:/home/robot/ws_moveit2/install/moveit_resources_panda_description:/home/robot/ws_moveit2/install/moveit_common:/home/robot/ws_moveit2/install/dragon_hello_moveit:/home/robot/ws_moveit2/install/pilz_industrial_motion_planner_testutils:/home/robot/ws_moveit2/install/myrobot_moveit_config:/home/robot/ws_moveit2/install/moveit_runtime:/home/robot/ws_moveit2/install/moveit2_tutorials:/home/robot/ws_moveit2/install/moveit:/home/robot/ws_moveit2/install/dragon_moveit_config:/home/robot/ws_moveit2/install/moveit_planners:/home/robot/ws_moveit2/install/pilz_industrial_motion_planner:/home/robot/ws_moveit2/install/ompl_constrained_planning:/home/robot/ws_moveit2/install/myrobot_ompl_constrained_planning:/home/robot/ws_moveit2/install/myrobot_hello_moveit:/home/robot/ws_moveit2/install/mtc_tutorial:/home/robot/ws_moveit2/install/moveit_visual_tools:/home/robot/ws_moveit2/install/moveit_task_constructor_visualization:/home/robot/ws_moveit2/install/moveit_task_constructor_demo:/home/robot/ws_moveit2/install/moveit_task_constructor_capabilities:/home/robot/ws_moveit2/install/moveit_task_constructor_core:/home/robot/ws_moveit2/install/moveit_ros_control_interface:/home/robot/ws_moveit2/install/moveit_plugins:/home/robot/ws_moveit2/install/moveit_simple_controller_manager:/home/robot/ws_moveit2/install/moveit_setup_assistant:/home/robot/ws_moveit2/install/moveit_setup_srdf_plugins:/home/robot/ws_moveit2/install/moveit_setup_core_plugins:/home/robot/ws_moveit2/install/moveit_setup_controllers:/home/robot/ws_moveit2/install/moveit_setup_app_plugins:/home/robot/ws_moveit2/install/moveit_setup_framework:/home/robot/ws_moveit2/install/moveit_servo:/home/robot/ws_moveit2/install/moveit_ros:/home/robot/ws_moveit2/install/moveit_ros_visualization:/home/robot/ws_moveit2/install/moveit_hybrid_planning:/home/robot/ws_moveit2/install/moveit_ros_planning_interface:/home/robot/ws_moveit2/install/moveit_ros_benchmarks:/home/robot/ws_moveit2/install/moveit_ros_warehouse:/home/robot/ws_moveit2/install/moveit_ros_robot_interaction:/home/robot/ws_moveit2/install/moveit_ros_perception:/home/robot/ws_moveit2/install/moveit_resources_prbt_pg70_support:/home/robot/ws_moveit2/install/moveit_resources_prbt_moveit_config:/home/robot/ws_moveit2/install/moveit_ros_move_group:/home/robot/ws_moveit2/install/moveit_planners_ompl:/home/robot/ws_moveit2/install/moveit_ros_planning:/home/robot/ws_moveit2/install/moveit_ros_occupancy_map_monitor:/home/robot/ws_moveit2/install/moveit_resources_prbt_ikfast_manipulator_plugin:/home/robot/ws_moveit2/install/moveit_planners_chomp:/home/robot/ws_moveit2/install/moveit_kinematics:/home/robot/ws_moveit2/install/moveit_chomp_optimizer_adapter:/home/robot/ws_moveit2/install/chomp_motion_planner:/home/robot/ws_moveit2/install/moveit_core:/home/robot/ws_moveit2/install/rviz_marker_tools:/home/robot/ws_moveit2/install/rosparam_shortcuts:/home/robot/ws_moveit2/install/my_robot_interfaces:/home/robot/ws_moveit2/install/moveit_task_constructor_msgs:/home/robot/ws_moveit2/install/moveit_resources_prbt_support:/home/robot/ws_moveit2/install/moveit_resources:/home/robot/ws_moveit2/install/moveit_resources_fanuc_moveit_config:/home/robot/ws_moveit2/install/moveit_resources_fanuc_description:/home/robot/ws_moveit2/install/moveit_resources_dragon_description:/home/robot/ros2_ws/install/my_robot_bringup:/home/robot/ros2_ws/install/my_robot_interfaces:/home/robot/ros2_ws/install/my_robot_firstrobot:/home/robot/ros2_ws/install/my_robot_first_roboticarm:/home/robot/ros2_ws/install/my_cpp_pkg:/home/robot/ws_moveit2/install/moveit_configs_utils:/home/robot/ws_moveit2/install/myrobot_3D_movit_config:/home/robot/ws_moveit2/install/my_robot_first_servo_control:/home/robot/ws_moveit2/install/my_pybullet_package:/home/robot/ws_moveit2/install/launch_param_builder:/home/robot/ros2_ws/install/my_turtlesim_project:/home/robot/ros2_ws/install/my_robot_first_servo_control:/home/robot/ros2_ws/install/my_py_pkg:/home/robot/ros2_ws/install/actions_py:/opt/ros/humble LD_LIBRARY_PATH=/home/robot/ws_moveit2/install/srdfdom/lib:/home/robot/ws_moveit2/install/pilz_industrial_motion_planner_testutils/lib:/home/robot/ws_moveit2/install/pilz_industrial_motion_planner/lib:/home/robot/ws_moveit2/install/moveit_visual_tools/lib:/home/robot/ws_moveit2/install/moveit_task_constructor_visualization/lib:/home/robot/ws_moveit2/install/moveit_task_constructor_demo/lib:/home/robot/ws_moveit2/install/moveit_task_constructor_capabilities/lib:/home/robot/ws_moveit2/install/moveit_task_constructor_core/lib:/home/robot/ws_moveit2/install/moveit_ros_control_interface/lib:/home/robot/ws_moveit2/install/moveit_simple_controller_manager/lib:/home/robot/ws_moveit2/install/moveit_setup_assistant/lib:/home/robot/ws_moveit2/install/moveit_setup_srdf_plugins/lib:/home/robot/ws_moveit2/install/moveit_setup_core_plugins/lib:/home/robot/ws_moveit2/install/moveit_setup_controllers/lib:/home/robot/ws_moveit2/install/moveit_setup_app_plugins/lib:/home/robot/ws_moveit2/install/moveit_setup_framework/lib:/home/robot/ws_moveit2/install/moveit_servo/lib:/home/robot/ws_moveit2/install/moveit_ros_visualization/lib:/home/robot/ws_moveit2/install/moveit_hybrid_planning/lib:/home/robot/ws_moveit2/install/moveit_ros_planning_interface/lib:/home/robot/ws_moveit2/install/moveit_ros_benchmarks/lib:/home/robot/ws_moveit2/install/moveit_ros_warehouse/lib:/home/robot/ws_moveit2/install/moveit_ros_robot_interaction/lib:/home/robot/ws_moveit2/install/moveit_ros_perception/lib:/home/robot/ws_moveit2/install/moveit_ros_move_group/lib:/home/robot/ws_moveit2/install/moveit_planners_ompl/lib:/home/robot/ws_moveit2/install/moveit_ros_planning/lib:/home/robot/ws_moveit2/install/moveit_ros_occupancy_map_monitor/lib:/home/robot/ws_moveit2/install/moveit_resources_prbt_ikfast_manipulator_plugin/lib:/home/robot/ws_moveit2/install/moveit_planners_chomp/lib:/home/robot/ws_moveit2/install/moveit_kinematics/lib:/home/robot/ws_moveit2/install/moveit_chomp_optimizer_adapter/lib:/home/robot/ws_moveit2/install/chomp_motion_planner/lib:/home/robot/ws_moveit2/install/moveit_core/lib:/home/robot/ws_moveit2/install/rviz_marker_tools/lib:/home/robot/ws_moveit2/install/rosparam_shortcuts/lib:/home/robot/ws_moveit2/install/my_robot_interfaces/lib:/home/robot/ws_moveit2/install/moveit_task_constructor_msgs/lib:/home/robot/ros2_ws/install/my_robot_interfaces/lib:/usr/lib/x86_64-linux-gnu/gazebo-11/plugins:/opt/ros/humble/opt/rviz_ogre_vendor/lib:/opt/ros/humble/lib/x86_64-linux-gnu:/opt/ros/humble/lib /usr/bin/cmake --install /home/robot/ws_moveit2/build/moveit_core
