[100%] Built target ompl_constrained_planning_tutorial
-- Install configuration: "Release"
-- Up-to-date: /home/robot/ws_moveit2/install/myrobot_ompl_constrained_planning/lib/myrobot_ompl_constrained_planning/ompl_constrained_planning_tutorial
-- Up-to-date: /home/robot/ws_moveit2/install/myrobot_ompl_constrained_planning/share/myrobot_ompl_constrained_planning/launch
-- Installing: /home/robot/ws_moveit2/install/myrobot_ompl_constrained_planning/share/myrobot_ompl_constrained_planning/launch/ompl_constrained_planning.launch.py
-- Up-to-date: /home/robot/ws_moveit2/install/myrobot_ompl_constrained_planning/share/myrobot_ompl_constrained_planning/launch/ompl_constrained_planning.rviz
-- Up-to-date: /home/robot/ws_moveit2/install/myrobot_ompl_constrained_planning/share/ament_index/resource_index/package_run_dependencies/myrobot_ompl_constrained_planning
-- Up-to-date: /home/robot/ws_moveit2/install/myrobot_ompl_constrained_planning/share/ament_index/resource_index/parent_prefix_path/myrobot_ompl_constrained_planning
-- Up-to-date: /home/robot/ws_moveit2/install/myrobot_ompl_constrained_planning/share/myrobot_ompl_constrained_planning/environment/ament_prefix_path.sh
-- Up-to-date: /home/robot/ws_moveit2/install/myrobot_ompl_constrained_planning/share/myrobot_ompl_constrained_planning/environment/ament_prefix_path.dsv
-- Up-to-date: /home/robot/ws_moveit2/install/myrobot_ompl_constrained_planning/share/myrobot_ompl_constrained_planning/environment/path.sh
-- Up-to-date: /home/robot/ws_moveit2/install/myrobot_ompl_constrained_planning/share/myrobot_ompl_constrained_planning/environment/path.dsv
-- Up-to-date: /home/robot/ws_moveit2/install/myrobot_ompl_constrained_planning/share/myrobot_ompl_constrained_planning/local_setup.bash
-- Up-to-date: /home/robot/ws_moveit2/install/myrobot_ompl_constrained_planning/share/myrobot_ompl_constrained_planning/local_setup.sh
-- Up-to-date: /home/robot/ws_moveit2/install/myrobot_ompl_constrained_planning/share/myrobot_ompl_constrained_planning/local_setup.zsh
-- Up-to-date: /home/robot/ws_moveit2/install/myrobot_ompl_constrained_planning/share/myrobot_ompl_constrained_planning/local_setup.dsv
-- Up-to-date: /home/robot/ws_moveit2/install/myrobot_ompl_constrained_planning/share/myrobot_ompl_constrained_planning/package.dsv
-- Up-to-date: /home/robot/ws_moveit2/install/myrobot_ompl_constrained_planning/share/ament_index/resource_index/packages/myrobot_ompl_constrained_planning
-- Up-to-date: /home/robot/ws_moveit2/install/myrobot_ompl_constrained_planning/share/myrobot_ompl_constrained_planning/cmake/myrobot_ompl_constrained_planningConfig.cmake
-- Up-to-date: /home/robot/ws_moveit2/install/myrobot_ompl_constrained_planning/share/myrobot_ompl_constrained_planning/cmake/myrobot_ompl_constrained_planningConfig-version.cmake
-- Up-to-date: /home/robot/ws_moveit2/install/myrobot_ompl_constrained_planning/share/myrobot_ompl_constrained_planning/package.xml
