[0.027s] Invoking command in '/home/robot/ws_moveit2/build/moveit_resources_dragon_description': CMAKE_PREFIX_PATH=${CMAKE_PREFIX_PATH}:/home/robot/ws_moveit2/install/moveit_configs_utils:/home/robot/ws_moveit2/install/myrobot_3D_movit_config:/home/robot/ws_moveit2/install/my_robot_first_servo_control:/home/robot/ws_moveit2/install/my_pybullet_package:/home/robot/ws_moveit2/install/launch_param_builder:/home/robot/ros2_ws/install/my_turtlesim_project:/home/robot/ros2_ws/install/my_robot_first_servo_control:/home/robot/ros2_ws/install/my_py_pkg:/home/robot/ros2_ws/install/actions_py:/opt/ros/humble /usr/bin/cmake /home/robot/ws_moveit2/src/moveit_resources/dragon_description -DCMAKE_BUILD_TYPE=Release -DCMAKE_CXX_FLAGS=--param ggc-min-expand=20 -DCMAKE_INSTALL_PREFIX=/home/robot/ws_moveit2/install/moveit_resources_dragon_description
[0.157s] -- The C compiler identification is GNU 11.4.0
[0.261s] -- The CXX compiler identification is GNU 11.4.0
[0.277s] -- Detecting C compiler ABI info
[0.416s] -- Detecting C compiler ABI info - done
[0.440s] -- Check for working C compiler: /usr/bin/cc - skipped
[0.440s] -- Detecting C compile features
[0.442s] -- Detecting C compile features - done
[0.447s] -- Detecting CXX compiler ABI info
[0.605s] -- Detecting CXX compiler ABI info - done
[0.628s] -- Check for working CXX compiler: /usr/bin/c++ - skipped
[0.629s] -- Detecting CXX compile features
[0.630s] -- Detecting CXX compile features - done
[0.639s] -- Found ament_cmake: 1.3.10 (/opt/ros/humble/share/ament_cmake/cmake)
[1.983s] -- Found Python3: /usr/bin/python3 (found version "3.10.12") found components: Interpreter 
[2.367s] -- Configuring done
[2.373s] -- Generating done
[2.373s] -- Build files have been written to: /home/robot/ws_moveit2/build/moveit_resources_dragon_description
[2.379s] Invoked command in '/home/robot/ws_moveit2/build/moveit_resources_dragon_description' returned '0': CMAKE_PREFIX_PATH=${CMAKE_PREFIX_PATH}:/home/robot/ws_moveit2/install/moveit_configs_utils:/home/robot/ws_moveit2/install/myrobot_3D_movit_config:/home/robot/ws_moveit2/install/my_robot_first_servo_control:/home/robot/ws_moveit2/install/my_pybullet_package:/home/robot/ws_moveit2/install/launch_param_builder:/home/robot/ros2_ws/install/my_turtlesim_project:/home/robot/ros2_ws/install/my_robot_first_servo_control:/home/robot/ros2_ws/install/my_py_pkg:/home/robot/ros2_ws/install/actions_py:/opt/ros/humble /usr/bin/cmake /home/robot/ws_moveit2/src/moveit_resources/dragon_description -DCMAKE_BUILD_TYPE=Release -DCMAKE_CXX_FLAGS=--param ggc-min-expand=20 -DCMAKE_INSTALL_PREFIX=/home/robot/ws_moveit2/install/moveit_resources_dragon_description
[2.384s] Invoking command in '/home/robot/ws_moveit2/build/moveit_resources_dragon_description': CMAKE_PREFIX_PATH=${CMAKE_PREFIX_PATH}:/home/robot/ws_moveit2/install/moveit_configs_utils:/home/robot/ws_moveit2/install/myrobot_3D_movit_config:/home/robot/ws_moveit2/install/my_robot_first_servo_control:/home/robot/ws_moveit2/install/my_pybullet_package:/home/robot/ws_moveit2/install/launch_param_builder:/home/robot/ros2_ws/install/my_turtlesim_project:/home/robot/ros2_ws/install/my_robot_first_servo_control:/home/robot/ros2_ws/install/my_py_pkg:/home/robot/ros2_ws/install/actions_py:/opt/ros/humble /usr/bin/cmake --build /home/robot/ws_moveit2/build/moveit_resources_dragon_description -- -j4 -l4
[2.460s] Invoked command in '/home/robot/ws_moveit2/build/moveit_resources_dragon_description' returned '0': CMAKE_PREFIX_PATH=${CMAKE_PREFIX_PATH}:/home/robot/ws_moveit2/install/moveit_configs_utils:/home/robot/ws_moveit2/install/myrobot_3D_movit_config:/home/robot/ws_moveit2/install/my_robot_first_servo_control:/home/robot/ws_moveit2/install/my_pybullet_package:/home/robot/ws_moveit2/install/launch_param_builder:/home/robot/ros2_ws/install/my_turtlesim_project:/home/robot/ros2_ws/install/my_robot_first_servo_control:/home/robot/ros2_ws/install/my_py_pkg:/home/robot/ros2_ws/install/actions_py:/opt/ros/humble /usr/bin/cmake --build /home/robot/ws_moveit2/build/moveit_resources_dragon_description -- -j4 -l4
[2.521s] Invoking command in '/home/robot/ws_moveit2/build/moveit_resources_dragon_description': CMAKE_PREFIX_PATH=${CMAKE_PREFIX_PATH}:/home/robot/ws_moveit2/install/moveit_configs_utils:/home/robot/ws_moveit2/install/myrobot_3D_movit_config:/home/robot/ws_moveit2/install/my_robot_first_servo_control:/home/robot/ws_moveit2/install/my_pybullet_package:/home/robot/ws_moveit2/install/launch_param_builder:/home/robot/ros2_ws/install/my_turtlesim_project:/home/robot/ros2_ws/install/my_robot_first_servo_control:/home/robot/ros2_ws/install/my_py_pkg:/home/robot/ros2_ws/install/actions_py:/opt/ros/humble /usr/bin/cmake --install /home/robot/ws_moveit2/build/moveit_resources_dragon_description
[2.536s] -- Install configuration: "Release"
[2.537s] -- Installing: /home/robot/ws_moveit2/install/moveit_resources_dragon_description/share/ament_index/resource_index/package_run_dependencies/moveit_resources_dragon_description
[2.537s] -- Installing: /home/robot/ws_moveit2/install/moveit_resources_dragon_description/share/ament_index/resource_index/parent_prefix_path/moveit_resources_dragon_description
[2.537s] -- Installing: /home/robot/ws_moveit2/install/moveit_resources_dragon_description/share/moveit_resources_dragon_description/environment/ament_prefix_path.sh
[2.537s] -- Installing: /home/robot/ws_moveit2/install/moveit_resources_dragon_description/share/moveit_resources_dragon_description/environment/ament_prefix_path.dsv
[2.537s] -- Installing: /home/robot/ws_moveit2/install/moveit_resources_dragon_description/share/moveit_resources_dragon_description/environment/path.sh
[2.537s] -- Installing: /home/robot/ws_moveit2/install/moveit_resources_dragon_description/share/moveit_resources_dragon_description/environment/path.dsv
[2.538s] -- Installing: /home/robot/ws_moveit2/install/moveit_resources_dragon_description/share/moveit_resources_dragon_description/local_setup.bash
[2.538s] -- Installing: /home/robot/ws_moveit2/install/moveit_resources_dragon_description/share/moveit_resources_dragon_description/local_setup.sh
[2.539s] -- Installing: /home/robot/ws_moveit2/install/moveit_resources_dragon_description/share/moveit_resources_dragon_description/local_setup.zsh
[2.539s] -- Installing: /home/robot/ws_moveit2/install/moveit_resources_dragon_description/share/moveit_resources_dragon_description/local_setup.dsv
[2.540s] -- Installing: /home/robot/ws_moveit2/install/moveit_resources_dragon_description/share/moveit_resources_dragon_description/package.dsv
[2.540s] -- Installing: /home/robot/ws_moveit2/install/moveit_resources_dragon_description/share/ament_index/resource_index/packages/moveit_resources_dragon_description
[2.540s] -- Installing: /home/robot/ws_moveit2/install/moveit_resources_dragon_description/share/moveit_resources_dragon_description/cmake/moveit_resources_dragon_descriptionConfig.cmake
[2.540s] -- Installing: /home/robot/ws_moveit2/install/moveit_resources_dragon_description/share/moveit_resources_dragon_description/cmake/moveit_resources_dragon_descriptionConfig-version.cmake
[2.540s] -- Installing: /home/robot/ws_moveit2/install/moveit_resources_dragon_description/share/moveit_resources_dragon_description/package.xml
[2.541s] -- Installing: /home/robot/ws_moveit2/install/moveit_resources_dragon_description/share/moveit_resources_dragon_description/meshes
[2.541s] -- Installing: /home/robot/ws_moveit2/install/moveit_resources_dragon_description/share/moveit_resources_dragon_description/meshes/stl
[2.541s] -- Installing: /home/robot/ws_moveit2/install/moveit_resources_dragon_description/share/moveit_resources_dragon_description/meshes/stl/base.stl
[2.554s] -- Installing: /home/robot/ws_moveit2/install/moveit_resources_dragon_description/share/moveit_resources_dragon_description/meshes/stl/right_finger.stl
[2.556s] -- Installing: /home/robot/ws_moveit2/install/moveit_resources_dragon_description/share/moveit_resources_dragon_description/meshes/stl/spacer_short.stl_history.log
[2.556s] -- Installing: /home/robot/ws_moveit2/install/moveit_resources_dragon_description/share/moveit_resources_dragon_description/meshes/stl/spacer_short.001.stl_history.log
[2.557s] -- Installing: /home/robot/ws_moveit2/install/moveit_resources_dragon_description/share/moveit_resources_dragon_description/meshes/stl/joint2.stl_history.log
[2.557s] -- Installing: /home/robot/ws_moveit2/install/moveit_resources_dragon_description/share/moveit_resources_dragon_description/meshes/stl/spacer_short.001.stl
[2.559s] -- Installing: /home/robot/ws_moveit2/install/moveit_resources_dragon_description/share/moveit_resources_dragon_description/meshes/stl/joint1.stl_history.log
[2.559s] -- Installing: /home/robot/ws_moveit2/install/moveit_resources_dragon_description/share/moveit_resources_dragon_description/meshes/stl/joint4.stl_history.log
[2.560s] -- Installing: /home/robot/ws_moveit2/install/moveit_resources_dragon_description/share/moveit_resources_dragon_description/meshes/stl/spacer_short.stl
[2.561s] -- Installing: /home/robot/ws_moveit2/install/moveit_resources_dragon_description/share/moveit_resources_dragon_description/meshes/stl/left_finger.stl_history.log
[2.562s] -- Installing: /home/robot/ws_moveit2/install/moveit_resources_dragon_description/share/moveit_resources_dragon_description/meshes/stl/gripper_palm.stl_history.log
[2.562s] -- Installing: /home/robot/ws_moveit2/install/moveit_resources_dragon_description/share/moveit_resources_dragon_description/meshes/stl/joint4.stl
[2.568s] -- Installing: /home/robot/ws_moveit2/install/moveit_resources_dragon_description/share/moveit_resources_dragon_description/meshes/stl/right_finger.stl_history.log
[2.568s] -- Installing: /home/robot/ws_moveit2/install/moveit_resources_dragon_description/share/moveit_resources_dragon_description/meshes/stl/left_finger.stl
[2.570s] -- Installing: /home/robot/ws_moveit2/install/moveit_resources_dragon_description/share/moveit_resources_dragon_description/meshes/stl/joint3.stl_history.log
[2.571s] -- Installing: /home/robot/ws_moveit2/install/moveit_resources_dragon_description/share/moveit_resources_dragon_description/meshes/stl/joint3.stl
[2.579s] -- Installing: /home/robot/ws_moveit2/install/moveit_resources_dragon_description/share/moveit_resources_dragon_description/meshes/stl/joint2.stl
[2.584s] -- Installing: /home/robot/ws_moveit2/install/moveit_resources_dragon_description/share/moveit_resources_dragon_description/meshes/stl/gripper_palm.stl
[2.589s] -- Installing: /home/robot/ws_moveit2/install/moveit_resources_dragon_description/share/moveit_resources_dragon_description/meshes/stl/base.stl_history.log
[2.590s] -- Installing: /home/robot/ws_moveit2/install/moveit_resources_dragon_description/share/moveit_resources_dragon_description/meshes/stl/joint1.stl
[2.595s] -- Installing: /home/robot/ws_moveit2/install/moveit_resources_dragon_description/share/moveit_resources_dragon_description/urdf
[2.596s] -- Installing: /home/robot/ws_moveit2/install/moveit_resources_dragon_description/share/moveit_resources_dragon_description/urdf/dragon.urdf
[2.604s] Invoked command in '/home/robot/ws_moveit2/build/moveit_resources_dragon_description' returned '0': CMAKE_PREFIX_PATH=${CMAKE_PREFIX_PATH}:/home/robot/ws_moveit2/install/moveit_configs_utils:/home/robot/ws_moveit2/install/myrobot_3D_movit_config:/home/robot/ws_moveit2/install/my_robot_first_servo_control:/home/robot/ws_moveit2/install/my_pybullet_package:/home/robot/ws_moveit2/install/launch_param_builder:/home/robot/ros2_ws/install/my_turtlesim_project:/home/robot/ros2_ws/install/my_robot_first_servo_control:/home/robot/ros2_ws/install/my_py_pkg:/home/robot/ros2_ws/install/actions_py:/opt/ros/humble /usr/bin/cmake --install /home/robot/ws_moveit2/build/moveit_resources_dragon_description
