[0.080s] Invoking command in '/home/robot/ws_moveit2/build/srdfdom': CMAKE_PREFIX_PATH=${CMAKE_PREFIX_PATH}:/home/robot/ws_moveit2/install/moveit_configs_utils:/home/robot/ws_moveit2/install/launch_param_builder:/home/robot/ros2_ws/install/my_turtlesim_project:/home/robot/ros2_ws/install/my_robot_first_servo_control:/home/robot/ros2_ws/install/my_py_pkg:/home/robot/ros2_ws/install/lifecycle_py:/home/robot/ros2_ws/install/course3_project:/home/robot/ros2_ws/install/actions_py:/opt/ros/humble /home/robot/.local/bin/cmake --build /home/robot/ws_moveit2/build/srdfdom -- -j6 -l6
[0.502s] [ 27%] Built target srdfdom
[0.558s] [ 45%] Built target gtest
[0.630s] [ 63%] Built target gtest_main
[0.690s] [ 63%] Built target ament_cmake_python_copy_srdfdom
[0.760s] [ 81%] Built target test_cpp_nl_NL.UTF-8
[1.758s] running egg_info
[1.760s] writing srdfdom.egg-info/PKG-INFO
[1.761s] writing dependency_links to srdfdom.egg-info/dependency_links.txt
[1.762s] writing top-level names to srdfdom.egg-info/top_level.txt
[1.771s] reading manifest file 'srdfdom.egg-info/SOURCES.txt'
[1.772s] writing manifest file 'srdfdom.egg-info/SOURCES.txt'
[1.846s] [ 81%] Built target ament_cmake_python_build_srdfdom_egg
[1.917s] [100%] Built target test_cpp_C
[1.991s] Invoked command in '/home/robot/ws_moveit2/build/srdfdom' returned '0': CMAKE_PREFIX_PATH=${CMAKE_PREFIX_PATH}:/home/robot/ws_moveit2/install/moveit_configs_utils:/home/robot/ws_moveit2/install/launch_param_builder:/home/robot/ros2_ws/install/my_turtlesim_project:/home/robot/ros2_ws/install/my_robot_first_servo_control:/home/robot/ros2_ws/install/my_py_pkg:/home/robot/ros2_ws/install/lifecycle_py:/home/robot/ros2_ws/install/course3_project:/home/robot/ros2_ws/install/actions_py:/opt/ros/humble /home/robot/.local/bin/cmake --build /home/robot/ws_moveit2/build/srdfdom -- -j6 -l6
[2.575s] Invoking command in '/home/robot/ws_moveit2/build/srdfdom': CMAKE_PREFIX_PATH=${CMAKE_PREFIX_PATH}:/home/robot/ws_moveit2/install/moveit_configs_utils:/home/robot/ws_moveit2/install/launch_param_builder:/home/robot/ros2_ws/install/my_turtlesim_project:/home/robot/ros2_ws/install/my_robot_first_servo_control:/home/robot/ros2_ws/install/my_py_pkg:/home/robot/ros2_ws/install/lifecycle_py:/home/robot/ros2_ws/install/course3_project:/home/robot/ros2_ws/install/actions_py:/opt/ros/humble /home/robot/.local/bin/cmake --install /home/robot/ws_moveit2/build/srdfdom
[2.804s] -- Install configuration: "Release"
[2.804s] -- Up-to-date: /home/robot/ws_moveit2/install/srdfdom/lib/libsrdfdom.so.2.0.4
[2.809s] -- Up-to-date: /home/robot/ws_moveit2/install/srdfdom/lib/libsrdfdom.so
[2.810s] -- Up-to-date: /home/robot/ws_moveit2/install/srdfdom/include/srdfdom
[2.811s] -- Up-to-date: /home/robot/ws_moveit2/install/srdfdom/include/srdfdom/model.h
[2.811s] -- Up-to-date: /home/robot/ws_moveit2/install/srdfdom/include/srdfdom/srdf_writer.h
[2.812s] -- Up-to-date: /home/robot/ws_moveit2/install/srdfdom/include/srdfdom/visibility_control.h
[2.812s] -- Up-to-date: /home/robot/ws_moveit2/install/srdfdom/lib/srdfdom/display_srdf
[2.813s] -- Up-to-date: /home/robot/ws_moveit2/install/srdfdom/share/srdfdom/environment/pythonpath.sh
[2.813s] -- Up-to-date: /home/robot/ws_moveit2/install/srdfdom/share/srdfdom/environment/pythonpath.dsv
[2.814s] -- Up-to-date: /home/robot/ws_moveit2/install/srdfdom/local/lib/python3.10/dist-packages/srdfdom-2.0.4-py3.10.egg-info
[2.814s] -- Installing: /home/robot/ws_moveit2/install/srdfdom/local/lib/python3.10/dist-packages/srdfdom-2.0.4-py3.10.egg-info/SOURCES.txt
[2.815s] -- Installing: /home/robot/ws_moveit2/install/srdfdom/local/lib/python3.10/dist-packages/srdfdom-2.0.4-py3.10.egg-info/dependency_links.txt
[2.816s] -- Installing: /home/robot/ws_moveit2/install/srdfdom/local/lib/python3.10/dist-packages/srdfdom-2.0.4-py3.10.egg-info/top_level.txt
[2.817s] -- Installing: /home/robot/ws_moveit2/install/srdfdom/local/lib/python3.10/dist-packages/srdfdom-2.0.4-py3.10.egg-info/PKG-INFO
[2.817s] -- Up-to-date: /home/robot/ws_moveit2/install/srdfdom/local/lib/python3.10/dist-packages/srdfdom
[2.818s] -- Up-to-date: /home/robot/ws_moveit2/install/srdfdom/local/lib/python3.10/dist-packages/srdfdom/__init__.py
[2.819s] -- Up-to-date: /home/robot/ws_moveit2/install/srdfdom/local/lib/python3.10/dist-packages/srdfdom/srdf.py
[2.958s] Listing '/home/robot/ws_moveit2/install/srdfdom/local/lib/python3.10/dist-packages/srdfdom'...
[2.987s] -- Up-to-date: /home/robot/ws_moveit2/install/srdfdom/share/srdfdom/environment/library_path.sh
[2.987s] -- Up-to-date: /home/robot/ws_moveit2/install/srdfdom/share/srdfdom/environment/library_path.dsv
[2.987s] -- Up-to-date: /home/robot/ws_moveit2/install/srdfdom/share/ament_index/resource_index/package_run_dependencies/srdfdom
[2.987s] -- Up-to-date: /home/robot/ws_moveit2/install/srdfdom/share/ament_index/resource_index/parent_prefix_path/srdfdom
[2.987s] -- Up-to-date: /home/robot/ws_moveit2/install/srdfdom/share/srdfdom/environment/ament_prefix_path.sh
[2.988s] -- Up-to-date: /home/robot/ws_moveit2/install/srdfdom/share/srdfdom/environment/ament_prefix_path.dsv
[2.988s] -- Up-to-date: /home/robot/ws_moveit2/install/srdfdom/share/srdfdom/environment/path.sh
[2.988s] -- Up-to-date: /home/robot/ws_moveit2/install/srdfdom/share/srdfdom/environment/path.dsv
[2.988s] -- Up-to-date: /home/robot/ws_moveit2/install/srdfdom/share/srdfdom/local_setup.bash
[2.988s] -- Up-to-date: /home/robot/ws_moveit2/install/srdfdom/share/srdfdom/local_setup.sh
[2.988s] -- Up-to-date: /home/robot/ws_moveit2/install/srdfdom/share/srdfdom/local_setup.zsh
[2.988s] -- Up-to-date: /home/robot/ws_moveit2/install/srdfdom/share/srdfdom/local_setup.dsv
[2.989s] -- Installing: /home/robot/ws_moveit2/install/srdfdom/share/srdfdom/package.dsv
[2.989s] -- Up-to-date: /home/robot/ws_moveit2/install/srdfdom/share/ament_index/resource_index/packages/srdfdom
[2.989s] -- Up-to-date: /home/robot/ws_moveit2/install/srdfdom/share/srdfdom/cmake/srdfdomTargetsExport.cmake
[2.989s] -- Up-to-date: /home/robot/ws_moveit2/install/srdfdom/share/srdfdom/cmake/srdfdomTargetsExport-release.cmake
[2.989s] -- Up-to-date: /home/robot/ws_moveit2/install/srdfdom/share/srdfdom/cmake/ament_cmake_export_targets-extras.cmake
[2.989s] -- Up-to-date: /home/robot/ws_moveit2/install/srdfdom/share/srdfdom/cmake/ament_cmake_export_dependencies-extras.cmake
[2.989s] -- Up-to-date: /home/robot/ws_moveit2/install/srdfdom/share/srdfdom/cmake/srdfdomConfig.cmake
[2.989s] -- Up-to-date: /home/robot/ws_moveit2/install/srdfdom/share/srdfdom/cmake/srdfdomConfig-version.cmake
[2.990s] -- Up-to-date: /home/robot/ws_moveit2/install/srdfdom/share/srdfdom/package.xml
[3.047s] Invoked command in '/home/robot/ws_moveit2/build/srdfdom' returned '0': CMAKE_PREFIX_PATH=${CMAKE_PREFIX_PATH}:/home/robot/ws_moveit2/install/moveit_configs_utils:/home/robot/ws_moveit2/install/launch_param_builder:/home/robot/ros2_ws/install/my_turtlesim_project:/home/robot/ros2_ws/install/my_robot_first_servo_control:/home/robot/ros2_ws/install/my_py_pkg:/home/robot/ros2_ws/install/lifecycle_py:/home/robot/ros2_ws/install/course3_project:/home/robot/ros2_ws/install/actions_py:/opt/ros/humble /home/robot/.local/bin/cmake --install /home/robot/ws_moveit2/build/srdfdom
