[0.047s] Invoking command in '/home/robot/ws_moveit2/build/moveit_task_constructor_msgs': CMAKE_PREFIX_PATH=${CMAKE_PREFIX_PATH}:/home/robot/ws_moveit2/install/moveit_configs_utils:/home/robot/ws_moveit2/install/launch_param_builder:/home/robot/ros2_ws/install/my_turtlesim_project:/home/robot/ros2_ws/install/my_robot_first_servo_control:/home/robot/ros2_ws/install/my_py_pkg:/home/robot/ros2_ws/install/lifecycle_py:/home/robot/ros2_ws/install/course3_project:/home/robot/ros2_ws/install/actions_py:/opt/ros/humble /home/robot/.local/bin/cmake --build /home/robot/ws_moveit2/build/moveit_task_constructor_msgs -- -j6 -l6
[0.305s] [  0%] Built target moveit_task_constructor_msgs__cpp
[0.317s] [  4%] Built target ament_cmake_python_copy_moveit_task_constructor_msgs
[0.317s] [ 12%] Built target moveit_task_constructor_msgs__rosidl_generator_c
[0.366s] [ 24%] Built target moveit_task_constructor_msgs__rosidl_typesupport_introspection_cpp
[0.370s] [ 36%] Built target moveit_task_constructor_msgs__rosidl_typesupport_cpp
[0.376s] [ 48%] Built target moveit_task_constructor_msgs__rosidl_typesupport_fastrtps_c
[0.387s] [ 59%] Built target moveit_task_constructor_msgs__rosidl_typesupport_fastrtps_cpp
[0.390s] [ 71%] Built target moveit_task_constructor_msgs__rosidl_typesupport_introspection_c
[0.419s] [ 83%] Built target moveit_task_constructor_msgs__rosidl_typesupport_c
[0.453s] [ 83%] Built target moveit_task_constructor_msgs
[0.498s] [ 84%] Built target moveit_task_constructor_msgs__py
[0.543s] [ 95%] Built target moveit_task_constructor_msgs__rosidl_generator_py
[0.582s] [ 97%] Built target moveit_task_constructor_msgs__rosidl_typesupport_fastrtps_c__pyext
[0.585s] [ 98%] Built target moveit_task_constructor_msgs__rosidl_typesupport_c__pyext
[0.585s] [100%] Built target moveit_task_constructor_msgs__rosidl_typesupport_introspection_c__pyext
[0.850s] running egg_info
[0.851s] writing moveit_task_constructor_msgs.egg-info/PKG-INFO
[0.851s] writing dependency_links to moveit_task_constructor_msgs.egg-info/dependency_links.txt
[0.852s] writing top-level names to moveit_task_constructor_msgs.egg-info/top_level.txt
[0.856s] reading manifest file 'moveit_task_constructor_msgs.egg-info/SOURCES.txt'
[0.858s] writing manifest file 'moveit_task_constructor_msgs.egg-info/SOURCES.txt'
[0.905s] [100%] Built target ament_cmake_python_build_moveit_task_constructor_msgs_egg
[0.944s] Invoked command in '/home/robot/ws_moveit2/build/moveit_task_constructor_msgs' returned '0': CMAKE_PREFIX_PATH=${CMAKE_PREFIX_PATH}:/home/robot/ws_moveit2/install/moveit_configs_utils:/home/robot/ws_moveit2/install/launch_param_builder:/home/robot/ros2_ws/install/my_turtlesim_project:/home/robot/ros2_ws/install/my_robot_first_servo_control:/home/robot/ros2_ws/install/my_py_pkg:/home/robot/ros2_ws/install/lifecycle_py:/home/robot/ros2_ws/install/course3_project:/home/robot/ros2_ws/install/actions_py:/opt/ros/humble /home/robot/.local/bin/cmake --build /home/robot/ws_moveit2/build/moveit_task_constructor_msgs -- -j6 -l6
[3.066s] Invoking command in '/home/robot/ws_moveit2/build/moveit_task_constructor_msgs': CMAKE_PREFIX_PATH=${CMAKE_PREFIX_PATH}:/home/robot/ws_moveit2/install/moveit_configs_utils:/home/robot/ws_moveit2/install/launch_param_builder:/home/robot/ros2_ws/install/my_turtlesim_project:/home/robot/ros2_ws/install/my_robot_first_servo_control:/home/robot/ros2_ws/install/my_py_pkg:/home/robot/ros2_ws/install/lifecycle_py:/home/robot/ros2_ws/install/course3_project:/home/robot/ros2_ws/install/actions_py:/opt/ros/humble /home/robot/.local/bin/cmake --install /home/robot/ws_moveit2/build/moveit_task_constructor_msgs
[3.241s] -- Install configuration: "Release"
[3.242s] -- Up-to-date: /home/robot/ws_moveit2/install/moveit_task_constructor_msgs/share/ament_index/resource_index/rosidl_interfaces/moveit_task_constructor_msgs
[3.243s] -- Up-to-date: /home/robot/ws_moveit2/install/moveit_task_constructor_msgs/include/moveit_task_constructor_msgs/moveit_task_constructor_msgs
[3.243s] -- Up-to-date: /home/robot/ws_moveit2/install/moveit_task_constructor_msgs/include/moveit_task_constructor_msgs/moveit_task_constructor_msgs/action
[3.244s] -- Up-to-date: /home/robot/ws_moveit2/install/moveit_task_constructor_msgs/include/moveit_task_constructor_msgs/moveit_task_constructor_msgs/action/execute_task_solution.h
[3.244s] -- Up-to-date: /home/robot/ws_moveit2/install/moveit_task_constructor_msgs/include/moveit_task_constructor_msgs/moveit_task_constructor_msgs/action/detail
[3.245s] -- Up-to-date: /home/robot/ws_moveit2/install/moveit_task_constructor_msgs/include/moveit_task_constructor_msgs/moveit_task_constructor_msgs/action/detail/execute_task_solution__functions.h
[3.245s] -- Up-to-date: /home/robot/ws_moveit2/install/moveit_task_constructor_msgs/include/moveit_task_constructor_msgs/moveit_task_constructor_msgs/action/detail/execute_task_solution__type_support.h
[3.246s] -- Up-to-date: /home/robot/ws_moveit2/install/moveit_task_constructor_msgs/include/moveit_task_constructor_msgs/moveit_task_constructor_msgs/action/detail/execute_task_solution__functions.c
[3.246s] -- Up-to-date: /home/robot/ws_moveit2/install/moveit_task_constructor_msgs/include/moveit_task_constructor_msgs/moveit_task_constructor_msgs/action/detail/execute_task_solution__struct.h
[3.246s] -- Up-to-date: /home/robot/ws_moveit2/install/moveit_task_constructor_msgs/include/moveit_task_constructor_msgs/moveit_task_constructor_msgs/srv
[3.246s] -- Up-to-date: /home/robot/ws_moveit2/install/moveit_task_constructor_msgs/include/moveit_task_constructor_msgs/moveit_task_constructor_msgs/srv/detail
[3.248s] -- Up-to-date: /home/robot/ws_moveit2/install/moveit_task_constructor_msgs/include/moveit_task_constructor_msgs/moveit_task_constructor_msgs/srv/detail/get_solution__struct.h
[3.248s] -- Up-to-date: /home/robot/ws_moveit2/install/moveit_task_constructor_msgs/include/moveit_task_constructor_msgs/moveit_task_constructor_msgs/srv/detail/get_solution__functions.h
[3.249s] -- Up-to-date: /home/robot/ws_moveit2/install/moveit_task_constructor_msgs/include/moveit_task_constructor_msgs/moveit_task_constructor_msgs/srv/detail/get_solution__type_support.h
[3.249s] -- Up-to-date: /home/robot/ws_moveit2/install/moveit_task_constructor_msgs/include/moveit_task_constructor_msgs/moveit_task_constructor_msgs/srv/detail/get_solution__functions.c
[3.249s] -- Up-to-date: /home/robot/ws_moveit2/install/moveit_task_constructor_msgs/include/moveit_task_constructor_msgs/moveit_task_constructor_msgs/srv/get_solution.h
[3.250s] -- Up-to-date: /home/robot/ws_moveit2/install/moveit_task_constructor_msgs/include/moveit_task_constructor_msgs/moveit_task_constructor_msgs/msg
[3.250s] -- Up-to-date: /home/robot/ws_moveit2/install/moveit_task_constructor_msgs/include/moveit_task_constructor_msgs/moveit_task_constructor_msgs/msg/property.h
[3.250s] -- Up-to-date: /home/robot/ws_moveit2/install/moveit_task_constructor_msgs/include/moveit_task_constructor_msgs/moveit_task_constructor_msgs/msg/task_description.h
[3.251s] -- Up-to-date: /home/robot/ws_moveit2/install/moveit_task_constructor_msgs/include/moveit_task_constructor_msgs/moveit_task_constructor_msgs/msg/sub_solution.h
[3.251s] -- Up-to-date: /home/robot/ws_moveit2/install/moveit_task_constructor_msgs/include/moveit_task_constructor_msgs/moveit_task_constructor_msgs/msg/stage_statistics.h
[3.251s] -- Up-to-date: /home/robot/ws_moveit2/install/moveit_task_constructor_msgs/include/moveit_task_constructor_msgs/moveit_task_constructor_msgs/msg/rosidl_generator_c__visibility_control.h
[3.252s] -- Up-to-date: /home/robot/ws_moveit2/install/moveit_task_constructor_msgs/include/moveit_task_constructor_msgs/moveit_task_constructor_msgs/msg/detail
[3.252s] -- Up-to-date: /home/robot/ws_moveit2/install/moveit_task_constructor_msgs/include/moveit_task_constructor_msgs/moveit_task_constructor_msgs/msg/detail/sub_solution__type_support.h
[3.252s] -- Up-to-date: /home/robot/ws_moveit2/install/moveit_task_constructor_msgs/include/moveit_task_constructor_msgs/moveit_task_constructor_msgs/msg/detail/stage_statistics__functions.h
[3.252s] -- Up-to-date: /home/robot/ws_moveit2/install/moveit_task_constructor_msgs/include/moveit_task_constructor_msgs/moveit_task_constructor_msgs/msg/detail/stage_description__struct.h
[3.253s] -- Up-to-date: /home/robot/ws_moveit2/install/moveit_task_constructor_msgs/include/moveit_task_constructor_msgs/moveit_task_constructor_msgs/msg/detail/solution__functions.c
[3.253s] -- Up-to-date: /home/robot/ws_moveit2/install/moveit_task_constructor_msgs/include/moveit_task_constructor_msgs/moveit_task_constructor_msgs/msg/detail/property__functions.c
[3.253s] -- Up-to-date: /home/robot/ws_moveit2/install/moveit_task_constructor_msgs/include/moveit_task_constructor_msgs/moveit_task_constructor_msgs/msg/detail/sub_trajectory__type_support.h
[3.253s] -- Up-to-date: /home/robot/ws_moveit2/install/moveit_task_constructor_msgs/include/moveit_task_constructor_msgs/moveit_task_constructor_msgs/msg/detail/task_statistics__type_support.h
[3.254s] -- Up-to-date: /home/robot/ws_moveit2/install/moveit_task_constructor_msgs/include/moveit_task_constructor_msgs/moveit_task_constructor_msgs/msg/detail/stage_statistics__struct.h
[3.254s] -- Up-to-date: /home/robot/ws_moveit2/install/moveit_task_constructor_msgs/include/moveit_task_constructor_msgs/moveit_task_constructor_msgs/msg/detail/stage_description__type_support.h
[3.255s] -- Up-to-date: /home/robot/ws_moveit2/install/moveit_task_constructor_msgs/include/moveit_task_constructor_msgs/moveit_task_constructor_msgs/msg/detail/solution__struct.h
[3.256s] -- Up-to-date: /home/robot/ws_moveit2/install/moveit_task_constructor_msgs/include/moveit_task_constructor_msgs/moveit_task_constructor_msgs/msg/detail/sub_solution__struct.h
[3.256s] -- Up-to-date: /home/robot/ws_moveit2/install/moveit_task_constructor_msgs/include/moveit_task_constructor_msgs/moveit_task_constructor_msgs/msg/detail/task_description__struct.h
[3.257s] -- Up-to-date: /home/robot/ws_moveit2/install/moveit_task_constructor_msgs/include/moveit_task_constructor_msgs/moveit_task_constructor_msgs/msg/detail/trajectory_execution_info__struct.h
[3.257s] -- Up-to-date: /home/robot/ws_moveit2/install/moveit_task_constructor_msgs/include/moveit_task_constructor_msgs/moveit_task_constructor_msgs/msg/detail/sub_trajectory__functions.h
[3.257s] -- Up-to-date: /home/robot/ws_moveit2/install/moveit_task_constructor_msgs/include/moveit_task_constructor_msgs/moveit_task_constructor_msgs/msg/detail/task_description__functions.c
[3.258s] -- Up-to-date: /home/robot/ws_moveit2/install/moveit_task_constructor_msgs/include/moveit_task_constructor_msgs/moveit_task_constructor_msgs/msg/detail/task_statistics__struct.h
[3.258s] -- Up-to-date: /home/robot/ws_moveit2/install/moveit_task_constructor_msgs/include/moveit_task_constructor_msgs/moveit_task_constructor_msgs/msg/detail/trajectory_execution_info__type_support.h
[3.258s] -- Up-to-date: /home/robot/ws_moveit2/install/moveit_task_constructor_msgs/include/moveit_task_constructor_msgs/moveit_task_constructor_msgs/msg/detail/solution_info__struct.h
[3.258s] -- Up-to-date: /home/robot/ws_moveit2/install/moveit_task_constructor_msgs/include/moveit_task_constructor_msgs/moveit_task_constructor_msgs/msg/detail/sub_trajectory__functions.c
[3.258s] -- Up-to-date: /home/robot/ws_moveit2/install/moveit_task_constructor_msgs/include/moveit_task_constructor_msgs/moveit_task_constructor_msgs/msg/detail/trajectory_execution_info__functions.c
[3.258s] -- Up-to-date: /home/robot/ws_moveit2/install/moveit_task_constructor_msgs/include/moveit_task_constructor_msgs/moveit_task_constructor_msgs/msg/detail/task_statistics__functions.c
[3.259s] -- Up-to-date: /home/robot/ws_moveit2/install/moveit_task_constructor_msgs/include/moveit_task_constructor_msgs/moveit_task_constructor_msgs/msg/detail/solution_info__functions.h
[3.259s] -- Up-to-date: /home/robot/ws_moveit2/install/moveit_task_constructor_msgs/include/moveit_task_constructor_msgs/moveit_task_constructor_msgs/msg/detail/stage_statistics__functions.c
[3.259s] -- Up-to-date: /home/robot/ws_moveit2/install/moveit_task_constructor_msgs/include/moveit_task_constructor_msgs/moveit_task_constructor_msgs/msg/detail/solution_info__type_support.h
[3.259s] -- Up-to-date: /home/robot/ws_moveit2/install/moveit_task_constructor_msgs/include/moveit_task_constructor_msgs/moveit_task_constructor_msgs/msg/detail/stage_statistics__type_support.h
[3.259s] -- Up-to-date: /home/robot/ws_moveit2/install/moveit_task_constructor_msgs/include/moveit_task_constructor_msgs/moveit_task_constructor_msgs/msg/detail/stage_description__functions.h
[3.259s] -- Up-to-date: /home/robot/ws_moveit2/install/moveit_task_constructor_msgs/include/moveit_task_constructor_msgs/moveit_task_constructor_msgs/msg/detail/property__type_support.h
[3.259s] -- Up-to-date: /home/robot/ws_moveit2/install/moveit_task_constructor_msgs/include/moveit_task_constructor_msgs/moveit_task_constructor_msgs/msg/detail/solution__type_support.h
[3.259s] -- Up-to-date: /home/robot/ws_moveit2/install/moveit_task_constructor_msgs/include/moveit_task_constructor_msgs/moveit_task_constructor_msgs/msg/detail/trajectory_execution_info__functions.h
[3.259s] -- Up-to-date: /home/robot/ws_moveit2/install/moveit_task_constructor_msgs/include/moveit_task_constructor_msgs/moveit_task_constructor_msgs/msg/detail/solution_info__functions.c
[3.260s] -- Up-to-date: /home/robot/ws_moveit2/install/moveit_task_constructor_msgs/include/moveit_task_constructor_msgs/moveit_task_constructor_msgs/msg/detail/solution__functions.h
[3.260s] -- Up-to-date: /home/robot/ws_moveit2/install/moveit_task_constructor_msgs/include/moveit_task_constructor_msgs/moveit_task_constructor_msgs/msg/detail/property__functions.h
[3.260s] -- Up-to-date: /home/robot/ws_moveit2/install/moveit_task_constructor_msgs/include/moveit_task_constructor_msgs/moveit_task_constructor_msgs/msg/detail/sub_trajectory__struct.h
[3.260s] -- Up-to-date: /home/robot/ws_moveit2/install/moveit_task_constructor_msgs/include/moveit_task_constructor_msgs/moveit_task_constructor_msgs/msg/detail/sub_solution__functions.c
[3.260s] -- Up-to-date: /home/robot/ws_moveit2/install/moveit_task_constructor_msgs/include/moveit_task_constructor_msgs/moveit_task_constructor_msgs/msg/detail/task_statistics__functions.h
[3.260s] -- Up-to-date: /home/robot/ws_moveit2/install/moveit_task_constructor_msgs/include/moveit_task_constructor_msgs/moveit_task_constructor_msgs/msg/detail/task_description__functions.h
[3.260s] -- Up-to-date: /home/robot/ws_moveit2/install/moveit_task_constructor_msgs/include/moveit_task_constructor_msgs/moveit_task_constructor_msgs/msg/detail/property__struct.h
[3.260s] -- Up-to-date: /home/robot/ws_moveit2/install/moveit_task_constructor_msgs/include/moveit_task_constructor_msgs/moveit_task_constructor_msgs/msg/detail/sub_solution__functions.h
[3.261s] -- Up-to-date: /home/robot/ws_moveit2/install/moveit_task_constructor_msgs/include/moveit_task_constructor_msgs/moveit_task_constructor_msgs/msg/detail/stage_description__functions.c
[3.261s] -- Up-to-date: /home/robot/ws_moveit2/install/moveit_task_constructor_msgs/include/moveit_task_constructor_msgs/moveit_task_constructor_msgs/msg/detail/task_description__type_support.h
[3.261s] -- Up-to-date: /home/robot/ws_moveit2/install/moveit_task_constructor_msgs/include/moveit_task_constructor_msgs/moveit_task_constructor_msgs/msg/trajectory_execution_info.h
[3.261s] -- Up-to-date: /home/robot/ws_moveit2/install/moveit_task_constructor_msgs/include/moveit_task_constructor_msgs/moveit_task_constructor_msgs/msg/task_statistics.h
[3.262s] -- Up-to-date: /home/robot/ws_moveit2/install/moveit_task_constructor_msgs/include/moveit_task_constructor_msgs/moveit_task_constructor_msgs/msg/sub_trajectory.h
[3.262s] -- Up-to-date: /home/robot/ws_moveit2/install/moveit_task_constructor_msgs/include/moveit_task_constructor_msgs/moveit_task_constructor_msgs/msg/stage_description.h
[3.262s] -- Up-to-date: /home/robot/ws_moveit2/install/moveit_task_constructor_msgs/include/moveit_task_constructor_msgs/moveit_task_constructor_msgs/msg/solution.h
[3.262s] -- Up-to-date: /home/robot/ws_moveit2/install/moveit_task_constructor_msgs/include/moveit_task_constructor_msgs/moveit_task_constructor_msgs/msg/solution_info.h
[3.262s] -- Up-to-date: /home/robot/ws_moveit2/install/moveit_task_constructor_msgs/share/moveit_task_constructor_msgs/environment/library_path.sh
[3.263s] -- Up-to-date: /home/robot/ws_moveit2/install/moveit_task_constructor_msgs/share/moveit_task_constructor_msgs/environment/library_path.dsv
[3.263s] -- Up-to-date: /home/robot/ws_moveit2/install/moveit_task_constructor_msgs/lib/libmoveit_task_constructor_msgs__rosidl_generator_c.so
[3.263s] -- Up-to-date: /home/robot/ws_moveit2/install/moveit_task_constructor_msgs/include/moveit_task_constructor_msgs/moveit_task_constructor_msgs
[3.263s] -- Up-to-date: /home/robot/ws_moveit2/install/moveit_task_constructor_msgs/include/moveit_task_constructor_msgs/moveit_task_constructor_msgs/action
[3.263s] -- Up-to-date: /home/robot/ws_moveit2/install/moveit_task_constructor_msgs/include/moveit_task_constructor_msgs/moveit_task_constructor_msgs/action/detail
[3.263s] -- Up-to-date: /home/robot/ws_moveit2/install/moveit_task_constructor_msgs/include/moveit_task_constructor_msgs/moveit_task_constructor_msgs/action/detail/execute_task_solution__rosidl_typesupport_fastrtps_c.h
[3.264s] -- Up-to-date: /home/robot/ws_moveit2/install/moveit_task_constructor_msgs/include/moveit_task_constructor_msgs/moveit_task_constructor_msgs/srv
[3.264s] -- Up-to-date: /home/robot/ws_moveit2/install/moveit_task_constructor_msgs/include/moveit_task_constructor_msgs/moveit_task_constructor_msgs/srv/detail
[3.264s] -- Up-to-date: /home/robot/ws_moveit2/install/moveit_task_constructor_msgs/include/moveit_task_constructor_msgs/moveit_task_constructor_msgs/srv/detail/get_solution__rosidl_typesupport_fastrtps_c.h
[3.264s] -- Up-to-date: /home/robot/ws_moveit2/install/moveit_task_constructor_msgs/include/moveit_task_constructor_msgs/moveit_task_constructor_msgs/msg
[3.264s] -- Up-to-date: /home/robot/ws_moveit2/install/moveit_task_constructor_msgs/include/moveit_task_constructor_msgs/moveit_task_constructor_msgs/msg/rosidl_typesupport_fastrtps_c__visibility_control.h
[3.264s] -- Up-to-date: /home/robot/ws_moveit2/install/moveit_task_constructor_msgs/include/moveit_task_constructor_msgs/moveit_task_constructor_msgs/msg/detail
[3.264s] -- Up-to-date: /home/robot/ws_moveit2/install/moveit_task_constructor_msgs/include/moveit_task_constructor_msgs/moveit_task_constructor_msgs/msg/detail/solution_info__rosidl_typesupport_fastrtps_c.h
[3.265s] -- Up-to-date: /home/robot/ws_moveit2/install/moveit_task_constructor_msgs/include/moveit_task_constructor_msgs/moveit_task_constructor_msgs/msg/detail/task_statistics__rosidl_typesupport_fastrtps_c.h
[3.265s] -- Up-to-date: /home/robot/ws_moveit2/install/moveit_task_constructor_msgs/include/moveit_task_constructor_msgs/moveit_task_constructor_msgs/msg/detail/stage_description__rosidl_typesupport_fastrtps_c.h
[3.266s] -- Up-to-date: /home/robot/ws_moveit2/install/moveit_task_constructor_msgs/include/moveit_task_constructor_msgs/moveit_task_constructor_msgs/msg/detail/trajectory_execution_info__rosidl_typesupport_fastrtps_c.h
[3.267s] -- Up-to-date: /home/robot/ws_moveit2/install/moveit_task_constructor_msgs/include/moveit_task_constructor_msgs/moveit_task_constructor_msgs/msg/detail/sub_solution__rosidl_typesupport_fastrtps_c.h
[3.267s] -- Up-to-date: /home/robot/ws_moveit2/install/moveit_task_constructor_msgs/include/moveit_task_constructor_msgs/moveit_task_constructor_msgs/msg/detail/stage_statistics__rosidl_typesupport_fastrtps_c.h
[3.267s] -- Up-to-date: /home/robot/ws_moveit2/install/moveit_task_constructor_msgs/include/moveit_task_constructor_msgs/moveit_task_constructor_msgs/msg/detail/task_description__rosidl_typesupport_fastrtps_c.h
[3.268s] -- Up-to-date: /home/robot/ws_moveit2/install/moveit_task_constructor_msgs/include/moveit_task_constructor_msgs/moveit_task_constructor_msgs/msg/detail/solution__rosidl_typesupport_fastrtps_c.h
[3.268s] -- Up-to-date: /home/robot/ws_moveit2/install/moveit_task_constructor_msgs/include/moveit_task_constructor_msgs/moveit_task_constructor_msgs/msg/detail/property__rosidl_typesupport_fastrtps_c.h
[3.268s] -- Up-to-date: /home/robot/ws_moveit2/install/moveit_task_constructor_msgs/include/moveit_task_constructor_msgs/moveit_task_constructor_msgs/msg/detail/sub_trajectory__rosidl_typesupport_fastrtps_c.h
[3.269s] -- Up-to-date: /home/robot/ws_moveit2/install/moveit_task_constructor_msgs/lib/libmoveit_task_constructor_msgs__rosidl_typesupport_fastrtps_c.so
[3.269s] -- Up-to-date: /home/robot/ws_moveit2/install/moveit_task_constructor_msgs/include/moveit_task_constructor_msgs/moveit_task_constructor_msgs
[3.269s] -- Up-to-date: /home/robot/ws_moveit2/install/moveit_task_constructor_msgs/include/moveit_task_constructor_msgs/moveit_task_constructor_msgs/action
[3.270s] -- Up-to-date: /home/robot/ws_moveit2/install/moveit_task_constructor_msgs/include/moveit_task_constructor_msgs/moveit_task_constructor_msgs/action/detail
[3.270s] -- Up-to-date: /home/robot/ws_moveit2/install/moveit_task_constructor_msgs/include/moveit_task_constructor_msgs/moveit_task_constructor_msgs/action/detail/execute_task_solution__traits.hpp
[3.270s] -- Up-to-date: /home/robot/ws_moveit2/install/moveit_task_constructor_msgs/include/moveit_task_constructor_msgs/moveit_task_constructor_msgs/action/detail/execute_task_solution__struct.hpp
[3.271s] -- Up-to-date: /home/robot/ws_moveit2/install/moveit_task_constructor_msgs/include/moveit_task_constructor_msgs/moveit_task_constructor_msgs/action/detail/execute_task_solution__builder.hpp
[3.271s] -- Up-to-date: /home/robot/ws_moveit2/install/moveit_task_constructor_msgs/include/moveit_task_constructor_msgs/moveit_task_constructor_msgs/action/execute_task_solution.hpp
[3.271s] -- Up-to-date: /home/robot/ws_moveit2/install/moveit_task_constructor_msgs/include/moveit_task_constructor_msgs/moveit_task_constructor_msgs/srv
[3.272s] -- Up-to-date: /home/robot/ws_moveit2/install/moveit_task_constructor_msgs/include/moveit_task_constructor_msgs/moveit_task_constructor_msgs/srv/get_solution.hpp
[3.272s] -- Up-to-date: /home/robot/ws_moveit2/install/moveit_task_constructor_msgs/include/moveit_task_constructor_msgs/moveit_task_constructor_msgs/srv/detail
[3.272s] -- Up-to-date: /home/robot/ws_moveit2/install/moveit_task_constructor_msgs/include/moveit_task_constructor_msgs/moveit_task_constructor_msgs/srv/detail/get_solution__traits.hpp
[3.272s] -- Up-to-date: /home/robot/ws_moveit2/install/moveit_task_constructor_msgs/include/moveit_task_constructor_msgs/moveit_task_constructor_msgs/srv/detail/get_solution__builder.hpp
[3.273s] -- Up-to-date: /home/robot/ws_moveit2/install/moveit_task_constructor_msgs/include/moveit_task_constructor_msgs/moveit_task_constructor_msgs/srv/detail/get_solution__struct.hpp
[3.273s] -- Up-to-date: /home/robot/ws_moveit2/install/moveit_task_constructor_msgs/include/moveit_task_constructor_msgs/moveit_task_constructor_msgs/msg
[3.273s] -- Up-to-date: /home/robot/ws_moveit2/install/moveit_task_constructor_msgs/include/moveit_task_constructor_msgs/moveit_task_constructor_msgs/msg/solution_info.hpp
[3.273s] -- Up-to-date: /home/robot/ws_moveit2/install/moveit_task_constructor_msgs/include/moveit_task_constructor_msgs/moveit_task_constructor_msgs/msg/stage_description.hpp
[3.274s] -- Up-to-date: /home/robot/ws_moveit2/install/moveit_task_constructor_msgs/include/moveit_task_constructor_msgs/moveit_task_constructor_msgs/msg/property.hpp
[3.274s] -- Up-to-date: /home/robot/ws_moveit2/install/moveit_task_constructor_msgs/include/moveit_task_constructor_msgs/moveit_task_constructor_msgs/msg/detail
[3.274s] -- Up-to-date: /home/robot/ws_moveit2/install/moveit_task_constructor_msgs/include/moveit_task_constructor_msgs/moveit_task_constructor_msgs/msg/detail/sub_solution__builder.hpp
[3.274s] -- Up-to-date: /home/robot/ws_moveit2/install/moveit_task_constructor_msgs/include/moveit_task_constructor_msgs/moveit_task_constructor_msgs/msg/detail/task_statistics__traits.hpp
[3.274s] -- Up-to-date: /home/robot/ws_moveit2/install/moveit_task_constructor_msgs/include/moveit_task_constructor_msgs/moveit_task_constructor_msgs/msg/detail/task_statistics__builder.hpp
[3.274s] -- Up-to-date: /home/robot/ws_moveit2/install/moveit_task_constructor_msgs/include/moveit_task_constructor_msgs/moveit_task_constructor_msgs/msg/detail/solution__struct.hpp
[3.274s] -- Up-to-date: /home/robot/ws_moveit2/install/moveit_task_constructor_msgs/include/moveit_task_constructor_msgs/moveit_task_constructor_msgs/msg/detail/solution_info__struct.hpp
[3.275s] -- Up-to-date: /home/robot/ws_moveit2/install/moveit_task_constructor_msgs/include/moveit_task_constructor_msgs/moveit_task_constructor_msgs/msg/detail/stage_description__struct.hpp
[3.275s] -- Up-to-date: /home/robot/ws_moveit2/install/moveit_task_constructor_msgs/include/moveit_task_constructor_msgs/moveit_task_constructor_msgs/msg/detail/task_statistics__struct.hpp
[3.275s] -- Up-to-date: /home/robot/ws_moveit2/install/moveit_task_constructor_msgs/include/moveit_task_constructor_msgs/moveit_task_constructor_msgs/msg/detail/property__traits.hpp
[3.276s] -- Up-to-date: /home/robot/ws_moveit2/install/moveit_task_constructor_msgs/include/moveit_task_constructor_msgs/moveit_task_constructor_msgs/msg/detail/task_description__struct.hpp
[3.276s] -- Up-to-date: /home/robot/ws_moveit2/install/moveit_task_constructor_msgs/include/moveit_task_constructor_msgs/moveit_task_constructor_msgs/msg/detail/property__builder.hpp
[3.276s] -- Up-to-date: /home/robot/ws_moveit2/install/moveit_task_constructor_msgs/include/moveit_task_constructor_msgs/moveit_task_constructor_msgs/msg/detail/solution__builder.hpp
[3.276s] -- Up-to-date: /home/robot/ws_moveit2/install/moveit_task_constructor_msgs/include/moveit_task_constructor_msgs/moveit_task_constructor_msgs/msg/detail/sub_trajectory__struct.hpp
[3.277s] -- Up-to-date: /home/robot/ws_moveit2/install/moveit_task_constructor_msgs/include/moveit_task_constructor_msgs/moveit_task_constructor_msgs/msg/detail/sub_trajectory__traits.hpp
[3.277s] -- Up-to-date: /home/robot/ws_moveit2/install/moveit_task_constructor_msgs/include/moveit_task_constructor_msgs/moveit_task_constructor_msgs/msg/detail/sub_solution__struct.hpp
[3.277s] -- Up-to-date: /home/robot/ws_moveit2/install/moveit_task_constructor_msgs/include/moveit_task_constructor_msgs/moveit_task_constructor_msgs/msg/detail/stage_statistics__builder.hpp
[3.278s] -- Up-to-date: /home/robot/ws_moveit2/install/moveit_task_constructor_msgs/include/moveit_task_constructor_msgs/moveit_task_constructor_msgs/msg/detail/sub_solution__traits.hpp
[3.278s] -- Up-to-date: /home/robot/ws_moveit2/install/moveit_task_constructor_msgs/include/moveit_task_constructor_msgs/moveit_task_constructor_msgs/msg/detail/stage_statistics__traits.hpp
[3.278s] -- Up-to-date: /home/robot/ws_moveit2/install/moveit_task_constructor_msgs/include/moveit_task_constructor_msgs/moveit_task_constructor_msgs/msg/detail/stage_statistics__struct.hpp
[3.278s] -- Up-to-date: /home/robot/ws_moveit2/install/moveit_task_constructor_msgs/include/moveit_task_constructor_msgs/moveit_task_constructor_msgs/msg/detail/sub_trajectory__builder.hpp
[3.278s] -- Up-to-date: /home/robot/ws_moveit2/install/moveit_task_constructor_msgs/include/moveit_task_constructor_msgs/moveit_task_constructor_msgs/msg/detail/trajectory_execution_info__struct.hpp
[3.278s] -- Up-to-date: /home/robot/ws_moveit2/install/moveit_task_constructor_msgs/include/moveit_task_constructor_msgs/moveit_task_constructor_msgs/msg/detail/solution__traits.hpp
[3.279s] -- Up-to-date: /home/robot/ws_moveit2/install/moveit_task_constructor_msgs/include/moveit_task_constructor_msgs/moveit_task_constructor_msgs/msg/detail/stage_description__traits.hpp
[3.279s] -- Up-to-date: /home/robot/ws_moveit2/install/moveit_task_constructor_msgs/include/moveit_task_constructor_msgs/moveit_task_constructor_msgs/msg/detail/trajectory_execution_info__traits.hpp
[3.279s] -- Up-to-date: /home/robot/ws_moveit2/install/moveit_task_constructor_msgs/include/moveit_task_constructor_msgs/moveit_task_constructor_msgs/msg/detail/stage_description__builder.hpp
[3.279s] -- Up-to-date: /home/robot/ws_moveit2/install/moveit_task_constructor_msgs/include/moveit_task_constructor_msgs/moveit_task_constructor_msgs/msg/detail/solution_info__builder.hpp
[3.279s] -- Up-to-date: /home/robot/ws_moveit2/install/moveit_task_constructor_msgs/include/moveit_task_constructor_msgs/moveit_task_constructor_msgs/msg/detail/trajectory_execution_info__builder.hpp
[3.279s] -- Up-to-date: /home/robot/ws_moveit2/install/moveit_task_constructor_msgs/include/moveit_task_constructor_msgs/moveit_task_constructor_msgs/msg/detail/task_description__builder.hpp
[3.279s] -- Up-to-date: /home/robot/ws_moveit2/install/moveit_task_constructor_msgs/include/moveit_task_constructor_msgs/moveit_task_constructor_msgs/msg/detail/solution_info__traits.hpp
[3.280s] -- Up-to-date: /home/robot/ws_moveit2/install/moveit_task_constructor_msgs/include/moveit_task_constructor_msgs/moveit_task_constructor_msgs/msg/detail/property__struct.hpp
[3.280s] -- Up-to-date: /home/robot/ws_moveit2/install/moveit_task_constructor_msgs/include/moveit_task_constructor_msgs/moveit_task_constructor_msgs/msg/detail/task_description__traits.hpp
[3.280s] -- Up-to-date: /home/robot/ws_moveit2/install/moveit_task_constructor_msgs/include/moveit_task_constructor_msgs/moveit_task_constructor_msgs/msg/task_description.hpp
[3.280s] -- Up-to-date: /home/robot/ws_moveit2/install/moveit_task_constructor_msgs/include/moveit_task_constructor_msgs/moveit_task_constructor_msgs/msg/stage_statistics.hpp
[3.280s] -- Up-to-date: /home/robot/ws_moveit2/install/moveit_task_constructor_msgs/include/moveit_task_constructor_msgs/moveit_task_constructor_msgs/msg/trajectory_execution_info.hpp
[3.280s] -- Up-to-date: /home/robot/ws_moveit2/install/moveit_task_constructor_msgs/include/moveit_task_constructor_msgs/moveit_task_constructor_msgs/msg/sub_trajectory.hpp
[3.280s] -- Up-to-date: /home/robot/ws_moveit2/install/moveit_task_constructor_msgs/include/moveit_task_constructor_msgs/moveit_task_constructor_msgs/msg/sub_solution.hpp
[3.281s] -- Up-to-date: /home/robot/ws_moveit2/install/moveit_task_constructor_msgs/include/moveit_task_constructor_msgs/moveit_task_constructor_msgs/msg/solution.hpp
[3.281s] -- Up-to-date: /home/robot/ws_moveit2/install/moveit_task_constructor_msgs/include/moveit_task_constructor_msgs/moveit_task_constructor_msgs/msg/task_statistics.hpp
[3.281s] -- Up-to-date: /home/robot/ws_moveit2/install/moveit_task_constructor_msgs/include/moveit_task_constructor_msgs/moveit_task_constructor_msgs
[3.281s] -- Up-to-date: /home/robot/ws_moveit2/install/moveit_task_constructor_msgs/include/moveit_task_constructor_msgs/moveit_task_constructor_msgs/action
[3.281s] -- Up-to-date: /home/robot/ws_moveit2/install/moveit_task_constructor_msgs/include/moveit_task_constructor_msgs/moveit_task_constructor_msgs/action/detail
[3.282s] -- Up-to-date: /home/robot/ws_moveit2/install/moveit_task_constructor_msgs/include/moveit_task_constructor_msgs/moveit_task_constructor_msgs/action/detail/execute_task_solution__rosidl_typesupport_fastrtps_cpp.hpp
[3.282s] -- Up-to-date: /home/robot/ws_moveit2/install/moveit_task_constructor_msgs/include/moveit_task_constructor_msgs/moveit_task_constructor_msgs/action/detail/dds_fastrtps
[3.282s] -- Up-to-date: /home/robot/ws_moveit2/install/moveit_task_constructor_msgs/include/moveit_task_constructor_msgs/moveit_task_constructor_msgs/srv
[3.282s] -- Up-to-date: /home/robot/ws_moveit2/install/moveit_task_constructor_msgs/include/moveit_task_constructor_msgs/moveit_task_constructor_msgs/srv/detail
[3.282s] -- Up-to-date: /home/robot/ws_moveit2/install/moveit_task_constructor_msgs/include/moveit_task_constructor_msgs/moveit_task_constructor_msgs/srv/detail/dds_fastrtps
[3.282s] -- Up-to-date: /home/robot/ws_moveit2/install/moveit_task_constructor_msgs/include/moveit_task_constructor_msgs/moveit_task_constructor_msgs/srv/detail/get_solution__rosidl_typesupport_fastrtps_cpp.hpp
[3.282s] -- Up-to-date: /home/robot/ws_moveit2/install/moveit_task_constructor_msgs/include/moveit_task_constructor_msgs/moveit_task_constructor_msgs/msg
[3.283s] -- Up-to-date: /home/robot/ws_moveit2/install/moveit_task_constructor_msgs/include/moveit_task_constructor_msgs/moveit_task_constructor_msgs/msg/rosidl_typesupport_fastrtps_cpp__visibility_control.h
[3.283s] -- Up-to-date: /home/robot/ws_moveit2/install/moveit_task_constructor_msgs/include/moveit_task_constructor_msgs/moveit_task_constructor_msgs/msg/detail
[3.283s] -- Up-to-date: /home/robot/ws_moveit2/install/moveit_task_constructor_msgs/include/moveit_task_constructor_msgs/moveit_task_constructor_msgs/msg/detail/stage_description__rosidl_typesupport_fastrtps_cpp.hpp
[3.283s] -- Up-to-date: /home/robot/ws_moveit2/install/moveit_task_constructor_msgs/include/moveit_task_constructor_msgs/moveit_task_constructor_msgs/msg/detail/task_statistics__rosidl_typesupport_fastrtps_cpp.hpp
[3.283s] -- Up-to-date: /home/robot/ws_moveit2/install/moveit_task_constructor_msgs/include/moveit_task_constructor_msgs/moveit_task_constructor_msgs/msg/detail/stage_statistics__rosidl_typesupport_fastrtps_cpp.hpp
[3.283s] -- Up-to-date: /home/robot/ws_moveit2/install/moveit_task_constructor_msgs/include/moveit_task_constructor_msgs/moveit_task_constructor_msgs/msg/detail/sub_trajectory__rosidl_typesupport_fastrtps_cpp.hpp
[3.284s] -- Up-to-date: /home/robot/ws_moveit2/install/moveit_task_constructor_msgs/include/moveit_task_constructor_msgs/moveit_task_constructor_msgs/msg/detail/dds_fastrtps
[3.284s] -- Up-to-date: /home/robot/ws_moveit2/install/moveit_task_constructor_msgs/include/moveit_task_constructor_msgs/moveit_task_constructor_msgs/msg/detail/solution_info__rosidl_typesupport_fastrtps_cpp.hpp
[3.284s] -- Up-to-date: /home/robot/ws_moveit2/install/moveit_task_constructor_msgs/include/moveit_task_constructor_msgs/moveit_task_constructor_msgs/msg/detail/trajectory_execution_info__rosidl_typesupport_fastrtps_cpp.hpp
[3.284s] -- Up-to-date: /home/robot/ws_moveit2/install/moveit_task_constructor_msgs/include/moveit_task_constructor_msgs/moveit_task_constructor_msgs/msg/detail/solution__rosidl_typesupport_fastrtps_cpp.hpp
[3.284s] -- Up-to-date: /home/robot/ws_moveit2/install/moveit_task_constructor_msgs/include/moveit_task_constructor_msgs/moveit_task_constructor_msgs/msg/detail/property__rosidl_typesupport_fastrtps_cpp.hpp
[3.284s] -- Up-to-date: /home/robot/ws_moveit2/install/moveit_task_constructor_msgs/include/moveit_task_constructor_msgs/moveit_task_constructor_msgs/msg/detail/sub_solution__rosidl_typesupport_fastrtps_cpp.hpp
[3.284s] -- Up-to-date: /home/robot/ws_moveit2/install/moveit_task_constructor_msgs/include/moveit_task_constructor_msgs/moveit_task_constructor_msgs/msg/detail/task_description__rosidl_typesupport_fastrtps_cpp.hpp
[3.284s] -- Up-to-date: /home/robot/ws_moveit2/install/moveit_task_constructor_msgs/lib/libmoveit_task_constructor_msgs__rosidl_typesupport_fastrtps_cpp.so
[3.284s] -- Up-to-date: /home/robot/ws_moveit2/install/moveit_task_constructor_msgs/include/moveit_task_constructor_msgs/moveit_task_constructor_msgs
[3.284s] -- Up-to-date: /home/robot/ws_moveit2/install/moveit_task_constructor_msgs/include/moveit_task_constructor_msgs/moveit_task_constructor_msgs/action
[3.285s] -- Up-to-date: /home/robot/ws_moveit2/install/moveit_task_constructor_msgs/include/moveit_task_constructor_msgs/moveit_task_constructor_msgs/action/detail
[3.285s] -- Up-to-date: /home/robot/ws_moveit2/install/moveit_task_constructor_msgs/include/moveit_task_constructor_msgs/moveit_task_constructor_msgs/action/detail/execute_task_solution__type_support.c
[3.285s] -- Up-to-date: /home/robot/ws_moveit2/install/moveit_task_constructor_msgs/include/moveit_task_constructor_msgs/moveit_task_constructor_msgs/action/detail/execute_task_solution__rosidl_typesupport_introspection_c.h
[3.285s] -- Up-to-date: /home/robot/ws_moveit2/install/moveit_task_constructor_msgs/include/moveit_task_constructor_msgs/moveit_task_constructor_msgs/srv
[3.285s] -- Up-to-date: /home/robot/ws_moveit2/install/moveit_task_constructor_msgs/include/moveit_task_constructor_msgs/moveit_task_constructor_msgs/srv/detail
[3.285s] -- Up-to-date: /home/robot/ws_moveit2/install/moveit_task_constructor_msgs/include/moveit_task_constructor_msgs/moveit_task_constructor_msgs/srv/detail/get_solution__type_support.c
[3.285s] -- Up-to-date: /home/robot/ws_moveit2/install/moveit_task_constructor_msgs/include/moveit_task_constructor_msgs/moveit_task_constructor_msgs/srv/detail/get_solution__rosidl_typesupport_introspection_c.h
[3.286s] -- Up-to-date: /home/robot/ws_moveit2/install/moveit_task_constructor_msgs/include/moveit_task_constructor_msgs/moveit_task_constructor_msgs/msg
[3.286s] -- Up-to-date: /home/robot/ws_moveit2/install/moveit_task_constructor_msgs/include/moveit_task_constructor_msgs/moveit_task_constructor_msgs/msg/detail
[3.286s] -- Up-to-date: /home/robot/ws_moveit2/install/moveit_task_constructor_msgs/include/moveit_task_constructor_msgs/moveit_task_constructor_msgs/msg/detail/trajectory_execution_info__type_support.c
[3.286s] -- Up-to-date: /home/robot/ws_moveit2/install/moveit_task_constructor_msgs/include/moveit_task_constructor_msgs/moveit_task_constructor_msgs/msg/detail/stage_description__rosidl_typesupport_introspection_c.h
[3.286s] -- Up-to-date: /home/robot/ws_moveit2/install/moveit_task_constructor_msgs/include/moveit_task_constructor_msgs/moveit_task_constructor_msgs/msg/detail/trajectory_execution_info__rosidl_typesupport_introspection_c.h
[3.286s] -- Up-to-date: /home/robot/ws_moveit2/install/moveit_task_constructor_msgs/include/moveit_task_constructor_msgs/moveit_task_constructor_msgs/msg/detail/solution_info__rosidl_typesupport_introspection_c.h
[3.286s] -- Up-to-date: /home/robot/ws_moveit2/install/moveit_task_constructor_msgs/include/moveit_task_constructor_msgs/moveit_task_constructor_msgs/msg/detail/sub_trajectory__rosidl_typesupport_introspection_c.h
[3.286s] -- Up-to-date: /home/robot/ws_moveit2/install/moveit_task_constructor_msgs/include/moveit_task_constructor_msgs/moveit_task_constructor_msgs/msg/detail/task_statistics__type_support.c
[3.286s] -- Up-to-date: /home/robot/ws_moveit2/install/moveit_task_constructor_msgs/include/moveit_task_constructor_msgs/moveit_task_constructor_msgs/msg/detail/stage_statistics__type_support.c
[3.287s] -- Up-to-date: /home/robot/ws_moveit2/install/moveit_task_constructor_msgs/include/moveit_task_constructor_msgs/moveit_task_constructor_msgs/msg/detail/task_statistics__rosidl_typesupport_introspection_c.h
[3.287s] -- Up-to-date: /home/robot/ws_moveit2/install/moveit_task_constructor_msgs/include/moveit_task_constructor_msgs/moveit_task_constructor_msgs/msg/detail/solution__type_support.c
[3.287s] -- Up-to-date: /home/robot/ws_moveit2/install/moveit_task_constructor_msgs/include/moveit_task_constructor_msgs/moveit_task_constructor_msgs/msg/detail/stage_description__type_support.c
[3.287s] -- Up-to-date: /home/robot/ws_moveit2/install/moveit_task_constructor_msgs/include/moveit_task_constructor_msgs/moveit_task_constructor_msgs/msg/detail/task_description__rosidl_typesupport_introspection_c.h
[3.287s] -- Up-to-date: /home/robot/ws_moveit2/install/moveit_task_constructor_msgs/include/moveit_task_constructor_msgs/moveit_task_constructor_msgs/msg/detail/property__rosidl_typesupport_introspection_c.h
[3.287s] -- Up-to-date: /home/robot/ws_moveit2/install/moveit_task_constructor_msgs/include/moveit_task_constructor_msgs/moveit_task_constructor_msgs/msg/detail/task_description__type_support.c
[3.287s] -- Up-to-date: /home/robot/ws_moveit2/install/moveit_task_constructor_msgs/include/moveit_task_constructor_msgs/moveit_task_constructor_msgs/msg/detail/sub_solution__type_support.c
[3.288s] -- Up-to-date: /home/robot/ws_moveit2/install/moveit_task_constructor_msgs/include/moveit_task_constructor_msgs/moveit_task_constructor_msgs/msg/detail/solution__rosidl_typesupport_introspection_c.h
[3.288s] -- Up-to-date: /home/robot/ws_moveit2/install/moveit_task_constructor_msgs/include/moveit_task_constructor_msgs/moveit_task_constructor_msgs/msg/detail/sub_solution__rosidl_typesupport_introspection_c.h
[3.288s] -- Up-to-date: /home/robot/ws_moveit2/install/moveit_task_constructor_msgs/include/moveit_task_constructor_msgs/moveit_task_constructor_msgs/msg/detail/sub_trajectory__type_support.c
[3.288s] -- Up-to-date: /home/robot/ws_moveit2/install/moveit_task_constructor_msgs/include/moveit_task_constructor_msgs/moveit_task_constructor_msgs/msg/detail/solution_info__type_support.c
[3.288s] -- Up-to-date: /home/robot/ws_moveit2/install/moveit_task_constructor_msgs/include/moveit_task_constructor_msgs/moveit_task_constructor_msgs/msg/detail/stage_statistics__rosidl_typesupport_introspection_c.h
[3.289s] -- Up-to-date: /home/robot/ws_moveit2/install/moveit_task_constructor_msgs/include/moveit_task_constructor_msgs/moveit_task_constructor_msgs/msg/detail/property__type_support.c
[3.289s] -- Up-to-date: /home/robot/ws_moveit2/install/moveit_task_constructor_msgs/include/moveit_task_constructor_msgs/moveit_task_constructor_msgs/msg/rosidl_typesupport_introspection_c__visibility_control.h
[3.289s] -- Up-to-date: /home/robot/ws_moveit2/install/moveit_task_constructor_msgs/lib/libmoveit_task_constructor_msgs__rosidl_typesupport_introspection_c.so
[3.289s] -- Up-to-date: /home/robot/ws_moveit2/install/moveit_task_constructor_msgs/lib/libmoveit_task_constructor_msgs__rosidl_typesupport_c.so
[3.289s] -- Up-to-date: /home/robot/ws_moveit2/install/moveit_task_constructor_msgs/include/moveit_task_constructor_msgs/moveit_task_constructor_msgs
[3.289s] -- Up-to-date: /home/robot/ws_moveit2/install/moveit_task_constructor_msgs/include/moveit_task_constructor_msgs/moveit_task_constructor_msgs/action
[3.289s] -- Up-to-date: /home/robot/ws_moveit2/install/moveit_task_constructor_msgs/include/moveit_task_constructor_msgs/moveit_task_constructor_msgs/action/detail
[3.289s] -- Up-to-date: /home/robot/ws_moveit2/install/moveit_task_constructor_msgs/include/moveit_task_constructor_msgs/moveit_task_constructor_msgs/action/detail/execute_task_solution__type_support.cpp
[3.289s] -- Up-to-date: /home/robot/ws_moveit2/install/moveit_task_constructor_msgs/include/moveit_task_constructor_msgs/moveit_task_constructor_msgs/action/detail/execute_task_solution__rosidl_typesupport_introspection_cpp.hpp
[3.289s] -- Up-to-date: /home/robot/ws_moveit2/install/moveit_task_constructor_msgs/include/moveit_task_constructor_msgs/moveit_task_constructor_msgs/srv
[3.290s] -- Up-to-date: /home/robot/ws_moveit2/install/moveit_task_constructor_msgs/include/moveit_task_constructor_msgs/moveit_task_constructor_msgs/srv/detail
[3.290s] -- Up-to-date: /home/robot/ws_moveit2/install/moveit_task_constructor_msgs/include/moveit_task_constructor_msgs/moveit_task_constructor_msgs/srv/detail/get_solution__rosidl_typesupport_introspection_cpp.hpp
[3.290s] -- Up-to-date: /home/robot/ws_moveit2/install/moveit_task_constructor_msgs/include/moveit_task_constructor_msgs/moveit_task_constructor_msgs/srv/detail/get_solution__type_support.cpp
[3.290s] -- Up-to-date: /home/robot/ws_moveit2/install/moveit_task_constructor_msgs/include/moveit_task_constructor_msgs/moveit_task_constructor_msgs/msg
[3.290s] -- Up-to-date: /home/robot/ws_moveit2/install/moveit_task_constructor_msgs/include/moveit_task_constructor_msgs/moveit_task_constructor_msgs/msg/detail
[3.290s] -- Up-to-date: /home/robot/ws_moveit2/install/moveit_task_constructor_msgs/include/moveit_task_constructor_msgs/moveit_task_constructor_msgs/msg/detail/sub_solution__rosidl_typesupport_introspection_cpp.hpp
[3.290s] -- Up-to-date: /home/robot/ws_moveit2/install/moveit_task_constructor_msgs/include/moveit_task_constructor_msgs/moveit_task_constructor_msgs/msg/detail/sub_trajectory__rosidl_typesupport_introspection_cpp.hpp
[3.290s] -- Up-to-date: /home/robot/ws_moveit2/install/moveit_task_constructor_msgs/include/moveit_task_constructor_msgs/moveit_task_constructor_msgs/msg/detail/solution__rosidl_typesupport_introspection_cpp.hpp
[3.290s] -- Up-to-date: /home/robot/ws_moveit2/install/moveit_task_constructor_msgs/include/moveit_task_constructor_msgs/moveit_task_constructor_msgs/msg/detail/task_description__rosidl_typesupport_introspection_cpp.hpp
[3.291s] -- Up-to-date: /home/robot/ws_moveit2/install/moveit_task_constructor_msgs/include/moveit_task_constructor_msgs/moveit_task_constructor_msgs/msg/detail/sub_solution__type_support.cpp
[3.291s] -- Up-to-date: /home/robot/ws_moveit2/install/moveit_task_constructor_msgs/include/moveit_task_constructor_msgs/moveit_task_constructor_msgs/msg/detail/stage_statistics__type_support.cpp
[3.291s] -- Up-to-date: /home/robot/ws_moveit2/install/moveit_task_constructor_msgs/include/moveit_task_constructor_msgs/moveit_task_constructor_msgs/msg/detail/trajectory_execution_info__rosidl_typesupport_introspection_cpp.hpp
[3.291s] -- Up-to-date: /home/robot/ws_moveit2/install/moveit_task_constructor_msgs/include/moveit_task_constructor_msgs/moveit_task_constructor_msgs/msg/detail/solution_info__rosidl_typesupport_introspection_cpp.hpp
[3.291s] -- Up-to-date: /home/robot/ws_moveit2/install/moveit_task_constructor_msgs/include/moveit_task_constructor_msgs/moveit_task_constructor_msgs/msg/detail/stage_description__rosidl_typesupport_introspection_cpp.hpp
[3.291s] -- Up-to-date: /home/robot/ws_moveit2/install/moveit_task_constructor_msgs/include/moveit_task_constructor_msgs/moveit_task_constructor_msgs/msg/detail/property__type_support.cpp
[3.291s] -- Up-to-date: /home/robot/ws_moveit2/install/moveit_task_constructor_msgs/include/moveit_task_constructor_msgs/moveit_task_constructor_msgs/msg/detail/stage_statistics__rosidl_typesupport_introspection_cpp.hpp
[3.291s] -- Up-to-date: /home/robot/ws_moveit2/install/moveit_task_constructor_msgs/include/moveit_task_constructor_msgs/moveit_task_constructor_msgs/msg/detail/solution__type_support.cpp
[3.292s] -- Up-to-date: /home/robot/ws_moveit2/install/moveit_task_constructor_msgs/include/moveit_task_constructor_msgs/moveit_task_constructor_msgs/msg/detail/task_statistics__type_support.cpp
[3.292s] -- Up-to-date: /home/robot/ws_moveit2/install/moveit_task_constructor_msgs/include/moveit_task_constructor_msgs/moveit_task_constructor_msgs/msg/detail/property__rosidl_typesupport_introspection_cpp.hpp
[3.292s] -- Up-to-date: /home/robot/ws_moveit2/install/moveit_task_constructor_msgs/include/moveit_task_constructor_msgs/moveit_task_constructor_msgs/msg/detail/solution_info__type_support.cpp
[3.292s] -- Up-to-date: /home/robot/ws_moveit2/install/moveit_task_constructor_msgs/include/moveit_task_constructor_msgs/moveit_task_constructor_msgs/msg/detail/task_description__type_support.cpp
[3.292s] -- Up-to-date: /home/robot/ws_moveit2/install/moveit_task_constructor_msgs/include/moveit_task_constructor_msgs/moveit_task_constructor_msgs/msg/detail/stage_description__type_support.cpp
[3.292s] -- Up-to-date: /home/robot/ws_moveit2/install/moveit_task_constructor_msgs/include/moveit_task_constructor_msgs/moveit_task_constructor_msgs/msg/detail/sub_trajectory__type_support.cpp
[3.292s] -- Up-to-date: /home/robot/ws_moveit2/install/moveit_task_constructor_msgs/include/moveit_task_constructor_msgs/moveit_task_constructor_msgs/msg/detail/task_statistics__rosidl_typesupport_introspection_cpp.hpp
[3.292s] -- Up-to-date: /home/robot/ws_moveit2/install/moveit_task_constructor_msgs/include/moveit_task_constructor_msgs/moveit_task_constructor_msgs/msg/detail/trajectory_execution_info__type_support.cpp
[3.292s] -- Up-to-date: /home/robot/ws_moveit2/install/moveit_task_constructor_msgs/lib/libmoveit_task_constructor_msgs__rosidl_typesupport_introspection_cpp.so
[3.293s] -- Up-to-date: /home/robot/ws_moveit2/install/moveit_task_constructor_msgs/lib/libmoveit_task_constructor_msgs__rosidl_typesupport_cpp.so
[3.293s] -- Up-to-date: /home/robot/ws_moveit2/install/moveit_task_constructor_msgs/share/moveit_task_constructor_msgs/environment/pythonpath.sh
[3.293s] -- Up-to-date: /home/robot/ws_moveit2/install/moveit_task_constructor_msgs/share/moveit_task_constructor_msgs/environment/pythonpath.dsv
[3.293s] -- Up-to-date: /home/robot/ws_moveit2/install/moveit_task_constructor_msgs/local/lib/python3.10/dist-packages/moveit_task_constructor_msgs-0.1.3-py3.10.egg-info
[3.293s] -- Installing: /home/robot/ws_moveit2/install/moveit_task_constructor_msgs/local/lib/python3.10/dist-packages/moveit_task_constructor_msgs-0.1.3-py3.10.egg-info/SOURCES.txt
[3.293s] -- Installing: /home/robot/ws_moveit2/install/moveit_task_constructor_msgs/local/lib/python3.10/dist-packages/moveit_task_constructor_msgs-0.1.3-py3.10.egg-info/dependency_links.txt
[3.294s] -- Installing: /home/robot/ws_moveit2/install/moveit_task_constructor_msgs/local/lib/python3.10/dist-packages/moveit_task_constructor_msgs-0.1.3-py3.10.egg-info/top_level.txt
[3.294s] -- Installing: /home/robot/ws_moveit2/install/moveit_task_constructor_msgs/local/lib/python3.10/dist-packages/moveit_task_constructor_msgs-0.1.3-py3.10.egg-info/PKG-INFO
[3.294s] -- Up-to-date: /home/robot/ws_moveit2/install/moveit_task_constructor_msgs/local/lib/python3.10/dist-packages/moveit_task_constructor_msgs
[3.294s] -- Up-to-date: /home/robot/ws_moveit2/install/moveit_task_constructor_msgs/local/lib/python3.10/dist-packages/moveit_task_constructor_msgs/action
[3.294s] -- Up-to-date: /home/robot/ws_moveit2/install/moveit_task_constructor_msgs/local/lib/python3.10/dist-packages/moveit_task_constructor_msgs/action/__init__.py
[3.294s] -- Up-to-date: /home/robot/ws_moveit2/install/moveit_task_constructor_msgs/local/lib/python3.10/dist-packages/moveit_task_constructor_msgs/action/_execute_task_solution.py
[3.294s] -- Up-to-date: /home/robot/ws_moveit2/install/moveit_task_constructor_msgs/local/lib/python3.10/dist-packages/moveit_task_constructor_msgs/action/_execute_task_solution_s.c
[3.294s] -- Up-to-date: /home/robot/ws_moveit2/install/moveit_task_constructor_msgs/local/lib/python3.10/dist-packages/moveit_task_constructor_msgs/moveit_task_constructor_msgs_s__rosidl_typesupport_introspection_c.cpython-310-x86_64-linux-gnu.so
[3.294s] -- Up-to-date: /home/robot/ws_moveit2/install/moveit_task_constructor_msgs/local/lib/python3.10/dist-packages/moveit_task_constructor_msgs/moveit_task_constructor_msgs_s__rosidl_typesupport_fastrtps_c.cpython-310-x86_64-linux-gnu.so
[3.294s] -- Up-to-date: /home/robot/ws_moveit2/install/moveit_task_constructor_msgs/local/lib/python3.10/dist-packages/moveit_task_constructor_msgs/__init__.py
[3.295s] -- Up-to-date: /home/robot/ws_moveit2/install/moveit_task_constructor_msgs/local/lib/python3.10/dist-packages/moveit_task_constructor_msgs/_moveit_task_constructor_msgs_s.ep.rosidl_typesupport_fastrtps_c.c
[3.295s] -- Up-to-date: /home/robot/ws_moveit2/install/moveit_task_constructor_msgs/local/lib/python3.10/dist-packages/moveit_task_constructor_msgs/_moveit_task_constructor_msgs_s.ep.rosidl_typesupport_introspection_c.c
[3.295s] -- Up-to-date: /home/robot/ws_moveit2/install/moveit_task_constructor_msgs/local/lib/python3.10/dist-packages/moveit_task_constructor_msgs/srv
[3.295s] -- Up-to-date: /home/robot/ws_moveit2/install/moveit_task_constructor_msgs/local/lib/python3.10/dist-packages/moveit_task_constructor_msgs/srv/__init__.py
[3.295s] -- Up-to-date: /home/robot/ws_moveit2/install/moveit_task_constructor_msgs/local/lib/python3.10/dist-packages/moveit_task_constructor_msgs/srv/_get_solution.py
[3.295s] -- Up-to-date: /home/robot/ws_moveit2/install/moveit_task_constructor_msgs/local/lib/python3.10/dist-packages/moveit_task_constructor_msgs/srv/_get_solution_s.c
[3.295s] -- Up-to-date: /home/robot/ws_moveit2/install/moveit_task_constructor_msgs/local/lib/python3.10/dist-packages/moveit_task_constructor_msgs/moveit_task_constructor_msgs_s__rosidl_typesupport_c.cpython-310-x86_64-linux-gnu.so
[3.295s] -- Up-to-date: /home/robot/ws_moveit2/install/moveit_task_constructor_msgs/local/lib/python3.10/dist-packages/moveit_task_constructor_msgs/libmoveit_task_constructor_msgs__rosidl_generator_py.so
[3.296s] -- Up-to-date: /home/robot/ws_moveit2/install/moveit_task_constructor_msgs/local/lib/python3.10/dist-packages/moveit_task_constructor_msgs/msg
[3.296s] -- Up-to-date: /home/robot/ws_moveit2/install/moveit_task_constructor_msgs/local/lib/python3.10/dist-packages/moveit_task_constructor_msgs/msg/__init__.py
[3.296s] -- Up-to-date: /home/robot/ws_moveit2/install/moveit_task_constructor_msgs/local/lib/python3.10/dist-packages/moveit_task_constructor_msgs/msg/_sub_trajectory.py
[3.296s] -- Up-to-date: /home/robot/ws_moveit2/install/moveit_task_constructor_msgs/local/lib/python3.10/dist-packages/moveit_task_constructor_msgs/msg/_task_statistics_s.c
[3.296s] -- Up-to-date: /home/robot/ws_moveit2/install/moveit_task_constructor_msgs/local/lib/python3.10/dist-packages/moveit_task_constructor_msgs/msg/_solution.py
[3.296s] -- Up-to-date: /home/robot/ws_moveit2/install/moveit_task_constructor_msgs/local/lib/python3.10/dist-packages/moveit_task_constructor_msgs/msg/_stage_statistics_s.c
[3.296s] -- Up-to-date: /home/robot/ws_moveit2/install/moveit_task_constructor_msgs/local/lib/python3.10/dist-packages/moveit_task_constructor_msgs/msg/_property_s.c
[3.297s] -- Up-to-date: /home/robot/ws_moveit2/install/moveit_task_constructor_msgs/local/lib/python3.10/dist-packages/moveit_task_constructor_msgs/msg/_stage_statistics.py
[3.297s] -- Up-to-date: /home/robot/ws_moveit2/install/moveit_task_constructor_msgs/local/lib/python3.10/dist-packages/moveit_task_constructor_msgs/msg/_task_description.py
[3.297s] -- Up-to-date: /home/robot/ws_moveit2/install/moveit_task_constructor_msgs/local/lib/python3.10/dist-packages/moveit_task_constructor_msgs/msg/_stage_description_s.c
[3.297s] -- Up-to-date: /home/robot/ws_moveit2/install/moveit_task_constructor_msgs/local/lib/python3.10/dist-packages/moveit_task_constructor_msgs/msg/_task_statistics.py
[3.297s] -- Up-to-date: /home/robot/ws_moveit2/install/moveit_task_constructor_msgs/local/lib/python3.10/dist-packages/moveit_task_constructor_msgs/msg/_solution_s.c
[3.297s] -- Up-to-date: /home/robot/ws_moveit2/install/moveit_task_constructor_msgs/local/lib/python3.10/dist-packages/moveit_task_constructor_msgs/msg/_solution_info_s.c
[3.297s] -- Up-to-date: /home/robot/ws_moveit2/install/moveit_task_constructor_msgs/local/lib/python3.10/dist-packages/moveit_task_constructor_msgs/msg/_sub_trajectory_s.c
[3.298s] -- Up-to-date: /home/robot/ws_moveit2/install/moveit_task_constructor_msgs/local/lib/python3.10/dist-packages/moveit_task_constructor_msgs/msg/_sub_solution_s.c
[3.298s] -- Up-to-date: /home/robot/ws_moveit2/install/moveit_task_constructor_msgs/local/lib/python3.10/dist-packages/moveit_task_constructor_msgs/msg/_property.py
[3.298s] -- Up-to-date: /home/robot/ws_moveit2/install/moveit_task_constructor_msgs/local/lib/python3.10/dist-packages/moveit_task_constructor_msgs/msg/_sub_solution.py
[3.298s] -- Up-to-date: /home/robot/ws_moveit2/install/moveit_task_constructor_msgs/local/lib/python3.10/dist-packages/moveit_task_constructor_msgs/msg/_solution_info.py
[3.300s] -- Up-to-date: /home/robot/ws_moveit2/install/moveit_task_constructor_msgs/local/lib/python3.10/dist-packages/moveit_task_constructor_msgs/msg/_trajectory_execution_info.py
[3.300s] -- Up-to-date: /home/robot/ws_moveit2/install/moveit_task_constructor_msgs/local/lib/python3.10/dist-packages/moveit_task_constructor_msgs/msg/_task_description_s.c
[3.301s] -- Up-to-date: /home/robot/ws_moveit2/install/moveit_task_constructor_msgs/local/lib/python3.10/dist-packages/moveit_task_constructor_msgs/msg/_trajectory_execution_info_s.c
[3.301s] -- Up-to-date: /home/robot/ws_moveit2/install/moveit_task_constructor_msgs/local/lib/python3.10/dist-packages/moveit_task_constructor_msgs/msg/_stage_description.py
[3.301s] -- Up-to-date: /home/robot/ws_moveit2/install/moveit_task_constructor_msgs/local/lib/python3.10/dist-packages/moveit_task_constructor_msgs/_moveit_task_constructor_msgs_s.ep.rosidl_typesupport_c.c
[3.393s] Listing '/home/robot/ws_moveit2/install/moveit_task_constructor_msgs/local/lib/python3.10/dist-packages/moveit_task_constructor_msgs'...
[3.393s] Listing '/home/robot/ws_moveit2/install/moveit_task_constructor_msgs/local/lib/python3.10/dist-packages/moveit_task_constructor_msgs/action'...
[3.393s] Listing '/home/robot/ws_moveit2/install/moveit_task_constructor_msgs/local/lib/python3.10/dist-packages/moveit_task_constructor_msgs/msg'...
[3.393s] Listing '/home/robot/ws_moveit2/install/moveit_task_constructor_msgs/local/lib/python3.10/dist-packages/moveit_task_constructor_msgs/srv'...
[3.404s] -- Up-to-date: /home/robot/ws_moveit2/install/moveit_task_constructor_msgs/local/lib/python3.10/dist-packages/moveit_task_constructor_msgs/moveit_task_constructor_msgs_s__rosidl_typesupport_fastrtps_c.cpython-310-x86_64-linux-gnu.so
[3.405s] -- Up-to-date: /home/robot/ws_moveit2/install/moveit_task_constructor_msgs/local/lib/python3.10/dist-packages/moveit_task_constructor_msgs/moveit_task_constructor_msgs_s__rosidl_typesupport_introspection_c.cpython-310-x86_64-linux-gnu.so
[3.406s] -- Up-to-date: /home/robot/ws_moveit2/install/moveit_task_constructor_msgs/local/lib/python3.10/dist-packages/moveit_task_constructor_msgs/moveit_task_constructor_msgs_s__rosidl_typesupport_c.cpython-310-x86_64-linux-gnu.so
[3.407s] -- Up-to-date: /home/robot/ws_moveit2/install/moveit_task_constructor_msgs/lib/libmoveit_task_constructor_msgs__rosidl_generator_py.so
[3.408s] -- Up-to-date: /home/robot/ws_moveit2/install/moveit_task_constructor_msgs/share/moveit_task_constructor_msgs/msg/Property.idl
[3.408s] -- Up-to-date: /home/robot/ws_moveit2/install/moveit_task_constructor_msgs/share/moveit_task_constructor_msgs/msg/Solution.idl
[3.409s] -- Up-to-date: /home/robot/ws_moveit2/install/moveit_task_constructor_msgs/share/moveit_task_constructor_msgs/msg/SolutionInfo.idl
[3.409s] -- Up-to-date: /home/robot/ws_moveit2/install/moveit_task_constructor_msgs/share/moveit_task_constructor_msgs/msg/StageDescription.idl
[3.409s] -- Up-to-date: /home/robot/ws_moveit2/install/moveit_task_constructor_msgs/share/moveit_task_constructor_msgs/msg/StageStatistics.idl
[3.410s] -- Up-to-date: /home/robot/ws_moveit2/install/moveit_task_constructor_msgs/share/moveit_task_constructor_msgs/msg/SubSolution.idl
[3.410s] -- Up-to-date: /home/robot/ws_moveit2/install/moveit_task_constructor_msgs/share/moveit_task_constructor_msgs/msg/SubTrajectory.idl
[3.410s] -- Up-to-date: /home/robot/ws_moveit2/install/moveit_task_constructor_msgs/share/moveit_task_constructor_msgs/msg/TaskDescription.idl
[3.411s] -- Up-to-date: /home/robot/ws_moveit2/install/moveit_task_constructor_msgs/share/moveit_task_constructor_msgs/msg/TaskStatistics.idl
[3.411s] -- Up-to-date: /home/robot/ws_moveit2/install/moveit_task_constructor_msgs/share/moveit_task_constructor_msgs/msg/TrajectoryExecutionInfo.idl
[3.412s] -- Up-to-date: /home/robot/ws_moveit2/install/moveit_task_constructor_msgs/share/moveit_task_constructor_msgs/srv/GetSolution.idl
[3.412s] -- Up-to-date: /home/robot/ws_moveit2/install/moveit_task_constructor_msgs/share/moveit_task_constructor_msgs/action/ExecuteTaskSolution.idl
[3.412s] -- Up-to-date: /home/robot/ws_moveit2/install/moveit_task_constructor_msgs/share/moveit_task_constructor_msgs/msg/Property.msg
[3.413s] -- Up-to-date: /home/robot/ws_moveit2/install/moveit_task_constructor_msgs/share/moveit_task_constructor_msgs/msg/Solution.msg
[3.413s] -- Up-to-date: /home/robot/ws_moveit2/install/moveit_task_constructor_msgs/share/moveit_task_constructor_msgs/msg/SolutionInfo.msg
[3.413s] -- Up-to-date: /home/robot/ws_moveit2/install/moveit_task_constructor_msgs/share/moveit_task_constructor_msgs/msg/StageDescription.msg
[3.414s] -- Up-to-date: /home/robot/ws_moveit2/install/moveit_task_constructor_msgs/share/moveit_task_constructor_msgs/msg/StageStatistics.msg
[3.414s] -- Up-to-date: /home/robot/ws_moveit2/install/moveit_task_constructor_msgs/share/moveit_task_constructor_msgs/msg/SubSolution.msg
[3.414s] -- Up-to-date: /home/robot/ws_moveit2/install/moveit_task_constructor_msgs/share/moveit_task_constructor_msgs/msg/SubTrajectory.msg
[3.414s] -- Up-to-date: /home/robot/ws_moveit2/install/moveit_task_constructor_msgs/share/moveit_task_constructor_msgs/msg/TaskDescription.msg
[3.419s] -- Up-to-date: /home/robot/ws_moveit2/install/moveit_task_constructor_msgs/share/moveit_task_constructor_msgs/msg/TaskStatistics.msg
[3.419s] -- Up-to-date: /home/robot/ws_moveit2/install/moveit_task_constructor_msgs/share/moveit_task_constructor_msgs/msg/TrajectoryExecutionInfo.msg
[3.419s] -- Up-to-date: /home/robot/ws_moveit2/install/moveit_task_constructor_msgs/share/moveit_task_constructor_msgs/srv/GetSolution.srv
[3.419s] -- Up-to-date: /home/robot/ws_moveit2/install/moveit_task_constructor_msgs/share/moveit_task_constructor_msgs/srv/GetSolution_Request.msg
[3.420s] -- Up-to-date: /home/robot/ws_moveit2/install/moveit_task_constructor_msgs/share/moveit_task_constructor_msgs/srv/GetSolution_Response.msg
[3.420s] -- Up-to-date: /home/robot/ws_moveit2/install/moveit_task_constructor_msgs/share/moveit_task_constructor_msgs/action/ExecuteTaskSolution.action
[3.420s] -- Up-to-date: /home/robot/ws_moveit2/install/moveit_task_constructor_msgs/share/ament_index/resource_index/package_run_dependencies/moveit_task_constructor_msgs
[3.420s] -- Up-to-date: /home/robot/ws_moveit2/install/moveit_task_constructor_msgs/share/ament_index/resource_index/parent_prefix_path/moveit_task_constructor_msgs
[3.420s] -- Up-to-date: /home/robot/ws_moveit2/install/moveit_task_constructor_msgs/share/moveit_task_constructor_msgs/environment/ament_prefix_path.sh
[3.420s] -- Up-to-date: /home/robot/ws_moveit2/install/moveit_task_constructor_msgs/share/moveit_task_constructor_msgs/environment/ament_prefix_path.dsv
[3.421s] -- Up-to-date: /home/robot/ws_moveit2/install/moveit_task_constructor_msgs/share/moveit_task_constructor_msgs/environment/path.sh
[3.421s] -- Up-to-date: /home/robot/ws_moveit2/install/moveit_task_constructor_msgs/share/moveit_task_constructor_msgs/environment/path.dsv
[3.421s] -- Up-to-date: /home/robot/ws_moveit2/install/moveit_task_constructor_msgs/share/moveit_task_constructor_msgs/local_setup.bash
[3.421s] -- Up-to-date: /home/robot/ws_moveit2/install/moveit_task_constructor_msgs/share/moveit_task_constructor_msgs/local_setup.sh
[3.421s] -- Up-to-date: /home/robot/ws_moveit2/install/moveit_task_constructor_msgs/share/moveit_task_constructor_msgs/local_setup.zsh
[3.422s] -- Up-to-date: /home/robot/ws_moveit2/install/moveit_task_constructor_msgs/share/moveit_task_constructor_msgs/local_setup.dsv
[3.422s] -- Installing: /home/robot/ws_moveit2/install/moveit_task_constructor_msgs/share/moveit_task_constructor_msgs/package.dsv
[3.422s] -- Up-to-date: /home/robot/ws_moveit2/install/moveit_task_constructor_msgs/share/ament_index/resource_index/packages/moveit_task_constructor_msgs
[3.422s] -- Up-to-date: /home/robot/ws_moveit2/install/moveit_task_constructor_msgs/share/moveit_task_constructor_msgs/cmake/export_moveit_task_constructor_msgs__rosidl_generator_cExport.cmake
[3.426s] -- Up-to-date: /home/robot/ws_moveit2/install/moveit_task_constructor_msgs/share/moveit_task_constructor_msgs/cmake/export_moveit_task_constructor_msgs__rosidl_generator_cExport-release.cmake
[3.426s] -- Up-to-date: /home/robot/ws_moveit2/install/moveit_task_constructor_msgs/share/moveit_task_constructor_msgs/cmake/export_moveit_task_constructor_msgs__rosidl_typesupport_fastrtps_cExport.cmake
[3.427s] -- Up-to-date: /home/robot/ws_moveit2/install/moveit_task_constructor_msgs/share/moveit_task_constructor_msgs/cmake/export_moveit_task_constructor_msgs__rosidl_typesupport_fastrtps_cExport-release.cmake
[3.427s] -- Up-to-date: /home/robot/ws_moveit2/install/moveit_task_constructor_msgs/share/moveit_task_constructor_msgs/cmake/export_moveit_task_constructor_msgs__rosidl_generator_cppExport.cmake
[3.428s] -- Up-to-date: /home/robot/ws_moveit2/install/moveit_task_constructor_msgs/share/moveit_task_constructor_msgs/cmake/export_moveit_task_constructor_msgs__rosidl_typesupport_fastrtps_cppExport.cmake
[3.428s] -- Up-to-date: /home/robot/ws_moveit2/install/moveit_task_constructor_msgs/share/moveit_task_constructor_msgs/cmake/export_moveit_task_constructor_msgs__rosidl_typesupport_fastrtps_cppExport-release.cmake
[3.428s] -- Up-to-date: /home/robot/ws_moveit2/install/moveit_task_constructor_msgs/share/moveit_task_constructor_msgs/cmake/moveit_task_constructor_msgs__rosidl_typesupport_introspection_cExport.cmake
[3.429s] -- Up-to-date: /home/robot/ws_moveit2/install/moveit_task_constructor_msgs/share/moveit_task_constructor_msgs/cmake/moveit_task_constructor_msgs__rosidl_typesupport_introspection_cExport-release.cmake
[3.430s] -- Up-to-date: /home/robot/ws_moveit2/install/moveit_task_constructor_msgs/share/moveit_task_constructor_msgs/cmake/moveit_task_constructor_msgs__rosidl_typesupport_cExport.cmake
[3.430s] -- Up-to-date: /home/robot/ws_moveit2/install/moveit_task_constructor_msgs/share/moveit_task_constructor_msgs/cmake/moveit_task_constructor_msgs__rosidl_typesupport_cExport-release.cmake
[3.430s] -- Up-to-date: /home/robot/ws_moveit2/install/moveit_task_constructor_msgs/share/moveit_task_constructor_msgs/cmake/moveit_task_constructor_msgs__rosidl_typesupport_introspection_cppExport.cmake
[3.431s] -- Up-to-date: /home/robot/ws_moveit2/install/moveit_task_constructor_msgs/share/moveit_task_constructor_msgs/cmake/moveit_task_constructor_msgs__rosidl_typesupport_introspection_cppExport-release.cmake
[3.432s] -- Up-to-date: /home/robot/ws_moveit2/install/moveit_task_constructor_msgs/share/moveit_task_constructor_msgs/cmake/moveit_task_constructor_msgs__rosidl_typesupport_cppExport.cmake
[3.432s] -- Up-to-date: /home/robot/ws_moveit2/install/moveit_task_constructor_msgs/share/moveit_task_constructor_msgs/cmake/moveit_task_constructor_msgs__rosidl_typesupport_cppExport-release.cmake
[3.432s] -- Up-to-date: /home/robot/ws_moveit2/install/moveit_task_constructor_msgs/share/moveit_task_constructor_msgs/cmake/export_moveit_task_constructor_msgs__rosidl_generator_pyExport.cmake
[3.432s] -- Up-to-date: /home/robot/ws_moveit2/install/moveit_task_constructor_msgs/share/moveit_task_constructor_msgs/cmake/export_moveit_task_constructor_msgs__rosidl_generator_pyExport-release.cmake
[3.433s] -- Up-to-date: /home/robot/ws_moveit2/install/moveit_task_constructor_msgs/share/moveit_task_constructor_msgs/cmake/rosidl_cmake-extras.cmake
[3.433s] -- Up-to-date: /home/robot/ws_moveit2/install/moveit_task_constructor_msgs/share/moveit_task_constructor_msgs/cmake/ament_cmake_export_dependencies-extras.cmake
[3.433s] -- Up-to-date: /home/robot/ws_moveit2/install/moveit_task_constructor_msgs/share/moveit_task_constructor_msgs/cmake/ament_cmake_export_include_directories-extras.cmake
[3.433s] -- Up-to-date: /home/robot/ws_moveit2/install/moveit_task_constructor_msgs/share/moveit_task_constructor_msgs/cmake/ament_cmake_export_libraries-extras.cmake
[3.433s] -- Up-to-date: /home/robot/ws_moveit2/install/moveit_task_constructor_msgs/share/moveit_task_constructor_msgs/cmake/ament_cmake_export_targets-extras.cmake
[3.433s] -- Up-to-date: /home/robot/ws_moveit2/install/moveit_task_constructor_msgs/share/moveit_task_constructor_msgs/cmake/rosidl_cmake_export_typesupport_targets-extras.cmake
[3.434s] -- Up-to-date: /home/robot/ws_moveit2/install/moveit_task_constructor_msgs/share/moveit_task_constructor_msgs/cmake/rosidl_cmake_export_typesupport_libraries-extras.cmake
[3.434s] -- Up-to-date: /home/robot/ws_moveit2/install/moveit_task_constructor_msgs/share/moveit_task_constructor_msgs/cmake/moveit_task_constructor_msgsConfig.cmake
[3.434s] -- Up-to-date: /home/robot/ws_moveit2/install/moveit_task_constructor_msgs/share/moveit_task_constructor_msgs/cmake/moveit_task_constructor_msgsConfig-version.cmake
[3.434s] -- Up-to-date: /home/robot/ws_moveit2/install/moveit_task_constructor_msgs/share/moveit_task_constructor_msgs/package.xml
[3.467s] Invoked command in '/home/robot/ws_moveit2/build/moveit_task_constructor_msgs' returned '0': CMAKE_PREFIX_PATH=${CMAKE_PREFIX_PATH}:/home/robot/ws_moveit2/install/moveit_configs_utils:/home/robot/ws_moveit2/install/launch_param_builder:/home/robot/ros2_ws/install/my_turtlesim_project:/home/robot/ros2_ws/install/my_robot_first_servo_control:/home/robot/ros2_ws/install/my_py_pkg:/home/robot/ros2_ws/install/lifecycle_py:/home/robot/ros2_ws/install/course3_project:/home/robot/ros2_ws/install/actions_py:/opt/ros/humble /home/robot/.local/bin/cmake --install /home/robot/ws_moveit2/build/moveit_task_constructor_msgs
