[0.080s] Invoking command in '/home/robot/ws_moveit2/build/moveit_ros_planning': CMAKE_PREFIX_PATH=/home/robot/ws_moveit2/install/moveit_ros_occupancy_map_monitor:/home/robot/ws_moveit2/install/moveit_core:/home/robot/ws_moveit2/install/moveit_resources_panda_moveit_config:/home/robot/ws_moveit2/install/srdfdom:/home/robot/ws_moveit2/install/moveit_resources_pr2_description:/home/robot/ws_moveit2/install/moveit_resources_panda_description:/home/robot/ws_moveit2/install/moveit_common:/home/robot/ws_moveit2/install/pilz_industrial_motion_planner_testutils:/home/robot/ws_moveit2/install/myrobot_moveit_config:/home/robot/ws_moveit2/install/moveit_runtime:/home/robot/ws_moveit2/install/moveit2_tutorials:/home/robot/ws_moveit2/install/moveit:/home/robot/ws_moveit2/install/moveit_planners:/home/robot/ws_moveit2/install/pilz_industrial_motion_planner:/home/robot/ws_moveit2/install/ompl_constrained_planning:/home/robot/ws_moveit2/install/myrobot_ompl_constrained_planning:/home/robot/ws_moveit2/install/myrobot_hello_moveit:/home/robot/ws_moveit2/install/mtc_tutorial:/home/robot/ws_moveit2/install/moveit_visual_tools:/home/robot/ws_moveit2/install/moveit_task_constructor_visualization:/home/robot/ws_moveit2/install/moveit_task_constructor_demo:/home/robot/ws_moveit2/install/moveit_task_constructor_capabilities:/home/robot/ws_moveit2/install/moveit_task_constructor_core:/home/robot/ws_moveit2/install/moveit_ros_control_interface:/home/robot/ws_moveit2/install/moveit_plugins:/home/robot/ws_moveit2/install/moveit_simple_controller_manager:/home/robot/ws_moveit2/install/moveit_setup_assistant:/home/robot/ws_moveit2/install/moveit_setup_srdf_plugins:/home/robot/ws_moveit2/install/moveit_setup_core_plugins:/home/robot/ws_moveit2/install/moveit_setup_controllers:/home/robot/ws_moveit2/install/moveit_setup_app_plugins:/home/robot/ws_moveit2/install/moveit_setup_framework:/home/robot/ws_moveit2/install/moveit_servo:/home/robot/ws_moveit2/install/moveit_ros:/home/robot/ws_moveit2/install/moveit_ros_visualization:/home/robot/ws_moveit2/install/moveit_hybrid_planning:/home/robot/ws_moveit2/install/moveit_ros_planning_interface:/home/robot/ws_moveit2/install/moveit_ros_benchmarks:/home/robot/ws_moveit2/install/moveit_ros_warehouse:/home/robot/ws_moveit2/install/moveit_ros_robot_interaction:/home/robot/ws_moveit2/install/moveit_ros_perception:/home/robot/ws_moveit2/install/moveit_resources_prbt_pg70_support:/home/robot/ws_moveit2/install/moveit_resources_prbt_moveit_config:/home/robot/ws_moveit2/install/moveit_ros_move_group:/home/robot/ws_moveit2/install/moveit_planners_ompl:/home/robot/ws_moveit2/install/moveit_ros_planning:/home/robot/ws_moveit2/install/moveit_resources_prbt_ikfast_manipulator_plugin:/home/robot/ws_moveit2/install/moveit_planners_chomp:/home/robot/ws_moveit2/install/moveit_kinematics:/home/robot/ws_moveit2/install/moveit_chomp_optimizer_adapter:/home/robot/ws_moveit2/install/chomp_motion_planner:/home/robot/ws_moveit2/install/rviz_marker_tools:/home/robot/ws_moveit2/install/rosparam_shortcuts:/home/robot/ws_moveit2/install/moveit_task_constructor_msgs:/home/robot/ws_moveit2/install/moveit_resources_prbt_support:/home/robot/ws_moveit2/install/moveit_resources:/home/robot/ws_moveit2/install/moveit_resources_fanuc_moveit_config:/home/robot/ws_moveit2/install/moveit_resources_fanuc_description:/home/robot/ros2_ws/install/my_robot_bringup:/home/robot/ros2_ws/install/my_robot_interfaces:/home/robot/ros2_ws/install/my_robot_firstrobot:/home/robot/ros2_ws/install/my_robot_first_roboticarm:/home/robot/ros2_ws/install/my_cpp_pkg:/home/robot/ws_moveit2/install/my_pybullet_package:/home/robot/ws_moveit2/install/moveit_configs_utils:/home/robot/ws_moveit2/install/launch_param_builder:/home/robot/ros2_ws/install/my_turtlesim_project:/home/robot/ros2_ws/install/my_robot_first_servo_control:/home/robot/ros2_ws/install/my_py_pkg:/home/robot/ros2_ws/install/actions_py:/opt/ros/humble LD_LIBRARY_PATH=/home/robot/ws_moveit2/install/moveit_ros_occupancy_map_monitor/lib:/home/robot/ws_moveit2/install/moveit_core/lib:/home/robot/ws_moveit2/install/srdfdom/lib:/home/robot/ws_moveit2/install/pilz_industrial_motion_planner_testutils/lib:/home/robot/ws_moveit2/install/pilz_industrial_motion_planner/lib:/home/robot/ws_moveit2/install/moveit_visual_tools/lib:/home/robot/ws_moveit2/install/moveit_task_constructor_visualization/lib:/home/robot/ws_moveit2/install/moveit_task_constructor_demo/lib:/home/robot/ws_moveit2/install/moveit_task_constructor_capabilities/lib:/home/robot/ws_moveit2/install/moveit_task_constructor_core/lib:/home/robot/ws_moveit2/install/moveit_ros_control_interface/lib:/home/robot/ws_moveit2/install/moveit_simple_controller_manager/lib:/home/robot/ws_moveit2/install/moveit_setup_assistant/lib:/home/robot/ws_moveit2/install/moveit_setup_srdf_plugins/lib:/home/robot/ws_moveit2/install/moveit_setup_core_plugins/lib:/home/robot/ws_moveit2/install/moveit_setup_controllers/lib:/home/robot/ws_moveit2/install/moveit_setup_app_plugins/lib:/home/robot/ws_moveit2/install/moveit_setup_framework/lib:/home/robot/ws_moveit2/install/moveit_servo/lib:/home/robot/ws_moveit2/install/moveit_ros_visualization/lib:/home/robot/ws_moveit2/install/moveit_hybrid_planning/lib:/home/robot/ws_moveit2/install/moveit_ros_planning_interface/lib:/home/robot/ws_moveit2/install/moveit_ros_benchmarks/lib:/home/robot/ws_moveit2/install/moveit_ros_warehouse/lib:/home/robot/ws_moveit2/install/moveit_ros_robot_interaction/lib:/home/robot/ws_moveit2/install/moveit_ros_perception/lib:/home/robot/ws_moveit2/install/moveit_ros_move_group/lib:/home/robot/ws_moveit2/install/moveit_planners_ompl/lib:/home/robot/ws_moveit2/install/moveit_ros_planning/lib:/home/robot/ws_moveit2/install/moveit_resources_prbt_ikfast_manipulator_plugin/lib:/home/robot/ws_moveit2/install/moveit_planners_chomp/lib:/home/robot/ws_moveit2/install/moveit_kinematics/lib:/home/robot/ws_moveit2/install/moveit_chomp_optimizer_adapter/lib:/home/robot/ws_moveit2/install/chomp_motion_planner/lib:/home/robot/ws_moveit2/install/rviz_marker_tools/lib:/home/robot/ws_moveit2/install/rosparam_shortcuts/lib:/home/robot/ws_moveit2/install/moveit_task_constructor_msgs/lib:/home/robot/ros2_ws/install/my_robot_interfaces/lib:/usr/lib/x86_64-linux-gnu/gazebo-11/plugins:/opt/ros/humble/opt/rviz_ogre_vendor/lib:/opt/ros/humble/lib/x86_64-linux-gnu:/opt/ros/humble/lib /usr/bin/cmake --build /home/robot/ws_moveit2/build/moveit_ros_planning -- -j4 -l4
[0.228s] [  4%] Built target moveit_rdf_loader
[0.233s] [  8%] Built target moveit_collision_plugin_loader
[0.237s] [ 11%] Built target moveit_planning_pipeline
[0.306s] [ 14%] Built target gmock_main
[0.312s] [ 19%] Built target gmock
[0.314s] [ 37%] Built target moveit_default_planning_request_adapter_plugins
[0.322s] [ 40%] Built target moveit_list_request_adapter_plugins
[0.380s] [ 43%] Built target moveit_kinematics_plugin_loader
[0.392s] [ 46%] Built target moveit_constraint_sampler_manager_loader
[0.448s] [ 50%] Built target moveit_robot_model_loader
[0.560s] [ 53%] Built target moveit_print_planning_model_info
[0.619s] [ 62%] Built target moveit_planning_scene_monitor
[0.787s] [ 66%] Built target current_state_monitor_tests
[0.825s] [ 69%] Built target moveit_print_planning_scene_info
[0.825s] [ 72%] Built target trajectory_monitor_tests
[0.946s] [ 75%] Built target demo_scene
[0.962s] [ 79%] Built target moveit_visualize_robot_collision_volume
[0.992s] [ 82%] Built target moveit_display_random_state
[1.024s] [ 85%] Built target moveit_evaluate_collision_checking_speed
[1.049s] [ 88%] Built target moveit_publish_scene_from_text
[1.065s] [ 91%] Built target moveit_trajectory_execution_manager
[1.163s] [ 95%] Built target moveit_plan_execution
[1.170s] [100%] Built target moveit_cpp
[1.200s] Invoked command in '/home/robot/ws_moveit2/build/moveit_ros_planning' returned '0': CMAKE_PREFIX_PATH=/home/robot/ws_moveit2/install/moveit_ros_occupancy_map_monitor:/home/robot/ws_moveit2/install/moveit_core:/home/robot/ws_moveit2/install/moveit_resources_panda_moveit_config:/home/robot/ws_moveit2/install/srdfdom:/home/robot/ws_moveit2/install/moveit_resources_pr2_description:/home/robot/ws_moveit2/install/moveit_resources_panda_description:/home/robot/ws_moveit2/install/moveit_common:/home/robot/ws_moveit2/install/pilz_industrial_motion_planner_testutils:/home/robot/ws_moveit2/install/myrobot_moveit_config:/home/robot/ws_moveit2/install/moveit_runtime:/home/robot/ws_moveit2/install/moveit2_tutorials:/home/robot/ws_moveit2/install/moveit:/home/robot/ws_moveit2/install/moveit_planners:/home/robot/ws_moveit2/install/pilz_industrial_motion_planner:/home/robot/ws_moveit2/install/ompl_constrained_planning:/home/robot/ws_moveit2/install/myrobot_ompl_constrained_planning:/home/robot/ws_moveit2/install/myrobot_hello_moveit:/home/robot/ws_moveit2/install/mtc_tutorial:/home/robot/ws_moveit2/install/moveit_visual_tools:/home/robot/ws_moveit2/install/moveit_task_constructor_visualization:/home/robot/ws_moveit2/install/moveit_task_constructor_demo:/home/robot/ws_moveit2/install/moveit_task_constructor_capabilities:/home/robot/ws_moveit2/install/moveit_task_constructor_core:/home/robot/ws_moveit2/install/moveit_ros_control_interface:/home/robot/ws_moveit2/install/moveit_plugins:/home/robot/ws_moveit2/install/moveit_simple_controller_manager:/home/robot/ws_moveit2/install/moveit_setup_assistant:/home/robot/ws_moveit2/install/moveit_setup_srdf_plugins:/home/robot/ws_moveit2/install/moveit_setup_core_plugins:/home/robot/ws_moveit2/install/moveit_setup_controllers:/home/robot/ws_moveit2/install/moveit_setup_app_plugins:/home/robot/ws_moveit2/install/moveit_setup_framework:/home/robot/ws_moveit2/install/moveit_servo:/home/robot/ws_moveit2/install/moveit_ros:/home/robot/ws_moveit2/install/moveit_ros_visualization:/home/robot/ws_moveit2/install/moveit_hybrid_planning:/home/robot/ws_moveit2/install/moveit_ros_planning_interface:/home/robot/ws_moveit2/install/moveit_ros_benchmarks:/home/robot/ws_moveit2/install/moveit_ros_warehouse:/home/robot/ws_moveit2/install/moveit_ros_robot_interaction:/home/robot/ws_moveit2/install/moveit_ros_perception:/home/robot/ws_moveit2/install/moveit_resources_prbt_pg70_support:/home/robot/ws_moveit2/install/moveit_resources_prbt_moveit_config:/home/robot/ws_moveit2/install/moveit_ros_move_group:/home/robot/ws_moveit2/install/moveit_planners_ompl:/home/robot/ws_moveit2/install/moveit_ros_planning:/home/robot/ws_moveit2/install/moveit_resources_prbt_ikfast_manipulator_plugin:/home/robot/ws_moveit2/install/moveit_planners_chomp:/home/robot/ws_moveit2/install/moveit_kinematics:/home/robot/ws_moveit2/install/moveit_chomp_optimizer_adapter:/home/robot/ws_moveit2/install/chomp_motion_planner:/home/robot/ws_moveit2/install/rviz_marker_tools:/home/robot/ws_moveit2/install/rosparam_shortcuts:/home/robot/ws_moveit2/install/moveit_task_constructor_msgs:/home/robot/ws_moveit2/install/moveit_resources_prbt_support:/home/robot/ws_moveit2/install/moveit_resources:/home/robot/ws_moveit2/install/moveit_resources_fanuc_moveit_config:/home/robot/ws_moveit2/install/moveit_resources_fanuc_description:/home/robot/ros2_ws/install/my_robot_bringup:/home/robot/ros2_ws/install/my_robot_interfaces:/home/robot/ros2_ws/install/my_robot_firstrobot:/home/robot/ros2_ws/install/my_robot_first_roboticarm:/home/robot/ros2_ws/install/my_cpp_pkg:/home/robot/ws_moveit2/install/my_pybullet_package:/home/robot/ws_moveit2/install/moveit_configs_utils:/home/robot/ws_moveit2/install/launch_param_builder:/home/robot/ros2_ws/install/my_turtlesim_project:/home/robot/ros2_ws/install/my_robot_first_servo_control:/home/robot/ros2_ws/install/my_py_pkg:/home/robot/ros2_ws/install/actions_py:/opt/ros/humble LD_LIBRARY_PATH=/home/robot/ws_moveit2/install/moveit_ros_occupancy_map_monitor/lib:/home/robot/ws_moveit2/install/moveit_core/lib:/home/robot/ws_moveit2/install/srdfdom/lib:/home/robot/ws_moveit2/install/pilz_industrial_motion_planner_testutils/lib:/home/robot/ws_moveit2/install/pilz_industrial_motion_planner/lib:/home/robot/ws_moveit2/install/moveit_visual_tools/lib:/home/robot/ws_moveit2/install/moveit_task_constructor_visualization/lib:/home/robot/ws_moveit2/install/moveit_task_constructor_demo/lib:/home/robot/ws_moveit2/install/moveit_task_constructor_capabilities/lib:/home/robot/ws_moveit2/install/moveit_task_constructor_core/lib:/home/robot/ws_moveit2/install/moveit_ros_control_interface/lib:/home/robot/ws_moveit2/install/moveit_simple_controller_manager/lib:/home/robot/ws_moveit2/install/moveit_setup_assistant/lib:/home/robot/ws_moveit2/install/moveit_setup_srdf_plugins/lib:/home/robot/ws_moveit2/install/moveit_setup_core_plugins/lib:/home/robot/ws_moveit2/install/moveit_setup_controllers/lib:/home/robot/ws_moveit2/install/moveit_setup_app_plugins/lib:/home/robot/ws_moveit2/install/moveit_setup_framework/lib:/home/robot/ws_moveit2/install/moveit_servo/lib:/home/robot/ws_moveit2/install/moveit_ros_visualization/lib:/home/robot/ws_moveit2/install/moveit_hybrid_planning/lib:/home/robot/ws_moveit2/install/moveit_ros_planning_interface/lib:/home/robot/ws_moveit2/install/moveit_ros_benchmarks/lib:/home/robot/ws_moveit2/install/moveit_ros_warehouse/lib:/home/robot/ws_moveit2/install/moveit_ros_robot_interaction/lib:/home/robot/ws_moveit2/install/moveit_ros_perception/lib:/home/robot/ws_moveit2/install/moveit_ros_move_group/lib:/home/robot/ws_moveit2/install/moveit_planners_ompl/lib:/home/robot/ws_moveit2/install/moveit_ros_planning/lib:/home/robot/ws_moveit2/install/moveit_resources_prbt_ikfast_manipulator_plugin/lib:/home/robot/ws_moveit2/install/moveit_planners_chomp/lib:/home/robot/ws_moveit2/install/moveit_kinematics/lib:/home/robot/ws_moveit2/install/moveit_chomp_optimizer_adapter/lib:/home/robot/ws_moveit2/install/chomp_motion_planner/lib:/home/robot/ws_moveit2/install/rviz_marker_tools/lib:/home/robot/ws_moveit2/install/rosparam_shortcuts/lib:/home/robot/ws_moveit2/install/moveit_task_constructor_msgs/lib:/home/robot/ros2_ws/install/my_robot_interfaces/lib:/usr/lib/x86_64-linux-gnu/gazebo-11/plugins:/opt/ros/humble/opt/rviz_ogre_vendor/lib:/opt/ros/humble/lib/x86_64-linux-gnu:/opt/ros/humble/lib /usr/bin/cmake --build /home/robot/ws_moveit2/build/moveit_ros_planning -- -j4 -l4
[1.344s] Invoking command in '/home/robot/ws_moveit2/build/moveit_ros_planning': CMAKE_PREFIX_PATH=/home/robot/ws_moveit2/install/moveit_ros_occupancy_map_monitor:/home/robot/ws_moveit2/install/moveit_core:/home/robot/ws_moveit2/install/moveit_resources_panda_moveit_config:/home/robot/ws_moveit2/install/srdfdom:/home/robot/ws_moveit2/install/moveit_resources_pr2_description:/home/robot/ws_moveit2/install/moveit_resources_panda_description:/home/robot/ws_moveit2/install/moveit_common:/home/robot/ws_moveit2/install/pilz_industrial_motion_planner_testutils:/home/robot/ws_moveit2/install/myrobot_moveit_config:/home/robot/ws_moveit2/install/moveit_runtime:/home/robot/ws_moveit2/install/moveit2_tutorials:/home/robot/ws_moveit2/install/moveit:/home/robot/ws_moveit2/install/moveit_planners:/home/robot/ws_moveit2/install/pilz_industrial_motion_planner:/home/robot/ws_moveit2/install/ompl_constrained_planning:/home/robot/ws_moveit2/install/myrobot_ompl_constrained_planning:/home/robot/ws_moveit2/install/myrobot_hello_moveit:/home/robot/ws_moveit2/install/mtc_tutorial:/home/robot/ws_moveit2/install/moveit_visual_tools:/home/robot/ws_moveit2/install/moveit_task_constructor_visualization:/home/robot/ws_moveit2/install/moveit_task_constructor_demo:/home/robot/ws_moveit2/install/moveit_task_constructor_capabilities:/home/robot/ws_moveit2/install/moveit_task_constructor_core:/home/robot/ws_moveit2/install/moveit_ros_control_interface:/home/robot/ws_moveit2/install/moveit_plugins:/home/robot/ws_moveit2/install/moveit_simple_controller_manager:/home/robot/ws_moveit2/install/moveit_setup_assistant:/home/robot/ws_moveit2/install/moveit_setup_srdf_plugins:/home/robot/ws_moveit2/install/moveit_setup_core_plugins:/home/robot/ws_moveit2/install/moveit_setup_controllers:/home/robot/ws_moveit2/install/moveit_setup_app_plugins:/home/robot/ws_moveit2/install/moveit_setup_framework:/home/robot/ws_moveit2/install/moveit_servo:/home/robot/ws_moveit2/install/moveit_ros:/home/robot/ws_moveit2/install/moveit_ros_visualization:/home/robot/ws_moveit2/install/moveit_hybrid_planning:/home/robot/ws_moveit2/install/moveit_ros_planning_interface:/home/robot/ws_moveit2/install/moveit_ros_benchmarks:/home/robot/ws_moveit2/install/moveit_ros_warehouse:/home/robot/ws_moveit2/install/moveit_ros_robot_interaction:/home/robot/ws_moveit2/install/moveit_ros_perception:/home/robot/ws_moveit2/install/moveit_resources_prbt_pg70_support:/home/robot/ws_moveit2/install/moveit_resources_prbt_moveit_config:/home/robot/ws_moveit2/install/moveit_ros_move_group:/home/robot/ws_moveit2/install/moveit_planners_ompl:/home/robot/ws_moveit2/install/moveit_ros_planning:/home/robot/ws_moveit2/install/moveit_resources_prbt_ikfast_manipulator_plugin:/home/robot/ws_moveit2/install/moveit_planners_chomp:/home/robot/ws_moveit2/install/moveit_kinematics:/home/robot/ws_moveit2/install/moveit_chomp_optimizer_adapter:/home/robot/ws_moveit2/install/chomp_motion_planner:/home/robot/ws_moveit2/install/rviz_marker_tools:/home/robot/ws_moveit2/install/rosparam_shortcuts:/home/robot/ws_moveit2/install/moveit_task_constructor_msgs:/home/robot/ws_moveit2/install/moveit_resources_prbt_support:/home/robot/ws_moveit2/install/moveit_resources:/home/robot/ws_moveit2/install/moveit_resources_fanuc_moveit_config:/home/robot/ws_moveit2/install/moveit_resources_fanuc_description:/home/robot/ros2_ws/install/my_robot_bringup:/home/robot/ros2_ws/install/my_robot_interfaces:/home/robot/ros2_ws/install/my_robot_firstrobot:/home/robot/ros2_ws/install/my_robot_first_roboticarm:/home/robot/ros2_ws/install/my_cpp_pkg:/home/robot/ws_moveit2/install/my_pybullet_package:/home/robot/ws_moveit2/install/moveit_configs_utils:/home/robot/ws_moveit2/install/launch_param_builder:/home/robot/ros2_ws/install/my_turtlesim_project:/home/robot/ros2_ws/install/my_robot_first_servo_control:/home/robot/ros2_ws/install/my_py_pkg:/home/robot/ros2_ws/install/actions_py:/opt/ros/humble LD_LIBRARY_PATH=/home/robot/ws_moveit2/install/moveit_ros_occupancy_map_monitor/lib:/home/robot/ws_moveit2/install/moveit_core/lib:/home/robot/ws_moveit2/install/srdfdom/lib:/home/robot/ws_moveit2/install/pilz_industrial_motion_planner_testutils/lib:/home/robot/ws_moveit2/install/pilz_industrial_motion_planner/lib:/home/robot/ws_moveit2/install/moveit_visual_tools/lib:/home/robot/ws_moveit2/install/moveit_task_constructor_visualization/lib:/home/robot/ws_moveit2/install/moveit_task_constructor_demo/lib:/home/robot/ws_moveit2/install/moveit_task_constructor_capabilities/lib:/home/robot/ws_moveit2/install/moveit_task_constructor_core/lib:/home/robot/ws_moveit2/install/moveit_ros_control_interface/lib:/home/robot/ws_moveit2/install/moveit_simple_controller_manager/lib:/home/robot/ws_moveit2/install/moveit_setup_assistant/lib:/home/robot/ws_moveit2/install/moveit_setup_srdf_plugins/lib:/home/robot/ws_moveit2/install/moveit_setup_core_plugins/lib:/home/robot/ws_moveit2/install/moveit_setup_controllers/lib:/home/robot/ws_moveit2/install/moveit_setup_app_plugins/lib:/home/robot/ws_moveit2/install/moveit_setup_framework/lib:/home/robot/ws_moveit2/install/moveit_servo/lib:/home/robot/ws_moveit2/install/moveit_ros_visualization/lib:/home/robot/ws_moveit2/install/moveit_hybrid_planning/lib:/home/robot/ws_moveit2/install/moveit_ros_planning_interface/lib:/home/robot/ws_moveit2/install/moveit_ros_benchmarks/lib:/home/robot/ws_moveit2/install/moveit_ros_warehouse/lib:/home/robot/ws_moveit2/install/moveit_ros_robot_interaction/lib:/home/robot/ws_moveit2/install/moveit_ros_perception/lib:/home/robot/ws_moveit2/install/moveit_ros_move_group/lib:/home/robot/ws_moveit2/install/moveit_planners_ompl/lib:/home/robot/ws_moveit2/install/moveit_ros_planning/lib:/home/robot/ws_moveit2/install/moveit_resources_prbt_ikfast_manipulator_plugin/lib:/home/robot/ws_moveit2/install/moveit_planners_chomp/lib:/home/robot/ws_moveit2/install/moveit_kinematics/lib:/home/robot/ws_moveit2/install/moveit_chomp_optimizer_adapter/lib:/home/robot/ws_moveit2/install/chomp_motion_planner/lib:/home/robot/ws_moveit2/install/rviz_marker_tools/lib:/home/robot/ws_moveit2/install/rosparam_shortcuts/lib:/home/robot/ws_moveit2/install/moveit_task_constructor_msgs/lib:/home/robot/ros2_ws/install/my_robot_interfaces/lib:/usr/lib/x86_64-linux-gnu/gazebo-11/plugins:/opt/ros/humble/opt/rviz_ogre_vendor/lib:/opt/ros/humble/lib/x86_64-linux-gnu:/opt/ros/humble/lib /usr/bin/cmake --install /home/robot/ws_moveit2/build/moveit_ros_planning
[1.376s] -- Install configuration: "Release"
[1.377s] -- Up-to-date: /home/robot/ws_moveit2/install/moveit_ros_planning/include
[1.378s] -- Up-to-date: /home/robot/ws_moveit2/install/moveit_ros_planning/include/moveit
[1.378s] -- Up-to-date: /home/robot/ws_moveit2/install/moveit_ros_planning/include/moveit/rdf_loader
[1.379s] -- Up-to-date: /home/robot/ws_moveit2/install/moveit_ros_planning/include/moveit/rdf_loader/rdf_loader.h
[1.379s] -- Up-to-date: /home/robot/ws_moveit2/install/moveit_ros_planning/include/moveit/rdf_loader/synchronized_string_parameter.h
[1.380s] -- Up-to-date: /home/robot/ws_moveit2/install/moveit_ros_planning/share/moveit_ros_planning/rdf_loader/test/data
[1.380s] -- Up-to-date: /home/robot/ws_moveit2/install/moveit_ros_planning/share/moveit_ros_planning/rdf_loader/test/data/kermit.urdf
[1.380s] -- Up-to-date: /home/robot/ws_moveit2/install/moveit_ros_planning/share/moveit_ros_planning/rdf_loader/test/data/kermit.srdf
[1.381s] -- Up-to-date: /home/robot/ws_moveit2/install/moveit_ros_planning/share/moveit_ros_planning/rdf_loader/test/data/robin.srdf.xacro
[1.382s] -- Up-to-date: /home/robot/ws_moveit2/install/moveit_ros_planning/share/moveit_ros_planning/rdf_loader/test/data/gonzo.urdf
[1.382s] -- Up-to-date: /home/robot/ws_moveit2/install/moveit_ros_planning/share/moveit_ros_planning/rdf_loader/test/data/gonzo.srdf
[1.382s] -- Up-to-date: /home/robot/ws_moveit2/install/moveit_ros_planning/share/moveit_ros_planning/rdf_loader/test/launch
[1.382s] -- Up-to-date: /home/robot/ws_moveit2/install/moveit_ros_planning/share/moveit_ros_planning/rdf_loader/test/launch/test_rdf_integration.test.py
[1.383s] -- Up-to-date: /home/robot/ws_moveit2/install/moveit_ros_planning/include
[1.383s] -- Up-to-date: /home/robot/ws_moveit2/install/moveit_ros_planning/include/moveit
[1.384s] -- Up-to-date: /home/robot/ws_moveit2/install/moveit_ros_planning/include/moveit/collision_plugin_loader
[1.389s] -- Up-to-date: /home/robot/ws_moveit2/install/moveit_ros_planning/include/moveit/collision_plugin_loader/collision_plugin_loader.h
[1.390s] -- Up-to-date: /home/robot/ws_moveit2/install/moveit_ros_planning/include
[1.390s] -- Up-to-date: /home/robot/ws_moveit2/install/moveit_ros_planning/include/moveit
[1.391s] -- Up-to-date: /home/robot/ws_moveit2/install/moveit_ros_planning/include/moveit/kinematics_plugin_loader
[1.394s] -- Up-to-date: /home/robot/ws_moveit2/install/moveit_ros_planning/include/moveit/kinematics_plugin_loader/kinematics_plugin_loader.h
[1.395s] -- Up-to-date: /home/robot/ws_moveit2/install/moveit_ros_planning/include
[1.396s] -- Up-to-date: /home/robot/ws_moveit2/install/moveit_ros_planning/include/moveit
[1.396s] -- Up-to-date: /home/robot/ws_moveit2/install/moveit_ros_planning/include/moveit/robot_model_loader
[1.396s] -- Up-to-date: /home/robot/ws_moveit2/install/moveit_ros_planning/include/moveit/robot_model_loader/robot_model_loader.h
[1.397s] -- Up-to-date: /home/robot/ws_moveit2/install/moveit_ros_planning/include
[1.398s] -- Up-to-date: /home/robot/ws_moveit2/install/moveit_ros_planning/include/moveit
[1.398s] -- Up-to-date: /home/robot/ws_moveit2/install/moveit_ros_planning/include/moveit/constraint_sampler_manager_loader
[1.398s] -- Up-to-date: /home/robot/ws_moveit2/install/moveit_ros_planning/include/moveit/constraint_sampler_manager_loader/constraint_sampler_manager_loader.h
[1.399s] -- Up-to-date: /home/robot/ws_moveit2/install/moveit_ros_planning/include
[1.399s] -- Up-to-date: /home/robot/ws_moveit2/install/moveit_ros_planning/include/moveit
[1.400s] -- Up-to-date: /home/robot/ws_moveit2/install/moveit_ros_planning/include/moveit/planning_pipeline
[1.402s] -- Up-to-date: /home/robot/ws_moveit2/install/moveit_ros_planning/include/moveit/planning_pipeline/planning_pipeline.h
[1.404s] -- Up-to-date: /home/robot/ws_moveit2/install/moveit_ros_planning/include/moveit_planning_pipeline_export.h
[1.406s] -- Up-to-date: /home/robot/ws_moveit2/install/moveit_ros_planning/lib/moveit_ros_planning/moveit_list_request_adapter_plugins
[1.407s] -- Up-to-date: /home/robot/ws_moveit2/install/moveit_ros_planning/lib/moveit_ros_planning/demo_scene
[1.408s] -- Up-to-date: /home/robot/ws_moveit2/install/moveit_ros_planning/include
[1.408s] -- Up-to-date: /home/robot/ws_moveit2/install/moveit_ros_planning/include/moveit
[1.409s] -- Up-to-date: /home/robot/ws_moveit2/install/moveit_ros_planning/include/moveit/planning_scene_monitor
[1.409s] -- Up-to-date: /home/robot/ws_moveit2/install/moveit_ros_planning/include/moveit/planning_scene_monitor/trajectory_monitor.h
[1.409s] -- Up-to-date: /home/robot/ws_moveit2/install/moveit_ros_planning/include/moveit/planning_scene_monitor/current_state_monitor_middleware_handle.hpp
[1.409s] -- Up-to-date: /home/robot/ws_moveit2/install/moveit_ros_planning/include/moveit/planning_scene_monitor/trajectory_monitor_middleware_handle.hpp
[1.410s] -- Up-to-date: /home/robot/ws_moveit2/install/moveit_ros_planning/include/moveit/planning_scene_monitor/current_state_monitor.h
[1.410s] -- Up-to-date: /home/robot/ws_moveit2/install/moveit_ros_planning/include/moveit/planning_scene_monitor/planning_scene_monitor.h
[1.410s] -- Up-to-date: /home/robot/ws_moveit2/install/moveit_ros_planning/include/moveit_planning_scene_monitor_export.h
[1.412s] -- Up-to-date: /home/robot/ws_moveit2/install/moveit_ros_planning/lib/moveit_ros_planning/moveit_print_planning_model_info
[1.412s] -- Up-to-date: /home/robot/ws_moveit2/install/moveit_ros_planning/lib/moveit_ros_planning/moveit_print_planning_scene_info
[1.413s] -- Up-to-date: /home/robot/ws_moveit2/install/moveit_ros_planning/lib/moveit_ros_planning/moveit_display_random_state
[1.414s] -- Up-to-date: /home/robot/ws_moveit2/install/moveit_ros_planning/lib/moveit_ros_planning/moveit_visualize_robot_collision_volume
[1.414s] -- Up-to-date: /home/robot/ws_moveit2/install/moveit_ros_planning/lib/moveit_ros_planning/moveit_evaluate_collision_checking_speed
[1.415s] -- Up-to-date: /home/robot/ws_moveit2/install/moveit_ros_planning/lib/moveit_ros_planning/moveit_publish_scene_from_text
[1.416s] -- Up-to-date: /home/robot/ws_moveit2/install/moveit_ros_planning/include
[1.417s] -- Up-to-date: /home/robot/ws_moveit2/install/moveit_ros_planning/include/moveit
[1.417s] -- Up-to-date: /home/robot/ws_moveit2/install/moveit_ros_planning/include/moveit/trajectory_execution_manager
[1.419s] -- Up-to-date: /home/robot/ws_moveit2/install/moveit_ros_planning/include/moveit/trajectory_execution_manager/trajectory_execution_manager.h
[1.419s] -- Up-to-date: /home/robot/ws_moveit2/install/moveit_ros_planning/include/moveit_trajectory_execution_manager_export.h
[1.420s] -- Up-to-date: /home/robot/ws_moveit2/install/moveit_ros_planning/include
[1.420s] -- Up-to-date: /home/robot/ws_moveit2/install/moveit_ros_planning/include/moveit
[1.420s] -- Up-to-date: /home/robot/ws_moveit2/install/moveit_ros_planning/include/moveit/plan_execution
[1.420s] -- Up-to-date: /home/robot/ws_moveit2/install/moveit_ros_planning/include/moveit/plan_execution/plan_representation.h
[1.420s] -- Up-to-date: /home/robot/ws_moveit2/install/moveit_ros_planning/include/moveit/plan_execution/plan_execution.h
[1.421s] -- Up-to-date: /home/robot/ws_moveit2/install/moveit_ros_planning/include
[1.421s] -- Up-to-date: /home/robot/ws_moveit2/install/moveit_ros_planning/include/moveit
[1.421s] -- Up-to-date: /home/robot/ws_moveit2/install/moveit_ros_planning/include/moveit/moveit_cpp
[1.422s] -- Up-to-date: /home/robot/ws_moveit2/install/moveit_ros_planning/include/moveit/moveit_cpp/planning_component.h
[1.422s] -- Up-to-date: /home/robot/ws_moveit2/install/moveit_ros_planning/include/moveit/moveit_cpp/moveit_cpp.h
[1.422s] -- Up-to-date: /home/robot/ws_moveit2/install/moveit_ros_planning/lib/libmoveit_rdf_loader.so.2.5.5
[1.423s] -- Up-to-date: /home/robot/ws_moveit2/install/moveit_ros_planning/lib/libmoveit_rdf_loader.so
[1.423s] -- Up-to-date: /home/robot/ws_moveit2/install/moveit_ros_planning/lib/libmoveit_kinematics_plugin_loader.so.2.5.5
[1.424s] -- Up-to-date: /home/robot/ws_moveit2/install/moveit_ros_planning/lib/libmoveit_kinematics_plugin_loader.so
[1.424s] -- Up-to-date: /home/robot/ws_moveit2/install/moveit_ros_planning/lib/libmoveit_robot_model_loader.so.2.5.5
[1.424s] -- Up-to-date: /home/robot/ws_moveit2/install/moveit_ros_planning/lib/libmoveit_robot_model_loader.so
[1.425s] -- Up-to-date: /home/robot/ws_moveit2/install/moveit_ros_planning/lib/libmoveit_constraint_sampler_manager_loader.so.2.5.5
[1.425s] -- Up-to-date: /home/robot/ws_moveit2/install/moveit_ros_planning/lib/libmoveit_constraint_sampler_manager_loader.so
[1.426s] -- Up-to-date: /home/robot/ws_moveit2/install/moveit_ros_planning/lib/libmoveit_planning_pipeline.so.2.5.5
[1.426s] -- Up-to-date: /home/robot/ws_moveit2/install/moveit_ros_planning/lib/libmoveit_planning_pipeline.so
[1.427s] -- Up-to-date: /home/robot/ws_moveit2/install/moveit_ros_planning/lib/libmoveit_trajectory_execution_manager.so.2.5.5
[1.427s] -- Up-to-date: /home/robot/ws_moveit2/install/moveit_ros_planning/lib/libmoveit_trajectory_execution_manager.so
[1.428s] -- Up-to-date: /home/robot/ws_moveit2/install/moveit_ros_planning/lib/libmoveit_plan_execution.so.2.5.5
[1.428s] -- Up-to-date: /home/robot/ws_moveit2/install/moveit_ros_planning/lib/libmoveit_plan_execution.so
[1.429s] -- Up-to-date: /home/robot/ws_moveit2/install/moveit_ros_planning/lib/libmoveit_planning_scene_monitor.so.2.5.5
[1.429s] -- Up-to-date: /home/robot/ws_moveit2/install/moveit_ros_planning/lib/libmoveit_planning_scene_monitor.so
[1.430s] -- Up-to-date: /home/robot/ws_moveit2/install/moveit_ros_planning/lib/libmoveit_collision_plugin_loader.so.2.5.5
[1.430s] -- Up-to-date: /home/robot/ws_moveit2/install/moveit_ros_planning/lib/libmoveit_collision_plugin_loader.so
[1.431s] -- Up-to-date: /home/robot/ws_moveit2/install/moveit_ros_planning/lib/libmoveit_default_planning_request_adapter_plugins.so.2.5.5
[1.431s] -- Up-to-date: /home/robot/ws_moveit2/install/moveit_ros_planning/lib/libmoveit_default_planning_request_adapter_plugins.so
[1.432s] -- Up-to-date: /home/robot/ws_moveit2/install/moveit_ros_planning/lib/libmoveit_cpp.so.2.5.5
[1.432s] -- Up-to-date: /home/robot/ws_moveit2/install/moveit_ros_planning/lib/libmoveit_cpp.so
[1.433s] -- Up-to-date: /home/robot/ws_moveit2/install/moveit_ros_planning/share/moveit_ros_planning/environment/library_path.sh
[1.433s] -- Up-to-date: /home/robot/ws_moveit2/install/moveit_ros_planning/share/moveit_ros_planning/environment/library_path.dsv
[1.433s] -- Up-to-date: /home/robot/ws_moveit2/install/moveit_ros_planning/share/moveit_ros_planning/planning_request_adapters_plugin_description.xml
[1.434s] -- Up-to-date: /home/robot/ws_moveit2/install/moveit_ros_planning/share/ament_index/resource_index/package_run_dependencies/moveit_ros_planning
[1.434s] -- Up-to-date: /home/robot/ws_moveit2/install/moveit_ros_planning/share/ament_index/resource_index/parent_prefix_path/moveit_ros_planning
[1.434s] -- Up-to-date: /home/robot/ws_moveit2/install/moveit_ros_planning/share/moveit_ros_planning/environment/ament_prefix_path.sh
[1.435s] -- Up-to-date: /home/robot/ws_moveit2/install/moveit_ros_planning/share/moveit_ros_planning/environment/ament_prefix_path.dsv
[1.435s] -- Up-to-date: /home/robot/ws_moveit2/install/moveit_ros_planning/share/moveit_ros_planning/environment/path.sh
[1.435s] -- Up-to-date: /home/robot/ws_moveit2/install/moveit_ros_planning/share/moveit_ros_planning/environment/path.dsv
[1.435s] -- Up-to-date: /home/robot/ws_moveit2/install/moveit_ros_planning/share/moveit_ros_planning/local_setup.bash
[1.435s] -- Up-to-date: /home/robot/ws_moveit2/install/moveit_ros_planning/share/moveit_ros_planning/local_setup.sh
[1.436s] -- Up-to-date: /home/robot/ws_moveit2/install/moveit_ros_planning/share/moveit_ros_planning/local_setup.zsh
[1.436s] -- Up-to-date: /home/robot/ws_moveit2/install/moveit_ros_planning/share/moveit_ros_planning/local_setup.dsv
[1.436s] -- Installing: /home/robot/ws_moveit2/install/moveit_ros_planning/share/moveit_ros_planning/package.dsv
[1.436s] -- Up-to-date: /home/robot/ws_moveit2/install/moveit_ros_planning/share/ament_index/resource_index/packages/moveit_ros_planning
[1.437s] -- Up-to-date: /home/robot/ws_moveit2/install/moveit_ros_planning/share/ament_index/resource_index/moveit_core__pluginlib__plugin/moveit_ros_planning
[1.438s] -- Up-to-date: /home/robot/ws_moveit2/install/moveit_ros_planning/share/moveit_ros_planning/cmake/export_moveit_ros_planningExport.cmake
[1.438s] -- Up-to-date: /home/robot/ws_moveit2/install/moveit_ros_planning/share/moveit_ros_planning/cmake/export_moveit_ros_planningExport-release.cmake
[1.439s] -- Up-to-date: /home/robot/ws_moveit2/install/moveit_ros_planning/share/moveit_ros_planning/cmake/ConfigExtras.cmake
[1.439s] -- Up-to-date: /home/robot/ws_moveit2/install/moveit_ros_planning/share/moveit_ros_planning/cmake/ament_cmake_export_targets-extras.cmake
[1.439s] -- Up-to-date: /home/robot/ws_moveit2/install/moveit_ros_planning/share/moveit_ros_planning/cmake/ament_cmake_export_dependencies-extras.cmake
[1.439s] -- Up-to-date: /home/robot/ws_moveit2/install/moveit_ros_planning/share/moveit_ros_planning/cmake/moveit_ros_planningConfig.cmake
[1.439s] -- Up-to-date: /home/robot/ws_moveit2/install/moveit_ros_planning/share/moveit_ros_planning/cmake/moveit_ros_planningConfig-version.cmake
[1.439s] -- Up-to-date: /home/robot/ws_moveit2/install/moveit_ros_planning/share/moveit_ros_planning/package.xml
[1.442s] Invoked command in '/home/robot/ws_moveit2/build/moveit_ros_planning' returned '0': CMAKE_PREFIX_PATH=/home/robot/ws_moveit2/install/moveit_ros_occupancy_map_monitor:/home/robot/ws_moveit2/install/moveit_core:/home/robot/ws_moveit2/install/moveit_resources_panda_moveit_config:/home/robot/ws_moveit2/install/srdfdom:/home/robot/ws_moveit2/install/moveit_resources_pr2_description:/home/robot/ws_moveit2/install/moveit_resources_panda_description:/home/robot/ws_moveit2/install/moveit_common:/home/robot/ws_moveit2/install/pilz_industrial_motion_planner_testutils:/home/robot/ws_moveit2/install/myrobot_moveit_config:/home/robot/ws_moveit2/install/moveit_runtime:/home/robot/ws_moveit2/install/moveit2_tutorials:/home/robot/ws_moveit2/install/moveit:/home/robot/ws_moveit2/install/moveit_planners:/home/robot/ws_moveit2/install/pilz_industrial_motion_planner:/home/robot/ws_moveit2/install/ompl_constrained_planning:/home/robot/ws_moveit2/install/myrobot_ompl_constrained_planning:/home/robot/ws_moveit2/install/myrobot_hello_moveit:/home/robot/ws_moveit2/install/mtc_tutorial:/home/robot/ws_moveit2/install/moveit_visual_tools:/home/robot/ws_moveit2/install/moveit_task_constructor_visualization:/home/robot/ws_moveit2/install/moveit_task_constructor_demo:/home/robot/ws_moveit2/install/moveit_task_constructor_capabilities:/home/robot/ws_moveit2/install/moveit_task_constructor_core:/home/robot/ws_moveit2/install/moveit_ros_control_interface:/home/robot/ws_moveit2/install/moveit_plugins:/home/robot/ws_moveit2/install/moveit_simple_controller_manager:/home/robot/ws_moveit2/install/moveit_setup_assistant:/home/robot/ws_moveit2/install/moveit_setup_srdf_plugins:/home/robot/ws_moveit2/install/moveit_setup_core_plugins:/home/robot/ws_moveit2/install/moveit_setup_controllers:/home/robot/ws_moveit2/install/moveit_setup_app_plugins:/home/robot/ws_moveit2/install/moveit_setup_framework:/home/robot/ws_moveit2/install/moveit_servo:/home/robot/ws_moveit2/install/moveit_ros:/home/robot/ws_moveit2/install/moveit_ros_visualization:/home/robot/ws_moveit2/install/moveit_hybrid_planning:/home/robot/ws_moveit2/install/moveit_ros_planning_interface:/home/robot/ws_moveit2/install/moveit_ros_benchmarks:/home/robot/ws_moveit2/install/moveit_ros_warehouse:/home/robot/ws_moveit2/install/moveit_ros_robot_interaction:/home/robot/ws_moveit2/install/moveit_ros_perception:/home/robot/ws_moveit2/install/moveit_resources_prbt_pg70_support:/home/robot/ws_moveit2/install/moveit_resources_prbt_moveit_config:/home/robot/ws_moveit2/install/moveit_ros_move_group:/home/robot/ws_moveit2/install/moveit_planners_ompl:/home/robot/ws_moveit2/install/moveit_ros_planning:/home/robot/ws_moveit2/install/moveit_resources_prbt_ikfast_manipulator_plugin:/home/robot/ws_moveit2/install/moveit_planners_chomp:/home/robot/ws_moveit2/install/moveit_kinematics:/home/robot/ws_moveit2/install/moveit_chomp_optimizer_adapter:/home/robot/ws_moveit2/install/chomp_motion_planner:/home/robot/ws_moveit2/install/rviz_marker_tools:/home/robot/ws_moveit2/install/rosparam_shortcuts:/home/robot/ws_moveit2/install/moveit_task_constructor_msgs:/home/robot/ws_moveit2/install/moveit_resources_prbt_support:/home/robot/ws_moveit2/install/moveit_resources:/home/robot/ws_moveit2/install/moveit_resources_fanuc_moveit_config:/home/robot/ws_moveit2/install/moveit_resources_fanuc_description:/home/robot/ros2_ws/install/my_robot_bringup:/home/robot/ros2_ws/install/my_robot_interfaces:/home/robot/ros2_ws/install/my_robot_firstrobot:/home/robot/ros2_ws/install/my_robot_first_roboticarm:/home/robot/ros2_ws/install/my_cpp_pkg:/home/robot/ws_moveit2/install/my_pybullet_package:/home/robot/ws_moveit2/install/moveit_configs_utils:/home/robot/ws_moveit2/install/launch_param_builder:/home/robot/ros2_ws/install/my_turtlesim_project:/home/robot/ros2_ws/install/my_robot_first_servo_control:/home/robot/ros2_ws/install/my_py_pkg:/home/robot/ros2_ws/install/actions_py:/opt/ros/humble LD_LIBRARY_PATH=/home/robot/ws_moveit2/install/moveit_ros_occupancy_map_monitor/lib:/home/robot/ws_moveit2/install/moveit_core/lib:/home/robot/ws_moveit2/install/srdfdom/lib:/home/robot/ws_moveit2/install/pilz_industrial_motion_planner_testutils/lib:/home/robot/ws_moveit2/install/pilz_industrial_motion_planner/lib:/home/robot/ws_moveit2/install/moveit_visual_tools/lib:/home/robot/ws_moveit2/install/moveit_task_constructor_visualization/lib:/home/robot/ws_moveit2/install/moveit_task_constructor_demo/lib:/home/robot/ws_moveit2/install/moveit_task_constructor_capabilities/lib:/home/robot/ws_moveit2/install/moveit_task_constructor_core/lib:/home/robot/ws_moveit2/install/moveit_ros_control_interface/lib:/home/robot/ws_moveit2/install/moveit_simple_controller_manager/lib:/home/robot/ws_moveit2/install/moveit_setup_assistant/lib:/home/robot/ws_moveit2/install/moveit_setup_srdf_plugins/lib:/home/robot/ws_moveit2/install/moveit_setup_core_plugins/lib:/home/robot/ws_moveit2/install/moveit_setup_controllers/lib:/home/robot/ws_moveit2/install/moveit_setup_app_plugins/lib:/home/robot/ws_moveit2/install/moveit_setup_framework/lib:/home/robot/ws_moveit2/install/moveit_servo/lib:/home/robot/ws_moveit2/install/moveit_ros_visualization/lib:/home/robot/ws_moveit2/install/moveit_hybrid_planning/lib:/home/robot/ws_moveit2/install/moveit_ros_planning_interface/lib:/home/robot/ws_moveit2/install/moveit_ros_benchmarks/lib:/home/robot/ws_moveit2/install/moveit_ros_warehouse/lib:/home/robot/ws_moveit2/install/moveit_ros_robot_interaction/lib:/home/robot/ws_moveit2/install/moveit_ros_perception/lib:/home/robot/ws_moveit2/install/moveit_ros_move_group/lib:/home/robot/ws_moveit2/install/moveit_planners_ompl/lib:/home/robot/ws_moveit2/install/moveit_ros_planning/lib:/home/robot/ws_moveit2/install/moveit_resources_prbt_ikfast_manipulator_plugin/lib:/home/robot/ws_moveit2/install/moveit_planners_chomp/lib:/home/robot/ws_moveit2/install/moveit_kinematics/lib:/home/robot/ws_moveit2/install/moveit_chomp_optimizer_adapter/lib:/home/robot/ws_moveit2/install/chomp_motion_planner/lib:/home/robot/ws_moveit2/install/rviz_marker_tools/lib:/home/robot/ws_moveit2/install/rosparam_shortcuts/lib:/home/robot/ws_moveit2/install/moveit_task_constructor_msgs/lib:/home/robot/ros2_ws/install/my_robot_interfaces/lib:/usr/lib/x86_64-linux-gnu/gazebo-11/plugins:/opt/ros/humble/opt/rviz_ogre_vendor/lib:/opt/ros/humble/lib/x86_64-linux-gnu:/opt/ros/humble/lib /usr/bin/cmake --install /home/robot/ws_moveit2/build/moveit_ros_planning
