running egg_info
writing ../../build/my_robot_first_servo_control/my_robot_first_servo_control.egg-info/PKG-INFO
writing dependency_links to ../../build/my_robot_first_servo_control/my_robot_first_servo_control.egg-info/dependency_links.txt
writing entry points to ../../build/my_robot_first_servo_control/my_robot_first_servo_control.egg-info/entry_points.txt
writing requirements to ../../build/my_robot_first_servo_control/my_robot_first_servo_control.egg-info/requires.txt
writing top-level names to ../../build/my_robot_first_servo_control/my_robot_first_servo_control.egg-info/top_level.txt
reading manifest file '../../build/my_robot_first_servo_control/my_robot_first_servo_control.egg-info/SOURCES.txt'
writing manifest file '../../build/my_robot_first_servo_control/my_robot_first_servo_control.egg-info/SOURCES.txt'
running build
running build_py
copying my_robot_first_servo_control/servo_client_node.py -> /home/robot/ws_moveit2/build/my_robot_first_servo_control/build/lib/my_robot_first_servo_control
running install
running install_lib
copying /home/robot/ws_moveit2/build/my_robot_first_servo_control/build/lib/my_robot_first_servo_control/servo_client_node.py -> /home/robot/ws_moveit2/install/my_robot_first_servo_control/lib/python3.10/site-packages/my_robot_first_servo_control
byte-compiling /home/robot/ws_moveit2/install/my_robot_first_servo_control/lib/python3.10/site-packages/my_robot_first_servo_control/servo_client_node.py to servo_client_node.cpython-310.pyc
running install_data
running install_egg_info
removing '/home/robot/ws_moveit2/install/my_robot_first_servo_control/lib/python3.10/site-packages/my_robot_first_servo_control-0.0.0-py3.10.egg-info' (and everything under it)
Copying ../../build/my_robot_first_servo_control/my_robot_first_servo_control.egg-info to /home/robot/ws_moveit2/install/my_robot_first_servo_control/lib/python3.10/site-packages/my_robot_first_servo_control-0.0.0-py3.10.egg-info
running install_scripts
Installing servo_client script to /home/robot/ws_moveit2/install/my_robot_first_servo_control/lib/my_robot_first_servo_control
Installing servo_client_client script to /home/robot/ws_moveit2/install/my_robot_first_servo_control/lib/my_robot_first_servo_control
writing list of installed files to '/home/robot/ws_moveit2/build/my_robot_first_servo_control/install.log'
