[  3%] [32mBuilding CXX object doc/examples/perception_pipeline/CMakeFiles/bag_publisher_maintain_time.dir/src/bag_publisher_maintain_time.cpp.o[0m
[ 10%] Built target move_group_interface_tutorial
[ 16%] Built target minimal_mtc_tutorial
[ 23%] Built target mtc_tutorial
[ 30%] Built target cylinder_segment
[ 36%] Built target motion_planning_api_tutorial
[ 43%] Built target pilz_move_group
[ 50%] Built target planning_scene_ros_api_tutorial
[ 56%] Built target pilz_mtc
[ 63%] Built target robot_model_and_robot_state_tutorial
[ 70%] Built target planning_scene_tutorial
[ 76%] Built target moveit_cpp_tutorial
[ 83%] Built target servo_keyboard_input
[ 90%] Built target ompl_constrained_planning
[ 96%] Built target servo_cpp_interface_demo
[01m[K/home/robot/ws_moveit2/src/moveit2_tutorials/doc/examples/perception_pipeline/src/bag_publisher_maintain_time.cpp:[m[K In member function ‘[01m[Kvoid BagPublisherMaintainTime::publishPointCloud()[m[K’:
[01m[K/home/robot/ws_moveit2/src/moveit2_tutorials/doc/examples/perception_pipeline/src/bag_publisher_maintain_time.cpp:80:26:[m[K [01;31m[Kerror: [m[K‘[01m[Kclass rclcpp::SerializedMessage[m[K’ has no member named ‘[01m[Kset_rcl_serialized_data[m[K’; did you mean ‘[01m[Kget_rcl_serialized_message[m[K’?
   80 |       serialized_message.[01;31m[Kset_rcl_serialized_data[m[K(serialized_msg->get_rcl_serialized_message);
      |                          [01;31m[K^~~~~~~~~~~~~~~~~~~~~~~[m[K
      |                          [32m[Kget_rcl_serialized_message[m[K
[01m[K/home/robot/ws_moveit2/src/moveit2_tutorials/doc/examples/perception_pipeline/src/bag_publisher_maintain_time.cpp:80:66:[m[K [01;31m[Kerror: [m[K‘[01m[Kusing element_type = struct rosbag2_storage::SerializedBagMessage[m[K’ {aka ‘[01m[Kstruct rosbag2_storage::SerializedBagMessage[m[K’} has no member named ‘[01m[Kget_rcl_serialized_message[m[K’
   80 |       serialized_message.set_rcl_serialized_data(serialized_msg->[01;31m[Kget_rcl_serialized_message[m[K);
      |                                                                  [01;31m[K^~~~~~~~~~~~~~~~~~~~~~~~~~[m[K
gmake[2]: *** [doc/examples/perception_pipeline/CMakeFiles/bag_publisher_maintain_time.dir/build.make:76: doc/examples/perception_pipeline/CMakeFiles/bag_publisher_maintain_time.dir/src/bag_publisher_maintain_time.cpp.o] Error 1
gmake[1]: *** [CMakeFiles/Makefile2:506: doc/examples/perception_pipeline/CMakeFiles/bag_publisher_maintain_time.dir/all] Error 2
gmake: *** [Makefile:146: all] Error 2
