[0.034s] Invoking command in '/home/robot/ws_moveit2/build/rosparam_shortcuts': CMAKE_PREFIX_PATH=${CMAKE_PREFIX_PATH}:/home/robot/ws_moveit2/install/launch_param_builder:/home/robot/ws_moveit2/install/generate_parameter_module_example:/home/robot/ws_moveit2/install/moveit_configs_utils:/home/robot/ws_moveit2/install/generate_parameter_library_py:/home/robot/ros2_ws/install/my_turtlesim_project:/home/robot/ros2_ws/install/my_robot_first_servo_control:/home/robot/ros2_ws/install/my_py_pkg:/home/robot/ros2_ws/install/lifecycle_py:/home/robot/ros2_ws/install/course3_project:/home/robot/ros2_ws/install/actions_py:/opt/ros/humble /home/robot/.local/bin/cmake /home/robot/ws_moveit2/src/rosparam_shortcuts -DCMAKE_BUILD_TYPE=Release -DCMAKE_CXX_FLAGS=--param ggc-min-expand=20 -DCMAKE_INSTALL_PREFIX=/home/robot/ws_moveit2/install/rosparam_shortcuts
[0.268s] -- The C compiler identification is GNU 11.4.0
[0.443s] -- The CXX compiler identification is GNU 11.4.0
[0.466s] -- Detecting C compiler ABI info
[0.577s] -- Detecting C compiler ABI info - done
[0.618s] -- Check for working C compiler: /usr/bin/cc - skipped
[0.619s] -- Detecting C compile features
[0.620s] -- Detecting C compile features - done
[0.628s] -- Detecting CXX compiler ABI info
[0.884s] -- Detecting CXX compiler ABI info - done
[0.962s] -- Check for working CXX compiler: /usr/bin/c++ - skipped
[0.963s] -- Detecting CXX compile features
[0.965s] -- Detecting CXX compile features - done
[0.986s] -- Found ament_cmake: 1.3.9 (/opt/ros/humble/share/ament_cmake/cmake)
[1.393s] -- Found Python3: /usr/bin/python3 (found version "3.10.12") found components: Interpreter
[1.670s] -- Found eigen3_cmake_module: 0.1.1 (/opt/ros/humble/share/eigen3_cmake_module/cmake)
[1.687s] -- Found Eigen3: TRUE (found version "3.4.0")
[1.696s] -- Found geometry_msgs: 4.2.4 (/opt/ros/humble/share/geometry_msgs/cmake)
[1.840s] -- Found rosidl_generator_c: 3.1.5 (/opt/ros/humble/share/rosidl_generator_c/cmake)
[1.864s] -- Found rosidl_adapter: 3.1.5 (/opt/ros/humble/share/rosidl_adapter/cmake)
[1.893s] -- Found rosidl_generator_cpp: 3.1.5 (/opt/ros/humble/share/rosidl_generator_cpp/cmake)
[1.940s] -- Using all available rosidl_typesupport_c: rosidl_typesupport_fastrtps_c;rosidl_typesupport_introspection_c
[2.004s] -- Using all available rosidl_typesupport_cpp: rosidl_typesupport_fastrtps_cpp;rosidl_typesupport_introspection_cpp
[2.224s] -- Found rclcpp: 16.0.9 (/opt/ros/humble/share/rclcpp/cmake)
[2.394s] -- Found rmw_implementation_cmake: 6.1.2 (/opt/ros/humble/share/rmw_implementation_cmake/cmake)
[2.408s] -- Found rmw_fastrtps_cpp: 6.2.6 (/opt/ros/humble/share/rmw_fastrtps_cpp/cmake)
[2.649s] -- Found OpenSSL: /usr/lib/x86_64-linux-gnu/libcrypto.so (found version "3.0.2")
[2.724s] -- Found FastRTPS: /opt/ros/humble/include
[2.852s] -- Using RMW implementation 'rmw_fastrtps_cpp' as default
[2.888s] -- Performing Test CMAKE_HAVE_LIBC_PTHREAD
[2.996s] -- Performing Test CMAKE_HAVE_LIBC_PTHREAD - Success
[2.998s] -- Found Threads: TRUE
[3.286s] -- Found tf2_eigen: 0.25.7 (/opt/ros/humble/share/tf2_eigen/cmake)
[3.997s] -- Found ament_lint_auto: 0.12.11 (/opt/ros/humble/share/ament_lint_auto/cmake)
[4.007s] -- Found ament_cmake_gtest: 1.3.9 (/opt/ros/humble/share/ament_cmake_gtest/cmake)
[4.016s] -- Found ros_testing: 0.4.0 (/opt/ros/humble/share/ros_testing/cmake)
[4.027s] -- Found launch_testing_ament_cmake: 1.0.6 (/opt/ros/humble/share/launch_testing_ament_cmake/cmake)
[4.039s] -- Found python_cmake_module: 0.10.0 (/opt/ros/humble/share/python_cmake_module/cmake)
[4.039s] [33mCMake Warning (dev) at /opt/ros/humble/share/python_cmake_module/cmake/Modules/FindPythonExtra.cmake:52 (find_package):
[4.040s]   Policy CMP0148 is not set: The FindPythonInterp and FindPythonLibs modules
[4.040s]   are removed.  Run "cmake --help-policy CMP0148" for policy details.  Use
[4.040s]   the cmake_policy command to set the policy and suppress this warning.
[4.040s] 
[4.040s] Call Stack (most recent call first):
[4.040s]   /opt/ros/humble/share/launch_testing_ament_cmake/cmake/launch_testing_ament_cmake-extras.cmake:18 (find_package)
[4.040s]   /opt/ros/humble/share/launch_testing_ament_cmake/cmake/launch_testing_ament_cmakeConfig.cmake:41 (include)
[4.040s]   /opt/ros/humble/share/ros_testing/cmake/ros_testing-extras.cmake:15 (find_package)
[4.040s]   /opt/ros/humble/share/ros_testing/cmake/ros_testingConfig.cmake:41 (include)
[4.041s]   CMakeLists.txt:97 (find_package)
[4.041s] This warning is for project developers.  Use -Wno-dev to suppress it.
[4.041s] [0m
[4.075s] -- Found PythonInterp: /usr/bin/python3 (found suitable version "3.10.12", minimum required is "3.6")
[4.075s] [33mCMake Warning (dev) at /opt/ros/humble/share/python_cmake_module/cmake/Modules/FindPythonExtra.cmake:140 (find_package):
[4.076s]   Policy CMP0148 is not set: The FindPythonInterp and FindPythonLibs modules
[4.076s]   are removed.  Run "cmake --help-policy CMP0148" for policy details.  Use
[4.076s]   the cmake_policy command to set the policy and suppress this warning.
[4.076s] 
[4.076s] Call Stack (most recent call first):
[4.076s]   /opt/ros/humble/share/launch_testing_ament_cmake/cmake/launch_testing_ament_cmake-extras.cmake:18 (find_package)
[4.076s]   /opt/ros/humble/share/launch_testing_ament_cmake/cmake/launch_testing_ament_cmakeConfig.cmake:41 (include)
[4.076s]   /opt/ros/humble/share/ros_testing/cmake/ros_testing-extras.cmake:15 (find_package)
[4.076s]   /opt/ros/humble/share/ros_testing/cmake/ros_testingConfig.cmake:41 (include)
[4.076s]   CMakeLists.txt:97 (find_package)
[4.076s] This warning is for project developers.  Use -Wno-dev to suppress it.
[4.076s] [0m
[4.089s] -- Found PythonLibs: /usr/lib/x86_64-linux-gnu/libpython3.10.so (found suitable version "3.10.12", minimum required is "3.5")
[4.089s] -- Using PYTHON_EXECUTABLE: /usr/bin/python3
[4.089s] -- Using PYTHON_INCLUDE_DIRS: /usr/include/python3.10
[4.089s] -- Using PYTHON_LIBRARIES: /usr/lib/x86_64-linux-gnu/libpython3.10.so
[4.126s] -- Found PythonExtra: .so
[4.304s] -- Found gtest sources under '/opt/ros/humble/src/gtest_vendor': C++ tests using 'Google Test' will be built
[4.338s] -- Added test 'copyright' to check source files copyright and LICENSE
[4.365s] -- Added test 'lint_cmake' to check CMake code style
[4.368s] -- Added test 'pep257' to check Python code against some of the docstring style conventions in PEP 257
[4.373s] -- Added test 'xmllint' to check XML markup files
[4.379s] -- Configuring done (4.2s)
[4.424s] -- Generating done (0.0s)
[4.425s] -- Build files have been written to: /home/robot/ws_moveit2/build/rosparam_shortcuts
[4.465s] Invoked command in '/home/robot/ws_moveit2/build/rosparam_shortcuts' returned '0': CMAKE_PREFIX_PATH=${CMAKE_PREFIX_PATH}:/home/robot/ws_moveit2/install/launch_param_builder:/home/robot/ws_moveit2/install/generate_parameter_module_example:/home/robot/ws_moveit2/install/moveit_configs_utils:/home/robot/ws_moveit2/install/generate_parameter_library_py:/home/robot/ros2_ws/install/my_turtlesim_project:/home/robot/ros2_ws/install/my_robot_first_servo_control:/home/robot/ros2_ws/install/my_py_pkg:/home/robot/ros2_ws/install/lifecycle_py:/home/robot/ros2_ws/install/course3_project:/home/robot/ros2_ws/install/actions_py:/opt/ros/humble /home/robot/.local/bin/cmake /home/robot/ws_moveit2/src/rosparam_shortcuts -DCMAKE_BUILD_TYPE=Release -DCMAKE_CXX_FLAGS=--param ggc-min-expand=20 -DCMAKE_INSTALL_PREFIX=/home/robot/ws_moveit2/install/rosparam_shortcuts
[4.467s] Invoking command in '/home/robot/ws_moveit2/build/rosparam_shortcuts': CMAKE_PREFIX_PATH=${CMAKE_PREFIX_PATH}:/home/robot/ws_moveit2/install/launch_param_builder:/home/robot/ws_moveit2/install/generate_parameter_module_example:/home/robot/ws_moveit2/install/moveit_configs_utils:/home/robot/ws_moveit2/install/generate_parameter_library_py:/home/robot/ros2_ws/install/my_turtlesim_project:/home/robot/ros2_ws/install/my_robot_first_servo_control:/home/robot/ros2_ws/install/my_py_pkg:/home/robot/ros2_ws/install/lifecycle_py:/home/robot/ros2_ws/install/course3_project:/home/robot/ros2_ws/install/actions_py:/opt/ros/humble /home/robot/.local/bin/cmake --build /home/robot/ws_moveit2/build/rosparam_shortcuts -- -j6 -l6
[4.616s] [  7%] [32mBuilding CXX object CMakeFiles/rosparam_shortcuts.dir/src/node_parameters.cpp.o[0m
[4.617s] [ 15%] [32mBuilding CXX object gtest/CMakeFiles/gtest.dir/src/gtest-all.cc.o[0m
[4.618s] [ 23%] [32mBuilding CXX object CMakeFiles/rosparam_shortcuts.dir/src/rosparam_shortcuts.cpp.o[0m
[4.619s] [ 30%] [32mBuilding CXX object gtest/CMakeFiles/gtest_main.dir/src/gtest_main.cc.o[0m
[5.928s] [ 38%] [32m[1mLinking CXX static library libgtest_main.a[0m
[6.007s] [ 38%] Built target gtest_main
[15.529s] [ 46%] [32m[1mLinking CXX static library libgtest.a[0m
[15.621s] [ 46%] Built target gtest
[15.628s] [ 53%] [32m[1mLinking CXX shared library librosparam_shortcuts.so[0m
[15.800s] [ 53%] Built target rosparam_shortcuts
[15.825s] [ 61%] [32mBuilding CXX object CMakeFiles/rosparam_shortcuts_node_parameters_example.dir/src/node_parameters_example.cpp.o[0m
[15.835s] [ 69%] [32mBuilding CXX object CMakeFiles/rosparam_shortcuts_example.dir/src/example.cpp.o[0m
[15.836s] [ 76%] [32mBuilding CXX object CMakeFiles/test_node_parameters.dir/test/test_node_parameters.cpp.o[0m
[23.260s] [ 84%] [32m[1mLinking CXX executable node_parameters_example[0m
[23.299s] [ 92%] [32m[1mLinking CXX executable example[0m
[23.447s] [ 92%] Built target rosparam_shortcuts_node_parameters_example
[23.472s] [ 92%] Built target rosparam_shortcuts_example
[24.518s] [100%] [32m[1mLinking CXX executable test_node_parameters[0m
[24.710s] [100%] Built target test_node_parameters
[24.739s] Invoked command in '/home/robot/ws_moveit2/build/rosparam_shortcuts' returned '0': CMAKE_PREFIX_PATH=${CMAKE_PREFIX_PATH}:/home/robot/ws_moveit2/install/launch_param_builder:/home/robot/ws_moveit2/install/generate_parameter_module_example:/home/robot/ws_moveit2/install/moveit_configs_utils:/home/robot/ws_moveit2/install/generate_parameter_library_py:/home/robot/ros2_ws/install/my_turtlesim_project:/home/robot/ros2_ws/install/my_robot_first_servo_control:/home/robot/ros2_ws/install/my_py_pkg:/home/robot/ros2_ws/install/lifecycle_py:/home/robot/ros2_ws/install/course3_project:/home/robot/ros2_ws/install/actions_py:/opt/ros/humble /home/robot/.local/bin/cmake --build /home/robot/ws_moveit2/build/rosparam_shortcuts -- -j6 -l6
[25.024s] Invoking command in '/home/robot/ws_moveit2/build/rosparam_shortcuts': CMAKE_PREFIX_PATH=${CMAKE_PREFIX_PATH}:/home/robot/ws_moveit2/install/launch_param_builder:/home/robot/ws_moveit2/install/generate_parameter_module_example:/home/robot/ws_moveit2/install/moveit_configs_utils:/home/robot/ws_moveit2/install/generate_parameter_library_py:/home/robot/ros2_ws/install/my_turtlesim_project:/home/robot/ros2_ws/install/my_robot_first_servo_control:/home/robot/ros2_ws/install/my_py_pkg:/home/robot/ros2_ws/install/lifecycle_py:/home/robot/ros2_ws/install/course3_project:/home/robot/ros2_ws/install/actions_py:/opt/ros/humble /home/robot/.local/bin/cmake --install /home/robot/ws_moveit2/build/rosparam_shortcuts
[25.203s] -- Install configuration: "Release"
[25.203s] -- Installing: /home/robot/ws_moveit2/install/rosparam_shortcuts/lib/librosparam_shortcuts.so
[25.204s] -- Set non-toolchain portion of runtime path of "/home/robot/ws_moveit2/install/rosparam_shortcuts/lib/librosparam_shortcuts.so" to ""
[25.204s] -- Installing: /home/robot/ws_moveit2/install/rosparam_shortcuts/lib/rosparam_shortcuts/example
[25.204s] -- Set non-toolchain portion of runtime path of "/home/robot/ws_moveit2/install/rosparam_shortcuts/lib/rosparam_shortcuts/example" to ""
[25.205s] -- Installing: /home/robot/ws_moveit2/install/rosparam_shortcuts/lib/rosparam_shortcuts/node_parameters_example
[25.205s] -- Set non-toolchain portion of runtime path of "/home/robot/ws_moveit2/install/rosparam_shortcuts/lib/rosparam_shortcuts/node_parameters_example" to ""
[25.206s] -- Installing: /home/robot/ws_moveit2/install/rosparam_shortcuts/include
[25.206s] -- Installing: /home/robot/ws_moveit2/install/rosparam_shortcuts/include/rosparam_shortcuts
[25.206s] -- Installing: /home/robot/ws_moveit2/install/rosparam_shortcuts/include/rosparam_shortcuts/node_parameters.h
[25.206s] -- Installing: /home/robot/ws_moveit2/install/rosparam_shortcuts/include/rosparam_shortcuts/rosparam_shortcuts.h
[25.206s] -- Installing: /home/robot/ws_moveit2/install/rosparam_shortcuts/share/rosparam_shortcuts/launch
[25.206s] -- Installing: /home/robot/ws_moveit2/install/rosparam_shortcuts/share/rosparam_shortcuts/launch/example.launch.py
[25.216s] -- Installing: /home/robot/ws_moveit2/install/rosparam_shortcuts/share/rosparam_shortcuts/config
[25.216s] -- Installing: /home/robot/ws_moveit2/install/rosparam_shortcuts/share/rosparam_shortcuts/config/example.yaml
[25.217s] -- Installing: /home/robot/ws_moveit2/install/rosparam_shortcuts/share/rosparam_shortcuts/environment/library_path.sh
[25.217s] -- Installing: /home/robot/ws_moveit2/install/rosparam_shortcuts/share/rosparam_shortcuts/environment/library_path.dsv
[25.217s] -- Installing: /home/robot/ws_moveit2/install/rosparam_shortcuts/share/ament_index/resource_index/package_run_dependencies/rosparam_shortcuts
[25.217s] -- Installing: /home/robot/ws_moveit2/install/rosparam_shortcuts/share/ament_index/resource_index/parent_prefix_path/rosparam_shortcuts
[25.218s] -- Installing: /home/robot/ws_moveit2/install/rosparam_shortcuts/share/rosparam_shortcuts/environment/ament_prefix_path.sh
[25.218s] -- Installing: /home/robot/ws_moveit2/install/rosparam_shortcuts/share/rosparam_shortcuts/environment/ament_prefix_path.dsv
[25.218s] -- Installing: /home/robot/ws_moveit2/install/rosparam_shortcuts/share/rosparam_shortcuts/environment/path.sh
[25.219s] -- Installing: /home/robot/ws_moveit2/install/rosparam_shortcuts/share/rosparam_shortcuts/environment/path.dsv
[25.219s] -- Installing: /home/robot/ws_moveit2/install/rosparam_shortcuts/share/rosparam_shortcuts/local_setup.bash
[25.219s] -- Installing: /home/robot/ws_moveit2/install/rosparam_shortcuts/share/rosparam_shortcuts/local_setup.sh
[25.219s] -- Installing: /home/robot/ws_moveit2/install/rosparam_shortcuts/share/rosparam_shortcuts/local_setup.zsh
[25.220s] -- Installing: /home/robot/ws_moveit2/install/rosparam_shortcuts/share/rosparam_shortcuts/local_setup.dsv
[25.220s] -- Installing: /home/robot/ws_moveit2/install/rosparam_shortcuts/share/rosparam_shortcuts/package.dsv
[25.221s] -- Installing: /home/robot/ws_moveit2/install/rosparam_shortcuts/share/ament_index/resource_index/packages/rosparam_shortcuts
[25.221s] -- Installing: /home/robot/ws_moveit2/install/rosparam_shortcuts/share/rosparam_shortcuts/cmake/export_rosparam_shortcutsExport.cmake
[25.221s] -- Installing: /home/robot/ws_moveit2/install/rosparam_shortcuts/share/rosparam_shortcuts/cmake/export_rosparam_shortcutsExport-release.cmake
[25.222s] -- Installing: /home/robot/ws_moveit2/install/rosparam_shortcuts/share/rosparam_shortcuts/cmake/ament_cmake_export_targets-extras.cmake
[25.222s] -- Installing: /home/robot/ws_moveit2/install/rosparam_shortcuts/share/rosparam_shortcuts/cmake/ament_cmake_export_dependencies-extras.cmake
[25.222s] -- Installing: /home/robot/ws_moveit2/install/rosparam_shortcuts/share/rosparam_shortcuts/cmake/rosparam_shortcutsConfig.cmake
[25.224s] -- Installing: /home/robot/ws_moveit2/install/rosparam_shortcuts/share/rosparam_shortcuts/cmake/rosparam_shortcutsConfig-version.cmake
[25.224s] -- Installing: /home/robot/ws_moveit2/install/rosparam_shortcuts/share/rosparam_shortcuts/package.xml
[25.246s] Invoked command in '/home/robot/ws_moveit2/build/rosparam_shortcuts' returned '0': CMAKE_PREFIX_PATH=${CMAKE_PREFIX_PATH}:/home/robot/ws_moveit2/install/launch_param_builder:/home/robot/ws_moveit2/install/generate_parameter_module_example:/home/robot/ws_moveit2/install/moveit_configs_utils:/home/robot/ws_moveit2/install/generate_parameter_library_py:/home/robot/ros2_ws/install/my_turtlesim_project:/home/robot/ros2_ws/install/my_robot_first_servo_control:/home/robot/ros2_ws/install/my_py_pkg:/home/robot/ros2_ws/install/lifecycle_py:/home/robot/ros2_ws/install/course3_project:/home/robot/ros2_ws/install/actions_py:/opt/ros/humble /home/robot/.local/bin/cmake --install /home/robot/ws_moveit2/build/rosparam_shortcuts
