[0.050s] Invoking command in '/home/robot/ws_moveit2/build/my_robot_interfaces': CMAKE_PREFIX_PATH=${CMAKE_PREFIX_PATH}:/home/robot/ws_moveit2/install/my_robot_first_servo_control:/home/robot/ws_moveit2/install/moveit_configs_utils:/home/robot/ws_moveit2/install/my_pybullet_package:/home/robot/ws_moveit2/install/launch_param_builder:/home/robot/ros2_ws/install/my_turtlesim_project:/home/robot/ros2_ws/install/my_robot_first_servo_control:/home/robot/ros2_ws/install/my_py_pkg:/home/robot/ros2_ws/install/actions_py:/opt/ros/humble /usr/bin/cmake --build /home/robot/ws_moveit2/build/my_robot_interfaces -- -j4 -l4
[0.247s] [  1%] Built target my_robot_interfaces__cpp
[0.319s] [ 12%] Built target my_robot_interfaces__rosidl_generator_c
[0.343s] [ 12%] Built target ament_cmake_python_copy_my_robot_interfaces
[0.373s] [ 23%] Built target my_robot_interfaces__rosidl_typesupport_cpp
[0.406s] [ 35%] Built target my_robot_interfaces__rosidl_typesupport_fastrtps_cpp
[0.465s] [ 46%] Built target my_robot_interfaces__rosidl_typesupport_introspection_cpp
[0.483s] [ 57%] Built target my_robot_interfaces__rosidl_typesupport_fastrtps_c
[0.500s] [ 69%] Built target my_robot_interfaces__rosidl_typesupport_introspection_c
[0.504s] [ 80%] Built target my_robot_interfaces__rosidl_typesupport_c
[0.551s] [ 80%] Built target my_robot_interfaces
[0.609s] [ 81%] Built target my_robot_interfaces__py
[0.670s] [ 91%] Built target my_robot_interfaces__rosidl_generator_py
[0.739s] [ 94%] Built target my_robot_interfaces__rosidl_typesupport_fastrtps_c__pyext
[0.739s] [ 97%] Built target my_robot_interfaces__rosidl_typesupport_introspection_c__pyext
[0.765s] [100%] Built target my_robot_interfaces__rosidl_typesupport_c__pyext
[1.044s] running egg_info
[1.045s] writing my_robot_interfaces.egg-info/PKG-INFO
[1.046s] writing dependency_links to my_robot_interfaces.egg-info/dependency_links.txt
[1.046s] writing top-level names to my_robot_interfaces.egg-info/top_level.txt
[1.051s] reading manifest file 'my_robot_interfaces.egg-info/SOURCES.txt'
[1.054s] writing manifest file 'my_robot_interfaces.egg-info/SOURCES.txt'
[1.104s] [100%] Built target ament_cmake_python_build_my_robot_interfaces_egg
[1.128s] Invoked command in '/home/robot/ws_moveit2/build/my_robot_interfaces' returned '0': CMAKE_PREFIX_PATH=${CMAKE_PREFIX_PATH}:/home/robot/ws_moveit2/install/my_robot_first_servo_control:/home/robot/ws_moveit2/install/moveit_configs_utils:/home/robot/ws_moveit2/install/my_pybullet_package:/home/robot/ws_moveit2/install/launch_param_builder:/home/robot/ros2_ws/install/my_turtlesim_project:/home/robot/ros2_ws/install/my_robot_first_servo_control:/home/robot/ros2_ws/install/my_py_pkg:/home/robot/ros2_ws/install/actions_py:/opt/ros/humble /usr/bin/cmake --build /home/robot/ws_moveit2/build/my_robot_interfaces -- -j4 -l4
[1.656s] Invoking command in '/home/robot/ws_moveit2/build/my_robot_interfaces': CMAKE_PREFIX_PATH=${CMAKE_PREFIX_PATH}:/home/robot/ws_moveit2/install/my_robot_first_servo_control:/home/robot/ws_moveit2/install/moveit_configs_utils:/home/robot/ws_moveit2/install/my_pybullet_package:/home/robot/ws_moveit2/install/launch_param_builder:/home/robot/ros2_ws/install/my_turtlesim_project:/home/robot/ros2_ws/install/my_robot_first_servo_control:/home/robot/ros2_ws/install/my_py_pkg:/home/robot/ros2_ws/install/actions_py:/opt/ros/humble /usr/bin/cmake --install /home/robot/ws_moveit2/build/my_robot_interfaces
[1.674s] -- Install configuration: "Release"
[1.674s] -- Up-to-date: /home/robot/ws_moveit2/install/my_robot_interfaces/share/ament_index/resource_index/rosidl_interfaces/my_robot_interfaces
[1.675s] -- Up-to-date: /home/robot/ws_moveit2/install/my_robot_interfaces/include/my_robot_interfaces/my_robot_interfaces
[1.675s] -- Up-to-date: /home/robot/ws_moveit2/install/my_robot_interfaces/include/my_robot_interfaces/my_robot_interfaces/action
[1.676s] -- Up-to-date: /home/robot/ws_moveit2/install/my_robot_interfaces/include/my_robot_interfaces/my_robot_interfaces/action/one_servo.h
[1.676s] -- Up-to-date: /home/robot/ws_moveit2/install/my_robot_interfaces/include/my_robot_interfaces/my_robot_interfaces/action/detail
[1.676s] -- Up-to-date: /home/robot/ws_moveit2/install/my_robot_interfaces/include/my_robot_interfaces/my_robot_interfaces/action/detail/count_until__type_support.h
[1.676s] -- Up-to-date: /home/robot/ws_moveit2/install/my_robot_interfaces/include/my_robot_interfaces/my_robot_interfaces/action/detail/one_servo__functions.c
[1.676s] -- Up-to-date: /home/robot/ws_moveit2/install/my_robot_interfaces/include/my_robot_interfaces/my_robot_interfaces/action/detail/count_until__struct.h
[1.676s] -- Up-to-date: /home/robot/ws_moveit2/install/my_robot_interfaces/include/my_robot_interfaces/my_robot_interfaces/action/detail/count_until__functions.h
[1.676s] -- Up-to-date: /home/robot/ws_moveit2/install/my_robot_interfaces/include/my_robot_interfaces/my_robot_interfaces/action/detail/one_servo__functions.h
[1.676s] -- Up-to-date: /home/robot/ws_moveit2/install/my_robot_interfaces/include/my_robot_interfaces/my_robot_interfaces/action/detail/count_until__functions.c
[1.676s] -- Up-to-date: /home/robot/ws_moveit2/install/my_robot_interfaces/include/my_robot_interfaces/my_robot_interfaces/action/detail/one_servo__struct.h
[1.677s] -- Up-to-date: /home/robot/ws_moveit2/install/my_robot_interfaces/include/my_robot_interfaces/my_robot_interfaces/action/detail/one_servo__type_support.h
[1.677s] -- Up-to-date: /home/robot/ws_moveit2/install/my_robot_interfaces/include/my_robot_interfaces/my_robot_interfaces/action/count_until.h
[1.677s] -- Up-to-date: /home/robot/ws_moveit2/install/my_robot_interfaces/include/my_robot_interfaces/my_robot_interfaces/msg
[1.677s] -- Up-to-date: /home/robot/ws_moveit2/install/my_robot_interfaces/include/my_robot_interfaces/my_robot_interfaces/msg/rosidl_generator_c__visibility_control.h
[1.677s] -- Up-to-date: /home/robot/ws_moveit2/install/my_robot_interfaces/include/my_robot_interfaces/my_robot_interfaces/msg/led_panel_state.h
[1.677s] -- Up-to-date: /home/robot/ws_moveit2/install/my_robot_interfaces/include/my_robot_interfaces/my_robot_interfaces/msg/hardware_status.h
[1.678s] -- Up-to-date: /home/robot/ws_moveit2/install/my_robot_interfaces/include/my_robot_interfaces/my_robot_interfaces/msg/detail
[1.678s] -- Up-to-date: /home/robot/ws_moveit2/install/my_robot_interfaces/include/my_robot_interfaces/my_robot_interfaces/msg/detail/hardware_status__functions.h
[1.678s] -- Up-to-date: /home/robot/ws_moveit2/install/my_robot_interfaces/include/my_robot_interfaces/my_robot_interfaces/msg/detail/hardware_status__functions.c
[1.678s] -- Up-to-date: /home/robot/ws_moveit2/install/my_robot_interfaces/include/my_robot_interfaces/my_robot_interfaces/msg/detail/hardware_status__struct.h
[1.678s] -- Up-to-date: /home/robot/ws_moveit2/install/my_robot_interfaces/include/my_robot_interfaces/my_robot_interfaces/msg/detail/led_panel_state__type_support.h
[1.679s] -- Up-to-date: /home/robot/ws_moveit2/install/my_robot_interfaces/include/my_robot_interfaces/my_robot_interfaces/msg/detail/led_panel_state__struct.h
[1.679s] -- Up-to-date: /home/robot/ws_moveit2/install/my_robot_interfaces/include/my_robot_interfaces/my_robot_interfaces/msg/detail/hardware_status__type_support.h
[1.679s] -- Up-to-date: /home/robot/ws_moveit2/install/my_robot_interfaces/include/my_robot_interfaces/my_robot_interfaces/msg/detail/led_panel_state__functions.c
[1.679s] -- Up-to-date: /home/robot/ws_moveit2/install/my_robot_interfaces/include/my_robot_interfaces/my_robot_interfaces/msg/detail/led_panel_state__functions.h
[1.679s] -- Up-to-date: /home/robot/ws_moveit2/install/my_robot_interfaces/include/my_robot_interfaces/my_robot_interfaces/srv
[1.680s] -- Up-to-date: /home/robot/ws_moveit2/install/my_robot_interfaces/include/my_robot_interfaces/my_robot_interfaces/srv/set_led.h
[1.680s] -- Up-to-date: /home/robot/ws_moveit2/install/my_robot_interfaces/include/my_robot_interfaces/my_robot_interfaces/srv/compute_rectangle_area.h
[1.680s] -- Up-to-date: /home/robot/ws_moveit2/install/my_robot_interfaces/include/my_robot_interfaces/my_robot_interfaces/srv/detail
[1.680s] -- Up-to-date: /home/robot/ws_moveit2/install/my_robot_interfaces/include/my_robot_interfaces/my_robot_interfaces/srv/detail/compute_rectangle_area__type_support.h
[1.680s] -- Up-to-date: /home/robot/ws_moveit2/install/my_robot_interfaces/include/my_robot_interfaces/my_robot_interfaces/srv/detail/set_led__functions.h
[1.681s] -- Up-to-date: /home/robot/ws_moveit2/install/my_robot_interfaces/include/my_robot_interfaces/my_robot_interfaces/srv/detail/compute_rectangle_area__functions.c
[1.681s] -- Up-to-date: /home/robot/ws_moveit2/install/my_robot_interfaces/include/my_robot_interfaces/my_robot_interfaces/srv/detail/set_led__type_support.h
[1.681s] -- Up-to-date: /home/robot/ws_moveit2/install/my_robot_interfaces/include/my_robot_interfaces/my_robot_interfaces/srv/detail/compute_rectangle_area__struct.h
[1.681s] -- Up-to-date: /home/robot/ws_moveit2/install/my_robot_interfaces/include/my_robot_interfaces/my_robot_interfaces/srv/detail/compute_rectangle_area__functions.h
[1.682s] -- Up-to-date: /home/robot/ws_moveit2/install/my_robot_interfaces/include/my_robot_interfaces/my_robot_interfaces/srv/detail/set_led__functions.c
[1.682s] -- Up-to-date: /home/robot/ws_moveit2/install/my_robot_interfaces/include/my_robot_interfaces/my_robot_interfaces/srv/detail/set_led__struct.h
[1.682s] -- Up-to-date: /home/robot/ws_moveit2/install/my_robot_interfaces/share/my_robot_interfaces/environment/library_path.sh
[1.682s] -- Up-to-date: /home/robot/ws_moveit2/install/my_robot_interfaces/share/my_robot_interfaces/environment/library_path.dsv
[1.683s] -- Up-to-date: /home/robot/ws_moveit2/install/my_robot_interfaces/lib/libmy_robot_interfaces__rosidl_generator_c.so
[1.683s] -- Up-to-date: /home/robot/ws_moveit2/install/my_robot_interfaces/include/my_robot_interfaces/my_robot_interfaces
[1.683s] -- Up-to-date: /home/robot/ws_moveit2/install/my_robot_interfaces/include/my_robot_interfaces/my_robot_interfaces/action
[1.683s] -- Up-to-date: /home/robot/ws_moveit2/install/my_robot_interfaces/include/my_robot_interfaces/my_robot_interfaces/action/detail
[1.684s] -- Up-to-date: /home/robot/ws_moveit2/install/my_robot_interfaces/include/my_robot_interfaces/my_robot_interfaces/action/detail/count_until__rosidl_typesupport_fastrtps_c.h
[1.684s] -- Up-to-date: /home/robot/ws_moveit2/install/my_robot_interfaces/include/my_robot_interfaces/my_robot_interfaces/action/detail/one_servo__rosidl_typesupport_fastrtps_c.h
[1.685s] -- Up-to-date: /home/robot/ws_moveit2/install/my_robot_interfaces/include/my_robot_interfaces/my_robot_interfaces/msg
[1.685s] -- Up-to-date: /home/robot/ws_moveit2/install/my_robot_interfaces/include/my_robot_interfaces/my_robot_interfaces/msg/detail
[1.685s] -- Up-to-date: /home/robot/ws_moveit2/install/my_robot_interfaces/include/my_robot_interfaces/my_robot_interfaces/msg/detail/hardware_status__rosidl_typesupport_fastrtps_c.h
[1.685s] -- Up-to-date: /home/robot/ws_moveit2/install/my_robot_interfaces/include/my_robot_interfaces/my_robot_interfaces/msg/detail/led_panel_state__rosidl_typesupport_fastrtps_c.h
[1.685s] -- Up-to-date: /home/robot/ws_moveit2/install/my_robot_interfaces/include/my_robot_interfaces/my_robot_interfaces/msg/rosidl_typesupport_fastrtps_c__visibility_control.h
[1.685s] -- Up-to-date: /home/robot/ws_moveit2/install/my_robot_interfaces/include/my_robot_interfaces/my_robot_interfaces/srv
[1.685s] -- Up-to-date: /home/robot/ws_moveit2/install/my_robot_interfaces/include/my_robot_interfaces/my_robot_interfaces/srv/detail
[1.685s] -- Up-to-date: /home/robot/ws_moveit2/install/my_robot_interfaces/include/my_robot_interfaces/my_robot_interfaces/srv/detail/compute_rectangle_area__rosidl_typesupport_fastrtps_c.h
[1.685s] -- Up-to-date: /home/robot/ws_moveit2/install/my_robot_interfaces/include/my_robot_interfaces/my_robot_interfaces/srv/detail/set_led__rosidl_typesupport_fastrtps_c.h
[1.686s] -- Up-to-date: /home/robot/ws_moveit2/install/my_robot_interfaces/lib/libmy_robot_interfaces__rosidl_typesupport_fastrtps_c.so
[1.686s] -- Up-to-date: /home/robot/ws_moveit2/install/my_robot_interfaces/include/my_robot_interfaces/my_robot_interfaces
[1.686s] -- Up-to-date: /home/robot/ws_moveit2/install/my_robot_interfaces/include/my_robot_interfaces/my_robot_interfaces/action
[1.686s] -- Up-to-date: /home/robot/ws_moveit2/install/my_robot_interfaces/include/my_robot_interfaces/my_robot_interfaces/action/detail
[1.686s] -- Up-to-date: /home/robot/ws_moveit2/install/my_robot_interfaces/include/my_robot_interfaces/my_robot_interfaces/action/detail/count_until__rosidl_typesupport_introspection_c.h
[1.686s] -- Up-to-date: /home/robot/ws_moveit2/install/my_robot_interfaces/include/my_robot_interfaces/my_robot_interfaces/action/detail/count_until__type_support.c
[1.686s] -- Up-to-date: /home/robot/ws_moveit2/install/my_robot_interfaces/include/my_robot_interfaces/my_robot_interfaces/action/detail/one_servo__type_support.c
[1.687s] -- Up-to-date: /home/robot/ws_moveit2/install/my_robot_interfaces/include/my_robot_interfaces/my_robot_interfaces/action/detail/one_servo__rosidl_typesupport_introspection_c.h
[1.687s] -- Up-to-date: /home/robot/ws_moveit2/install/my_robot_interfaces/include/my_robot_interfaces/my_robot_interfaces/msg
[1.687s] -- Up-to-date: /home/robot/ws_moveit2/install/my_robot_interfaces/include/my_robot_interfaces/my_robot_interfaces/msg/rosidl_typesupport_introspection_c__visibility_control.h
[1.687s] -- Up-to-date: /home/robot/ws_moveit2/install/my_robot_interfaces/include/my_robot_interfaces/my_robot_interfaces/msg/detail
[1.687s] -- Up-to-date: /home/robot/ws_moveit2/install/my_robot_interfaces/include/my_robot_interfaces/my_robot_interfaces/msg/detail/led_panel_state__type_support.c
[1.687s] -- Up-to-date: /home/robot/ws_moveit2/install/my_robot_interfaces/include/my_robot_interfaces/my_robot_interfaces/msg/detail/hardware_status__rosidl_typesupport_introspection_c.h
[1.687s] -- Up-to-date: /home/robot/ws_moveit2/install/my_robot_interfaces/include/my_robot_interfaces/my_robot_interfaces/msg/detail/hardware_status__type_support.c
[1.688s] -- Up-to-date: /home/robot/ws_moveit2/install/my_robot_interfaces/include/my_robot_interfaces/my_robot_interfaces/msg/detail/led_panel_state__rosidl_typesupport_introspection_c.h
[1.688s] -- Up-to-date: /home/robot/ws_moveit2/install/my_robot_interfaces/include/my_robot_interfaces/my_robot_interfaces/srv
[1.688s] -- Up-to-date: /home/robot/ws_moveit2/install/my_robot_interfaces/include/my_robot_interfaces/my_robot_interfaces/srv/detail
[1.688s] -- Up-to-date: /home/robot/ws_moveit2/install/my_robot_interfaces/include/my_robot_interfaces/my_robot_interfaces/srv/detail/compute_rectangle_area__rosidl_typesupport_introspection_c.h
[1.688s] -- Up-to-date: /home/robot/ws_moveit2/install/my_robot_interfaces/include/my_robot_interfaces/my_robot_interfaces/srv/detail/compute_rectangle_area__type_support.c
[1.688s] -- Up-to-date: /home/robot/ws_moveit2/install/my_robot_interfaces/include/my_robot_interfaces/my_robot_interfaces/srv/detail/set_led__type_support.c
[1.688s] -- Up-to-date: /home/robot/ws_moveit2/install/my_robot_interfaces/include/my_robot_interfaces/my_robot_interfaces/srv/detail/set_led__rosidl_typesupport_introspection_c.h
[1.688s] -- Up-to-date: /home/robot/ws_moveit2/install/my_robot_interfaces/lib/libmy_robot_interfaces__rosidl_typesupport_introspection_c.so
[1.688s] -- Up-to-date: /home/robot/ws_moveit2/install/my_robot_interfaces/lib/libmy_robot_interfaces__rosidl_typesupport_c.so
[1.689s] -- Up-to-date: /home/robot/ws_moveit2/install/my_robot_interfaces/include/my_robot_interfaces/my_robot_interfaces
[1.689s] -- Up-to-date: /home/robot/ws_moveit2/install/my_robot_interfaces/include/my_robot_interfaces/my_robot_interfaces/action
[1.689s] -- Up-to-date: /home/robot/ws_moveit2/install/my_robot_interfaces/include/my_robot_interfaces/my_robot_interfaces/action/count_until.hpp
[1.689s] -- Up-to-date: /home/robot/ws_moveit2/install/my_robot_interfaces/include/my_robot_interfaces/my_robot_interfaces/action/one_servo.hpp
[1.689s] -- Up-to-date: /home/robot/ws_moveit2/install/my_robot_interfaces/include/my_robot_interfaces/my_robot_interfaces/action/detail
[1.689s] -- Up-to-date: /home/robot/ws_moveit2/install/my_robot_interfaces/include/my_robot_interfaces/my_robot_interfaces/action/detail/one_servo__builder.hpp
[1.689s] -- Up-to-date: /home/robot/ws_moveit2/install/my_robot_interfaces/include/my_robot_interfaces/my_robot_interfaces/action/detail/count_until__traits.hpp
[1.689s] -- Up-to-date: /home/robot/ws_moveit2/install/my_robot_interfaces/include/my_robot_interfaces/my_robot_interfaces/action/detail/one_servo__traits.hpp
[1.689s] -- Up-to-date: /home/robot/ws_moveit2/install/my_robot_interfaces/include/my_robot_interfaces/my_robot_interfaces/action/detail/one_servo__struct.hpp
[1.689s] -- Up-to-date: /home/robot/ws_moveit2/install/my_robot_interfaces/include/my_robot_interfaces/my_robot_interfaces/action/detail/count_until__builder.hpp
[1.690s] -- Up-to-date: /home/robot/ws_moveit2/install/my_robot_interfaces/include/my_robot_interfaces/my_robot_interfaces/action/detail/count_until__struct.hpp
[1.690s] -- Up-to-date: /home/robot/ws_moveit2/install/my_robot_interfaces/include/my_robot_interfaces/my_robot_interfaces/msg
[1.690s] -- Up-to-date: /home/robot/ws_moveit2/install/my_robot_interfaces/include/my_robot_interfaces/my_robot_interfaces/msg/led_panel_state.hpp
[1.690s] -- Up-to-date: /home/robot/ws_moveit2/install/my_robot_interfaces/include/my_robot_interfaces/my_robot_interfaces/msg/hardware_status.hpp
[1.690s] -- Up-to-date: /home/robot/ws_moveit2/install/my_robot_interfaces/include/my_robot_interfaces/my_robot_interfaces/msg/detail
[1.690s] -- Up-to-date: /home/robot/ws_moveit2/install/my_robot_interfaces/include/my_robot_interfaces/my_robot_interfaces/msg/detail/led_panel_state__traits.hpp
[1.690s] -- Up-to-date: /home/robot/ws_moveit2/install/my_robot_interfaces/include/my_robot_interfaces/my_robot_interfaces/msg/detail/led_panel_state__struct.hpp
[1.690s] -- Up-to-date: /home/robot/ws_moveit2/install/my_robot_interfaces/include/my_robot_interfaces/my_robot_interfaces/msg/detail/led_panel_state__builder.hpp
[1.690s] -- Up-to-date: /home/robot/ws_moveit2/install/my_robot_interfaces/include/my_robot_interfaces/my_robot_interfaces/msg/detail/hardware_status__traits.hpp
[1.691s] -- Up-to-date: /home/robot/ws_moveit2/install/my_robot_interfaces/include/my_robot_interfaces/my_robot_interfaces/msg/detail/hardware_status__struct.hpp
[1.691s] -- Up-to-date: /home/robot/ws_moveit2/install/my_robot_interfaces/include/my_robot_interfaces/my_robot_interfaces/msg/detail/hardware_status__builder.hpp
[1.691s] -- Up-to-date: /home/robot/ws_moveit2/install/my_robot_interfaces/include/my_robot_interfaces/my_robot_interfaces/srv
[1.691s] -- Up-to-date: /home/robot/ws_moveit2/install/my_robot_interfaces/include/my_robot_interfaces/my_robot_interfaces/srv/set_led.hpp
[1.691s] -- Up-to-date: /home/robot/ws_moveit2/install/my_robot_interfaces/include/my_robot_interfaces/my_robot_interfaces/srv/compute_rectangle_area.hpp
[1.692s] -- Up-to-date: /home/robot/ws_moveit2/install/my_robot_interfaces/include/my_robot_interfaces/my_robot_interfaces/srv/detail
[1.692s] -- Up-to-date: /home/robot/ws_moveit2/install/my_robot_interfaces/include/my_robot_interfaces/my_robot_interfaces/srv/detail/set_led__builder.hpp
[1.692s] -- Up-to-date: /home/robot/ws_moveit2/install/my_robot_interfaces/include/my_robot_interfaces/my_robot_interfaces/srv/detail/compute_rectangle_area__builder.hpp
[1.693s] -- Up-to-date: /home/robot/ws_moveit2/install/my_robot_interfaces/include/my_robot_interfaces/my_robot_interfaces/srv/detail/set_led__struct.hpp
[1.694s] -- Up-to-date: /home/robot/ws_moveit2/install/my_robot_interfaces/include/my_robot_interfaces/my_robot_interfaces/srv/detail/compute_rectangle_area__traits.hpp
[1.694s] -- Up-to-date: /home/robot/ws_moveit2/install/my_robot_interfaces/include/my_robot_interfaces/my_robot_interfaces/srv/detail/set_led__traits.hpp
[1.694s] -- Up-to-date: /home/robot/ws_moveit2/install/my_robot_interfaces/include/my_robot_interfaces/my_robot_interfaces/srv/detail/compute_rectangle_area__struct.hpp
[1.694s] -- Up-to-date: /home/robot/ws_moveit2/install/my_robot_interfaces/include/my_robot_interfaces/my_robot_interfaces
[1.695s] -- Up-to-date: /home/robot/ws_moveit2/install/my_robot_interfaces/include/my_robot_interfaces/my_robot_interfaces/action
[1.695s] -- Up-to-date: /home/robot/ws_moveit2/install/my_robot_interfaces/include/my_robot_interfaces/my_robot_interfaces/action/detail
[1.696s] -- Up-to-date: /home/robot/ws_moveit2/install/my_robot_interfaces/include/my_robot_interfaces/my_robot_interfaces/action/detail/dds_fastrtps
[1.696s] -- Up-to-date: /home/robot/ws_moveit2/install/my_robot_interfaces/include/my_robot_interfaces/my_robot_interfaces/action/detail/count_until__rosidl_typesupport_fastrtps_cpp.hpp
[1.696s] -- Up-to-date: /home/robot/ws_moveit2/install/my_robot_interfaces/include/my_robot_interfaces/my_robot_interfaces/action/detail/one_servo__rosidl_typesupport_fastrtps_cpp.hpp
[1.696s] -- Up-to-date: /home/robot/ws_moveit2/install/my_robot_interfaces/include/my_robot_interfaces/my_robot_interfaces/msg
[1.696s] -- Up-to-date: /home/robot/ws_moveit2/install/my_robot_interfaces/include/my_robot_interfaces/my_robot_interfaces/msg/rosidl_typesupport_fastrtps_cpp__visibility_control.h
[1.697s] -- Up-to-date: /home/robot/ws_moveit2/install/my_robot_interfaces/include/my_robot_interfaces/my_robot_interfaces/msg/detail
[1.697s] -- Up-to-date: /home/robot/ws_moveit2/install/my_robot_interfaces/include/my_robot_interfaces/my_robot_interfaces/msg/detail/dds_fastrtps
[1.697s] -- Up-to-date: /home/robot/ws_moveit2/install/my_robot_interfaces/include/my_robot_interfaces/my_robot_interfaces/msg/detail/led_panel_state__rosidl_typesupport_fastrtps_cpp.hpp
[1.697s] -- Up-to-date: /home/robot/ws_moveit2/install/my_robot_interfaces/include/my_robot_interfaces/my_robot_interfaces/msg/detail/hardware_status__rosidl_typesupport_fastrtps_cpp.hpp
[1.697s] -- Up-to-date: /home/robot/ws_moveit2/install/my_robot_interfaces/include/my_robot_interfaces/my_robot_interfaces/srv
[1.697s] -- Up-to-date: /home/robot/ws_moveit2/install/my_robot_interfaces/include/my_robot_interfaces/my_robot_interfaces/srv/detail
[1.697s] -- Up-to-date: /home/robot/ws_moveit2/install/my_robot_interfaces/include/my_robot_interfaces/my_robot_interfaces/srv/detail/dds_fastrtps
[1.698s] -- Up-to-date: /home/robot/ws_moveit2/install/my_robot_interfaces/include/my_robot_interfaces/my_robot_interfaces/srv/detail/compute_rectangle_area__rosidl_typesupport_fastrtps_cpp.hpp
[1.698s] -- Up-to-date: /home/robot/ws_moveit2/install/my_robot_interfaces/include/my_robot_interfaces/my_robot_interfaces/srv/detail/set_led__rosidl_typesupport_fastrtps_cpp.hpp
[1.698s] -- Up-to-date: /home/robot/ws_moveit2/install/my_robot_interfaces/lib/libmy_robot_interfaces__rosidl_typesupport_fastrtps_cpp.so
[1.698s] -- Up-to-date: /home/robot/ws_moveit2/install/my_robot_interfaces/include/my_robot_interfaces/my_robot_interfaces
[1.698s] -- Up-to-date: /home/robot/ws_moveit2/install/my_robot_interfaces/include/my_robot_interfaces/my_robot_interfaces/action
[1.698s] -- Up-to-date: /home/robot/ws_moveit2/install/my_robot_interfaces/include/my_robot_interfaces/my_robot_interfaces/action/detail
[1.698s] -- Up-to-date: /home/robot/ws_moveit2/install/my_robot_interfaces/include/my_robot_interfaces/my_robot_interfaces/action/detail/one_servo__type_support.cpp
[1.698s] -- Up-to-date: /home/robot/ws_moveit2/install/my_robot_interfaces/include/my_robot_interfaces/my_robot_interfaces/action/detail/count_until__rosidl_typesupport_introspection_cpp.hpp
[1.698s] -- Up-to-date: /home/robot/ws_moveit2/install/my_robot_interfaces/include/my_robot_interfaces/my_robot_interfaces/action/detail/count_until__type_support.cpp
[1.699s] -- Up-to-date: /home/robot/ws_moveit2/install/my_robot_interfaces/include/my_robot_interfaces/my_robot_interfaces/action/detail/one_servo__rosidl_typesupport_introspection_cpp.hpp
[1.699s] -- Up-to-date: /home/robot/ws_moveit2/install/my_robot_interfaces/include/my_robot_interfaces/my_robot_interfaces/msg
[1.699s] -- Up-to-date: /home/robot/ws_moveit2/install/my_robot_interfaces/include/my_robot_interfaces/my_robot_interfaces/msg/detail
[1.699s] -- Up-to-date: /home/robot/ws_moveit2/install/my_robot_interfaces/include/my_robot_interfaces/my_robot_interfaces/msg/detail/hardware_status__rosidl_typesupport_introspection_cpp.hpp
[1.699s] -- Up-to-date: /home/robot/ws_moveit2/install/my_robot_interfaces/include/my_robot_interfaces/my_robot_interfaces/msg/detail/led_panel_state__type_support.cpp
[1.699s] -- Up-to-date: /home/robot/ws_moveit2/install/my_robot_interfaces/include/my_robot_interfaces/my_robot_interfaces/msg/detail/hardware_status__type_support.cpp
[1.699s] -- Up-to-date: /home/robot/ws_moveit2/install/my_robot_interfaces/include/my_robot_interfaces/my_robot_interfaces/msg/detail/led_panel_state__rosidl_typesupport_introspection_cpp.hpp
[1.700s] -- Up-to-date: /home/robot/ws_moveit2/install/my_robot_interfaces/include/my_robot_interfaces/my_robot_interfaces/srv
[1.700s] -- Up-to-date: /home/robot/ws_moveit2/install/my_robot_interfaces/include/my_robot_interfaces/my_robot_interfaces/srv/detail
[1.700s] -- Up-to-date: /home/robot/ws_moveit2/install/my_robot_interfaces/include/my_robot_interfaces/my_robot_interfaces/srv/detail/compute_rectangle_area__rosidl_typesupport_introspection_cpp.hpp
[1.700s] -- Up-to-date: /home/robot/ws_moveit2/install/my_robot_interfaces/include/my_robot_interfaces/my_robot_interfaces/srv/detail/set_led__rosidl_typesupport_introspection_cpp.hpp
[1.702s] -- Up-to-date: /home/robot/ws_moveit2/install/my_robot_interfaces/include/my_robot_interfaces/my_robot_interfaces/srv/detail/compute_rectangle_area__type_support.cpp
[1.702s] -- Up-to-date: /home/robot/ws_moveit2/install/my_robot_interfaces/include/my_robot_interfaces/my_robot_interfaces/srv/detail/set_led__type_support.cpp
[1.702s] -- Up-to-date: /home/robot/ws_moveit2/install/my_robot_interfaces/lib/libmy_robot_interfaces__rosidl_typesupport_introspection_cpp.so
[1.702s] -- Up-to-date: /home/robot/ws_moveit2/install/my_robot_interfaces/lib/libmy_robot_interfaces__rosidl_typesupport_cpp.so
[1.703s] -- Up-to-date: /home/robot/ws_moveit2/install/my_robot_interfaces/share/my_robot_interfaces/environment/pythonpath.sh
[1.703s] -- Up-to-date: /home/robot/ws_moveit2/install/my_robot_interfaces/share/my_robot_interfaces/environment/pythonpath.dsv
[1.703s] -- Up-to-date: /home/robot/ws_moveit2/install/my_robot_interfaces/local/lib/python3.10/dist-packages/my_robot_interfaces-0.0.0-py3.10.egg-info
[1.703s] -- Installing: /home/robot/ws_moveit2/install/my_robot_interfaces/local/lib/python3.10/dist-packages/my_robot_interfaces-0.0.0-py3.10.egg-info/dependency_links.txt
[1.703s] -- Installing: /home/robot/ws_moveit2/install/my_robot_interfaces/local/lib/python3.10/dist-packages/my_robot_interfaces-0.0.0-py3.10.egg-info/PKG-INFO
[1.703s] -- Installing: /home/robot/ws_moveit2/install/my_robot_interfaces/local/lib/python3.10/dist-packages/my_robot_interfaces-0.0.0-py3.10.egg-info/SOURCES.txt
[1.703s] -- Installing: /home/robot/ws_moveit2/install/my_robot_interfaces/local/lib/python3.10/dist-packages/my_robot_interfaces-0.0.0-py3.10.egg-info/top_level.txt
[1.703s] -- Up-to-date: /home/robot/ws_moveit2/install/my_robot_interfaces/local/lib/python3.10/dist-packages/my_robot_interfaces
[1.703s] -- Up-to-date: /home/robot/ws_moveit2/install/my_robot_interfaces/local/lib/python3.10/dist-packages/my_robot_interfaces/action
[1.703s] -- Up-to-date: /home/robot/ws_moveit2/install/my_robot_interfaces/local/lib/python3.10/dist-packages/my_robot_interfaces/action/_one_servo.py
[1.704s] -- Up-to-date: /home/robot/ws_moveit2/install/my_robot_interfaces/local/lib/python3.10/dist-packages/my_robot_interfaces/action/_count_until_s.c
[1.704s] -- Up-to-date: /home/robot/ws_moveit2/install/my_robot_interfaces/local/lib/python3.10/dist-packages/my_robot_interfaces/action/_count_until.py
[1.704s] -- Up-to-date: /home/robot/ws_moveit2/install/my_robot_interfaces/local/lib/python3.10/dist-packages/my_robot_interfaces/action/__init__.py
[1.704s] -- Up-to-date: /home/robot/ws_moveit2/install/my_robot_interfaces/local/lib/python3.10/dist-packages/my_robot_interfaces/action/_one_servo_s.c
[1.704s] -- Up-to-date: /home/robot/ws_moveit2/install/my_robot_interfaces/local/lib/python3.10/dist-packages/my_robot_interfaces/msg
[1.704s] -- Up-to-date: /home/robot/ws_moveit2/install/my_robot_interfaces/local/lib/python3.10/dist-packages/my_robot_interfaces/msg/_hardware_status.py
[1.704s] -- Up-to-date: /home/robot/ws_moveit2/install/my_robot_interfaces/local/lib/python3.10/dist-packages/my_robot_interfaces/msg/_led_panel_state.py
[1.704s] -- Up-to-date: /home/robot/ws_moveit2/install/my_robot_interfaces/local/lib/python3.10/dist-packages/my_robot_interfaces/msg/_hardware_status_s.c
[1.704s] -- Up-to-date: /home/robot/ws_moveit2/install/my_robot_interfaces/local/lib/python3.10/dist-packages/my_robot_interfaces/msg/__init__.py
[1.705s] -- Up-to-date: /home/robot/ws_moveit2/install/my_robot_interfaces/local/lib/python3.10/dist-packages/my_robot_interfaces/msg/_led_panel_state_s.c
[1.705s] -- Up-to-date: /home/robot/ws_moveit2/install/my_robot_interfaces/local/lib/python3.10/dist-packages/my_robot_interfaces/_my_robot_interfaces_s.ep.rosidl_typesupport_fastrtps_c.c
[1.705s] -- Up-to-date: /home/robot/ws_moveit2/install/my_robot_interfaces/local/lib/python3.10/dist-packages/my_robot_interfaces/_my_robot_interfaces_s.ep.rosidl_typesupport_introspection_c.c
[1.705s] -- Up-to-date: /home/robot/ws_moveit2/install/my_robot_interfaces/local/lib/python3.10/dist-packages/my_robot_interfaces/libmy_robot_interfaces__rosidl_generator_py.so
[1.705s] -- Up-to-date: /home/robot/ws_moveit2/install/my_robot_interfaces/local/lib/python3.10/dist-packages/my_robot_interfaces/srv
[1.705s] -- Up-to-date: /home/robot/ws_moveit2/install/my_robot_interfaces/local/lib/python3.10/dist-packages/my_robot_interfaces/srv/_set_led.py
[1.705s] -- Up-to-date: /home/robot/ws_moveit2/install/my_robot_interfaces/local/lib/python3.10/dist-packages/my_robot_interfaces/srv/_set_led_s.c
[1.705s] -- Up-to-date: /home/robot/ws_moveit2/install/my_robot_interfaces/local/lib/python3.10/dist-packages/my_robot_interfaces/srv/_compute_rectangle_area.py
[1.705s] -- Up-to-date: /home/robot/ws_moveit2/install/my_robot_interfaces/local/lib/python3.10/dist-packages/my_robot_interfaces/srv/__init__.py
[1.706s] -- Up-to-date: /home/robot/ws_moveit2/install/my_robot_interfaces/local/lib/python3.10/dist-packages/my_robot_interfaces/srv/_compute_rectangle_area_s.c
[1.706s] -- Up-to-date: /home/robot/ws_moveit2/install/my_robot_interfaces/local/lib/python3.10/dist-packages/my_robot_interfaces/_my_robot_interfaces_s.ep.rosidl_typesupport_c.c
[1.706s] -- Up-to-date: /home/robot/ws_moveit2/install/my_robot_interfaces/local/lib/python3.10/dist-packages/my_robot_interfaces/__init__.py
[1.706s] -- Up-to-date: /home/robot/ws_moveit2/install/my_robot_interfaces/local/lib/python3.10/dist-packages/my_robot_interfaces/my_robot_interfaces_s__rosidl_typesupport_c.cpython-310-x86_64-linux-gnu.so
[1.706s] -- Up-to-date: /home/robot/ws_moveit2/install/my_robot_interfaces/local/lib/python3.10/dist-packages/my_robot_interfaces/my_robot_interfaces_s__rosidl_typesupport_introspection_c.cpython-310-x86_64-linux-gnu.so
[1.706s] -- Up-to-date: /home/robot/ws_moveit2/install/my_robot_interfaces/local/lib/python3.10/dist-packages/my_robot_interfaces/my_robot_interfaces_s__rosidl_typesupport_fastrtps_c.cpython-310-x86_64-linux-gnu.so
[1.779s] Listing '/home/robot/ws_moveit2/install/my_robot_interfaces/local/lib/python3.10/dist-packages/my_robot_interfaces'...
[1.779s] Listing '/home/robot/ws_moveit2/install/my_robot_interfaces/local/lib/python3.10/dist-packages/my_robot_interfaces/action'...
[1.779s] Listing '/home/robot/ws_moveit2/install/my_robot_interfaces/local/lib/python3.10/dist-packages/my_robot_interfaces/msg'...
[1.779s] Listing '/home/robot/ws_moveit2/install/my_robot_interfaces/local/lib/python3.10/dist-packages/my_robot_interfaces/srv'...
[1.787s] -- Up-to-date: /home/robot/ws_moveit2/install/my_robot_interfaces/local/lib/python3.10/dist-packages/my_robot_interfaces/my_robot_interfaces_s__rosidl_typesupport_fastrtps_c.cpython-310-x86_64-linux-gnu.so
[1.792s] -- Up-to-date: /home/robot/ws_moveit2/install/my_robot_interfaces/local/lib/python3.10/dist-packages/my_robot_interfaces/my_robot_interfaces_s__rosidl_typesupport_introspection_c.cpython-310-x86_64-linux-gnu.so
[1.793s] -- Up-to-date: /home/robot/ws_moveit2/install/my_robot_interfaces/local/lib/python3.10/dist-packages/my_robot_interfaces/my_robot_interfaces_s__rosidl_typesupport_c.cpython-310-x86_64-linux-gnu.so
[1.793s] -- Up-to-date: /home/robot/ws_moveit2/install/my_robot_interfaces/lib/libmy_robot_interfaces__rosidl_generator_py.so
[1.793s] -- Up-to-date: /home/robot/ws_moveit2/install/my_robot_interfaces/share/my_robot_interfaces/msg/HardwareStatus.idl
[1.793s] -- Up-to-date: /home/robot/ws_moveit2/install/my_robot_interfaces/share/my_robot_interfaces/msg/LedPanelState.idl
[1.794s] -- Up-to-date: /home/robot/ws_moveit2/install/my_robot_interfaces/share/my_robot_interfaces/srv/ComputeRectangleArea.idl
[1.794s] -- Up-to-date: /home/robot/ws_moveit2/install/my_robot_interfaces/share/my_robot_interfaces/srv/SetLed.idl
[1.794s] -- Up-to-date: /home/robot/ws_moveit2/install/my_robot_interfaces/share/my_robot_interfaces/action/CountUntil.idl
[1.794s] -- Up-to-date: /home/robot/ws_moveit2/install/my_robot_interfaces/share/my_robot_interfaces/action/OneServo.idl
[1.795s] -- Up-to-date: /home/robot/ws_moveit2/install/my_robot_interfaces/share/my_robot_interfaces/msg/HardwareStatus.msg
[1.795s] -- Up-to-date: /home/robot/ws_moveit2/install/my_robot_interfaces/share/my_robot_interfaces/msg/LedPanelState.msg
[1.795s] -- Up-to-date: /home/robot/ws_moveit2/install/my_robot_interfaces/share/my_robot_interfaces/srv/ComputeRectangleArea.srv
[1.795s] -- Up-to-date: /home/robot/ws_moveit2/install/my_robot_interfaces/share/my_robot_interfaces/srv/ComputeRectangleArea_Request.msg
[1.795s] -- Up-to-date: /home/robot/ws_moveit2/install/my_robot_interfaces/share/my_robot_interfaces/srv/ComputeRectangleArea_Response.msg
[1.795s] -- Up-to-date: /home/robot/ws_moveit2/install/my_robot_interfaces/share/my_robot_interfaces/srv/SetLed.srv
[1.796s] -- Up-to-date: /home/robot/ws_moveit2/install/my_robot_interfaces/share/my_robot_interfaces/srv/SetLed_Request.msg
[1.796s] -- Up-to-date: /home/robot/ws_moveit2/install/my_robot_interfaces/share/my_robot_interfaces/srv/SetLed_Response.msg
[1.796s] -- Up-to-date: /home/robot/ws_moveit2/install/my_robot_interfaces/share/my_robot_interfaces/action/CountUntil.action
[1.797s] -- Up-to-date: /home/robot/ws_moveit2/install/my_robot_interfaces/share/my_robot_interfaces/action/OneServo.action
[1.797s] -- Up-to-date: /home/robot/ws_moveit2/install/my_robot_interfaces/share/ament_index/resource_index/package_run_dependencies/my_robot_interfaces
[1.797s] -- Up-to-date: /home/robot/ws_moveit2/install/my_robot_interfaces/share/ament_index/resource_index/parent_prefix_path/my_robot_interfaces
[1.797s] -- Up-to-date: /home/robot/ws_moveit2/install/my_robot_interfaces/share/my_robot_interfaces/environment/ament_prefix_path.sh
[1.797s] -- Up-to-date: /home/robot/ws_moveit2/install/my_robot_interfaces/share/my_robot_interfaces/environment/ament_prefix_path.dsv
[1.797s] -- Up-to-date: /home/robot/ws_moveit2/install/my_robot_interfaces/share/my_robot_interfaces/environment/path.sh
[1.798s] -- Up-to-date: /home/robot/ws_moveit2/install/my_robot_interfaces/share/my_robot_interfaces/environment/path.dsv
[1.798s] -- Up-to-date: /home/robot/ws_moveit2/install/my_robot_interfaces/share/my_robot_interfaces/local_setup.bash
[1.798s] -- Up-to-date: /home/robot/ws_moveit2/install/my_robot_interfaces/share/my_robot_interfaces/local_setup.sh
[1.798s] -- Up-to-date: /home/robot/ws_moveit2/install/my_robot_interfaces/share/my_robot_interfaces/local_setup.zsh
[1.799s] -- Up-to-date: /home/robot/ws_moveit2/install/my_robot_interfaces/share/my_robot_interfaces/local_setup.dsv
[1.799s] -- Installing: /home/robot/ws_moveit2/install/my_robot_interfaces/share/my_robot_interfaces/package.dsv
[1.799s] -- Up-to-date: /home/robot/ws_moveit2/install/my_robot_interfaces/share/ament_index/resource_index/packages/my_robot_interfaces
[1.799s] -- Up-to-date: /home/robot/ws_moveit2/install/my_robot_interfaces/share/my_robot_interfaces/cmake/export_my_robot_interfaces__rosidl_generator_cExport.cmake
[1.799s] -- Up-to-date: /home/robot/ws_moveit2/install/my_robot_interfaces/share/my_robot_interfaces/cmake/export_my_robot_interfaces__rosidl_generator_cExport-release.cmake
[1.799s] -- Up-to-date: /home/robot/ws_moveit2/install/my_robot_interfaces/share/my_robot_interfaces/cmake/export_my_robot_interfaces__rosidl_typesupport_fastrtps_cExport.cmake
[1.800s] -- Up-to-date: /home/robot/ws_moveit2/install/my_robot_interfaces/share/my_robot_interfaces/cmake/export_my_robot_interfaces__rosidl_typesupport_fastrtps_cExport-release.cmake
[1.802s] -- Up-to-date: /home/robot/ws_moveit2/install/my_robot_interfaces/share/my_robot_interfaces/cmake/my_robot_interfaces__rosidl_typesupport_introspection_cExport.cmake
[1.802s] -- Up-to-date: /home/robot/ws_moveit2/install/my_robot_interfaces/share/my_robot_interfaces/cmake/my_robot_interfaces__rosidl_typesupport_introspection_cExport-release.cmake
[1.804s] -- Up-to-date: /home/robot/ws_moveit2/install/my_robot_interfaces/share/my_robot_interfaces/cmake/my_robot_interfaces__rosidl_typesupport_cExport.cmake
[1.804s] -- Up-to-date: /home/robot/ws_moveit2/install/my_robot_interfaces/share/my_robot_interfaces/cmake/my_robot_interfaces__rosidl_typesupport_cExport-release.cmake
[1.805s] -- Up-to-date: /home/robot/ws_moveit2/install/my_robot_interfaces/share/my_robot_interfaces/cmake/export_my_robot_interfaces__rosidl_generator_cppExport.cmake
[1.806s] -- Up-to-date: /home/robot/ws_moveit2/install/my_robot_interfaces/share/my_robot_interfaces/cmake/export_my_robot_interfaces__rosidl_typesupport_fastrtps_cppExport.cmake
[1.806s] -- Up-to-date: /home/robot/ws_moveit2/install/my_robot_interfaces/share/my_robot_interfaces/cmake/export_my_robot_interfaces__rosidl_typesupport_fastrtps_cppExport-release.cmake
[1.808s] -- Up-to-date: /home/robot/ws_moveit2/install/my_robot_interfaces/share/my_robot_interfaces/cmake/my_robot_interfaces__rosidl_typesupport_introspection_cppExport.cmake
[1.808s] -- Up-to-date: /home/robot/ws_moveit2/install/my_robot_interfaces/share/my_robot_interfaces/cmake/my_robot_interfaces__rosidl_typesupport_introspection_cppExport-release.cmake
[1.809s] -- Up-to-date: /home/robot/ws_moveit2/install/my_robot_interfaces/share/my_robot_interfaces/cmake/my_robot_interfaces__rosidl_typesupport_cppExport.cmake
[1.809s] -- Up-to-date: /home/robot/ws_moveit2/install/my_robot_interfaces/share/my_robot_interfaces/cmake/my_robot_interfaces__rosidl_typesupport_cppExport-release.cmake
[1.810s] -- Up-to-date: /home/robot/ws_moveit2/install/my_robot_interfaces/share/my_robot_interfaces/cmake/export_my_robot_interfaces__rosidl_generator_pyExport.cmake
[1.810s] -- Up-to-date: /home/robot/ws_moveit2/install/my_robot_interfaces/share/my_robot_interfaces/cmake/export_my_robot_interfaces__rosidl_generator_pyExport-release.cmake
[1.811s] -- Up-to-date: /home/robot/ws_moveit2/install/my_robot_interfaces/share/my_robot_interfaces/cmake/rosidl_cmake-extras.cmake
[1.811s] -- Up-to-date: /home/robot/ws_moveit2/install/my_robot_interfaces/share/my_robot_interfaces/cmake/ament_cmake_export_dependencies-extras.cmake
[1.811s] -- Up-to-date: /home/robot/ws_moveit2/install/my_robot_interfaces/share/my_robot_interfaces/cmake/ament_cmake_export_include_directories-extras.cmake
[1.811s] -- Up-to-date: /home/robot/ws_moveit2/install/my_robot_interfaces/share/my_robot_interfaces/cmake/ament_cmake_export_libraries-extras.cmake
[1.811s] -- Up-to-date: /home/robot/ws_moveit2/install/my_robot_interfaces/share/my_robot_interfaces/cmake/ament_cmake_export_targets-extras.cmake
[1.811s] -- Up-to-date: /home/robot/ws_moveit2/install/my_robot_interfaces/share/my_robot_interfaces/cmake/rosidl_cmake_export_typesupport_targets-extras.cmake
[1.811s] -- Up-to-date: /home/robot/ws_moveit2/install/my_robot_interfaces/share/my_robot_interfaces/cmake/rosidl_cmake_export_typesupport_libraries-extras.cmake
[1.811s] -- Up-to-date: /home/robot/ws_moveit2/install/my_robot_interfaces/share/my_robot_interfaces/cmake/my_robot_interfacesConfig.cmake
[1.812s] -- Up-to-date: /home/robot/ws_moveit2/install/my_robot_interfaces/share/my_robot_interfaces/cmake/my_robot_interfacesConfig-version.cmake
[1.812s] -- Up-to-date: /home/robot/ws_moveit2/install/my_robot_interfaces/share/my_robot_interfaces/package.xml
[1.816s] Invoked command in '/home/robot/ws_moveit2/build/my_robot_interfaces' returned '0': CMAKE_PREFIX_PATH=${CMAKE_PREFIX_PATH}:/home/robot/ws_moveit2/install/my_robot_first_servo_control:/home/robot/ws_moveit2/install/moveit_configs_utils:/home/robot/ws_moveit2/install/my_pybullet_package:/home/robot/ws_moveit2/install/launch_param_builder:/home/robot/ros2_ws/install/my_turtlesim_project:/home/robot/ros2_ws/install/my_robot_first_servo_control:/home/robot/ros2_ws/install/my_py_pkg:/home/robot/ros2_ws/install/actions_py:/opt/ros/humble /usr/bin/cmake --install /home/robot/ws_moveit2/build/my_robot_interfaces
