[0.020s] Invoking command in '/home/robot/ws_moveit2/build/moveit_resources_pr2_description': CMAKE_PREFIX_PATH=${CMAKE_PREFIX_PATH}:/home/robot/ws_moveit2/install/motion_planning_python_api:/home/robot/ws_moveit2/install/moveit_configs_utils:/home/robot/ws_moveit2/install/my_robot_first_servo_control:/home/robot/ws_moveit2/install/my_pybullet_package:/home/robot/ws_moveit2/install/launch_param_builder:/home/robot/ros2_ws/install/my_turtlesim_project:/home/robot/ros2_ws/install/my_robot_first_servo_control:/home/robot/ros2_ws/install/my_py_pkg:/home/robot/ros2_ws/install/actions_py:/opt/ros/humble /usr/bin/cmake /home/robot/ws_moveit2/src/moveit_resources/pr2_description -DCMAKE_BUILD_TYPE=Release -DCMAKE_CXX_FLAGS=--param ggc-min-expand=20 -DCMAKE_INSTALL_PREFIX=/home/robot/ws_moveit2/install/moveit_resources_pr2_description
[0.146s] -- The C compiler identification is GNU 11.4.0
[0.266s] -- The CXX compiler identification is GNU 11.4.0
[0.281s] -- Detecting C compiler ABI info
[0.428s] -- Detecting C compiler ABI info - done
[0.457s] -- Check for working C compiler: /usr/bin/cc - skipped
[0.460s] -- Detecting C compile features
[0.461s] -- Detecting C compile features - done
[0.466s] -- Detecting CXX compiler ABI info
[0.636s] -- Detecting CXX compiler ABI info - done
[0.663s] -- Check for working CXX compiler: /usr/bin/c++ - skipped
[0.663s] -- Detecting CXX compile features
[0.663s] -- Detecting CXX compile features - done
[0.669s] -- Found ament_cmake: 1.3.10 (/opt/ros/humble/share/ament_cmake/cmake)
[2.229s] -- Found Python3: /usr/bin/python3 (found version "3.10.12") found components: Interpreter 
[2.566s] -- Configuring done
[2.568s] -- Generating done
[2.569s] -- Build files have been written to: /home/robot/ws_moveit2/build/moveit_resources_pr2_description
[2.577s] Invoked command in '/home/robot/ws_moveit2/build/moveit_resources_pr2_description' returned '0': CMAKE_PREFIX_PATH=${CMAKE_PREFIX_PATH}:/home/robot/ws_moveit2/install/motion_planning_python_api:/home/robot/ws_moveit2/install/moveit_configs_utils:/home/robot/ws_moveit2/install/my_robot_first_servo_control:/home/robot/ws_moveit2/install/my_pybullet_package:/home/robot/ws_moveit2/install/launch_param_builder:/home/robot/ros2_ws/install/my_turtlesim_project:/home/robot/ros2_ws/install/my_robot_first_servo_control:/home/robot/ros2_ws/install/my_py_pkg:/home/robot/ros2_ws/install/actions_py:/opt/ros/humble /usr/bin/cmake /home/robot/ws_moveit2/src/moveit_resources/pr2_description -DCMAKE_BUILD_TYPE=Release -DCMAKE_CXX_FLAGS=--param ggc-min-expand=20 -DCMAKE_INSTALL_PREFIX=/home/robot/ws_moveit2/install/moveit_resources_pr2_description
[2.579s] Invoking command in '/home/robot/ws_moveit2/build/moveit_resources_pr2_description': CMAKE_PREFIX_PATH=${CMAKE_PREFIX_PATH}:/home/robot/ws_moveit2/install/motion_planning_python_api:/home/robot/ws_moveit2/install/moveit_configs_utils:/home/robot/ws_moveit2/install/my_robot_first_servo_control:/home/robot/ws_moveit2/install/my_pybullet_package:/home/robot/ws_moveit2/install/launch_param_builder:/home/robot/ros2_ws/install/my_turtlesim_project:/home/robot/ros2_ws/install/my_robot_first_servo_control:/home/robot/ros2_ws/install/my_py_pkg:/home/robot/ros2_ws/install/actions_py:/opt/ros/humble /usr/bin/cmake --build /home/robot/ws_moveit2/build/moveit_resources_pr2_description -- -j4 -l4
[2.654s] Invoked command in '/home/robot/ws_moveit2/build/moveit_resources_pr2_description' returned '0': CMAKE_PREFIX_PATH=${CMAKE_PREFIX_PATH}:/home/robot/ws_moveit2/install/motion_planning_python_api:/home/robot/ws_moveit2/install/moveit_configs_utils:/home/robot/ws_moveit2/install/my_robot_first_servo_control:/home/robot/ws_moveit2/install/my_pybullet_package:/home/robot/ws_moveit2/install/launch_param_builder:/home/robot/ros2_ws/install/my_turtlesim_project:/home/robot/ros2_ws/install/my_robot_first_servo_control:/home/robot/ros2_ws/install/my_py_pkg:/home/robot/ros2_ws/install/actions_py:/opt/ros/humble /usr/bin/cmake --build /home/robot/ws_moveit2/build/moveit_resources_pr2_description -- -j4 -l4
[2.712s] Invoking command in '/home/robot/ws_moveit2/build/moveit_resources_pr2_description': CMAKE_PREFIX_PATH=${CMAKE_PREFIX_PATH}:/home/robot/ws_moveit2/install/motion_planning_python_api:/home/robot/ws_moveit2/install/moveit_configs_utils:/home/robot/ws_moveit2/install/my_robot_first_servo_control:/home/robot/ws_moveit2/install/my_pybullet_package:/home/robot/ws_moveit2/install/launch_param_builder:/home/robot/ros2_ws/install/my_turtlesim_project:/home/robot/ros2_ws/install/my_robot_first_servo_control:/home/robot/ros2_ws/install/my_py_pkg:/home/robot/ros2_ws/install/actions_py:/opt/ros/humble /usr/bin/cmake --install /home/robot/ws_moveit2/build/moveit_resources_pr2_description
[2.725s] -- Install configuration: "Release"
[2.726s] -- Installing: /home/robot/ws_moveit2/install/moveit_resources_pr2_description/share/ament_index/resource_index/package_run_dependencies/moveit_resources_pr2_description
[2.727s] -- Installing: /home/robot/ws_moveit2/install/moveit_resources_pr2_description/share/ament_index/resource_index/parent_prefix_path/moveit_resources_pr2_description
[2.727s] -- Installing: /home/robot/ws_moveit2/install/moveit_resources_pr2_description/share/moveit_resources_pr2_description/environment/ament_prefix_path.sh
[2.727s] -- Installing: /home/robot/ws_moveit2/install/moveit_resources_pr2_description/share/moveit_resources_pr2_description/environment/ament_prefix_path.dsv
[2.727s] -- Installing: /home/robot/ws_moveit2/install/moveit_resources_pr2_description/share/moveit_resources_pr2_description/environment/path.sh
[2.728s] -- Installing: /home/robot/ws_moveit2/install/moveit_resources_pr2_description/share/moveit_resources_pr2_description/environment/path.dsv
[2.728s] -- Installing: /home/robot/ws_moveit2/install/moveit_resources_pr2_description/share/moveit_resources_pr2_description/local_setup.bash
[2.728s] -- Installing: /home/robot/ws_moveit2/install/moveit_resources_pr2_description/share/moveit_resources_pr2_description/local_setup.sh
[2.729s] -- Installing: /home/robot/ws_moveit2/install/moveit_resources_pr2_description/share/moveit_resources_pr2_description/local_setup.zsh
[2.729s] -- Installing: /home/robot/ws_moveit2/install/moveit_resources_pr2_description/share/moveit_resources_pr2_description/local_setup.dsv
[2.729s] -- Installing: /home/robot/ws_moveit2/install/moveit_resources_pr2_description/share/moveit_resources_pr2_description/package.dsv
[2.730s] -- Installing: /home/robot/ws_moveit2/install/moveit_resources_pr2_description/share/ament_index/resource_index/packages/moveit_resources_pr2_description
[2.730s] -- Installing: /home/robot/ws_moveit2/install/moveit_resources_pr2_description/share/moveit_resources_pr2_description/cmake/moveit_resources_pr2_descriptionConfig.cmake
[2.730s] -- Installing: /home/robot/ws_moveit2/install/moveit_resources_pr2_description/share/moveit_resources_pr2_description/cmake/moveit_resources_pr2_descriptionConfig-version.cmake
[2.732s] -- Installing: /home/robot/ws_moveit2/install/moveit_resources_pr2_description/share/moveit_resources_pr2_description/package.xml
[2.732s] -- Installing: /home/robot/ws_moveit2/install/moveit_resources_pr2_description/share/moveit_resources_pr2_description/srdf
[2.732s] -- Installing: /home/robot/ws_moveit2/install/moveit_resources_pr2_description/share/moveit_resources_pr2_description/srdf/robot.xml
[2.733s] -- Installing: /home/robot/ws_moveit2/install/moveit_resources_pr2_description/share/moveit_resources_pr2_description/urdf
[2.733s] -- Installing: /home/robot/ws_moveit2/install/moveit_resources_pr2_description/share/moveit_resources_pr2_description/urdf/robot.xml
[2.733s] -- Installing: /home/robot/ws_moveit2/install/moveit_resources_pr2_description/share/moveit_resources_pr2_description/urdf/materials
[2.733s] -- Installing: /home/robot/ws_moveit2/install/moveit_resources_pr2_description/share/moveit_resources_pr2_description/urdf/materials/textures
[2.733s] -- Installing: /home/robot/ws_moveit2/install/moveit_resources_pr2_description/share/moveit_resources_pr2_description/urdf/materials/textures/pr2_caster_texture.png
[2.733s] -- Installing: /home/robot/ws_moveit2/install/moveit_resources_pr2_description/share/moveit_resources_pr2_description/urdf/materials/textures/pr2_wheel_right.png
[2.734s] -- Installing: /home/robot/ws_moveit2/install/moveit_resources_pr2_description/share/moveit_resources_pr2_description/urdf/materials/textures/pr2_wheel_left.png
[2.734s] -- Installing: /home/robot/ws_moveit2/install/moveit_resources_pr2_description/share/moveit_resources_pr2_description/urdf/meshes
[2.735s] -- Installing: /home/robot/ws_moveit2/install/moveit_resources_pr2_description/share/moveit_resources_pr2_description/urdf/meshes/sensors
[2.735s] -- Installing: /home/robot/ws_moveit2/install/moveit_resources_pr2_description/share/moveit_resources_pr2_description/urdf/meshes/sensors/kinect_v0
[2.735s] -- Installing: /home/robot/ws_moveit2/install/moveit_resources_pr2_description/share/moveit_resources_pr2_description/urdf/meshes/sensors/kinect_v0/kinect.tga
[2.735s] -- Installing: /home/robot/ws_moveit2/install/moveit_resources_pr2_description/share/moveit_resources_pr2_description/urdf/meshes/sensors/kinect_v0/kinect_color.tga
[2.735s] -- Installing: /home/robot/ws_moveit2/install/moveit_resources_pr2_description/share/moveit_resources_pr2_description/urdf/meshes/sensors/kinect_v0/kinect_mount.stl
[2.735s] -- Installing: /home/robot/ws_moveit2/install/moveit_resources_pr2_description/share/moveit_resources_pr2_description/urdf/meshes/sensors/kinect_v0/kinect.dae
[2.736s] -- Installing: /home/robot/ws_moveit2/install/moveit_resources_pr2_description/share/moveit_resources_pr2_description/urdf/meshes/sensors/kinect_prosilica_v0
[2.736s] -- Installing: /home/robot/ws_moveit2/install/moveit_resources_pr2_description/share/moveit_resources_pr2_description/urdf/meshes/sensors/kinect_prosilica_v0/115x100_swept_fwd_no_sensors--coarse.STL
[2.736s] -- Installing: /home/robot/ws_moveit2/install/moveit_resources_pr2_description/share/moveit_resources_pr2_description/urdf/meshes/sensors/kinect_prosilica_v0/115x100_swept_fwd--coarse.STL
[2.738s] -- Installing: /home/robot/ws_moveit2/install/moveit_resources_pr2_description/share/moveit_resources_pr2_description/urdf/meshes/sensors/kinect_prosilica_v0/68-04546_Kinect_Sensor--coarse.STL
[2.738s] -- Installing: /home/robot/ws_moveit2/install/moveit_resources_pr2_description/share/moveit_resources_pr2_description/urdf/meshes/sensors/kinect_prosilica_v0/Prosilica_w_Lens--coarse.STL
[2.740s] -- Installing: /home/robot/ws_moveit2/install/moveit_resources_pr2_description/share/moveit_resources_pr2_description/urdf/meshes/sensors/kinect_prosilica_v0/115x100_swept_back_no_sensors--coarse.STL
[2.740s] -- Installing: /home/robot/ws_moveit2/install/moveit_resources_pr2_description/share/moveit_resources_pr2_description/urdf/meshes/sensors/kinect_prosilica_v0/115x100_swept_back--coarse.STL
[2.742s] -- Installing: /home/robot/ws_moveit2/install/moveit_resources_pr2_description/share/moveit_resources_pr2_description/urdf/meshes/gripper_v0
[2.742s] -- Installing: /home/robot/ws_moveit2/install/moveit_resources_pr2_description/share/moveit_resources_pr2_description/urdf/meshes/gripper_v0/l_float_normals.tif
[2.745s] -- Installing: /home/robot/ws_moveit2/install/moveit_resources_pr2_description/share/moveit_resources_pr2_description/urdf/meshes/gripper_v0/l_finger_tip.stl
[2.745s] -- Installing: /home/robot/ws_moveit2/install/moveit_resources_pr2_description/share/moveit_resources_pr2_description/urdf/meshes/gripper_v0/l_finger_tip_color.tif
[2.745s] -- Installing: /home/robot/ws_moveit2/install/moveit_resources_pr2_description/share/moveit_resources_pr2_description/urdf/meshes/gripper_v0/finger_tip_l.stl
[2.745s] -- Installing: /home/robot/ws_moveit2/install/moveit_resources_pr2_description/share/moveit_resources_pr2_description/urdf/meshes/gripper_v0/gripper_palm_color.tif
[2.746s] -- Installing: /home/robot/ws_moveit2/install/moveit_resources_pr2_description/share/moveit_resources_pr2_description/urdf/meshes/gripper_v0/l_float.dae
[2.746s] -- Installing: /home/robot/ws_moveit2/install/moveit_resources_pr2_description/share/moveit_resources_pr2_description/urdf/meshes/gripper_v0/palm_H_Color_100430.tif
[2.747s] -- Installing: /home/robot/ws_moveit2/install/moveit_resources_pr2_description/share/moveit_resources_pr2_description/urdf/meshes/gripper_v0/l_finger.stl
[2.747s] -- Installing: /home/robot/ws_moveit2/install/moveit_resources_pr2_description/share/moveit_resources_pr2_description/urdf/meshes/gripper_v0/palm_H_UV_100430.dae
[2.748s] -- Installing: /home/robot/ws_moveit2/install/moveit_resources_pr2_description/share/moveit_resources_pr2_description/urdf/meshes/gripper_v0/float_H_Color_100430.tif
[2.749s] -- Installing: /home/robot/ws_moveit2/install/moveit_resources_pr2_description/share/moveit_resources_pr2_description/urdf/meshes/gripper_v0/fingertip_H_Color_100430.tif
[2.749s] -- Installing: /home/robot/ws_moveit2/install/moveit_resources_pr2_description/share/moveit_resources_pr2_description/urdf/meshes/gripper_v0/l_finger_tip_normals.tif
[2.750s] -- Installing: /home/robot/ws_moveit2/install/moveit_resources_pr2_description/share/moveit_resources_pr2_description/urdf/meshes/gripper_v0/upper_finger_l.stl
[2.751s] -- Installing: /home/robot/ws_moveit2/install/moveit_resources_pr2_description/share/moveit_resources_pr2_description/urdf/meshes/gripper_v0/gripper_palm.dae
[2.751s] -- Installing: /home/robot/ws_moveit2/install/moveit_resources_pr2_description/share/moveit_resources_pr2_description/urdf/meshes/gripper_v0/l_floating.stl
[2.751s] -- Installing: /home/robot/ws_moveit2/install/moveit_resources_pr2_description/share/moveit_resources_pr2_description/urdf/meshes/gripper_v0/float_H_UV_100430.dae
[2.754s] -- Installing: /home/robot/ws_moveit2/install/moveit_resources_pr2_description/share/moveit_resources_pr2_description/urdf/meshes/gripper_v0/finger_H_Color_100430.tif
[2.754s] -- Installing: /home/robot/ws_moveit2/install/moveit_resources_pr2_description/share/moveit_resources_pr2_description/urdf/meshes/gripper_v0/gripper_palm_normals.tif
[2.755s] -- Installing: /home/robot/ws_moveit2/install/moveit_resources_pr2_description/share/moveit_resources_pr2_description/urdf/meshes/gripper_v0/finger_tip_H_UV_100430.dae
[2.758s] -- Installing: /home/robot/ws_moveit2/install/moveit_resources_pr2_description/share/moveit_resources_pr2_description/urdf/meshes/gripper_v0/finger_tip_r.stl
[2.758s] -- Installing: /home/robot/ws_moveit2/install/moveit_resources_pr2_description/share/moveit_resources_pr2_description/urdf/meshes/gripper_v0/l_finger_normals.tif
[2.759s] -- Installing: /home/robot/ws_moveit2/install/moveit_resources_pr2_description/share/moveit_resources_pr2_description/urdf/meshes/gripper_v0/finger_H_UV_100430.dae
[2.762s] -- Installing: /home/robot/ws_moveit2/install/moveit_resources_pr2_description/share/moveit_resources_pr2_description/urdf/meshes/gripper_v0/finger_tip_pad2_r.stl
[2.762s] -- Installing: /home/robot/ws_moveit2/install/moveit_resources_pr2_description/share/moveit_resources_pr2_description/urdf/meshes/gripper_v0/l_finger_tip.dae
[2.763s] -- Installing: /home/robot/ws_moveit2/install/moveit_resources_pr2_description/share/moveit_resources_pr2_description/urdf/meshes/gripper_v0/l_finger_color.tif
[2.763s] -- Installing: /home/robot/ws_moveit2/install/moveit_resources_pr2_description/share/moveit_resources_pr2_description/urdf/meshes/gripper_v0/l_float_color.tif
[2.764s] -- Installing: /home/robot/ws_moveit2/install/moveit_resources_pr2_description/share/moveit_resources_pr2_description/urdf/meshes/gripper_v0/upper_finger_r.stl
[2.764s] -- Installing: /home/robot/ws_moveit2/install/moveit_resources_pr2_description/share/moveit_resources_pr2_description/urdf/meshes/gripper_v0/finger_tip_pad2_l.stl
[2.764s] -- Installing: /home/robot/ws_moveit2/install/moveit_resources_pr2_description/share/moveit_resources_pr2_description/urdf/meshes/gripper_v0/l_finger.dae
[2.764s] -- Installing: /home/robot/ws_moveit2/install/moveit_resources_pr2_description/share/moveit_resources_pr2_description/urdf/meshes/gripper_v0/gripper_palm.stl
[2.764s] -- Installing: /home/robot/ws_moveit2/install/moveit_resources_pr2_description/share/moveit_resources_pr2_description/urdf/meshes/gripper_v0/convex
[2.765s] -- Installing: /home/robot/ws_moveit2/install/moveit_resources_pr2_description/share/moveit_resources_pr2_description/urdf/meshes/gripper_v0/convex/upper_finger_l.xml
[2.765s] -- Installing: /home/robot/ws_moveit2/install/moveit_resources_pr2_description/share/moveit_resources_pr2_description/urdf/meshes/gripper_v0/convex/upper_finger_r.dae
[2.765s] -- Installing: /home/robot/ws_moveit2/install/moveit_resources_pr2_description/share/moveit_resources_pr2_description/urdf/meshes/gripper_v0/convex/gripper_palm_convex.stla
[2.765s] -- Installing: /home/robot/ws_moveit2/install/moveit_resources_pr2_description/share/moveit_resources_pr2_description/urdf/meshes/gripper_v0/convex/finger_tip_pad2_l.dae
[2.766s] -- Installing: /home/robot/ws_moveit2/install/moveit_resources_pr2_description/share/moveit_resources_pr2_description/urdf/meshes/gripper_v0/convex/upper_finger_r_convex.stla
[2.766s] -- Installing: /home/robot/ws_moveit2/install/moveit_resources_pr2_description/share/moveit_resources_pr2_description/urdf/meshes/gripper_v0/convex/l_floating_convex.stlb
[2.766s] -- Installing: /home/robot/ws_moveit2/install/moveit_resources_pr2_description/share/moveit_resources_pr2_description/urdf/meshes/gripper_v0/convex/l_finger_convex.stlb
[2.766s] -- Installing: /home/robot/ws_moveit2/install/moveit_resources_pr2_description/share/moveit_resources_pr2_description/urdf/meshes/gripper_v0/convex/gripper_palm.dae
[2.766s] -- Installing: /home/robot/ws_moveit2/install/moveit_resources_pr2_description/share/moveit_resources_pr2_description/urdf/meshes/gripper_v0/convex/gripper_palm.xml
[2.766s] -- Installing: /home/robot/ws_moveit2/install/moveit_resources_pr2_description/share/moveit_resources_pr2_description/urdf/meshes/gripper_v0/convex/finger_tip_l.dae
[2.767s] -- Installing: /home/robot/ws_moveit2/install/moveit_resources_pr2_description/share/moveit_resources_pr2_description/urdf/meshes/gripper_v0/convex/finger_tip_pad2_r.dae
[2.767s] -- Installing: /home/robot/ws_moveit2/install/moveit_resources_pr2_description/share/moveit_resources_pr2_description/urdf/meshes/gripper_v0/convex/l_finger_tip_convex.stla
[2.767s] -- Installing: /home/robot/ws_moveit2/install/moveit_resources_pr2_description/share/moveit_resources_pr2_description/urdf/meshes/gripper_v0/convex/l_floating_convex.stla
[2.767s] -- Installing: /home/robot/ws_moveit2/install/moveit_resources_pr2_description/share/moveit_resources_pr2_description/urdf/meshes/gripper_v0/convex/l_floating.xml
[2.767s] -- Installing: /home/robot/ws_moveit2/install/moveit_resources_pr2_description/share/moveit_resources_pr2_description/urdf/meshes/gripper_v0/convex/upper_finger_l_convex.stlb
[2.767s] -- Installing: /home/robot/ws_moveit2/install/moveit_resources_pr2_description/share/moveit_resources_pr2_description/urdf/meshes/gripper_v0/convex/l_finger_tip_convex.stlb
[2.768s] -- Installing: /home/robot/ws_moveit2/install/moveit_resources_pr2_description/share/moveit_resources_pr2_description/urdf/meshes/gripper_v0/convex/finger_tip_pad2_l.xml
[2.768s] -- Installing: /home/robot/ws_moveit2/install/moveit_resources_pr2_description/share/moveit_resources_pr2_description/urdf/meshes/gripper_v0/convex/l_floating.dae
[2.768s] -- Installing: /home/robot/ws_moveit2/install/moveit_resources_pr2_description/share/moveit_resources_pr2_description/urdf/meshes/gripper_v0/convex/upper_finger_r_convex.stlb
[2.768s] -- Installing: /home/robot/ws_moveit2/install/moveit_resources_pr2_description/share/moveit_resources_pr2_description/urdf/meshes/gripper_v0/convex/finger_tip_pad2_l_convex.stlb
[2.768s] -- Installing: /home/robot/ws_moveit2/install/moveit_resources_pr2_description/share/moveit_resources_pr2_description/urdf/meshes/gripper_v0/convex/l_finger_tip.dae
[2.768s] -- Installing: /home/robot/ws_moveit2/install/moveit_resources_pr2_description/share/moveit_resources_pr2_description/urdf/meshes/gripper_v0/convex/l_finger_convex.stla
[2.769s] -- Installing: /home/robot/ws_moveit2/install/moveit_resources_pr2_description/share/moveit_resources_pr2_description/urdf/meshes/gripper_v0/convex/finger_tip_pad2_r_convex.stla
[2.769s] -- Installing: /home/robot/ws_moveit2/install/moveit_resources_pr2_description/share/moveit_resources_pr2_description/urdf/meshes/gripper_v0/convex/l_finger.dae
[2.769s] -- Installing: /home/robot/ws_moveit2/install/moveit_resources_pr2_description/share/moveit_resources_pr2_description/urdf/meshes/gripper_v0/convex/finger_tip_l_convex.stla
[2.769s] -- Installing: /home/robot/ws_moveit2/install/moveit_resources_pr2_description/share/moveit_resources_pr2_description/urdf/meshes/gripper_v0/convex/finger_tip_l_convex.stlb
[2.769s] -- Installing: /home/robot/ws_moveit2/install/moveit_resources_pr2_description/share/moveit_resources_pr2_description/urdf/meshes/gripper_v0/convex/finger_tip_pad2_r.xml
[2.770s] -- Installing: /home/robot/ws_moveit2/install/moveit_resources_pr2_description/share/moveit_resources_pr2_description/urdf/meshes/gripper_v0/convex/upper_finger_l.dae
[2.770s] -- Installing: /home/robot/ws_moveit2/install/moveit_resources_pr2_description/share/moveit_resources_pr2_description/urdf/meshes/gripper_v0/convex/upper_finger_r.xml
[2.770s] -- Installing: /home/robot/ws_moveit2/install/moveit_resources_pr2_description/share/moveit_resources_pr2_description/urdf/meshes/gripper_v0/convex/finger_tip_r_convex.stla
[2.770s] -- Installing: /home/robot/ws_moveit2/install/moveit_resources_pr2_description/share/moveit_resources_pr2_description/urdf/meshes/gripper_v0/convex/finger_tip_pad2_r_convex.stlb
[2.770s] -- Installing: /home/robot/ws_moveit2/install/moveit_resources_pr2_description/share/moveit_resources_pr2_description/urdf/meshes/gripper_v0/convex/upper_finger_l_convex.stla
[2.770s] -- Installing: /home/robot/ws_moveit2/install/moveit_resources_pr2_description/share/moveit_resources_pr2_description/urdf/meshes/gripper_v0/convex/finger_tip_pad2_l_convex.stla
[2.771s] -- Installing: /home/robot/ws_moveit2/install/moveit_resources_pr2_description/share/moveit_resources_pr2_description/urdf/meshes/gripper_v0/convex/finger_tip_r_convex.stlb
[2.771s] -- Installing: /home/robot/ws_moveit2/install/moveit_resources_pr2_description/share/moveit_resources_pr2_description/urdf/meshes/gripper_v0/convex/gripper_palm_convex.stlb
[2.771s] -- Installing: /home/robot/ws_moveit2/install/moveit_resources_pr2_description/share/moveit_resources_pr2_description/urdf/meshes/gripper_v0/convex/finger_tip_l.xml
[2.771s] -- Installing: /home/robot/ws_moveit2/install/moveit_resources_pr2_description/share/moveit_resources_pr2_description/urdf/meshes/gripper_v0/convex/finger_tip_r.xml
[2.771s] -- Installing: /home/robot/ws_moveit2/install/moveit_resources_pr2_description/share/moveit_resources_pr2_description/urdf/meshes/gripper_v0/convex/finger_tip_r.dae
[2.772s] -- Installing: /home/robot/ws_moveit2/install/moveit_resources_pr2_description/share/moveit_resources_pr2_description/urdf/meshes/gripper_v0/convex/l_finger.xml
[2.772s] -- Installing: /home/robot/ws_moveit2/install/moveit_resources_pr2_description/share/moveit_resources_pr2_description/urdf/meshes/gripper_v0/convex/l_finger_tip.xml
[2.772s] -- Installing: /home/robot/ws_moveit2/install/moveit_resources_pr2_description/share/moveit_resources_pr2_description/urdf/meshes/forearm_v0
[2.772s] -- Installing: /home/robot/ws_moveit2/install/moveit_resources_pr2_description/share/moveit_resources_pr2_description/urdf/meshes/forearm_v0/forearm.dae
[2.772s] -- Installing: /home/robot/ws_moveit2/install/moveit_resources_pr2_description/share/moveit_resources_pr2_description/urdf/meshes/forearm_v0/wrist_normals.tif
[2.773s] -- Installing: /home/robot/ws_moveit2/install/moveit_resources_pr2_description/share/moveit_resources_pr2_description/urdf/meshes/forearm_v0/forearm.jpg
[2.773s] -- Installing: /home/robot/ws_moveit2/install/moveit_resources_pr2_description/share/moveit_resources_pr2_description/urdf/meshes/forearm_v0/wrist_flex.stl
[2.774s] -- Installing: /home/robot/ws_moveit2/install/moveit_resources_pr2_description/share/moveit_resources_pr2_description/urdf/meshes/forearm_v0/wrist_roll_L.stl
[2.774s] -- Installing: /home/robot/ws_moveit2/install/moveit_resources_pr2_description/share/moveit_resources_pr2_description/urdf/meshes/forearm_v0/wrist_flex.dae
[2.774s] -- Installing: /home/robot/ws_moveit2/install/moveit_resources_pr2_description/share/moveit_resources_pr2_description/urdf/meshes/forearm_v0/wrist_color.tif
[2.774s] -- Installing: /home/robot/ws_moveit2/install/moveit_resources_pr2_description/share/moveit_resources_pr2_description/urdf/meshes/forearm_v0/forearm_normals.tif
[2.776s] -- Installing: /home/robot/ws_moveit2/install/moveit_resources_pr2_description/share/moveit_resources_pr2_description/urdf/meshes/forearm_v0/forearm.stl
[2.776s] -- Installing: /home/robot/ws_moveit2/install/moveit_resources_pr2_description/share/moveit_resources_pr2_description/urdf/meshes/forearm_v0/wrist_roll.stl
[2.776s] -- Installing: /home/robot/ws_moveit2/install/moveit_resources_pr2_description/share/moveit_resources_pr2_description/urdf/meshes/forearm_v0/forearm_color.tif
[2.780s] -- Installing: /home/robot/ws_moveit2/install/moveit_resources_pr2_description/share/moveit_resources_pr2_description/urdf/meshes/forearm_v0/convex
[2.780s] -- Installing: /home/robot/ws_moveit2/install/moveit_resources_pr2_description/share/moveit_resources_pr2_description/urdf/meshes/forearm_v0/convex/forearm.dae
[2.781s] -- Installing: /home/robot/ws_moveit2/install/moveit_resources_pr2_description/share/moveit_resources_pr2_description/urdf/meshes/forearm_v0/convex/wrist_roll_L_convex.stlb
[2.781s] -- Installing: /home/robot/ws_moveit2/install/moveit_resources_pr2_description/share/moveit_resources_pr2_description/urdf/meshes/forearm_v0/convex/wrist_roll.dae
[2.781s] -- Installing: /home/robot/ws_moveit2/install/moveit_resources_pr2_description/share/moveit_resources_pr2_description/urdf/meshes/forearm_v0/convex/wrist_flex_convex.stlb
[2.781s] -- Installing: /home/robot/ws_moveit2/install/moveit_resources_pr2_description/share/moveit_resources_pr2_description/urdf/meshes/forearm_v0/convex/wrist_roll_L.dae
[2.782s] -- Installing: /home/robot/ws_moveit2/install/moveit_resources_pr2_description/share/moveit_resources_pr2_description/urdf/meshes/forearm_v0/convex/wrist_flex_convex.stla
[2.782s] -- Installing: /home/robot/ws_moveit2/install/moveit_resources_pr2_description/share/moveit_resources_pr2_description/urdf/meshes/forearm_v0/convex/wrist_roll_L.xml
[2.782s] -- Installing: /home/robot/ws_moveit2/install/moveit_resources_pr2_description/share/moveit_resources_pr2_description/urdf/meshes/forearm_v0/convex/wrist_roll_convex.stla
[2.782s] -- Installing: /home/robot/ws_moveit2/install/moveit_resources_pr2_description/share/moveit_resources_pr2_description/urdf/meshes/forearm_v0/convex/wrist_flex.dae
[2.782s] -- Installing: /home/robot/ws_moveit2/install/moveit_resources_pr2_description/share/moveit_resources_pr2_description/urdf/meshes/forearm_v0/convex/wrist_roll_L_convex.stla
[2.782s] -- Installing: /home/robot/ws_moveit2/install/moveit_resources_pr2_description/share/moveit_resources_pr2_description/urdf/meshes/forearm_v0/convex/forearm_convex.stlb
[2.783s] -- Installing: /home/robot/ws_moveit2/install/moveit_resources_pr2_description/share/moveit_resources_pr2_description/urdf/meshes/forearm_v0/convex/wrist_roll_convex.stlb
[2.783s] -- Installing: /home/robot/ws_moveit2/install/moveit_resources_pr2_description/share/moveit_resources_pr2_description/urdf/meshes/forearm_v0/convex/wrist_flex.xml
[2.783s] -- Installing: /home/robot/ws_moveit2/install/moveit_resources_pr2_description/share/moveit_resources_pr2_description/urdf/meshes/forearm_v0/convex/wrist_roll.xml
[2.783s] -- Installing: /home/robot/ws_moveit2/install/moveit_resources_pr2_description/share/moveit_resources_pr2_description/urdf/meshes/forearm_v0/convex/forearm.xml
[2.784s] -- Installing: /home/robot/ws_moveit2/install/moveit_resources_pr2_description/share/moveit_resources_pr2_description/urdf/meshes/forearm_v0/convex/forearm_convex.stla
[2.784s] -- Installing: /home/robot/ws_moveit2/install/moveit_resources_pr2_description/share/moveit_resources_pr2_description/urdf/meshes/base_v0
[2.784s] -- Installing: /home/robot/ws_moveit2/install/moveit_resources_pr2_description/share/moveit_resources_pr2_description/urdf/meshes/base_v0/base.stl
[2.784s] -- Installing: /home/robot/ws_moveit2/install/moveit_resources_pr2_description/share/moveit_resources_pr2_description/urdf/meshes/base_v0/base_normals.tif
[2.785s] -- Installing: /home/robot/ws_moveit2/install/moveit_resources_pr2_description/share/moveit_resources_pr2_description/urdf/meshes/base_v0/wheel_h_color.tif
[2.785s] -- Installing: /home/robot/ws_moveit2/install/moveit_resources_pr2_description/share/moveit_resources_pr2_description/urdf/meshes/base_v0/wheel_color.tif
[2.785s] -- Installing: /home/robot/ws_moveit2/install/moveit_resources_pr2_description/share/moveit_resources_pr2_description/urdf/meshes/base_v0/wheel_normals.tif
[2.787s] -- Installing: /home/robot/ws_moveit2/install/moveit_resources_pr2_description/share/moveit_resources_pr2_description/urdf/meshes/base_v0/caster_L.stl
[2.787s] -- Installing: /home/robot/ws_moveit2/install/moveit_resources_pr2_description/share/moveit_resources_pr2_description/urdf/meshes/base_v0/base_color.tif
[2.788s] -- Installing: /home/robot/ws_moveit2/install/moveit_resources_pr2_description/share/moveit_resources_pr2_description/urdf/meshes/base_v0/wheel.stl
[2.788s] -- Installing: /home/robot/ws_moveit2/install/moveit_resources_pr2_description/share/moveit_resources_pr2_description/urdf/meshes/base_v0/wheel.dae
[2.792s] -- Installing: /home/robot/ws_moveit2/install/moveit_resources_pr2_description/share/moveit_resources_pr2_description/urdf/meshes/base_v0/pr2_wheel.stl
[2.792s] -- Installing: /home/robot/ws_moveit2/install/moveit_resources_pr2_description/share/moveit_resources_pr2_description/urdf/meshes/base_v0/wheel_h.dae
[2.795s] -- Installing: /home/robot/ws_moveit2/install/moveit_resources_pr2_description/share/moveit_resources_pr2_description/urdf/meshes/base_v0/base.dae
[2.795s] -- Installing: /home/robot/ws_moveit2/install/moveit_resources_pr2_description/share/moveit_resources_pr2_description/urdf/meshes/base_v0/caster.stl
[2.795s] -- Installing: /home/robot/ws_moveit2/install/moveit_resources_pr2_description/share/moveit_resources_pr2_description/urdf/meshes/base_v0/base_L.stl
[2.796s] -- Installing: /home/robot/ws_moveit2/install/moveit_resources_pr2_description/share/moveit_resources_pr2_description/urdf/meshes/base_v0/convex
[2.796s] -- Installing: /home/robot/ws_moveit2/install/moveit_resources_pr2_description/share/moveit_resources_pr2_description/urdf/meshes/base_v0/convex/pr2_wheel_convex.stla
[2.796s] -- Installing: /home/robot/ws_moveit2/install/moveit_resources_pr2_description/share/moveit_resources_pr2_description/urdf/meshes/base_v0/convex/caster_L.xml
[2.796s] -- Installing: /home/robot/ws_moveit2/install/moveit_resources_pr2_description/share/moveit_resources_pr2_description/urdf/meshes/base_v0/convex/wheel.xml
[2.796s] -- Installing: /home/robot/ws_moveit2/install/moveit_resources_pr2_description/share/moveit_resources_pr2_description/urdf/meshes/base_v0/convex/base_L_convex.stlb
[2.797s] -- Installing: /home/robot/ws_moveit2/install/moveit_resources_pr2_description/share/moveit_resources_pr2_description/urdf/meshes/base_v0/convex/base_L_convex.stla
[2.797s] -- Installing: /home/robot/ws_moveit2/install/moveit_resources_pr2_description/share/moveit_resources_pr2_description/urdf/meshes/base_v0/convex/caster.dae
[2.797s] -- Installing: /home/robot/ws_moveit2/install/moveit_resources_pr2_description/share/moveit_resources_pr2_description/urdf/meshes/base_v0/convex/caster_convex.stlb
[2.797s] -- Installing: /home/robot/ws_moveit2/install/moveit_resources_pr2_description/share/moveit_resources_pr2_description/urdf/meshes/base_v0/convex/caster_convex.stla
[2.798s] -- Installing: /home/robot/ws_moveit2/install/moveit_resources_pr2_description/share/moveit_resources_pr2_description/urdf/meshes/base_v0/convex/base_convex.stla
[2.798s] -- Installing: /home/robot/ws_moveit2/install/moveit_resources_pr2_description/share/moveit_resources_pr2_description/urdf/meshes/base_v0/convex/base_L.dae
[2.798s] -- Installing: /home/robot/ws_moveit2/install/moveit_resources_pr2_description/share/moveit_resources_pr2_description/urdf/meshes/base_v0/convex/wheel.dae
[2.799s] -- Installing: /home/robot/ws_moveit2/install/moveit_resources_pr2_description/share/moveit_resources_pr2_description/urdf/meshes/base_v0/convex/caster_L_convex.stlb
[2.799s] -- Installing: /home/robot/ws_moveit2/install/moveit_resources_pr2_description/share/moveit_resources_pr2_description/urdf/meshes/base_v0/convex/wheel_convex.stlb
[2.799s] -- Installing: /home/robot/ws_moveit2/install/moveit_resources_pr2_description/share/moveit_resources_pr2_description/urdf/meshes/base_v0/convex/base.xml
[2.799s] -- Installing: /home/robot/ws_moveit2/install/moveit_resources_pr2_description/share/moveit_resources_pr2_description/urdf/meshes/base_v0/convex/base_convex.stlb
[2.799s] -- Installing: /home/robot/ws_moveit2/install/moveit_resources_pr2_description/share/moveit_resources_pr2_description/urdf/meshes/base_v0/convex/pr2_wheel_convex.stlb
[2.800s] -- Installing: /home/robot/ws_moveit2/install/moveit_resources_pr2_description/share/moveit_resources_pr2_description/urdf/meshes/base_v0/convex/base_L.xml
[2.800s] -- Installing: /home/robot/ws_moveit2/install/moveit_resources_pr2_description/share/moveit_resources_pr2_description/urdf/meshes/base_v0/convex/caster.xml
[2.800s] -- Installing: /home/robot/ws_moveit2/install/moveit_resources_pr2_description/share/moveit_resources_pr2_description/urdf/meshes/base_v0/convex/caster_L.dae
[2.801s] -- Installing: /home/robot/ws_moveit2/install/moveit_resources_pr2_description/share/moveit_resources_pr2_description/urdf/meshes/base_v0/convex/base.dae
[2.801s] -- Installing: /home/robot/ws_moveit2/install/moveit_resources_pr2_description/share/moveit_resources_pr2_description/urdf/meshes/base_v0/convex/caster_L_convex.stla
[2.801s] -- Installing: /home/robot/ws_moveit2/install/moveit_resources_pr2_description/share/moveit_resources_pr2_description/urdf/meshes/base_v0/convex/pr2_wheel.dae
[2.801s] -- Installing: /home/robot/ws_moveit2/install/moveit_resources_pr2_description/share/moveit_resources_pr2_description/urdf/meshes/base_v0/convex/pr2_wheel.xml
[2.801s] -- Installing: /home/robot/ws_moveit2/install/moveit_resources_pr2_description/share/moveit_resources_pr2_description/urdf/meshes/base_v0/convex/wheel_convex.stla
[2.802s] -- Installing: /home/robot/ws_moveit2/install/moveit_resources_pr2_description/share/moveit_resources_pr2_description/urdf/meshes/tilting_laser_v0
[2.802s] -- Installing: /home/robot/ws_moveit2/install/moveit_resources_pr2_description/share/moveit_resources_pr2_description/urdf/meshes/tilting_laser_v0/tilting_hokuyo.stl
[2.802s] -- Installing: /home/robot/ws_moveit2/install/moveit_resources_pr2_description/share/moveit_resources_pr2_description/urdf/meshes/tilting_laser_v0/tilting_hokuyo.dae
[2.802s] -- Installing: /home/robot/ws_moveit2/install/moveit_resources_pr2_description/share/moveit_resources_pr2_description/urdf/meshes/tilting_laser_v0/tilting_hokuyo_color.tif
[2.803s] -- Installing: /home/robot/ws_moveit2/install/moveit_resources_pr2_description/share/moveit_resources_pr2_description/urdf/meshes/tilting_laser_v0/tilting_hokuyo_L.stl
[2.803s] -- Installing: /home/robot/ws_moveit2/install/moveit_resources_pr2_description/share/moveit_resources_pr2_description/urdf/meshes/tilting_laser_v0/tilting_hokuyo_normals.tif
[2.806s] -- Installing: /home/robot/ws_moveit2/install/moveit_resources_pr2_description/share/moveit_resources_pr2_description/urdf/meshes/tilting_laser_v0/hok_tilt.stl
[2.806s] -- Installing: /home/robot/ws_moveit2/install/moveit_resources_pr2_description/share/moveit_resources_pr2_description/urdf/meshes/tilting_laser_v0/convex
[2.806s] -- Installing: /home/robot/ws_moveit2/install/moveit_resources_pr2_description/share/moveit_resources_pr2_description/urdf/meshes/tilting_laser_v0/convex/hok_tilt_convex.stlb
[2.807s] -- Installing: /home/robot/ws_moveit2/install/moveit_resources_pr2_description/share/moveit_resources_pr2_description/urdf/meshes/tilting_laser_v0/convex/tilting_hokuyo_convex.stla
[2.807s] -- Installing: /home/robot/ws_moveit2/install/moveit_resources_pr2_description/share/moveit_resources_pr2_description/urdf/meshes/tilting_laser_v0/convex/tilting_hokuyo.xml
[2.807s] -- Installing: /home/robot/ws_moveit2/install/moveit_resources_pr2_description/share/moveit_resources_pr2_description/urdf/meshes/tilting_laser_v0/convex/tilting_hokuyo_L_convex.stla
[2.807s] -- Installing: /home/robot/ws_moveit2/install/moveit_resources_pr2_description/share/moveit_resources_pr2_description/urdf/meshes/tilting_laser_v0/convex/tilting_hokuyo.dae
[2.807s] -- Installing: /home/robot/ws_moveit2/install/moveit_resources_pr2_description/share/moveit_resources_pr2_description/urdf/meshes/tilting_laser_v0/convex/tilting_hokuyo_L.dae
[2.807s] -- Installing: /home/robot/ws_moveit2/install/moveit_resources_pr2_description/share/moveit_resources_pr2_description/urdf/meshes/tilting_laser_v0/convex/tilting_hokuyo_L.xml
[2.807s] -- Installing: /home/robot/ws_moveit2/install/moveit_resources_pr2_description/share/moveit_resources_pr2_description/urdf/meshes/tilting_laser_v0/convex/tilting_hokuyo_convex.stlb
[2.807s] -- Installing: /home/robot/ws_moveit2/install/moveit_resources_pr2_description/share/moveit_resources_pr2_description/urdf/meshes/tilting_laser_v0/convex/tilting_hokuyo_L_convex.stlb
[2.807s] -- Installing: /home/robot/ws_moveit2/install/moveit_resources_pr2_description/share/moveit_resources_pr2_description/urdf/meshes/tilting_laser_v0/convex/hok_tilt_convex.stla
[2.808s] -- Installing: /home/robot/ws_moveit2/install/moveit_resources_pr2_description/share/moveit_resources_pr2_description/urdf/meshes/tilting_laser_v0/convex/hok_tilt.xml
[2.808s] -- Installing: /home/robot/ws_moveit2/install/moveit_resources_pr2_description/share/moveit_resources_pr2_description/urdf/meshes/tilting_laser_v0/convex/hok_tilt.dae
[2.808s] -- Installing: /home/robot/ws_moveit2/install/moveit_resources_pr2_description/share/moveit_resources_pr2_description/urdf/meshes/shoulder_v0
[2.808s] -- Installing: /home/robot/ws_moveit2/install/moveit_resources_pr2_description/share/moveit_resources_pr2_description/urdf/meshes/shoulder_v0/shoulder_lift_normals.tif
[2.809s] -- Installing: /home/robot/ws_moveit2/install/moveit_resources_pr2_description/share/moveit_resources_pr2_description/urdf/meshes/shoulder_v0/upper_arm_roll_normals.tif
[2.810s] -- Installing: /home/robot/ws_moveit2/install/moveit_resources_pr2_description/share/moveit_resources_pr2_description/urdf/meshes/shoulder_v0/upper_arm_roll.stl
[2.811s] -- Installing: /home/robot/ws_moveit2/install/moveit_resources_pr2_description/share/moveit_resources_pr2_description/urdf/meshes/shoulder_v0/shoulder_lift_color.tif
[2.811s] -- Installing: /home/robot/ws_moveit2/install/moveit_resources_pr2_description/share/moveit_resources_pr2_description/urdf/meshes/shoulder_v0/upper_arm_roll_L.stl
[2.811s] -- Installing: /home/robot/ws_moveit2/install/moveit_resources_pr2_description/share/moveit_resources_pr2_description/urdf/meshes/shoulder_v0/shoulder_pan_color.tif
[2.815s] -- Installing: /home/robot/ws_moveit2/install/moveit_resources_pr2_description/share/moveit_resources_pr2_description/urdf/meshes/shoulder_v0/shoulder_pan_normals.tif
[2.817s] -- Installing: /home/robot/ws_moveit2/install/moveit_resources_pr2_description/share/moveit_resources_pr2_description/urdf/meshes/shoulder_v0/shoulder_yaw.stl
[2.817s] -- Installing: /home/robot/ws_moveit2/install/moveit_resources_pr2_description/share/moveit_resources_pr2_description/urdf/meshes/shoulder_v0/shoulder_pan.dae
[2.817s] -- Installing: /home/robot/ws_moveit2/install/moveit_resources_pr2_description/share/moveit_resources_pr2_description/urdf/meshes/shoulder_v0/shoulder_lift.stl
[2.817s] -- Installing: /home/robot/ws_moveit2/install/moveit_resources_pr2_description/share/moveit_resources_pr2_description/urdf/meshes/shoulder_v0/shoulder_lift.dae
[2.818s] -- Installing: /home/robot/ws_moveit2/install/moveit_resources_pr2_description/share/moveit_resources_pr2_description/urdf/meshes/shoulder_v0/upper_arm_roll_color.tif
[2.818s] -- Installing: /home/robot/ws_moveit2/install/moveit_resources_pr2_description/share/moveit_resources_pr2_description/urdf/meshes/shoulder_v0/shoulder_pan.stl
[2.818s] -- Installing: /home/robot/ws_moveit2/install/moveit_resources_pr2_description/share/moveit_resources_pr2_description/urdf/meshes/shoulder_v0/upper_arm_roll.dae
[2.818s] -- Installing: /home/robot/ws_moveit2/install/moveit_resources_pr2_description/share/moveit_resources_pr2_description/urdf/meshes/shoulder_v0/convex
[2.818s] -- Installing: /home/robot/ws_moveit2/install/moveit_resources_pr2_description/share/moveit_resources_pr2_description/urdf/meshes/shoulder_v0/convex/upper_arm_roll_L.xml
[2.819s] -- Installing: /home/robot/ws_moveit2/install/moveit_resources_pr2_description/share/moveit_resources_pr2_description/urdf/meshes/shoulder_v0/convex/shoulder_lift_convex.stlb
[2.819s] -- Installing: /home/robot/ws_moveit2/install/moveit_resources_pr2_description/share/moveit_resources_pr2_description/urdf/meshes/shoulder_v0/convex/upper_arm_roll_L_convex.stlb
[2.819s] -- Installing: /home/robot/ws_moveit2/install/moveit_resources_pr2_description/share/moveit_resources_pr2_description/urdf/meshes/shoulder_v0/convex/upper_arm_roll_L_convex.stla
[2.819s] -- Installing: /home/robot/ws_moveit2/install/moveit_resources_pr2_description/share/moveit_resources_pr2_description/urdf/meshes/shoulder_v0/convex/upper_arm_roll_convex.stla
[2.820s] -- Installing: /home/robot/ws_moveit2/install/moveit_resources_pr2_description/share/moveit_resources_pr2_description/urdf/meshes/shoulder_v0/convex/shoulder_yaw_convex.stlb
[2.820s] -- Installing: /home/robot/ws_moveit2/install/moveit_resources_pr2_description/share/moveit_resources_pr2_description/urdf/meshes/shoulder_v0/convex/shoulder_pan_convex.stla
[2.820s] -- Installing: /home/robot/ws_moveit2/install/moveit_resources_pr2_description/share/moveit_resources_pr2_description/urdf/meshes/shoulder_v0/convex/shoulder_pan.xml
[2.820s] -- Installing: /home/robot/ws_moveit2/install/moveit_resources_pr2_description/share/moveit_resources_pr2_description/urdf/meshes/shoulder_v0/convex/upper_arm_roll.xml
[2.820s] -- Installing: /home/robot/ws_moveit2/install/moveit_resources_pr2_description/share/moveit_resources_pr2_description/urdf/meshes/shoulder_v0/convex/shoulder_lift_convex.stla
[2.821s] -- Installing: /home/robot/ws_moveit2/install/moveit_resources_pr2_description/share/moveit_resources_pr2_description/urdf/meshes/shoulder_v0/convex/shoulder_pan.dae
[2.821s] -- Installing: /home/robot/ws_moveit2/install/moveit_resources_pr2_description/share/moveit_resources_pr2_description/urdf/meshes/shoulder_v0/convex/upper_arm_roll_convex.stlb
[2.821s] -- Installing: /home/robot/ws_moveit2/install/moveit_resources_pr2_description/share/moveit_resources_pr2_description/urdf/meshes/shoulder_v0/convex/shoulder_lift.dae
[2.821s] -- Installing: /home/robot/ws_moveit2/install/moveit_resources_pr2_description/share/moveit_resources_pr2_description/urdf/meshes/shoulder_v0/convex/shoulder_yaw.dae
[2.822s] -- Installing: /home/robot/ws_moveit2/install/moveit_resources_pr2_description/share/moveit_resources_pr2_description/urdf/meshes/shoulder_v0/convex/shoulder_pan_convex.stlb
[2.824s] -- Installing: /home/robot/ws_moveit2/install/moveit_resources_pr2_description/share/moveit_resources_pr2_description/urdf/meshes/shoulder_v0/convex/shoulder_lift.xml
[2.824s] -- Installing: /home/robot/ws_moveit2/install/moveit_resources_pr2_description/share/moveit_resources_pr2_description/urdf/meshes/shoulder_v0/convex/upper_arm_roll.dae
[2.825s] -- Installing: /home/robot/ws_moveit2/install/moveit_resources_pr2_description/share/moveit_resources_pr2_description/urdf/meshes/shoulder_v0/convex/shoulder_yaw_convex.stla
[2.825s] -- Installing: /home/robot/ws_moveit2/install/moveit_resources_pr2_description/share/moveit_resources_pr2_description/urdf/meshes/shoulder_v0/convex/shoulder_yaw.xml
[2.825s] -- Installing: /home/robot/ws_moveit2/install/moveit_resources_pr2_description/share/moveit_resources_pr2_description/urdf/meshes/shoulder_v0/convex/upper_arm_roll_L.dae
[2.826s] -- Installing: /home/robot/ws_moveit2/install/moveit_resources_pr2_description/share/moveit_resources_pr2_description/urdf/meshes/head_v0
[2.826s] -- Installing: /home/robot/ws_moveit2/install/moveit_resources_pr2_description/share/moveit_resources_pr2_description/urdf/meshes/head_v0/head_tilt_normals.tif
[2.827s] -- Installing: /home/robot/ws_moveit2/install/moveit_resources_pr2_description/share/moveit_resources_pr2_description/urdf/meshes/head_v0/head_tilt_green.tif
[2.828s] -- Installing: /home/robot/ws_moveit2/install/moveit_resources_pr2_description/share/moveit_resources_pr2_description/urdf/meshes/head_v0/head_tilt_color_red.tif
[2.828s] -- Installing: /home/robot/ws_moveit2/install/moveit_resources_pr2_description/share/moveit_resources_pr2_description/urdf/meshes/head_v0/head_pan.dae
[2.828s] -- Installing: /home/robot/ws_moveit2/install/moveit_resources_pr2_description/share/moveit_resources_pr2_description/urdf/meshes/head_v0/head_tilt_color_yellow.tif
[2.829s] -- Installing: /home/robot/ws_moveit2/install/moveit_resources_pr2_description/share/moveit_resources_pr2_description/urdf/meshes/head_v0/head_tilt_L.stl
[2.829s] -- Installing: /home/robot/ws_moveit2/install/moveit_resources_pr2_description/share/moveit_resources_pr2_description/urdf/meshes/head_v0/head_tilt.dae
[2.829s] -- Installing: /home/robot/ws_moveit2/install/moveit_resources_pr2_description/share/moveit_resources_pr2_description/urdf/meshes/head_v0/head_tilt.stl
[2.830s] -- Installing: /home/robot/ws_moveit2/install/moveit_resources_pr2_description/share/moveit_resources_pr2_description/urdf/meshes/head_v0/head_pan_color.tif
[2.830s] -- Installing: /home/robot/ws_moveit2/install/moveit_resources_pr2_description/share/moveit_resources_pr2_description/urdf/meshes/head_v0/head_pan_L.stl
[2.831s] -- Installing: /home/robot/ws_moveit2/install/moveit_resources_pr2_description/share/moveit_resources_pr2_description/urdf/meshes/head_v0/head_tilt_color.tif
[2.835s] -- Installing: /home/robot/ws_moveit2/install/moveit_resources_pr2_description/share/moveit_resources_pr2_description/urdf/meshes/head_v0/head_pan.stl
[2.835s] -- Installing: /home/robot/ws_moveit2/install/moveit_resources_pr2_description/share/moveit_resources_pr2_description/urdf/meshes/head_v0/head_pan_normals.tif
[2.838s] -- Installing: /home/robot/ws_moveit2/install/moveit_resources_pr2_description/share/moveit_resources_pr2_description/urdf/meshes/head_v0/convex
[2.838s] -- Installing: /home/robot/ws_moveit2/install/moveit_resources_pr2_description/share/moveit_resources_pr2_description/urdf/meshes/head_v0/convex/head_tilt_convex.stlb
[2.838s] -- Installing: /home/robot/ws_moveit2/install/moveit_resources_pr2_description/share/moveit_resources_pr2_description/urdf/meshes/head_v0/convex/head_tilt_L_convex.stlb
[2.838s] -- Installing: /home/robot/ws_moveit2/install/moveit_resources_pr2_description/share/moveit_resources_pr2_description/urdf/meshes/head_v0/convex/head_pan.dae
[2.839s] -- Installing: /home/robot/ws_moveit2/install/moveit_resources_pr2_description/share/moveit_resources_pr2_description/urdf/meshes/head_v0/convex/head_pan_L.xml
[2.839s] -- Installing: /home/robot/ws_moveit2/install/moveit_resources_pr2_description/share/moveit_resources_pr2_description/urdf/meshes/head_v0/convex/head_tilt.xml
[2.839s] -- Installing: /home/robot/ws_moveit2/install/moveit_resources_pr2_description/share/moveit_resources_pr2_description/urdf/meshes/head_v0/convex/head_tilt_L.xml
[2.839s] -- Installing: /home/robot/ws_moveit2/install/moveit_resources_pr2_description/share/moveit_resources_pr2_description/urdf/meshes/head_v0/convex/head_pan_L_convex.stlb
[2.839s] -- Installing: /home/robot/ws_moveit2/install/moveit_resources_pr2_description/share/moveit_resources_pr2_description/urdf/meshes/head_v0/convex/head_tilt.dae
[2.840s] -- Installing: /home/robot/ws_moveit2/install/moveit_resources_pr2_description/share/moveit_resources_pr2_description/urdf/meshes/head_v0/convex/head_pan_L.dae
[2.840s] -- Installing: /home/robot/ws_moveit2/install/moveit_resources_pr2_description/share/moveit_resources_pr2_description/urdf/meshes/head_v0/convex/head_tilt_L.dae
[2.840s] -- Installing: /home/robot/ws_moveit2/install/moveit_resources_pr2_description/share/moveit_resources_pr2_description/urdf/meshes/head_v0/convex/head_pan_convex.stlb
[2.840s] -- Installing: /home/robot/ws_moveit2/install/moveit_resources_pr2_description/share/moveit_resources_pr2_description/urdf/meshes/head_v0/convex/head_pan.xml
[2.840s] -- Installing: /home/robot/ws_moveit2/install/moveit_resources_pr2_description/share/moveit_resources_pr2_description/urdf/meshes/head_v0/convex/head_tilt_convex.stla
[2.841s] -- Installing: /home/robot/ws_moveit2/install/moveit_resources_pr2_description/share/moveit_resources_pr2_description/urdf/meshes/head_v0/convex/head_pan_L_convex.stla
[2.841s] -- Installing: /home/robot/ws_moveit2/install/moveit_resources_pr2_description/share/moveit_resources_pr2_description/urdf/meshes/head_v0/convex/head_tilt_L_convex.stla
[2.841s] -- Installing: /home/robot/ws_moveit2/install/moveit_resources_pr2_description/share/moveit_resources_pr2_description/urdf/meshes/head_v0/convex/head_pan_convex.stla
[2.841s] -- Installing: /home/robot/ws_moveit2/install/moveit_resources_pr2_description/share/moveit_resources_pr2_description/urdf/meshes/upper_arm_v0
[2.841s] -- Installing: /home/robot/ws_moveit2/install/moveit_resources_pr2_description/share/moveit_resources_pr2_description/urdf/meshes/upper_arm_v0/elbow_flex.dae
[2.841s] -- Installing: /home/robot/ws_moveit2/install/moveit_resources_pr2_description/share/moveit_resources_pr2_description/urdf/meshes/upper_arm_v0/upper_arm.dae
[2.841s] -- Installing: /home/robot/ws_moveit2/install/moveit_resources_pr2_description/share/moveit_resources_pr2_description/urdf/meshes/upper_arm_v0/upper_arm.jpg
[2.842s] -- Installing: /home/robot/ws_moveit2/install/moveit_resources_pr2_description/share/moveit_resources_pr2_description/urdf/meshes/upper_arm_v0/forearm_roll.stl
[2.842s] -- Installing: /home/robot/ws_moveit2/install/moveit_resources_pr2_description/share/moveit_resources_pr2_description/urdf/meshes/upper_arm_v0/upper_arm_normals.tif
[2.844s] -- Installing: /home/robot/ws_moveit2/install/moveit_resources_pr2_description/share/moveit_resources_pr2_description/urdf/meshes/upper_arm_v0/upper_arm.stl
[2.844s] -- Installing: /home/robot/ws_moveit2/install/moveit_resources_pr2_description/share/moveit_resources_pr2_description/urdf/meshes/upper_arm_v0/elbow_flex.stl
[2.845s] -- Installing: /home/robot/ws_moveit2/install/moveit_resources_pr2_description/share/moveit_resources_pr2_description/urdf/meshes/upper_arm_v0/forearm_roll_L.stl
[2.845s] -- Installing: /home/robot/ws_moveit2/install/moveit_resources_pr2_description/share/moveit_resources_pr2_description/urdf/meshes/upper_arm_v0/upper_arm_color.tif
[2.845s] -- Installing: /home/robot/ws_moveit2/install/moveit_resources_pr2_description/share/moveit_resources_pr2_description/urdf/meshes/upper_arm_v0/elbow_flex_color.tif
[2.845s] -- Installing: /home/robot/ws_moveit2/install/moveit_resources_pr2_description/share/moveit_resources_pr2_description/urdf/meshes/upper_arm_v0/elbow_flex_normals.tif
[2.846s] -- Installing: /home/robot/ws_moveit2/install/moveit_resources_pr2_description/share/moveit_resources_pr2_description/urdf/meshes/upper_arm_v0/convex
[2.847s] -- Installing: /home/robot/ws_moveit2/install/moveit_resources_pr2_description/share/moveit_resources_pr2_description/urdf/meshes/upper_arm_v0/convex/elbow_flex.dae
[2.847s] -- Installing: /home/robot/ws_moveit2/install/moveit_resources_pr2_description/share/moveit_resources_pr2_description/urdf/meshes/upper_arm_v0/convex/elbow_flex_convex.stlb
[2.847s] -- Installing: /home/robot/ws_moveit2/install/moveit_resources_pr2_description/share/moveit_resources_pr2_description/urdf/meshes/upper_arm_v0/convex/upper_arm.dae
[2.847s] -- Installing: /home/robot/ws_moveit2/install/moveit_resources_pr2_description/share/moveit_resources_pr2_description/urdf/meshes/upper_arm_v0/convex/upper_arm_convex.stlb
[2.848s] -- Installing: /home/robot/ws_moveit2/install/moveit_resources_pr2_description/share/moveit_resources_pr2_description/urdf/meshes/upper_arm_v0/convex/forearm_roll.xml
[2.848s] -- Installing: /home/robot/ws_moveit2/install/moveit_resources_pr2_description/share/moveit_resources_pr2_description/urdf/meshes/upper_arm_v0/convex/elbow_flex.xml
[2.848s] -- Installing: /home/robot/ws_moveit2/install/moveit_resources_pr2_description/share/moveit_resources_pr2_description/urdf/meshes/upper_arm_v0/convex/upper_arm_convex.stla
[2.848s] -- Installing: /home/robot/ws_moveit2/install/moveit_resources_pr2_description/share/moveit_resources_pr2_description/urdf/meshes/upper_arm_v0/convex/upper_arm.xml
[2.849s] -- Installing: /home/robot/ws_moveit2/install/moveit_resources_pr2_description/share/moveit_resources_pr2_description/urdf/meshes/upper_arm_v0/convex/forearm_roll_L_convex.stla
[2.849s] -- Installing: /home/robot/ws_moveit2/install/moveit_resources_pr2_description/share/moveit_resources_pr2_description/urdf/meshes/upper_arm_v0/convex/forearm_roll_convex.stla
[2.849s] -- Installing: /home/robot/ws_moveit2/install/moveit_resources_pr2_description/share/moveit_resources_pr2_description/urdf/meshes/upper_arm_v0/convex/forearm_roll_L_convex.stlb
[2.849s] -- Installing: /home/robot/ws_moveit2/install/moveit_resources_pr2_description/share/moveit_resources_pr2_description/urdf/meshes/upper_arm_v0/convex/forearm_roll.dae
[2.849s] -- Installing: /home/robot/ws_moveit2/install/moveit_resources_pr2_description/share/moveit_resources_pr2_description/urdf/meshes/upper_arm_v0/convex/forearm_roll_L.xml
[2.850s] -- Installing: /home/robot/ws_moveit2/install/moveit_resources_pr2_description/share/moveit_resources_pr2_description/urdf/meshes/upper_arm_v0/convex/elbow_flex_convex.stla
[2.850s] -- Installing: /home/robot/ws_moveit2/install/moveit_resources_pr2_description/share/moveit_resources_pr2_description/urdf/meshes/upper_arm_v0/convex/forearm_roll_convex.stlb
[2.852s] -- Installing: /home/robot/ws_moveit2/install/moveit_resources_pr2_description/share/moveit_resources_pr2_description/urdf/meshes/upper_arm_v0/convex/forearm_roll_L.dae
[2.853s] -- Installing: /home/robot/ws_moveit2/install/moveit_resources_pr2_description/share/moveit_resources_pr2_description/urdf/meshes/torso_v0
[2.853s] -- Installing: /home/robot/ws_moveit2/install/moveit_resources_pr2_description/share/moveit_resources_pr2_description/urdf/meshes/torso_v0/torso.stl
[2.853s] -- Installing: /home/robot/ws_moveit2/install/moveit_resources_pr2_description/share/moveit_resources_pr2_description/urdf/meshes/torso_v0/torso_lift_color.tif
[2.853s] -- Installing: /home/robot/ws_moveit2/install/moveit_resources_pr2_description/share/moveit_resources_pr2_description/urdf/meshes/torso_v0/torso_lift.dae
[2.853s] -- Installing: /home/robot/ws_moveit2/install/moveit_resources_pr2_description/share/moveit_resources_pr2_description/urdf/meshes/torso_v0/torso_lift_L.stl
[2.854s] -- Installing: /home/robot/ws_moveit2/install/moveit_resources_pr2_description/share/moveit_resources_pr2_description/urdf/meshes/torso_v0/torso_lift.stl
[2.854s] -- Installing: /home/robot/ws_moveit2/install/moveit_resources_pr2_description/share/moveit_resources_pr2_description/urdf/meshes/torso_v0/torso_lift_normals.tif
[2.854s] -- Installing: /home/robot/ws_moveit2/install/moveit_resources_pr2_description/share/moveit_resources_pr2_description/urdf/meshes/torso_v0/convex
[2.854s] -- Installing: /home/robot/ws_moveit2/install/moveit_resources_pr2_description/share/moveit_resources_pr2_description/urdf/meshes/torso_v0/convex/torso.xml
[2.854s] -- Installing: /home/robot/ws_moveit2/install/moveit_resources_pr2_description/share/moveit_resources_pr2_description/urdf/meshes/torso_v0/convex/torso_lift_L.xml
[2.854s] -- Installing: /home/robot/ws_moveit2/install/moveit_resources_pr2_description/share/moveit_resources_pr2_description/urdf/meshes/torso_v0/convex/torso_lift_convex.stla
[2.855s] -- Installing: /home/robot/ws_moveit2/install/moveit_resources_pr2_description/share/moveit_resources_pr2_description/urdf/meshes/torso_v0/convex/torso_convex.stlb
[2.855s] -- Installing: /home/robot/ws_moveit2/install/moveit_resources_pr2_description/share/moveit_resources_pr2_description/urdf/meshes/torso_v0/convex/torso_lift_convex.stlb
[2.855s] -- Installing: /home/robot/ws_moveit2/install/moveit_resources_pr2_description/share/moveit_resources_pr2_description/urdf/meshes/torso_v0/convex/torso_lift_L_convex.stla
[2.855s] -- Installing: /home/robot/ws_moveit2/install/moveit_resources_pr2_description/share/moveit_resources_pr2_description/urdf/meshes/torso_v0/convex/torso_lift.xml
[2.855s] -- Installing: /home/robot/ws_moveit2/install/moveit_resources_pr2_description/share/moveit_resources_pr2_description/urdf/meshes/torso_v0/convex/torso_lift_L.dae
[2.855s] -- Installing: /home/robot/ws_moveit2/install/moveit_resources_pr2_description/share/moveit_resources_pr2_description/urdf/meshes/torso_v0/convex/torso_convex.stla
[2.855s] -- Installing: /home/robot/ws_moveit2/install/moveit_resources_pr2_description/share/moveit_resources_pr2_description/urdf/meshes/torso_v0/convex/torso_lift.dae
[2.855s] -- Installing: /home/robot/ws_moveit2/install/moveit_resources_pr2_description/share/moveit_resources_pr2_description/urdf/meshes/torso_v0/convex/torso.dae
[2.856s] -- Installing: /home/robot/ws_moveit2/install/moveit_resources_pr2_description/share/moveit_resources_pr2_description/urdf/meshes/torso_v0/convex/torso_lift_L_convex.stlb
[2.856s] -- Installing: /home/robot/ws_moveit2/install/moveit_resources_pr2_description/share/moveit_resources_pr2_description/kinect.dae
[2.860s] Invoked command in '/home/robot/ws_moveit2/build/moveit_resources_pr2_description' returned '0': CMAKE_PREFIX_PATH=${CMAKE_PREFIX_PATH}:/home/robot/ws_moveit2/install/motion_planning_python_api:/home/robot/ws_moveit2/install/moveit_configs_utils:/home/robot/ws_moveit2/install/my_robot_first_servo_control:/home/robot/ws_moveit2/install/my_pybullet_package:/home/robot/ws_moveit2/install/launch_param_builder:/home/robot/ros2_ws/install/my_turtlesim_project:/home/robot/ros2_ws/install/my_robot_first_servo_control:/home/robot/ros2_ws/install/my_py_pkg:/home/robot/ros2_ws/install/actions_py:/opt/ros/humble /usr/bin/cmake --install /home/robot/ws_moveit2/build/moveit_resources_pr2_description
