[0.121s] Invoking command in '/home/robot/ws_moveit2/build/my_6DOF_roboticarm': CMAKE_PREFIX_PATH=${CMAKE_PREFIX_PATH}:/home/robot/ws_moveit2/install/moveit_configs_utils:/home/robot/ws_moveit2/install/launch_param_builder:/home/robot/ros2_ws/install/my_turtlesim_project:/home/robot/ros2_ws/install/my_robot_first_servo_control:/home/robot/ros2_ws/install/my_py_pkg:/home/robot/ros2_ws/install/lifecycle_py:/home/robot/ros2_ws/install/course3_project:/home/robot/ros2_ws/install/actions_py:/opt/ros/humble /home/robot/.local/bin/cmake --build /home/robot/ws_moveit2/build/my_6DOF_roboticarm -- -j6 -l6
[0.337s] Invoked command in '/home/robot/ws_moveit2/build/my_6DOF_roboticarm' returned '0': CMAKE_PREFIX_PATH=${CMAKE_PREFIX_PATH}:/home/robot/ws_moveit2/install/moveit_configs_utils:/home/robot/ws_moveit2/install/launch_param_builder:/home/robot/ros2_ws/install/my_turtlesim_project:/home/robot/ros2_ws/install/my_robot_first_servo_control:/home/robot/ros2_ws/install/my_py_pkg:/home/robot/ros2_ws/install/lifecycle_py:/home/robot/ros2_ws/install/course3_project:/home/robot/ros2_ws/install/actions_py:/opt/ros/humble /home/robot/.local/bin/cmake --build /home/robot/ws_moveit2/build/my_6DOF_roboticarm -- -j6 -l6
[0.598s] Invoking command in '/home/robot/ws_moveit2/build/my_6DOF_roboticarm': CMAKE_PREFIX_PATH=${CMAKE_PREFIX_PATH}:/home/robot/ws_moveit2/install/moveit_configs_utils:/home/robot/ws_moveit2/install/launch_param_builder:/home/robot/ros2_ws/install/my_turtlesim_project:/home/robot/ros2_ws/install/my_robot_first_servo_control:/home/robot/ros2_ws/install/my_py_pkg:/home/robot/ros2_ws/install/lifecycle_py:/home/robot/ros2_ws/install/course3_project:/home/robot/ros2_ws/install/actions_py:/opt/ros/humble /home/robot/.local/bin/cmake --install /home/robot/ws_moveit2/build/my_6DOF_roboticarm
[0.813s] -- Install configuration: "Release"
[0.813s] -- Up-to-date: /home/robot/ws_moveit2/install/my_6DOF_roboticarm/share/my_6DOF_roboticarm//urdf
[0.813s] -- Up-to-date: /home/robot/ws_moveit2/install/my_6DOF_roboticarm/share/my_6DOF_roboticarm//urdf/arm_base.xacro
[0.814s] -- Up-to-date: /home/robot/ws_moveit2/install/my_6DOF_roboticarm/share/my_6DOF_roboticarm//urdf/robotic_arm.urdf.xacro
[0.814s] -- Up-to-date: /home/robot/ws_moveit2/install/my_6DOF_roboticarm/share/my_6DOF_roboticarm//urdf/arm_base_gazebo.xacro
[0.814s] -- Up-to-date: /home/robot/ws_moveit2/install/my_6DOF_roboticarm/share/my_6DOF_roboticarm//urdf/common_properties.xacro
[0.814s] -- Up-to-date: /home/robot/ws_moveit2/install/my_6DOF_roboticarm/share/ament_index/resource_index/package_run_dependencies/my_6DOF_roboticarm
[0.815s] -- Up-to-date: /home/robot/ws_moveit2/install/my_6DOF_roboticarm/share/ament_index/resource_index/parent_prefix_path/my_6DOF_roboticarm
[0.815s] -- Up-to-date: /home/robot/ws_moveit2/install/my_6DOF_roboticarm/share/my_6DOF_roboticarm/environment/ament_prefix_path.sh
[0.815s] -- Up-to-date: /home/robot/ws_moveit2/install/my_6DOF_roboticarm/share/my_6DOF_roboticarm/environment/ament_prefix_path.dsv
[0.816s] -- Up-to-date: /home/robot/ws_moveit2/install/my_6DOF_roboticarm/share/my_6DOF_roboticarm/environment/path.sh
[0.816s] -- Up-to-date: /home/robot/ws_moveit2/install/my_6DOF_roboticarm/share/my_6DOF_roboticarm/environment/path.dsv
[0.816s] -- Up-to-date: /home/robot/ws_moveit2/install/my_6DOF_roboticarm/share/my_6DOF_roboticarm/local_setup.bash
[0.816s] -- Up-to-date: /home/robot/ws_moveit2/install/my_6DOF_roboticarm/share/my_6DOF_roboticarm/local_setup.sh
[0.816s] -- Up-to-date: /home/robot/ws_moveit2/install/my_6DOF_roboticarm/share/my_6DOF_roboticarm/local_setup.zsh
[0.817s] -- Up-to-date: /home/robot/ws_moveit2/install/my_6DOF_roboticarm/share/my_6DOF_roboticarm/local_setup.dsv
[0.817s] -- Installing: /home/robot/ws_moveit2/install/my_6DOF_roboticarm/share/my_6DOF_roboticarm/package.dsv
[0.817s] -- Up-to-date: /home/robot/ws_moveit2/install/my_6DOF_roboticarm/share/ament_index/resource_index/packages/my_6DOF_roboticarm
[0.817s] -- Up-to-date: /home/robot/ws_moveit2/install/my_6DOF_roboticarm/share/my_6DOF_roboticarm/cmake/my_6DOF_roboticarmConfig.cmake
[0.818s] -- Up-to-date: /home/robot/ws_moveit2/install/my_6DOF_roboticarm/share/my_6DOF_roboticarm/cmake/my_6DOF_roboticarmConfig-version.cmake
[0.818s] -- Up-to-date: /home/robot/ws_moveit2/install/my_6DOF_roboticarm/share/my_6DOF_roboticarm/package.xml
[0.838s] Invoked command in '/home/robot/ws_moveit2/build/my_6DOF_roboticarm' returned '0': CMAKE_PREFIX_PATH=${CMAKE_PREFIX_PATH}:/home/robot/ws_moveit2/install/moveit_configs_utils:/home/robot/ws_moveit2/install/launch_param_builder:/home/robot/ros2_ws/install/my_turtlesim_project:/home/robot/ros2_ws/install/my_robot_first_servo_control:/home/robot/ros2_ws/install/my_py_pkg:/home/robot/ros2_ws/install/lifecycle_py:/home/robot/ros2_ws/install/course3_project:/home/robot/ros2_ws/install/actions_py:/opt/ros/humble /home/robot/.local/bin/cmake --install /home/robot/ws_moveit2/build/my_6DOF_roboticarm
