[0.000000] (-) TimerEvent: {}
[0.000381] (-) JobUnselected: {'identifier': 'chomp_motion_planner'}
[0.000417] (-) JobUnselected: {'identifier': 'hello_moveit'}
[0.000442] (-) JobUnselected: {'identifier': 'launch_param_builder'}
[0.000463] (-) JobUnselected: {'identifier': 'moveit'}
[0.000482] (-) JobUnselected: {'identifier': 'moveit2_tutorials'}
[0.000502] (-) JobUnselected: {'identifier': 'moveit_chomp_optimizer_adapter'}
[0.000522] (-) JobUnselected: {'identifier': 'moveit_common'}
[0.000541] (-) JobUnselected: {'identifier': 'moveit_configs_utils'}
[0.000559] (-) JobUnselected: {'identifier': 'moveit_core'}
[0.000578] (-) JobUnselected: {'identifier': 'moveit_hybrid_planning'}
[0.000597] (-) JobUnselected: {'identifier': 'moveit_kinematics'}
[0.000657] (-) JobUnselected: {'identifier': 'moveit_planners'}
[0.000682] (-) JobUnselected: {'identifier': 'moveit_planners_chomp'}
[0.000702] (-) JobUnselected: {'identifier': 'moveit_planners_ompl'}
[0.000721] (-) JobUnselected: {'identifier': 'moveit_plugins'}
[0.000740] (-) JobUnselected: {'identifier': 'moveit_resources'}
[0.000759] (-) JobUnselected: {'identifier': 'moveit_resources_fanuc_description'}
[0.000778] (-) JobUnselected: {'identifier': 'moveit_resources_fanuc_moveit_config'}
[0.000797] (-) JobUnselected: {'identifier': 'moveit_resources_panda_description'}
[0.000817] (-) JobUnselected: {'identifier': 'moveit_resources_panda_moveit_config'}
[0.000835] (-) JobUnselected: {'identifier': 'moveit_resources_pr2_description'}
[0.000854] (-) JobUnselected: {'identifier': 'moveit_resources_prbt_ikfast_manipulator_plugin'}
[0.000872] (-) JobUnselected: {'identifier': 'moveit_resources_prbt_moveit_config'}
[0.000890] (-) JobUnselected: {'identifier': 'moveit_resources_prbt_pg70_support'}
[0.000908] (-) JobUnselected: {'identifier': 'moveit_resources_prbt_support'}
[0.000927] (-) JobUnselected: {'identifier': 'moveit_ros'}
[0.000945] (-) JobUnselected: {'identifier': 'moveit_ros_benchmarks'}
[0.000963] (-) JobUnselected: {'identifier': 'moveit_ros_control_interface'}
[0.000981] (-) JobUnselected: {'identifier': 'moveit_ros_move_group'}
[0.000999] (-) JobUnselected: {'identifier': 'moveit_ros_occupancy_map_monitor'}
[0.001018] (-) JobUnselected: {'identifier': 'moveit_ros_perception'}
[0.001036] (-) JobUnselected: {'identifier': 'moveit_ros_planning'}
[0.001055] (-) JobUnselected: {'identifier': 'moveit_ros_planning_interface'}
[0.001073] (-) JobUnselected: {'identifier': 'moveit_ros_robot_interaction'}
[0.001091] (-) JobUnselected: {'identifier': 'moveit_ros_visualization'}
[0.001109] (-) JobUnselected: {'identifier': 'moveit_ros_warehouse'}
[0.001127] (-) JobUnselected: {'identifier': 'moveit_runtime'}
[0.001146] (-) JobUnselected: {'identifier': 'moveit_servo'}
[0.001164] (-) JobUnselected: {'identifier': 'moveit_setup_app_plugins'}
[0.001182] (-) JobUnselected: {'identifier': 'moveit_setup_assistant'}
[0.001200] (-) JobUnselected: {'identifier': 'moveit_setup_controllers'}
[0.001218] (-) JobUnselected: {'identifier': 'moveit_setup_core_plugins'}
[0.001236] (-) JobUnselected: {'identifier': 'moveit_setup_framework'}
[0.001254] (-) JobUnselected: {'identifier': 'moveit_setup_srdf_plugins'}
[0.001272] (-) JobUnselected: {'identifier': 'moveit_simple_controller_manager'}
[0.001291] (-) JobUnselected: {'identifier': 'moveit_task_constructor_capabilities'}
[0.001310] (-) JobUnselected: {'identifier': 'moveit_task_constructor_core'}
[0.001328] (-) JobUnselected: {'identifier': 'moveit_task_constructor_demo'}
[0.001347] (-) JobUnselected: {'identifier': 'moveit_task_constructor_msgs'}
[0.001365] (-) JobUnselected: {'identifier': 'moveit_task_constructor_visualization'}
[0.001383] (-) JobUnselected: {'identifier': 'moveit_visual_tools'}
[0.001401] (-) JobUnselected: {'identifier': 'mtc_tutorial'}
[0.001420] (-) JobUnselected: {'identifier': 'pilz_industrial_motion_planner'}
[0.001438] (-) JobUnselected: {'identifier': 'pilz_industrial_motion_planner_testutils'}
[0.001456] (-) JobUnselected: {'identifier': 'rosparam_shortcuts'}
[0.001474] (-) JobUnselected: {'identifier': 'rviz_marker_tools'}
[0.001503] (-) JobUnselected: {'identifier': 'srdfdom'}
[0.001523] (-) EventReactorShutdown: {}
