[0.070s] Invoking command in '/home/robot/ws_moveit2/build/moveit_resources_myrobot_description': CMAKE_PREFIX_PATH=${CMAKE_PREFIX_PATH}:/home/robot/ws_moveit2/install/moveit_configs_utils:/home/robot/ws_moveit2/install/launch_param_builder:/home/robot/ros2_ws/install/my_turtlesim_project:/home/robot/ros2_ws/install/my_robot_first_servo_control:/home/robot/ros2_ws/install/my_py_pkg:/home/robot/ros2_ws/install/lifecycle_py:/home/robot/ros2_ws/install/course3_project:/home/robot/ros2_ws/install/actions_py:/opt/ros/humble /home/robot/.local/bin/cmake --build /home/robot/ws_moveit2/build/moveit_resources_myrobot_description -- -j6 -l6
[0.300s] Invoked command in '/home/robot/ws_moveit2/build/moveit_resources_myrobot_description' returned '0': CMAKE_PREFIX_PATH=${CMAKE_PREFIX_PATH}:/home/robot/ws_moveit2/install/moveit_configs_utils:/home/robot/ws_moveit2/install/launch_param_builder:/home/robot/ros2_ws/install/my_turtlesim_project:/home/robot/ros2_ws/install/my_robot_first_servo_control:/home/robot/ros2_ws/install/my_py_pkg:/home/robot/ros2_ws/install/lifecycle_py:/home/robot/ros2_ws/install/course3_project:/home/robot/ros2_ws/install/actions_py:/opt/ros/humble /home/robot/.local/bin/cmake --build /home/robot/ws_moveit2/build/moveit_resources_myrobot_description -- -j6 -l6
[0.538s] Invoking command in '/home/robot/ws_moveit2/build/moveit_resources_myrobot_description': CMAKE_PREFIX_PATH=${CMAKE_PREFIX_PATH}:/home/robot/ws_moveit2/install/moveit_configs_utils:/home/robot/ws_moveit2/install/launch_param_builder:/home/robot/ros2_ws/install/my_turtlesim_project:/home/robot/ros2_ws/install/my_robot_first_servo_control:/home/robot/ros2_ws/install/my_py_pkg:/home/robot/ros2_ws/install/lifecycle_py:/home/robot/ros2_ws/install/course3_project:/home/robot/ros2_ws/install/actions_py:/opt/ros/humble /home/robot/.local/bin/cmake --install /home/robot/ws_moveit2/build/moveit_resources_myrobot_description
[0.783s] -- Install configuration: "Release"
[0.783s] -- Up-to-date: /home/robot/ws_moveit2/install/moveit_resources_myrobot_description/share/moveit_resources_myrobot_description//urdf
[0.784s] -- Up-to-date: /home/robot/ws_moveit2/install/moveit_resources_myrobot_description/share/moveit_resources_myrobot_description//urdf/arm_base.xacro
[0.784s] -- Up-to-date: /home/robot/ws_moveit2/install/moveit_resources_myrobot_description/share/moveit_resources_myrobot_description//urdf/robotic_arm.urdf.xacro
[0.784s] -- Up-to-date: /home/robot/ws_moveit2/install/moveit_resources_myrobot_description/share/moveit_resources_myrobot_description//urdf/arm_base_gazebo.xacro
[0.785s] -- Up-to-date: /home/robot/ws_moveit2/install/moveit_resources_myrobot_description/share/moveit_resources_myrobot_description//urdf/common_properties.xacro
[0.785s] -- Up-to-date: /home/robot/ws_moveit2/install/moveit_resources_myrobot_description/share/ament_index/resource_index/package_run_dependencies/moveit_resources_myrobot_description
[0.786s] -- Up-to-date: /home/robot/ws_moveit2/install/moveit_resources_myrobot_description/share/ament_index/resource_index/parent_prefix_path/moveit_resources_myrobot_description
[0.786s] -- Up-to-date: /home/robot/ws_moveit2/install/moveit_resources_myrobot_description/share/moveit_resources_myrobot_description/environment/ament_prefix_path.sh
[0.786s] -- Up-to-date: /home/robot/ws_moveit2/install/moveit_resources_myrobot_description/share/moveit_resources_myrobot_description/environment/ament_prefix_path.dsv
[0.787s] -- Up-to-date: /home/robot/ws_moveit2/install/moveit_resources_myrobot_description/share/moveit_resources_myrobot_description/environment/path.sh
[0.787s] -- Up-to-date: /home/robot/ws_moveit2/install/moveit_resources_myrobot_description/share/moveit_resources_myrobot_description/environment/path.dsv
[0.787s] -- Up-to-date: /home/robot/ws_moveit2/install/moveit_resources_myrobot_description/share/moveit_resources_myrobot_description/local_setup.bash
[0.787s] -- Up-to-date: /home/robot/ws_moveit2/install/moveit_resources_myrobot_description/share/moveit_resources_myrobot_description/local_setup.sh
[0.787s] -- Up-to-date: /home/robot/ws_moveit2/install/moveit_resources_myrobot_description/share/moveit_resources_myrobot_description/local_setup.zsh
[0.787s] -- Up-to-date: /home/robot/ws_moveit2/install/moveit_resources_myrobot_description/share/moveit_resources_myrobot_description/local_setup.dsv
[0.787s] -- Installing: /home/robot/ws_moveit2/install/moveit_resources_myrobot_description/share/moveit_resources_myrobot_description/package.dsv
[0.787s] -- Up-to-date: /home/robot/ws_moveit2/install/moveit_resources_myrobot_description/share/ament_index/resource_index/packages/moveit_resources_myrobot_description
[0.788s] -- Up-to-date: /home/robot/ws_moveit2/install/moveit_resources_myrobot_description/share/moveit_resources_myrobot_description/cmake/moveit_resources_myrobot_descriptionConfig.cmake
[0.788s] -- Up-to-date: /home/robot/ws_moveit2/install/moveit_resources_myrobot_description/share/moveit_resources_myrobot_description/cmake/moveit_resources_myrobot_descriptionConfig-version.cmake
[0.788s] -- Up-to-date: /home/robot/ws_moveit2/install/moveit_resources_myrobot_description/share/moveit_resources_myrobot_description/package.xml
[0.808s] Invoked command in '/home/robot/ws_moveit2/build/moveit_resources_myrobot_description' returned '0': CMAKE_PREFIX_PATH=${CMAKE_PREFIX_PATH}:/home/robot/ws_moveit2/install/moveit_configs_utils:/home/robot/ws_moveit2/install/launch_param_builder:/home/robot/ros2_ws/install/my_turtlesim_project:/home/robot/ros2_ws/install/my_robot_first_servo_control:/home/robot/ros2_ws/install/my_py_pkg:/home/robot/ros2_ws/install/lifecycle_py:/home/robot/ros2_ws/install/course3_project:/home/robot/ros2_ws/install/actions_py:/opt/ros/humble /home/robot/.local/bin/cmake --install /home/robot/ws_moveit2/build/moveit_resources_myrobot_description
