[0.036s] Invoking command in '/home/robot/ws_moveit2/build/my_robot_interfaces': CMAKE_PREFIX_PATH=${CMAKE_PREFIX_PATH}:/home/robot/ws_moveit2/install/moveit_configs_utils:/home/robot/ws_moveit2/install/my_pybullet_package:/home/robot/ws_moveit2/install/launch_param_builder:/home/robot/ros2_ws/install/my_turtlesim_project:/home/robot/ros2_ws/install/my_robot_first_servo_control:/home/robot/ros2_ws/install/my_py_pkg:/home/robot/ros2_ws/install/actions_py:/opt/ros/humble /usr/bin/cmake --build /home/robot/ws_moveit2/build/my_robot_interfaces -- -j4 -l4
[0.145s] [35m[1mConsolidate compiler generated dependencies of target my_robot_interfaces__rosidl_generator_c[0m
[0.168s] [  1%] Built target my_robot_interfaces__cpp
[0.179s] [ 12%] Built target my_robot_interfaces__rosidl_generator_c
[0.189s] [ 12%] Built target ament_cmake_python_copy_my_robot_interfaces
[0.195s] [35m[1mConsolidate compiler generated dependencies of target my_robot_interfaces__rosidl_typesupport_cpp[0m
[0.216s] [ 14%] [34m[1mGenerating C type support for eProsima Fast-RTPS[0m
[0.232s] [ 15%] [32mBuilding CXX object CMakeFiles/my_robot_interfaces__rosidl_typesupport_cpp.dir/rosidl_typesupport_cpp/my_robot_interfaces/msg/led_panel_state__type_support.cpp.o[0m
[0.248s] [ 16%] [32mBuilding CXX object CMakeFiles/my_robot_interfaces__rosidl_typesupport_introspection_cpp.dir/rosidl_typesupport_introspection_cpp/my_robot_interfaces/msg/detail/hardware_status__type_support.cpp.o[0m
[0.254s] [ 18%] [34m[1mGenerating C++ type support for eProsima Fast-RTPS[0m
[0.856s] [ 19%] [32mBuilding CXX object CMakeFiles/my_robot_interfaces__rosidl_typesupport_cpp.dir/rosidl_typesupport_cpp/my_robot_interfaces/srv/compute_rectangle_area__type_support.cpp.o[0m
[1.110s] [ 21%] [32mBuilding CXX object CMakeFiles/my_robot_interfaces__rosidl_typesupport_introspection_cpp.dir/rosidl_typesupport_introspection_cpp/my_robot_interfaces/msg/detail/led_panel_state__type_support.cpp.o[0m
[1.495s] [ 22%] [32mBuilding CXX object CMakeFiles/my_robot_interfaces__rosidl_typesupport_cpp.dir/rosidl_typesupport_cpp/my_robot_interfaces/srv/set_led__type_support.cpp.o[0m
[2.096s] [ 23%] [32mBuilding CXX object CMakeFiles/my_robot_interfaces__rosidl_typesupport_introspection_cpp.dir/rosidl_typesupport_introspection_cpp/my_robot_interfaces/srv/detail/compute_rectangle_area__type_support.cpp.o[0m
[2.136s] [ 25%] [32mBuilding CXX object CMakeFiles/my_robot_interfaces__rosidl_typesupport_cpp.dir/rosidl_typesupport_cpp/my_robot_interfaces/action/count_until__type_support.cpp.o[0m
[2.993s] [ 26%] [32mBuilding CXX object CMakeFiles/my_robot_interfaces__rosidl_typesupport_introspection_cpp.dir/rosidl_typesupport_introspection_cpp/my_robot_interfaces/srv/detail/set_led__type_support.cpp.o[0m
[3.101s] [ 28%] [32mBuilding CXX object CMakeFiles/my_robot_interfaces__rosidl_typesupport_fastrtps_cpp.dir/rosidl_typesupport_fastrtps_cpp/my_robot_interfaces/msg/detail/dds_fastrtps/hardware_status__type_support.cpp.o[0m
[3.233s] [ 29%] [32mBuilding CXX object CMakeFiles/my_robot_interfaces__rosidl_typesupport_fastrtps_c.dir/rosidl_typesupport_fastrtps_c/my_robot_interfaces/msg/detail/hardware_status__type_support_c.cpp.o[0m
[3.265s] [ 30%] [32mBuilding CXX object CMakeFiles/my_robot_interfaces__rosidl_typesupport_cpp.dir/rosidl_typesupport_cpp/my_robot_interfaces/action/one_servo__type_support.cpp.o[0m
[3.907s] [ 32%] [32mBuilding CXX object CMakeFiles/my_robot_interfaces__rosidl_typesupport_introspection_cpp.dir/rosidl_typesupport_introspection_cpp/my_robot_interfaces/action/detail/count_until__type_support.cpp.o[0m
[4.059s] [ 33%] [32mBuilding CXX object CMakeFiles/my_robot_interfaces__rosidl_typesupport_fastrtps_c.dir/rosidl_typesupport_fastrtps_c/my_robot_interfaces/msg/detail/led_panel_state__type_support_c.cpp.o[0m
[4.165s] [ 35%] [32mBuilding CXX object CMakeFiles/my_robot_interfaces__rosidl_typesupport_fastrtps_cpp.dir/rosidl_typesupport_fastrtps_cpp/my_robot_interfaces/msg/detail/dds_fastrtps/led_panel_state__type_support.cpp.o[0m
[4.387s] [ 36%] [32m[1mLinking CXX shared library libmy_robot_interfaces__rosidl_typesupport_cpp.so[0m
[4.519s] [ 39%] Built target my_robot_interfaces__rosidl_typesupport_cpp
[4.550s] [ 40%] [34m[1mGenerating C introspection for ROS interfaces[0m
[4.813s] [ 42%] [32mBuilding CXX object CMakeFiles/my_robot_interfaces__rosidl_typesupport_fastrtps_c.dir/rosidl_typesupport_fastrtps_c/my_robot_interfaces/srv/detail/compute_rectangle_area__type_support_c.cpp.o[0m
[5.196s] [ 43%] [32mBuilding CXX object CMakeFiles/my_robot_interfaces__rosidl_typesupport_fastrtps_cpp.dir/rosidl_typesupport_fastrtps_cpp/my_robot_interfaces/srv/detail/dds_fastrtps/compute_rectangle_area__type_support.cpp.o[0m
[5.305s] [ 45%] [32mBuilding CXX object CMakeFiles/my_robot_interfaces__rosidl_typesupport_introspection_cpp.dir/rosidl_typesupport_introspection_cpp/my_robot_interfaces/action/detail/one_servo__type_support.cpp.o[0m
[5.617s] [ 46%] [32mBuilding CXX object CMakeFiles/my_robot_interfaces__rosidl_typesupport_fastrtps_c.dir/rosidl_typesupport_fastrtps_c/my_robot_interfaces/srv/detail/set_led__type_support_c.cpp.o[0m
[6.181s] [ 47%] [32mBuilding CXX object CMakeFiles/my_robot_interfaces__rosidl_typesupport_fastrtps_cpp.dir/rosidl_typesupport_fastrtps_cpp/my_robot_interfaces/srv/detail/dds_fastrtps/set_led__type_support.cpp.o[0m
[6.386s] [ 49%] [32mBuilding CXX object CMakeFiles/my_robot_interfaces__rosidl_typesupport_fastrtps_c.dir/rosidl_typesupport_fastrtps_c/my_robot_interfaces/action/detail/count_until__type_support_c.cpp.o[0m
[6.910s] [ 50%] [32m[1mLinking CXX shared library libmy_robot_interfaces__rosidl_typesupport_introspection_cpp.so[0m
[7.124s] [ 52%] Built target my_robot_interfaces__rosidl_typesupport_introspection_cpp
[7.131s] [ 53%] [32mBuilding CXX object CMakeFiles/my_robot_interfaces__rosidl_typesupport_fastrtps_cpp.dir/rosidl_typesupport_fastrtps_cpp/my_robot_interfaces/action/detail/dds_fastrtps/count_until__type_support.cpp.o[0m
[7.153s] [ 54%] [34m[1mGenerating C type support dispatch for ROS interfaces[0m
[7.420s] [ 56%] [32mBuilding CXX object CMakeFiles/my_robot_interfaces__rosidl_typesupport_fastrtps_c.dir/rosidl_typesupport_fastrtps_c/my_robot_interfaces/action/detail/one_servo__type_support_c.cpp.o[0m
[7.485s] [ 57%] [32mBuilding C object CMakeFiles/my_robot_interfaces__rosidl_typesupport_introspection_c.dir/rosidl_typesupport_introspection_c/my_robot_interfaces/msg/detail/hardware_status__type_support.c.o[0m
[7.578s] [ 59%] [32mBuilding C object CMakeFiles/my_robot_interfaces__rosidl_typesupport_introspection_c.dir/rosidl_typesupport_introspection_c/my_robot_interfaces/msg/detail/led_panel_state__type_support.c.o[0m
[7.679s] [ 60%] [32mBuilding C object CMakeFiles/my_robot_interfaces__rosidl_typesupport_introspection_c.dir/rosidl_typesupport_introspection_c/my_robot_interfaces/srv/detail/compute_rectangle_area__type_support.c.o[0m
[7.785s] [ 61%] [32mBuilding C object CMakeFiles/my_robot_interfaces__rosidl_typesupport_introspection_c.dir/rosidl_typesupport_introspection_c/my_robot_interfaces/srv/detail/set_led__type_support.c.o[0m
[7.893s] [ 63%] [32mBuilding C object CMakeFiles/my_robot_interfaces__rosidl_typesupport_introspection_c.dir/rosidl_typesupport_introspection_c/my_robot_interfaces/action/detail/count_until__type_support.c.o[0m
[8.051s] [ 64%] [32mBuilding C object CMakeFiles/my_robot_interfaces__rosidl_typesupport_introspection_c.dir/rosidl_typesupport_introspection_c/my_robot_interfaces/action/detail/one_servo__type_support.c.o[0m
[8.253s] [ 66%] [32m[1mLinking C shared library libmy_robot_interfaces__rosidl_typesupport_introspection_c.so[0m
[8.355s] [ 66%] Built target my_robot_interfaces__rosidl_typesupport_introspection_c
[8.456s] [ 67%] [32m[1mLinking CXX shared library libmy_robot_interfaces__rosidl_typesupport_fastrtps_c.so[0m
[8.650s] [ 69%] [32mBuilding CXX object CMakeFiles/my_robot_interfaces__rosidl_typesupport_fastrtps_cpp.dir/rosidl_typesupport_fastrtps_cpp/my_robot_interfaces/action/detail/dds_fastrtps/one_servo__type_support.cpp.o[0m
[8.907s] [ 69%] Built target my_robot_interfaces__rosidl_typesupport_fastrtps_c
[9.309s] [ 70%] [32mBuilding CXX object CMakeFiles/my_robot_interfaces__rosidl_typesupport_c.dir/rosidl_typesupport_c/my_robot_interfaces/msg/hardware_status__type_support.cpp.o[0m
[9.328s] [ 71%] [32mBuilding CXX object CMakeFiles/my_robot_interfaces__rosidl_typesupport_c.dir/rosidl_typesupport_c/my_robot_interfaces/msg/led_panel_state__type_support.cpp.o[0m
[9.430s] [ 73%] [32mBuilding CXX object CMakeFiles/my_robot_interfaces__rosidl_typesupport_c.dir/rosidl_typesupport_c/my_robot_interfaces/srv/compute_rectangle_area__type_support.cpp.o[0m
[9.443s] [ 74%] [32mBuilding CXX object CMakeFiles/my_robot_interfaces__rosidl_typesupport_c.dir/rosidl_typesupport_c/my_robot_interfaces/srv/set_led__type_support.cpp.o[0m
[9.472s] running egg_info
[9.474s] writing my_robot_interfaces.egg-info/PKG-INFO
[9.475s] writing dependency_links to my_robot_interfaces.egg-info/dependency_links.txt
[9.476s] writing top-level names to my_robot_interfaces.egg-info/top_level.txt
[9.485s] reading manifest file 'my_robot_interfaces.egg-info/SOURCES.txt'
[9.494s] writing manifest file 'my_robot_interfaces.egg-info/SOURCES.txt'
[9.531s] [ 76%] [32mBuilding CXX object CMakeFiles/my_robot_interfaces__rosidl_typesupport_c.dir/rosidl_typesupport_c/my_robot_interfaces/action/count_until__type_support.cpp.o[0m
[9.546s] [ 77%] [32mBuilding CXX object CMakeFiles/my_robot_interfaces__rosidl_typesupport_c.dir/rosidl_typesupport_c/my_robot_interfaces/action/one_servo__type_support.cpp.o[0m
[9.572s] [ 77%] Built target ament_cmake_python_build_my_robot_interfaces_egg
[9.681s] [ 78%] [32m[1mLinking CXX shared library libmy_robot_interfaces__rosidl_typesupport_c.so[0m
[9.806s] [ 78%] Built target my_robot_interfaces__rosidl_typesupport_c
[10.495s] [ 80%] [32m[1mLinking CXX shared library libmy_robot_interfaces__rosidl_typesupport_fastrtps_cpp.so[0m
[10.668s] [ 80%] Built target my_robot_interfaces__rosidl_typesupport_fastrtps_cpp
[10.719s] [ 80%] Built target my_robot_interfaces
[10.772s] [ 81%] [34m[1mGenerating Python code for ROS interfaces[0m
[16.642s] [ 81%] Built target my_robot_interfaces__py
[16.697s] [ 83%] [32mBuilding C object CMakeFiles/my_robot_interfaces__rosidl_generator_py.dir/rosidl_generator_py/my_robot_interfaces/srv/_set_led_s.c.o[0m
[16.700s] [ 84%] [32mBuilding C object CMakeFiles/my_robot_interfaces__rosidl_generator_py.dir/rosidl_generator_py/my_robot_interfaces/msg/_hardware_status_s.c.o[0m
[16.701s] [ 85%] [32mBuilding C object CMakeFiles/my_robot_interfaces__rosidl_generator_py.dir/rosidl_generator_py/my_robot_interfaces/msg/_led_panel_state_s.c.o[0m
[16.702s] [ 87%] [32mBuilding C object CMakeFiles/my_robot_interfaces__rosidl_generator_py.dir/rosidl_generator_py/my_robot_interfaces/srv/_compute_rectangle_area_s.c.o[0m
[17.027s] [ 88%] [32mBuilding C object CMakeFiles/my_robot_interfaces__rosidl_generator_py.dir/rosidl_generator_py/my_robot_interfaces/action/_count_until_s.c.o[0m
[17.045s] [ 90%] [32mBuilding C object CMakeFiles/my_robot_interfaces__rosidl_generator_py.dir/rosidl_generator_py/my_robot_interfaces/action/_one_servo_s.c.o[0m
[17.669s] [ 91%] [32m[1mLinking C shared library rosidl_generator_py/my_robot_interfaces/libmy_robot_interfaces__rosidl_generator_py.so[0m
[17.781s] [ 91%] Built target my_robot_interfaces__rosidl_generator_py
[17.837s] [ 92%] [32mBuilding C object CMakeFiles/my_robot_interfaces__rosidl_typesupport_c__pyext.dir/rosidl_generator_py/my_robot_interfaces/_my_robot_interfaces_s.ep.rosidl_typesupport_c.c.o[0m
[17.837s] [ 94%] [32mBuilding C object CMakeFiles/my_robot_interfaces__rosidl_typesupport_introspection_c__pyext.dir/rosidl_generator_py/my_robot_interfaces/_my_robot_interfaces_s.ep.rosidl_typesupport_introspection_c.c.o[0m
[17.844s] [ 95%] [32mBuilding C object CMakeFiles/my_robot_interfaces__rosidl_typesupport_fastrtps_c__pyext.dir/rosidl_generator_py/my_robot_interfaces/_my_robot_interfaces_s.ep.rosidl_typesupport_fastrtps_c.c.o[0m
[18.651s] [ 97%] [32m[1mLinking C shared library rosidl_generator_py/my_robot_interfaces/my_robot_interfaces_s__rosidl_typesupport_introspection_c.cpython-310-x86_64-linux-gnu.so[0m
[18.658s] [ 98%] [32m[1mLinking C shared library rosidl_generator_py/my_robot_interfaces/my_robot_interfaces_s__rosidl_typesupport_c.cpython-310-x86_64-linux-gnu.so[0m
[18.710s] [100%] [32m[1mLinking C shared library rosidl_generator_py/my_robot_interfaces/my_robot_interfaces_s__rosidl_typesupport_fastrtps_c.cpython-310-x86_64-linux-gnu.so[0m
[18.750s] [100%] Built target my_robot_interfaces__rosidl_typesupport_introspection_c__pyext
[18.757s] [100%] Built target my_robot_interfaces__rosidl_typesupport_c__pyext
[18.808s] [100%] Built target my_robot_interfaces__rosidl_typesupport_fastrtps_c__pyext
[18.837s] Invoked command in '/home/robot/ws_moveit2/build/my_robot_interfaces' returned '0': CMAKE_PREFIX_PATH=${CMAKE_PREFIX_PATH}:/home/robot/ws_moveit2/install/moveit_configs_utils:/home/robot/ws_moveit2/install/my_pybullet_package:/home/robot/ws_moveit2/install/launch_param_builder:/home/robot/ros2_ws/install/my_turtlesim_project:/home/robot/ros2_ws/install/my_robot_first_servo_control:/home/robot/ros2_ws/install/my_py_pkg:/home/robot/ros2_ws/install/actions_py:/opt/ros/humble /usr/bin/cmake --build /home/robot/ws_moveit2/build/my_robot_interfaces -- -j4 -l4
[19.395s] Invoking command in '/home/robot/ws_moveit2/build/my_robot_interfaces': CMAKE_PREFIX_PATH=${CMAKE_PREFIX_PATH}:/home/robot/ws_moveit2/install/moveit_configs_utils:/home/robot/ws_moveit2/install/my_pybullet_package:/home/robot/ws_moveit2/install/launch_param_builder:/home/robot/ros2_ws/install/my_turtlesim_project:/home/robot/ros2_ws/install/my_robot_first_servo_control:/home/robot/ros2_ws/install/my_py_pkg:/home/robot/ros2_ws/install/actions_py:/opt/ros/humble /usr/bin/cmake --install /home/robot/ws_moveit2/build/my_robot_interfaces
[19.415s] -- Install configuration: "Release"
[19.415s] -- Installing: /home/robot/ws_moveit2/install/my_robot_interfaces/share/ament_index/resource_index/rosidl_interfaces/my_robot_interfaces
[19.416s] -- Installing: /home/robot/ws_moveit2/install/my_robot_interfaces/include/my_robot_interfaces/my_robot_interfaces
[19.416s] -- Installing: /home/robot/ws_moveit2/install/my_robot_interfaces/include/my_robot_interfaces/my_robot_interfaces/action
[19.416s] -- Installing: /home/robot/ws_moveit2/install/my_robot_interfaces/include/my_robot_interfaces/my_robot_interfaces/action/one_servo.h
[19.417s] -- Installing: /home/robot/ws_moveit2/install/my_robot_interfaces/include/my_robot_interfaces/my_robot_interfaces/action/detail
[19.417s] -- Installing: /home/robot/ws_moveit2/install/my_robot_interfaces/include/my_robot_interfaces/my_robot_interfaces/action/detail/count_until__type_support.h
[19.417s] -- Installing: /home/robot/ws_moveit2/install/my_robot_interfaces/include/my_robot_interfaces/my_robot_interfaces/action/detail/one_servo__functions.c
[19.417s] -- Installing: /home/robot/ws_moveit2/install/my_robot_interfaces/include/my_robot_interfaces/my_robot_interfaces/action/detail/count_until__struct.h
[19.417s] -- Installing: /home/robot/ws_moveit2/install/my_robot_interfaces/include/my_robot_interfaces/my_robot_interfaces/action/detail/count_until__functions.h
[19.418s] -- Installing: /home/robot/ws_moveit2/install/my_robot_interfaces/include/my_robot_interfaces/my_robot_interfaces/action/detail/one_servo__functions.h
[19.418s] -- Installing: /home/robot/ws_moveit2/install/my_robot_interfaces/include/my_robot_interfaces/my_robot_interfaces/action/detail/count_until__functions.c
[19.418s] -- Installing: /home/robot/ws_moveit2/install/my_robot_interfaces/include/my_robot_interfaces/my_robot_interfaces/action/detail/one_servo__struct.h
[19.418s] -- Installing: /home/robot/ws_moveit2/install/my_robot_interfaces/include/my_robot_interfaces/my_robot_interfaces/action/detail/one_servo__type_support.h
[19.419s] -- Installing: /home/robot/ws_moveit2/install/my_robot_interfaces/include/my_robot_interfaces/my_robot_interfaces/action/count_until.h
[19.419s] -- Installing: /home/robot/ws_moveit2/install/my_robot_interfaces/include/my_robot_interfaces/my_robot_interfaces/msg
[19.419s] -- Installing: /home/robot/ws_moveit2/install/my_robot_interfaces/include/my_robot_interfaces/my_robot_interfaces/msg/rosidl_generator_c__visibility_control.h
[19.419s] -- Installing: /home/robot/ws_moveit2/install/my_robot_interfaces/include/my_robot_interfaces/my_robot_interfaces/msg/led_panel_state.h
[19.420s] -- Installing: /home/robot/ws_moveit2/install/my_robot_interfaces/include/my_robot_interfaces/my_robot_interfaces/msg/hardware_status.h
[19.420s] -- Installing: /home/robot/ws_moveit2/install/my_robot_interfaces/include/my_robot_interfaces/my_robot_interfaces/msg/detail
[19.420s] -- Installing: /home/robot/ws_moveit2/install/my_robot_interfaces/include/my_robot_interfaces/my_robot_interfaces/msg/detail/hardware_status__functions.h
[19.420s] -- Installing: /home/robot/ws_moveit2/install/my_robot_interfaces/include/my_robot_interfaces/my_robot_interfaces/msg/detail/hardware_status__functions.c
[19.422s] -- Installing: /home/robot/ws_moveit2/install/my_robot_interfaces/include/my_robot_interfaces/my_robot_interfaces/msg/detail/hardware_status__struct.h
[19.422s] -- Installing: /home/robot/ws_moveit2/install/my_robot_interfaces/include/my_robot_interfaces/my_robot_interfaces/msg/detail/led_panel_state__type_support.h
[19.422s] -- Installing: /home/robot/ws_moveit2/install/my_robot_interfaces/include/my_robot_interfaces/my_robot_interfaces/msg/detail/led_panel_state__struct.h
[19.422s] -- Installing: /home/robot/ws_moveit2/install/my_robot_interfaces/include/my_robot_interfaces/my_robot_interfaces/msg/detail/hardware_status__type_support.h
[19.422s] -- Installing: /home/robot/ws_moveit2/install/my_robot_interfaces/include/my_robot_interfaces/my_robot_interfaces/msg/detail/led_panel_state__functions.c
[19.422s] -- Installing: /home/robot/ws_moveit2/install/my_robot_interfaces/include/my_robot_interfaces/my_robot_interfaces/msg/detail/led_panel_state__functions.h
[19.423s] -- Installing: /home/robot/ws_moveit2/install/my_robot_interfaces/include/my_robot_interfaces/my_robot_interfaces/srv
[19.423s] -- Installing: /home/robot/ws_moveit2/install/my_robot_interfaces/include/my_robot_interfaces/my_robot_interfaces/srv/set_led.h
[19.423s] -- Installing: /home/robot/ws_moveit2/install/my_robot_interfaces/include/my_robot_interfaces/my_robot_interfaces/srv/compute_rectangle_area.h
[19.423s] -- Installing: /home/robot/ws_moveit2/install/my_robot_interfaces/include/my_robot_interfaces/my_robot_interfaces/srv/detail
[19.423s] -- Installing: /home/robot/ws_moveit2/install/my_robot_interfaces/include/my_robot_interfaces/my_robot_interfaces/srv/detail/compute_rectangle_area__type_support.h
[19.423s] -- Installing: /home/robot/ws_moveit2/install/my_robot_interfaces/include/my_robot_interfaces/my_robot_interfaces/srv/detail/set_led__functions.h
[19.424s] -- Installing: /home/robot/ws_moveit2/install/my_robot_interfaces/include/my_robot_interfaces/my_robot_interfaces/srv/detail/compute_rectangle_area__functions.c
[19.424s] -- Installing: /home/robot/ws_moveit2/install/my_robot_interfaces/include/my_robot_interfaces/my_robot_interfaces/srv/detail/set_led__type_support.h
[19.424s] -- Installing: /home/robot/ws_moveit2/install/my_robot_interfaces/include/my_robot_interfaces/my_robot_interfaces/srv/detail/compute_rectangle_area__struct.h
[19.424s] -- Installing: /home/robot/ws_moveit2/install/my_robot_interfaces/include/my_robot_interfaces/my_robot_interfaces/srv/detail/compute_rectangle_area__functions.h
[19.424s] -- Installing: /home/robot/ws_moveit2/install/my_robot_interfaces/include/my_robot_interfaces/my_robot_interfaces/srv/detail/set_led__functions.c
[19.424s] -- Installing: /home/robot/ws_moveit2/install/my_robot_interfaces/include/my_robot_interfaces/my_robot_interfaces/srv/detail/set_led__struct.h
[19.424s] -- Installing: /home/robot/ws_moveit2/install/my_robot_interfaces/share/my_robot_interfaces/environment/library_path.sh
[19.425s] -- Installing: /home/robot/ws_moveit2/install/my_robot_interfaces/share/my_robot_interfaces/environment/library_path.dsv
[19.425s] -- Installing: /home/robot/ws_moveit2/install/my_robot_interfaces/lib/libmy_robot_interfaces__rosidl_generator_c.so
[19.425s] -- Set runtime path of "/home/robot/ws_moveit2/install/my_robot_interfaces/lib/libmy_robot_interfaces__rosidl_generator_c.so" to ""
[19.425s] -- Up-to-date: /home/robot/ws_moveit2/install/my_robot_interfaces/include/my_robot_interfaces/my_robot_interfaces
[19.425s] -- Up-to-date: /home/robot/ws_moveit2/install/my_robot_interfaces/include/my_robot_interfaces/my_robot_interfaces/action
[19.425s] -- Up-to-date: /home/robot/ws_moveit2/install/my_robot_interfaces/include/my_robot_interfaces/my_robot_interfaces/action/detail
[19.426s] -- Installing: /home/robot/ws_moveit2/install/my_robot_interfaces/include/my_robot_interfaces/my_robot_interfaces/action/detail/count_until__rosidl_typesupport_fastrtps_c.h
[19.426s] -- Installing: /home/robot/ws_moveit2/install/my_robot_interfaces/include/my_robot_interfaces/my_robot_interfaces/action/detail/one_servo__rosidl_typesupport_fastrtps_c.h
[19.426s] -- Up-to-date: /home/robot/ws_moveit2/install/my_robot_interfaces/include/my_robot_interfaces/my_robot_interfaces/msg
[19.426s] -- Up-to-date: /home/robot/ws_moveit2/install/my_robot_interfaces/include/my_robot_interfaces/my_robot_interfaces/msg/detail
[19.426s] -- Installing: /home/robot/ws_moveit2/install/my_robot_interfaces/include/my_robot_interfaces/my_robot_interfaces/msg/detail/hardware_status__rosidl_typesupport_fastrtps_c.h
[19.428s] -- Installing: /home/robot/ws_moveit2/install/my_robot_interfaces/include/my_robot_interfaces/my_robot_interfaces/msg/detail/led_panel_state__rosidl_typesupport_fastrtps_c.h
[19.429s] -- Installing: /home/robot/ws_moveit2/install/my_robot_interfaces/include/my_robot_interfaces/my_robot_interfaces/msg/rosidl_typesupport_fastrtps_c__visibility_control.h
[19.429s] -- Up-to-date: /home/robot/ws_moveit2/install/my_robot_interfaces/include/my_robot_interfaces/my_robot_interfaces/srv
[19.429s] -- Up-to-date: /home/robot/ws_moveit2/install/my_robot_interfaces/include/my_robot_interfaces/my_robot_interfaces/srv/detail
[19.429s] -- Installing: /home/robot/ws_moveit2/install/my_robot_interfaces/include/my_robot_interfaces/my_robot_interfaces/srv/detail/compute_rectangle_area__rosidl_typesupport_fastrtps_c.h
[19.429s] -- Installing: /home/robot/ws_moveit2/install/my_robot_interfaces/include/my_robot_interfaces/my_robot_interfaces/srv/detail/set_led__rosidl_typesupport_fastrtps_c.h
[19.429s] -- Installing: /home/robot/ws_moveit2/install/my_robot_interfaces/lib/libmy_robot_interfaces__rosidl_typesupport_fastrtps_c.so
[19.430s] -- Set runtime path of "/home/robot/ws_moveit2/install/my_robot_interfaces/lib/libmy_robot_interfaces__rosidl_typesupport_fastrtps_c.so" to ""
[19.430s] -- Up-to-date: /home/robot/ws_moveit2/install/my_robot_interfaces/include/my_robot_interfaces/my_robot_interfaces
[19.430s] -- Up-to-date: /home/robot/ws_moveit2/install/my_robot_interfaces/include/my_robot_interfaces/my_robot_interfaces/action
[19.430s] -- Up-to-date: /home/robot/ws_moveit2/install/my_robot_interfaces/include/my_robot_interfaces/my_robot_interfaces/action/detail
[19.430s] -- Installing: /home/robot/ws_moveit2/install/my_robot_interfaces/include/my_robot_interfaces/my_robot_interfaces/action/detail/count_until__rosidl_typesupport_introspection_c.h
[19.431s] -- Installing: /home/robot/ws_moveit2/install/my_robot_interfaces/include/my_robot_interfaces/my_robot_interfaces/action/detail/count_until__type_support.c
[19.431s] -- Installing: /home/robot/ws_moveit2/install/my_robot_interfaces/include/my_robot_interfaces/my_robot_interfaces/action/detail/one_servo__type_support.c
[19.431s] -- Installing: /home/robot/ws_moveit2/install/my_robot_interfaces/include/my_robot_interfaces/my_robot_interfaces/action/detail/one_servo__rosidl_typesupport_introspection_c.h
[19.431s] -- Up-to-date: /home/robot/ws_moveit2/install/my_robot_interfaces/include/my_robot_interfaces/my_robot_interfaces/msg
[19.431s] -- Installing: /home/robot/ws_moveit2/install/my_robot_interfaces/include/my_robot_interfaces/my_robot_interfaces/msg/rosidl_typesupport_introspection_c__visibility_control.h
[19.431s] -- Up-to-date: /home/robot/ws_moveit2/install/my_robot_interfaces/include/my_robot_interfaces/my_robot_interfaces/msg/detail
[19.432s] -- Installing: /home/robot/ws_moveit2/install/my_robot_interfaces/include/my_robot_interfaces/my_robot_interfaces/msg/detail/led_panel_state__type_support.c
[19.432s] -- Installing: /home/robot/ws_moveit2/install/my_robot_interfaces/include/my_robot_interfaces/my_robot_interfaces/msg/detail/hardware_status__rosidl_typesupport_introspection_c.h
[19.432s] -- Installing: /home/robot/ws_moveit2/install/my_robot_interfaces/include/my_robot_interfaces/my_robot_interfaces/msg/detail/hardware_status__type_support.c
[19.432s] -- Installing: /home/robot/ws_moveit2/install/my_robot_interfaces/include/my_robot_interfaces/my_robot_interfaces/msg/detail/led_panel_state__rosidl_typesupport_introspection_c.h
[19.432s] -- Up-to-date: /home/robot/ws_moveit2/install/my_robot_interfaces/include/my_robot_interfaces/my_robot_interfaces/srv
[19.433s] -- Up-to-date: /home/robot/ws_moveit2/install/my_robot_interfaces/include/my_robot_interfaces/my_robot_interfaces/srv/detail
[19.433s] -- Installing: /home/robot/ws_moveit2/install/my_robot_interfaces/include/my_robot_interfaces/my_robot_interfaces/srv/detail/compute_rectangle_area__rosidl_typesupport_introspection_c.h
[19.433s] -- Installing: /home/robot/ws_moveit2/install/my_robot_interfaces/include/my_robot_interfaces/my_robot_interfaces/srv/detail/compute_rectangle_area__type_support.c
[19.433s] -- Installing: /home/robot/ws_moveit2/install/my_robot_interfaces/include/my_robot_interfaces/my_robot_interfaces/srv/detail/set_led__type_support.c
[19.433s] -- Installing: /home/robot/ws_moveit2/install/my_robot_interfaces/include/my_robot_interfaces/my_robot_interfaces/srv/detail/set_led__rosidl_typesupport_introspection_c.h
[19.433s] -- Installing: /home/robot/ws_moveit2/install/my_robot_interfaces/lib/libmy_robot_interfaces__rosidl_typesupport_introspection_c.so
[19.434s] -- Set runtime path of "/home/robot/ws_moveit2/install/my_robot_interfaces/lib/libmy_robot_interfaces__rosidl_typesupport_introspection_c.so" to ""
[19.434s] -- Installing: /home/robot/ws_moveit2/install/my_robot_interfaces/lib/libmy_robot_interfaces__rosidl_typesupport_c.so
[19.434s] -- Set runtime path of "/home/robot/ws_moveit2/install/my_robot_interfaces/lib/libmy_robot_interfaces__rosidl_typesupport_c.so" to ""
[19.434s] -- Up-to-date: /home/robot/ws_moveit2/install/my_robot_interfaces/include/my_robot_interfaces/my_robot_interfaces
[19.435s] -- Up-to-date: /home/robot/ws_moveit2/install/my_robot_interfaces/include/my_robot_interfaces/my_robot_interfaces/action
[19.435s] -- Installing: /home/robot/ws_moveit2/install/my_robot_interfaces/include/my_robot_interfaces/my_robot_interfaces/action/count_until.hpp
[19.435s] -- Installing: /home/robot/ws_moveit2/install/my_robot_interfaces/include/my_robot_interfaces/my_robot_interfaces/action/one_servo.hpp
[19.435s] -- Up-to-date: /home/robot/ws_moveit2/install/my_robot_interfaces/include/my_robot_interfaces/my_robot_interfaces/action/detail
[19.435s] -- Installing: /home/robot/ws_moveit2/install/my_robot_interfaces/include/my_robot_interfaces/my_robot_interfaces/action/detail/one_servo__builder.hpp
[19.436s] -- Installing: /home/robot/ws_moveit2/install/my_robot_interfaces/include/my_robot_interfaces/my_robot_interfaces/action/detail/count_until__traits.hpp
[19.436s] -- Installing: /home/robot/ws_moveit2/install/my_robot_interfaces/include/my_robot_interfaces/my_robot_interfaces/action/detail/one_servo__traits.hpp
[19.436s] -- Installing: /home/robot/ws_moveit2/install/my_robot_interfaces/include/my_robot_interfaces/my_robot_interfaces/action/detail/one_servo__struct.hpp
[19.436s] -- Installing: /home/robot/ws_moveit2/install/my_robot_interfaces/include/my_robot_interfaces/my_robot_interfaces/action/detail/count_until__builder.hpp
[19.436s] -- Installing: /home/robot/ws_moveit2/install/my_robot_interfaces/include/my_robot_interfaces/my_robot_interfaces/action/detail/count_until__struct.hpp
[19.437s] -- Up-to-date: /home/robot/ws_moveit2/install/my_robot_interfaces/include/my_robot_interfaces/my_robot_interfaces/msg
[19.437s] -- Installing: /home/robot/ws_moveit2/install/my_robot_interfaces/include/my_robot_interfaces/my_robot_interfaces/msg/led_panel_state.hpp
[19.437s] -- Installing: /home/robot/ws_moveit2/install/my_robot_interfaces/include/my_robot_interfaces/my_robot_interfaces/msg/hardware_status.hpp
[19.437s] -- Up-to-date: /home/robot/ws_moveit2/install/my_robot_interfaces/include/my_robot_interfaces/my_robot_interfaces/msg/detail
[19.437s] -- Installing: /home/robot/ws_moveit2/install/my_robot_interfaces/include/my_robot_interfaces/my_robot_interfaces/msg/detail/led_panel_state__traits.hpp
[19.437s] -- Installing: /home/robot/ws_moveit2/install/my_robot_interfaces/include/my_robot_interfaces/my_robot_interfaces/msg/detail/led_panel_state__struct.hpp
[19.438s] -- Installing: /home/robot/ws_moveit2/install/my_robot_interfaces/include/my_robot_interfaces/my_robot_interfaces/msg/detail/led_panel_state__builder.hpp
[19.438s] -- Installing: /home/robot/ws_moveit2/install/my_robot_interfaces/include/my_robot_interfaces/my_robot_interfaces/msg/detail/hardware_status__traits.hpp
[19.438s] -- Installing: /home/robot/ws_moveit2/install/my_robot_interfaces/include/my_robot_interfaces/my_robot_interfaces/msg/detail/hardware_status__struct.hpp
[19.438s] -- Installing: /home/robot/ws_moveit2/install/my_robot_interfaces/include/my_robot_interfaces/my_robot_interfaces/msg/detail/hardware_status__builder.hpp
[19.438s] -- Up-to-date: /home/robot/ws_moveit2/install/my_robot_interfaces/include/my_robot_interfaces/my_robot_interfaces/srv
[19.438s] -- Installing: /home/robot/ws_moveit2/install/my_robot_interfaces/include/my_robot_interfaces/my_robot_interfaces/srv/set_led.hpp
[19.439s] -- Installing: /home/robot/ws_moveit2/install/my_robot_interfaces/include/my_robot_interfaces/my_robot_interfaces/srv/compute_rectangle_area.hpp
[19.439s] -- Up-to-date: /home/robot/ws_moveit2/install/my_robot_interfaces/include/my_robot_interfaces/my_robot_interfaces/srv/detail
[19.439s] -- Installing: /home/robot/ws_moveit2/install/my_robot_interfaces/include/my_robot_interfaces/my_robot_interfaces/srv/detail/set_led__builder.hpp
[19.439s] -- Installing: /home/robot/ws_moveit2/install/my_robot_interfaces/include/my_robot_interfaces/my_robot_interfaces/srv/detail/compute_rectangle_area__builder.hpp
[19.439s] -- Installing: /home/robot/ws_moveit2/install/my_robot_interfaces/include/my_robot_interfaces/my_robot_interfaces/srv/detail/set_led__struct.hpp
[19.440s] -- Installing: /home/robot/ws_moveit2/install/my_robot_interfaces/include/my_robot_interfaces/my_robot_interfaces/srv/detail/compute_rectangle_area__traits.hpp
[19.440s] -- Installing: /home/robot/ws_moveit2/install/my_robot_interfaces/include/my_robot_interfaces/my_robot_interfaces/srv/detail/set_led__traits.hpp
[19.440s] -- Installing: /home/robot/ws_moveit2/install/my_robot_interfaces/include/my_robot_interfaces/my_robot_interfaces/srv/detail/compute_rectangle_area__struct.hpp
[19.440s] -- Up-to-date: /home/robot/ws_moveit2/install/my_robot_interfaces/include/my_robot_interfaces/my_robot_interfaces
[19.440s] -- Up-to-date: /home/robot/ws_moveit2/install/my_robot_interfaces/include/my_robot_interfaces/my_robot_interfaces/action
[19.441s] -- Up-to-date: /home/robot/ws_moveit2/install/my_robot_interfaces/include/my_robot_interfaces/my_robot_interfaces/action/detail
[19.441s] -- Installing: /home/robot/ws_moveit2/install/my_robot_interfaces/include/my_robot_interfaces/my_robot_interfaces/action/detail/dds_fastrtps
[19.441s] -- Installing: /home/robot/ws_moveit2/install/my_robot_interfaces/include/my_robot_interfaces/my_robot_interfaces/action/detail/count_until__rosidl_typesupport_fastrtps_cpp.hpp
[19.441s] -- Installing: /home/robot/ws_moveit2/install/my_robot_interfaces/include/my_robot_interfaces/my_robot_interfaces/action/detail/one_servo__rosidl_typesupport_fastrtps_cpp.hpp
[19.441s] -- Up-to-date: /home/robot/ws_moveit2/install/my_robot_interfaces/include/my_robot_interfaces/my_robot_interfaces/msg
[19.441s] -- Installing: /home/robot/ws_moveit2/install/my_robot_interfaces/include/my_robot_interfaces/my_robot_interfaces/msg/rosidl_typesupport_fastrtps_cpp__visibility_control.h
[19.442s] -- Up-to-date: /home/robot/ws_moveit2/install/my_robot_interfaces/include/my_robot_interfaces/my_robot_interfaces/msg/detail
[19.442s] -- Installing: /home/robot/ws_moveit2/install/my_robot_interfaces/include/my_robot_interfaces/my_robot_interfaces/msg/detail/dds_fastrtps
[19.442s] -- Installing: /home/robot/ws_moveit2/install/my_robot_interfaces/include/my_robot_interfaces/my_robot_interfaces/msg/detail/led_panel_state__rosidl_typesupport_fastrtps_cpp.hpp
[19.442s] -- Installing: /home/robot/ws_moveit2/install/my_robot_interfaces/include/my_robot_interfaces/my_robot_interfaces/msg/detail/hardware_status__rosidl_typesupport_fastrtps_cpp.hpp
[19.442s] -- Up-to-date: /home/robot/ws_moveit2/install/my_robot_interfaces/include/my_robot_interfaces/my_robot_interfaces/srv
[19.443s] -- Up-to-date: /home/robot/ws_moveit2/install/my_robot_interfaces/include/my_robot_interfaces/my_robot_interfaces/srv/detail
[19.443s] -- Installing: /home/robot/ws_moveit2/install/my_robot_interfaces/include/my_robot_interfaces/my_robot_interfaces/srv/detail/dds_fastrtps
[19.443s] -- Installing: /home/robot/ws_moveit2/install/my_robot_interfaces/include/my_robot_interfaces/my_robot_interfaces/srv/detail/compute_rectangle_area__rosidl_typesupport_fastrtps_cpp.hpp
[19.443s] -- Installing: /home/robot/ws_moveit2/install/my_robot_interfaces/include/my_robot_interfaces/my_robot_interfaces/srv/detail/set_led__rosidl_typesupport_fastrtps_cpp.hpp
[19.443s] -- Installing: /home/robot/ws_moveit2/install/my_robot_interfaces/lib/libmy_robot_interfaces__rosidl_typesupport_fastrtps_cpp.so
[19.445s] -- Set runtime path of "/home/robot/ws_moveit2/install/my_robot_interfaces/lib/libmy_robot_interfaces__rosidl_typesupport_fastrtps_cpp.so" to ""
[19.445s] -- Up-to-date: /home/robot/ws_moveit2/install/my_robot_interfaces/include/my_robot_interfaces/my_robot_interfaces
[19.445s] -- Up-to-date: /home/robot/ws_moveit2/install/my_robot_interfaces/include/my_robot_interfaces/my_robot_interfaces/action
[19.445s] -- Up-to-date: /home/robot/ws_moveit2/install/my_robot_interfaces/include/my_robot_interfaces/my_robot_interfaces/action/detail
[19.446s] -- Installing: /home/robot/ws_moveit2/install/my_robot_interfaces/include/my_robot_interfaces/my_robot_interfaces/action/detail/one_servo__type_support.cpp
[19.446s] -- Installing: /home/robot/ws_moveit2/install/my_robot_interfaces/include/my_robot_interfaces/my_robot_interfaces/action/detail/count_until__rosidl_typesupport_introspection_cpp.hpp
[19.446s] -- Installing: /home/robot/ws_moveit2/install/my_robot_interfaces/include/my_robot_interfaces/my_robot_interfaces/action/detail/count_until__type_support.cpp
[19.446s] -- Installing: /home/robot/ws_moveit2/install/my_robot_interfaces/include/my_robot_interfaces/my_robot_interfaces/action/detail/one_servo__rosidl_typesupport_introspection_cpp.hpp
[19.446s] -- Up-to-date: /home/robot/ws_moveit2/install/my_robot_interfaces/include/my_robot_interfaces/my_robot_interfaces/msg
[19.446s] -- Up-to-date: /home/robot/ws_moveit2/install/my_robot_interfaces/include/my_robot_interfaces/my_robot_interfaces/msg/detail
[19.446s] -- Installing: /home/robot/ws_moveit2/install/my_robot_interfaces/include/my_robot_interfaces/my_robot_interfaces/msg/detail/hardware_status__rosidl_typesupport_introspection_cpp.hpp
[19.447s] -- Installing: /home/robot/ws_moveit2/install/my_robot_interfaces/include/my_robot_interfaces/my_robot_interfaces/msg/detail/led_panel_state__type_support.cpp
[19.447s] -- Installing: /home/robot/ws_moveit2/install/my_robot_interfaces/include/my_robot_interfaces/my_robot_interfaces/msg/detail/hardware_status__type_support.cpp
[19.447s] -- Installing: /home/robot/ws_moveit2/install/my_robot_interfaces/include/my_robot_interfaces/my_robot_interfaces/msg/detail/led_panel_state__rosidl_typesupport_introspection_cpp.hpp
[19.447s] -- Up-to-date: /home/robot/ws_moveit2/install/my_robot_interfaces/include/my_robot_interfaces/my_robot_interfaces/srv
[19.447s] -- Up-to-date: /home/robot/ws_moveit2/install/my_robot_interfaces/include/my_robot_interfaces/my_robot_interfaces/srv/detail
[19.447s] -- Installing: /home/robot/ws_moveit2/install/my_robot_interfaces/include/my_robot_interfaces/my_robot_interfaces/srv/detail/compute_rectangle_area__rosidl_typesupport_introspection_cpp.hpp
[19.448s] -- Installing: /home/robot/ws_moveit2/install/my_robot_interfaces/include/my_robot_interfaces/my_robot_interfaces/srv/detail/set_led__rosidl_typesupport_introspection_cpp.hpp
[19.448s] -- Installing: /home/robot/ws_moveit2/install/my_robot_interfaces/include/my_robot_interfaces/my_robot_interfaces/srv/detail/compute_rectangle_area__type_support.cpp
[19.448s] -- Installing: /home/robot/ws_moveit2/install/my_robot_interfaces/include/my_robot_interfaces/my_robot_interfaces/srv/detail/set_led__type_support.cpp
[19.448s] -- Installing: /home/robot/ws_moveit2/install/my_robot_interfaces/lib/libmy_robot_interfaces__rosidl_typesupport_introspection_cpp.so
[19.448s] -- Set runtime path of "/home/robot/ws_moveit2/install/my_robot_interfaces/lib/libmy_robot_interfaces__rosidl_typesupport_introspection_cpp.so" to ""
[19.448s] -- Installing: /home/robot/ws_moveit2/install/my_robot_interfaces/lib/libmy_robot_interfaces__rosidl_typesupport_cpp.so
[19.449s] -- Set runtime path of "/home/robot/ws_moveit2/install/my_robot_interfaces/lib/libmy_robot_interfaces__rosidl_typesupport_cpp.so" to ""
[19.449s] -- Installing: /home/robot/ws_moveit2/install/my_robot_interfaces/share/my_robot_interfaces/environment/pythonpath.sh
[19.449s] -- Installing: /home/robot/ws_moveit2/install/my_robot_interfaces/share/my_robot_interfaces/environment/pythonpath.dsv
[19.449s] -- Installing: /home/robot/ws_moveit2/install/my_robot_interfaces/local/lib/python3.10/dist-packages/my_robot_interfaces-0.0.0-py3.10.egg-info
[19.449s] -- Installing: /home/robot/ws_moveit2/install/my_robot_interfaces/local/lib/python3.10/dist-packages/my_robot_interfaces-0.0.0-py3.10.egg-info/dependency_links.txt
[19.450s] -- Installing: /home/robot/ws_moveit2/install/my_robot_interfaces/local/lib/python3.10/dist-packages/my_robot_interfaces-0.0.0-py3.10.egg-info/PKG-INFO
[19.450s] -- Installing: /home/robot/ws_moveit2/install/my_robot_interfaces/local/lib/python3.10/dist-packages/my_robot_interfaces-0.0.0-py3.10.egg-info/SOURCES.txt
[19.450s] -- Installing: /home/robot/ws_moveit2/install/my_robot_interfaces/local/lib/python3.10/dist-packages/my_robot_interfaces-0.0.0-py3.10.egg-info/top_level.txt
[19.450s] -- Installing: /home/robot/ws_moveit2/install/my_robot_interfaces/local/lib/python3.10/dist-packages/my_robot_interfaces
[19.450s] -- Installing: /home/robot/ws_moveit2/install/my_robot_interfaces/local/lib/python3.10/dist-packages/my_robot_interfaces/action
[19.450s] -- Installing: /home/robot/ws_moveit2/install/my_robot_interfaces/local/lib/python3.10/dist-packages/my_robot_interfaces/action/_one_servo.py
[19.451s] -- Installing: /home/robot/ws_moveit2/install/my_robot_interfaces/local/lib/python3.10/dist-packages/my_robot_interfaces/action/_count_until_s.c
[19.451s] -- Installing: /home/robot/ws_moveit2/install/my_robot_interfaces/local/lib/python3.10/dist-packages/my_robot_interfaces/action/_count_until.py
[19.451s] -- Installing: /home/robot/ws_moveit2/install/my_robot_interfaces/local/lib/python3.10/dist-packages/my_robot_interfaces/action/__init__.py
[19.451s] -- Installing: /home/robot/ws_moveit2/install/my_robot_interfaces/local/lib/python3.10/dist-packages/my_robot_interfaces/action/_one_servo_s.c
[19.452s] -- Installing: /home/robot/ws_moveit2/install/my_robot_interfaces/local/lib/python3.10/dist-packages/my_robot_interfaces/msg
[19.452s] -- Installing: /home/robot/ws_moveit2/install/my_robot_interfaces/local/lib/python3.10/dist-packages/my_robot_interfaces/msg/_hardware_status.py
[19.452s] -- Installing: /home/robot/ws_moveit2/install/my_robot_interfaces/local/lib/python3.10/dist-packages/my_robot_interfaces/msg/_led_panel_state.py
[19.452s] -- Installing: /home/robot/ws_moveit2/install/my_robot_interfaces/local/lib/python3.10/dist-packages/my_robot_interfaces/msg/_hardware_status_s.c
[19.453s] -- Installing: /home/robot/ws_moveit2/install/my_robot_interfaces/local/lib/python3.10/dist-packages/my_robot_interfaces/msg/__init__.py
[19.453s] -- Installing: /home/robot/ws_moveit2/install/my_robot_interfaces/local/lib/python3.10/dist-packages/my_robot_interfaces/msg/_led_panel_state_s.c
[19.453s] -- Installing: /home/robot/ws_moveit2/install/my_robot_interfaces/local/lib/python3.10/dist-packages/my_robot_interfaces/_my_robot_interfaces_s.ep.rosidl_typesupport_fastrtps_c.c
[19.453s] -- Installing: /home/robot/ws_moveit2/install/my_robot_interfaces/local/lib/python3.10/dist-packages/my_robot_interfaces/_my_robot_interfaces_s.ep.rosidl_typesupport_introspection_c.c
[19.454s] -- Installing: /home/robot/ws_moveit2/install/my_robot_interfaces/local/lib/python3.10/dist-packages/my_robot_interfaces/libmy_robot_interfaces__rosidl_generator_py.so
[19.454s] -- Installing: /home/robot/ws_moveit2/install/my_robot_interfaces/local/lib/python3.10/dist-packages/my_robot_interfaces/srv
[19.454s] -- Installing: /home/robot/ws_moveit2/install/my_robot_interfaces/local/lib/python3.10/dist-packages/my_robot_interfaces/srv/_set_led.py
[19.454s] -- Installing: /home/robot/ws_moveit2/install/my_robot_interfaces/local/lib/python3.10/dist-packages/my_robot_interfaces/srv/_set_led_s.c
[19.454s] -- Installing: /home/robot/ws_moveit2/install/my_robot_interfaces/local/lib/python3.10/dist-packages/my_robot_interfaces/srv/_compute_rectangle_area.py
[19.455s] -- Installing: /home/robot/ws_moveit2/install/my_robot_interfaces/local/lib/python3.10/dist-packages/my_robot_interfaces/srv/__init__.py
[19.455s] -- Installing: /home/robot/ws_moveit2/install/my_robot_interfaces/local/lib/python3.10/dist-packages/my_robot_interfaces/srv/_compute_rectangle_area_s.c
[19.455s] -- Installing: /home/robot/ws_moveit2/install/my_robot_interfaces/local/lib/python3.10/dist-packages/my_robot_interfaces/_my_robot_interfaces_s.ep.rosidl_typesupport_c.c
[19.455s] -- Installing: /home/robot/ws_moveit2/install/my_robot_interfaces/local/lib/python3.10/dist-packages/my_robot_interfaces/__init__.py
[19.456s] -- Installing: /home/robot/ws_moveit2/install/my_robot_interfaces/local/lib/python3.10/dist-packages/my_robot_interfaces/my_robot_interfaces_s__rosidl_typesupport_c.cpython-310-x86_64-linux-gnu.so
[19.456s] -- Installing: /home/robot/ws_moveit2/install/my_robot_interfaces/local/lib/python3.10/dist-packages/my_robot_interfaces/my_robot_interfaces_s__rosidl_typesupport_introspection_c.cpython-310-x86_64-linux-gnu.so
[19.456s] -- Installing: /home/robot/ws_moveit2/install/my_robot_interfaces/local/lib/python3.10/dist-packages/my_robot_interfaces/my_robot_interfaces_s__rosidl_typesupport_fastrtps_c.cpython-310-x86_64-linux-gnu.so
[19.570s] Listing '/home/robot/ws_moveit2/install/my_robot_interfaces/local/lib/python3.10/dist-packages/my_robot_interfaces'...
[19.570s] Compiling '/home/robot/ws_moveit2/install/my_robot_interfaces/local/lib/python3.10/dist-packages/my_robot_interfaces/__init__.py'...
[19.570s] Listing '/home/robot/ws_moveit2/install/my_robot_interfaces/local/lib/python3.10/dist-packages/my_robot_interfaces/action'...
[19.570s] Compiling '/home/robot/ws_moveit2/install/my_robot_interfaces/local/lib/python3.10/dist-packages/my_robot_interfaces/action/__init__.py'...
[19.570s] Compiling '/home/robot/ws_moveit2/install/my_robot_interfaces/local/lib/python3.10/dist-packages/my_robot_interfaces/action/_count_until.py'...
[19.571s] Compiling '/home/robot/ws_moveit2/install/my_robot_interfaces/local/lib/python3.10/dist-packages/my_robot_interfaces/action/_one_servo.py'...
[19.571s] Listing '/home/robot/ws_moveit2/install/my_robot_interfaces/local/lib/python3.10/dist-packages/my_robot_interfaces/msg'...
[19.571s] Compiling '/home/robot/ws_moveit2/install/my_robot_interfaces/local/lib/python3.10/dist-packages/my_robot_interfaces/msg/__init__.py'...
[19.571s] Compiling '/home/robot/ws_moveit2/install/my_robot_interfaces/local/lib/python3.10/dist-packages/my_robot_interfaces/msg/_hardware_status.py'...
[19.571s] Compiling '/home/robot/ws_moveit2/install/my_robot_interfaces/local/lib/python3.10/dist-packages/my_robot_interfaces/msg/_led_panel_state.py'...
[19.571s] Listing '/home/robot/ws_moveit2/install/my_robot_interfaces/local/lib/python3.10/dist-packages/my_robot_interfaces/srv'...
[19.571s] Compiling '/home/robot/ws_moveit2/install/my_robot_interfaces/local/lib/python3.10/dist-packages/my_robot_interfaces/srv/__init__.py'...
[19.572s] Compiling '/home/robot/ws_moveit2/install/my_robot_interfaces/local/lib/python3.10/dist-packages/my_robot_interfaces/srv/_compute_rectangle_area.py'...
[19.572s] Compiling '/home/robot/ws_moveit2/install/my_robot_interfaces/local/lib/python3.10/dist-packages/my_robot_interfaces/srv/_set_led.py'...
[19.579s] -- Installing: /home/robot/ws_moveit2/install/my_robot_interfaces/local/lib/python3.10/dist-packages/my_robot_interfaces/my_robot_interfaces_s__rosidl_typesupport_fastrtps_c.cpython-310-x86_64-linux-gnu.so
[19.579s] -- Set runtime path of "/home/robot/ws_moveit2/install/my_robot_interfaces/local/lib/python3.10/dist-packages/my_robot_interfaces/my_robot_interfaces_s__rosidl_typesupport_fastrtps_c.cpython-310-x86_64-linux-gnu.so" to ""
[19.580s] -- Installing: /home/robot/ws_moveit2/install/my_robot_interfaces/local/lib/python3.10/dist-packages/my_robot_interfaces/my_robot_interfaces_s__rosidl_typesupport_introspection_c.cpython-310-x86_64-linux-gnu.so
[19.580s] -- Set runtime path of "/home/robot/ws_moveit2/install/my_robot_interfaces/local/lib/python3.10/dist-packages/my_robot_interfaces/my_robot_interfaces_s__rosidl_typesupport_introspection_c.cpython-310-x86_64-linux-gnu.so" to ""
[19.581s] -- Installing: /home/robot/ws_moveit2/install/my_robot_interfaces/local/lib/python3.10/dist-packages/my_robot_interfaces/my_robot_interfaces_s__rosidl_typesupport_c.cpython-310-x86_64-linux-gnu.so
[19.581s] -- Set runtime path of "/home/robot/ws_moveit2/install/my_robot_interfaces/local/lib/python3.10/dist-packages/my_robot_interfaces/my_robot_interfaces_s__rosidl_typesupport_c.cpython-310-x86_64-linux-gnu.so" to ""
[19.582s] -- Installing: /home/robot/ws_moveit2/install/my_robot_interfaces/lib/libmy_robot_interfaces__rosidl_generator_py.so
[19.582s] -- Set runtime path of "/home/robot/ws_moveit2/install/my_robot_interfaces/lib/libmy_robot_interfaces__rosidl_generator_py.so" to ""
[19.583s] -- Installing: /home/robot/ws_moveit2/install/my_robot_interfaces/share/my_robot_interfaces/msg/HardwareStatus.idl
[19.583s] -- Installing: /home/robot/ws_moveit2/install/my_robot_interfaces/share/my_robot_interfaces/msg/LedPanelState.idl
[19.583s] -- Installing: /home/robot/ws_moveit2/install/my_robot_interfaces/share/my_robot_interfaces/srv/ComputeRectangleArea.idl
[19.583s] -- Installing: /home/robot/ws_moveit2/install/my_robot_interfaces/share/my_robot_interfaces/srv/SetLed.idl
[19.584s] -- Installing: /home/robot/ws_moveit2/install/my_robot_interfaces/share/my_robot_interfaces/action/CountUntil.idl
[19.584s] -- Installing: /home/robot/ws_moveit2/install/my_robot_interfaces/share/my_robot_interfaces/action/OneServo.idl
[19.584s] -- Installing: /home/robot/ws_moveit2/install/my_robot_interfaces/share/my_robot_interfaces/msg/HardwareStatus.msg
[19.584s] -- Installing: /home/robot/ws_moveit2/install/my_robot_interfaces/share/my_robot_interfaces/msg/LedPanelState.msg
[19.585s] -- Installing: /home/robot/ws_moveit2/install/my_robot_interfaces/share/my_robot_interfaces/srv/ComputeRectangleArea.srv
[19.585s] -- Installing: /home/robot/ws_moveit2/install/my_robot_interfaces/share/my_robot_interfaces/srv/ComputeRectangleArea_Request.msg
[19.585s] -- Installing: /home/robot/ws_moveit2/install/my_robot_interfaces/share/my_robot_interfaces/srv/ComputeRectangleArea_Response.msg
[19.585s] -- Installing: /home/robot/ws_moveit2/install/my_robot_interfaces/share/my_robot_interfaces/srv/SetLed.srv
[19.585s] -- Installing: /home/robot/ws_moveit2/install/my_robot_interfaces/share/my_robot_interfaces/srv/SetLed_Request.msg
[19.586s] -- Installing: /home/robot/ws_moveit2/install/my_robot_interfaces/share/my_robot_interfaces/srv/SetLed_Response.msg
[19.586s] -- Installing: /home/robot/ws_moveit2/install/my_robot_interfaces/share/my_robot_interfaces/action/CountUntil.action
[19.586s] -- Installing: /home/robot/ws_moveit2/install/my_robot_interfaces/share/my_robot_interfaces/action/OneServo.action
[19.586s] -- Installing: /home/robot/ws_moveit2/install/my_robot_interfaces/share/ament_index/resource_index/package_run_dependencies/my_robot_interfaces
[19.587s] -- Installing: /home/robot/ws_moveit2/install/my_robot_interfaces/share/ament_index/resource_index/parent_prefix_path/my_robot_interfaces
[19.587s] -- Installing: /home/robot/ws_moveit2/install/my_robot_interfaces/share/my_robot_interfaces/environment/ament_prefix_path.sh
[19.587s] -- Installing: /home/robot/ws_moveit2/install/my_robot_interfaces/share/my_robot_interfaces/environment/ament_prefix_path.dsv
[19.588s] -- Installing: /home/robot/ws_moveit2/install/my_robot_interfaces/share/my_robot_interfaces/environment/path.sh
[19.588s] -- Installing: /home/robot/ws_moveit2/install/my_robot_interfaces/share/my_robot_interfaces/environment/path.dsv
[19.588s] -- Installing: /home/robot/ws_moveit2/install/my_robot_interfaces/share/my_robot_interfaces/local_setup.bash
[19.588s] -- Installing: /home/robot/ws_moveit2/install/my_robot_interfaces/share/my_robot_interfaces/local_setup.sh
[19.589s] -- Installing: /home/robot/ws_moveit2/install/my_robot_interfaces/share/my_robot_interfaces/local_setup.zsh
[19.589s] -- Installing: /home/robot/ws_moveit2/install/my_robot_interfaces/share/my_robot_interfaces/local_setup.dsv
[19.589s] -- Installing: /home/robot/ws_moveit2/install/my_robot_interfaces/share/my_robot_interfaces/package.dsv
[19.589s] -- Installing: /home/robot/ws_moveit2/install/my_robot_interfaces/share/ament_index/resource_index/packages/my_robot_interfaces
[19.590s] -- Installing: /home/robot/ws_moveit2/install/my_robot_interfaces/share/my_robot_interfaces/cmake/export_my_robot_interfaces__rosidl_generator_cExport.cmake
[19.590s] -- Installing: /home/robot/ws_moveit2/install/my_robot_interfaces/share/my_robot_interfaces/cmake/export_my_robot_interfaces__rosidl_generator_cExport-release.cmake
[19.590s] -- Installing: /home/robot/ws_moveit2/install/my_robot_interfaces/share/my_robot_interfaces/cmake/export_my_robot_interfaces__rosidl_typesupport_fastrtps_cExport.cmake
[19.591s] -- Installing: /home/robot/ws_moveit2/install/my_robot_interfaces/share/my_robot_interfaces/cmake/export_my_robot_interfaces__rosidl_typesupport_fastrtps_cExport-release.cmake
[19.591s] -- Installing: /home/robot/ws_moveit2/install/my_robot_interfaces/share/my_robot_interfaces/cmake/my_robot_interfaces__rosidl_typesupport_introspection_cExport.cmake
[19.591s] -- Installing: /home/robot/ws_moveit2/install/my_robot_interfaces/share/my_robot_interfaces/cmake/my_robot_interfaces__rosidl_typesupport_introspection_cExport-release.cmake
[19.592s] -- Installing: /home/robot/ws_moveit2/install/my_robot_interfaces/share/my_robot_interfaces/cmake/my_robot_interfaces__rosidl_typesupport_cExport.cmake
[19.592s] -- Installing: /home/robot/ws_moveit2/install/my_robot_interfaces/share/my_robot_interfaces/cmake/my_robot_interfaces__rosidl_typesupport_cExport-release.cmake
[19.592s] -- Installing: /home/robot/ws_moveit2/install/my_robot_interfaces/share/my_robot_interfaces/cmake/export_my_robot_interfaces__rosidl_generator_cppExport.cmake
[19.593s] -- Installing: /home/robot/ws_moveit2/install/my_robot_interfaces/share/my_robot_interfaces/cmake/export_my_robot_interfaces__rosidl_typesupport_fastrtps_cppExport.cmake
[19.593s] -- Installing: /home/robot/ws_moveit2/install/my_robot_interfaces/share/my_robot_interfaces/cmake/export_my_robot_interfaces__rosidl_typesupport_fastrtps_cppExport-release.cmake
[19.593s] -- Installing: /home/robot/ws_moveit2/install/my_robot_interfaces/share/my_robot_interfaces/cmake/my_robot_interfaces__rosidl_typesupport_introspection_cppExport.cmake
[19.593s] -- Installing: /home/robot/ws_moveit2/install/my_robot_interfaces/share/my_robot_interfaces/cmake/my_robot_interfaces__rosidl_typesupport_introspection_cppExport-release.cmake
[19.594s] -- Installing: /home/robot/ws_moveit2/install/my_robot_interfaces/share/my_robot_interfaces/cmake/my_robot_interfaces__rosidl_typesupport_cppExport.cmake
[19.594s] -- Installing: /home/robot/ws_moveit2/install/my_robot_interfaces/share/my_robot_interfaces/cmake/my_robot_interfaces__rosidl_typesupport_cppExport-release.cmake
[19.594s] -- Installing: /home/robot/ws_moveit2/install/my_robot_interfaces/share/my_robot_interfaces/cmake/export_my_robot_interfaces__rosidl_generator_pyExport.cmake
[19.594s] -- Installing: /home/robot/ws_moveit2/install/my_robot_interfaces/share/my_robot_interfaces/cmake/export_my_robot_interfaces__rosidl_generator_pyExport-release.cmake
[19.595s] -- Installing: /home/robot/ws_moveit2/install/my_robot_interfaces/share/my_robot_interfaces/cmake/rosidl_cmake-extras.cmake
[19.595s] -- Installing: /home/robot/ws_moveit2/install/my_robot_interfaces/share/my_robot_interfaces/cmake/ament_cmake_export_dependencies-extras.cmake
[19.595s] -- Installing: /home/robot/ws_moveit2/install/my_robot_interfaces/share/my_robot_interfaces/cmake/ament_cmake_export_include_directories-extras.cmake
[19.595s] -- Installing: /home/robot/ws_moveit2/install/my_robot_interfaces/share/my_robot_interfaces/cmake/ament_cmake_export_libraries-extras.cmake
[19.595s] -- Installing: /home/robot/ws_moveit2/install/my_robot_interfaces/share/my_robot_interfaces/cmake/ament_cmake_export_targets-extras.cmake
[19.596s] -- Installing: /home/robot/ws_moveit2/install/my_robot_interfaces/share/my_robot_interfaces/cmake/rosidl_cmake_export_typesupport_targets-extras.cmake
[19.596s] -- Installing: /home/robot/ws_moveit2/install/my_robot_interfaces/share/my_robot_interfaces/cmake/rosidl_cmake_export_typesupport_libraries-extras.cmake
[19.596s] -- Installing: /home/robot/ws_moveit2/install/my_robot_interfaces/share/my_robot_interfaces/cmake/my_robot_interfacesConfig.cmake
[19.596s] -- Installing: /home/robot/ws_moveit2/install/my_robot_interfaces/share/my_robot_interfaces/cmake/my_robot_interfacesConfig-version.cmake
[19.596s] -- Installing: /home/robot/ws_moveit2/install/my_robot_interfaces/share/my_robot_interfaces/package.xml
[19.601s] Invoked command in '/home/robot/ws_moveit2/build/my_robot_interfaces' returned '0': CMAKE_PREFIX_PATH=${CMAKE_PREFIX_PATH}:/home/robot/ws_moveit2/install/moveit_configs_utils:/home/robot/ws_moveit2/install/my_pybullet_package:/home/robot/ws_moveit2/install/launch_param_builder:/home/robot/ros2_ws/install/my_turtlesim_project:/home/robot/ros2_ws/install/my_robot_first_servo_control:/home/robot/ros2_ws/install/my_py_pkg:/home/robot/ros2_ws/install/actions_py:/opt/ros/humble /usr/bin/cmake --install /home/robot/ws_moveit2/build/my_robot_interfaces
