[0.040s] Invoking command in '/home/robot/ws_moveit2/build/my_robot_interfaces': CMAKE_PREFIX_PATH=${CMAKE_PREFIX_PATH}:/home/robot/ws_moveit2/install/my_robot_first_servo_control:/home/robot/ws_moveit2/install/moveit_configs_utils:/home/robot/ws_moveit2/install/my_pybullet_package:/home/robot/ws_moveit2/install/launch_param_builder:/home/robot/ros2_ws/install/my_turtlesim_project:/home/robot/ros2_ws/install/my_robot_first_servo_control:/home/robot/ros2_ws/install/my_py_pkg:/home/robot/ros2_ws/install/actions_py:/opt/ros/humble /usr/bin/cmake --build /home/robot/ws_moveit2/build/my_robot_interfaces -- -j4 -l4
[0.167s] [  1%] Built target my_robot_interfaces__cpp
[0.176s] [ 12%] Built target my_robot_interfaces__rosidl_generator_c
[0.199s] [ 12%] Built target ament_cmake_python_copy_my_robot_interfaces
[0.231s] [ 23%] Built target my_robot_interfaces__rosidl_typesupport_cpp
[0.231s] [ 35%] Built target my_robot_interfaces__rosidl_typesupport_fastrtps_cpp
[0.244s] [ 46%] Built target my_robot_interfaces__rosidl_typesupport_introspection_cpp
[0.266s] [ 57%] Built target my_robot_interfaces__rosidl_typesupport_fastrtps_c
[0.289s] [ 69%] Built target my_robot_interfaces__rosidl_typesupport_introspection_c
[0.294s] [ 80%] Built target my_robot_interfaces__rosidl_typesupport_c
[0.349s] [ 80%] Built target my_robot_interfaces
[0.401s] [ 81%] Built target my_robot_interfaces__py
[0.468s] [ 91%] Built target my_robot_interfaces__rosidl_generator_py
[0.528s] [ 94%] Built target my_robot_interfaces__rosidl_typesupport_fastrtps_c__pyext
[0.529s] [ 97%] Built target my_robot_interfaces__rosidl_typesupport_c__pyext
[0.533s] [100%] Built target my_robot_interfaces__rosidl_typesupport_introspection_c__pyext
[0.889s] running egg_info
[0.890s] writing my_robot_interfaces.egg-info/PKG-INFO
[0.891s] writing dependency_links to my_robot_interfaces.egg-info/dependency_links.txt
[0.891s] writing top-level names to my_robot_interfaces.egg-info/top_level.txt
[0.897s] reading manifest file 'my_robot_interfaces.egg-info/SOURCES.txt'
[0.899s] writing manifest file 'my_robot_interfaces.egg-info/SOURCES.txt'
[0.950s] [100%] Built target ament_cmake_python_build_my_robot_interfaces_egg
[0.978s] Invoked command in '/home/robot/ws_moveit2/build/my_robot_interfaces' returned '0': CMAKE_PREFIX_PATH=${CMAKE_PREFIX_PATH}:/home/robot/ws_moveit2/install/my_robot_first_servo_control:/home/robot/ws_moveit2/install/moveit_configs_utils:/home/robot/ws_moveit2/install/my_pybullet_package:/home/robot/ws_moveit2/install/launch_param_builder:/home/robot/ros2_ws/install/my_turtlesim_project:/home/robot/ros2_ws/install/my_robot_first_servo_control:/home/robot/ros2_ws/install/my_py_pkg:/home/robot/ros2_ws/install/actions_py:/opt/ros/humble /usr/bin/cmake --build /home/robot/ws_moveit2/build/my_robot_interfaces -- -j4 -l4
[1.527s] Invoking command in '/home/robot/ws_moveit2/build/my_robot_interfaces': CMAKE_PREFIX_PATH=${CMAKE_PREFIX_PATH}:/home/robot/ws_moveit2/install/my_robot_first_servo_control:/home/robot/ws_moveit2/install/moveit_configs_utils:/home/robot/ws_moveit2/install/my_pybullet_package:/home/robot/ws_moveit2/install/launch_param_builder:/home/robot/ros2_ws/install/my_turtlesim_project:/home/robot/ros2_ws/install/my_robot_first_servo_control:/home/robot/ros2_ws/install/my_py_pkg:/home/robot/ros2_ws/install/actions_py:/opt/ros/humble /usr/bin/cmake --install /home/robot/ws_moveit2/build/my_robot_interfaces
[1.546s] -- Install configuration: "Release"
[1.547s] -- Up-to-date: /home/robot/ws_moveit2/install/my_robot_interfaces/share/ament_index/resource_index/rosidl_interfaces/my_robot_interfaces
[1.547s] -- Up-to-date: /home/robot/ws_moveit2/install/my_robot_interfaces/include/my_robot_interfaces/my_robot_interfaces
[1.547s] -- Up-to-date: /home/robot/ws_moveit2/install/my_robot_interfaces/include/my_robot_interfaces/my_robot_interfaces/action
[1.547s] -- Up-to-date: /home/robot/ws_moveit2/install/my_robot_interfaces/include/my_robot_interfaces/my_robot_interfaces/action/one_servo.h
[1.547s] -- Up-to-date: /home/robot/ws_moveit2/install/my_robot_interfaces/include/my_robot_interfaces/my_robot_interfaces/action/detail
[1.548s] -- Up-to-date: /home/robot/ws_moveit2/install/my_robot_interfaces/include/my_robot_interfaces/my_robot_interfaces/action/detail/count_until__type_support.h
[1.548s] -- Up-to-date: /home/robot/ws_moveit2/install/my_robot_interfaces/include/my_robot_interfaces/my_robot_interfaces/action/detail/one_servo__functions.c
[1.548s] -- Up-to-date: /home/robot/ws_moveit2/install/my_robot_interfaces/include/my_robot_interfaces/my_robot_interfaces/action/detail/count_until__struct.h
[1.548s] -- Up-to-date: /home/robot/ws_moveit2/install/my_robot_interfaces/include/my_robot_interfaces/my_robot_interfaces/action/detail/count_until__functions.h
[1.549s] -- Up-to-date: /home/robot/ws_moveit2/install/my_robot_interfaces/include/my_robot_interfaces/my_robot_interfaces/action/detail/one_servo__functions.h
[1.549s] -- Up-to-date: /home/robot/ws_moveit2/install/my_robot_interfaces/include/my_robot_interfaces/my_robot_interfaces/action/detail/count_until__functions.c
[1.549s] -- Up-to-date: /home/robot/ws_moveit2/install/my_robot_interfaces/include/my_robot_interfaces/my_robot_interfaces/action/detail/one_servo__struct.h
[1.549s] -- Up-to-date: /home/robot/ws_moveit2/install/my_robot_interfaces/include/my_robot_interfaces/my_robot_interfaces/action/detail/one_servo__type_support.h
[1.549s] -- Up-to-date: /home/robot/ws_moveit2/install/my_robot_interfaces/include/my_robot_interfaces/my_robot_interfaces/action/count_until.h
[1.549s] -- Up-to-date: /home/robot/ws_moveit2/install/my_robot_interfaces/include/my_robot_interfaces/my_robot_interfaces/msg
[1.549s] -- Up-to-date: /home/robot/ws_moveit2/install/my_robot_interfaces/include/my_robot_interfaces/my_robot_interfaces/msg/rosidl_generator_c__visibility_control.h
[1.550s] -- Up-to-date: /home/robot/ws_moveit2/install/my_robot_interfaces/include/my_robot_interfaces/my_robot_interfaces/msg/led_panel_state.h
[1.550s] -- Up-to-date: /home/robot/ws_moveit2/install/my_robot_interfaces/include/my_robot_interfaces/my_robot_interfaces/msg/hardware_status.h
[1.550s] -- Up-to-date: /home/robot/ws_moveit2/install/my_robot_interfaces/include/my_robot_interfaces/my_robot_interfaces/msg/detail
[1.550s] -- Up-to-date: /home/robot/ws_moveit2/install/my_robot_interfaces/include/my_robot_interfaces/my_robot_interfaces/msg/detail/hardware_status__functions.h
[1.550s] -- Up-to-date: /home/robot/ws_moveit2/install/my_robot_interfaces/include/my_robot_interfaces/my_robot_interfaces/msg/detail/hardware_status__functions.c
[1.551s] -- Up-to-date: /home/robot/ws_moveit2/install/my_robot_interfaces/include/my_robot_interfaces/my_robot_interfaces/msg/detail/hardware_status__struct.h
[1.551s] -- Up-to-date: /home/robot/ws_moveit2/install/my_robot_interfaces/include/my_robot_interfaces/my_robot_interfaces/msg/detail/led_panel_state__type_support.h
[1.551s] -- Up-to-date: /home/robot/ws_moveit2/install/my_robot_interfaces/include/my_robot_interfaces/my_robot_interfaces/msg/detail/led_panel_state__struct.h
[1.551s] -- Up-to-date: /home/robot/ws_moveit2/install/my_robot_interfaces/include/my_robot_interfaces/my_robot_interfaces/msg/detail/hardware_status__type_support.h
[1.551s] -- Up-to-date: /home/robot/ws_moveit2/install/my_robot_interfaces/include/my_robot_interfaces/my_robot_interfaces/msg/detail/led_panel_state__functions.c
[1.551s] -- Up-to-date: /home/robot/ws_moveit2/install/my_robot_interfaces/include/my_robot_interfaces/my_robot_interfaces/msg/detail/led_panel_state__functions.h
[1.552s] -- Up-to-date: /home/robot/ws_moveit2/install/my_robot_interfaces/include/my_robot_interfaces/my_robot_interfaces/srv
[1.552s] -- Up-to-date: /home/robot/ws_moveit2/install/my_robot_interfaces/include/my_robot_interfaces/my_robot_interfaces/srv/set_led.h
[1.552s] -- Up-to-date: /home/robot/ws_moveit2/install/my_robot_interfaces/include/my_robot_interfaces/my_robot_interfaces/srv/compute_rectangle_area.h
[1.552s] -- Up-to-date: /home/robot/ws_moveit2/install/my_robot_interfaces/include/my_robot_interfaces/my_robot_interfaces/srv/detail
[1.552s] -- Up-to-date: /home/robot/ws_moveit2/install/my_robot_interfaces/include/my_robot_interfaces/my_robot_interfaces/srv/detail/compute_rectangle_area__type_support.h
[1.552s] -- Up-to-date: /home/robot/ws_moveit2/install/my_robot_interfaces/include/my_robot_interfaces/my_robot_interfaces/srv/detail/set_led__functions.h
[1.553s] -- Up-to-date: /home/robot/ws_moveit2/install/my_robot_interfaces/include/my_robot_interfaces/my_robot_interfaces/srv/detail/compute_rectangle_area__functions.c
[1.553s] -- Up-to-date: /home/robot/ws_moveit2/install/my_robot_interfaces/include/my_robot_interfaces/my_robot_interfaces/srv/detail/set_led__type_support.h
[1.553s] -- Up-to-date: /home/robot/ws_moveit2/install/my_robot_interfaces/include/my_robot_interfaces/my_robot_interfaces/srv/detail/compute_rectangle_area__struct.h
[1.553s] -- Up-to-date: /home/robot/ws_moveit2/install/my_robot_interfaces/include/my_robot_interfaces/my_robot_interfaces/srv/detail/compute_rectangle_area__functions.h
[1.553s] -- Up-to-date: /home/robot/ws_moveit2/install/my_robot_interfaces/include/my_robot_interfaces/my_robot_interfaces/srv/detail/set_led__functions.c
[1.553s] -- Up-to-date: /home/robot/ws_moveit2/install/my_robot_interfaces/include/my_robot_interfaces/my_robot_interfaces/srv/detail/set_led__struct.h
[1.553s] -- Up-to-date: /home/robot/ws_moveit2/install/my_robot_interfaces/share/my_robot_interfaces/environment/library_path.sh
[1.554s] -- Up-to-date: /home/robot/ws_moveit2/install/my_robot_interfaces/share/my_robot_interfaces/environment/library_path.dsv
[1.554s] -- Up-to-date: /home/robot/ws_moveit2/install/my_robot_interfaces/lib/libmy_robot_interfaces__rosidl_generator_c.so
[1.554s] -- Up-to-date: /home/robot/ws_moveit2/install/my_robot_interfaces/include/my_robot_interfaces/my_robot_interfaces
[1.554s] -- Up-to-date: /home/robot/ws_moveit2/install/my_robot_interfaces/include/my_robot_interfaces/my_robot_interfaces/action
[1.554s] -- Up-to-date: /home/robot/ws_moveit2/install/my_robot_interfaces/include/my_robot_interfaces/my_robot_interfaces/action/detail
[1.554s] -- Up-to-date: /home/robot/ws_moveit2/install/my_robot_interfaces/include/my_robot_interfaces/my_robot_interfaces/action/detail/count_until__rosidl_typesupport_fastrtps_c.h
[1.555s] -- Up-to-date: /home/robot/ws_moveit2/install/my_robot_interfaces/include/my_robot_interfaces/my_robot_interfaces/action/detail/one_servo__rosidl_typesupport_fastrtps_c.h
[1.555s] -- Up-to-date: /home/robot/ws_moveit2/install/my_robot_interfaces/include/my_robot_interfaces/my_robot_interfaces/msg
[1.555s] -- Up-to-date: /home/robot/ws_moveit2/install/my_robot_interfaces/include/my_robot_interfaces/my_robot_interfaces/msg/detail
[1.556s] -- Up-to-date: /home/robot/ws_moveit2/install/my_robot_interfaces/include/my_robot_interfaces/my_robot_interfaces/msg/detail/hardware_status__rosidl_typesupport_fastrtps_c.h
[1.556s] -- Up-to-date: /home/robot/ws_moveit2/install/my_robot_interfaces/include/my_robot_interfaces/my_robot_interfaces/msg/detail/led_panel_state__rosidl_typesupport_fastrtps_c.h
[1.556s] -- Up-to-date: /home/robot/ws_moveit2/install/my_robot_interfaces/include/my_robot_interfaces/my_robot_interfaces/msg/rosidl_typesupport_fastrtps_c__visibility_control.h
[1.556s] -- Up-to-date: /home/robot/ws_moveit2/install/my_robot_interfaces/include/my_robot_interfaces/my_robot_interfaces/srv
[1.556s] -- Up-to-date: /home/robot/ws_moveit2/install/my_robot_interfaces/include/my_robot_interfaces/my_robot_interfaces/srv/detail
[1.556s] -- Up-to-date: /home/robot/ws_moveit2/install/my_robot_interfaces/include/my_robot_interfaces/my_robot_interfaces/srv/detail/compute_rectangle_area__rosidl_typesupport_fastrtps_c.h
[1.557s] -- Up-to-date: /home/robot/ws_moveit2/install/my_robot_interfaces/include/my_robot_interfaces/my_robot_interfaces/srv/detail/set_led__rosidl_typesupport_fastrtps_c.h
[1.557s] -- Up-to-date: /home/robot/ws_moveit2/install/my_robot_interfaces/lib/libmy_robot_interfaces__rosidl_typesupport_fastrtps_c.so
[1.557s] -- Up-to-date: /home/robot/ws_moveit2/install/my_robot_interfaces/include/my_robot_interfaces/my_robot_interfaces
[1.557s] -- Up-to-date: /home/robot/ws_moveit2/install/my_robot_interfaces/include/my_robot_interfaces/my_robot_interfaces/action
[1.557s] -- Up-to-date: /home/robot/ws_moveit2/install/my_robot_interfaces/include/my_robot_interfaces/my_robot_interfaces/action/detail
[1.557s] -- Up-to-date: /home/robot/ws_moveit2/install/my_robot_interfaces/include/my_robot_interfaces/my_robot_interfaces/action/detail/count_until__rosidl_typesupport_introspection_c.h
[1.558s] -- Up-to-date: /home/robot/ws_moveit2/install/my_robot_interfaces/include/my_robot_interfaces/my_robot_interfaces/action/detail/count_until__type_support.c
[1.558s] -- Up-to-date: /home/robot/ws_moveit2/install/my_robot_interfaces/include/my_robot_interfaces/my_robot_interfaces/action/detail/one_servo__type_support.c
[1.558s] -- Up-to-date: /home/robot/ws_moveit2/install/my_robot_interfaces/include/my_robot_interfaces/my_robot_interfaces/action/detail/one_servo__rosidl_typesupport_introspection_c.h
[1.558s] -- Up-to-date: /home/robot/ws_moveit2/install/my_robot_interfaces/include/my_robot_interfaces/my_robot_interfaces/msg
[1.558s] -- Up-to-date: /home/robot/ws_moveit2/install/my_robot_interfaces/include/my_robot_interfaces/my_robot_interfaces/msg/rosidl_typesupport_introspection_c__visibility_control.h
[1.559s] -- Up-to-date: /home/robot/ws_moveit2/install/my_robot_interfaces/include/my_robot_interfaces/my_robot_interfaces/msg/detail
[1.559s] -- Up-to-date: /home/robot/ws_moveit2/install/my_robot_interfaces/include/my_robot_interfaces/my_robot_interfaces/msg/detail/led_panel_state__type_support.c
[1.559s] -- Up-to-date: /home/robot/ws_moveit2/install/my_robot_interfaces/include/my_robot_interfaces/my_robot_interfaces/msg/detail/hardware_status__rosidl_typesupport_introspection_c.h
[1.559s] -- Up-to-date: /home/robot/ws_moveit2/install/my_robot_interfaces/include/my_robot_interfaces/my_robot_interfaces/msg/detail/hardware_status__type_support.c
[1.559s] -- Up-to-date: /home/robot/ws_moveit2/install/my_robot_interfaces/include/my_robot_interfaces/my_robot_interfaces/msg/detail/led_panel_state__rosidl_typesupport_introspection_c.h
[1.559s] -- Up-to-date: /home/robot/ws_moveit2/install/my_robot_interfaces/include/my_robot_interfaces/my_robot_interfaces/srv
[1.560s] -- Up-to-date: /home/robot/ws_moveit2/install/my_robot_interfaces/include/my_robot_interfaces/my_robot_interfaces/srv/detail
[1.560s] -- Up-to-date: /home/robot/ws_moveit2/install/my_robot_interfaces/include/my_robot_interfaces/my_robot_interfaces/srv/detail/compute_rectangle_area__rosidl_typesupport_introspection_c.h
[1.560s] -- Up-to-date: /home/robot/ws_moveit2/install/my_robot_interfaces/include/my_robot_interfaces/my_robot_interfaces/srv/detail/compute_rectangle_area__type_support.c
[1.560s] -- Up-to-date: /home/robot/ws_moveit2/install/my_robot_interfaces/include/my_robot_interfaces/my_robot_interfaces/srv/detail/set_led__type_support.c
[1.560s] -- Up-to-date: /home/robot/ws_moveit2/install/my_robot_interfaces/include/my_robot_interfaces/my_robot_interfaces/srv/detail/set_led__rosidl_typesupport_introspection_c.h
[1.560s] -- Up-to-date: /home/robot/ws_moveit2/install/my_robot_interfaces/lib/libmy_robot_interfaces__rosidl_typesupport_introspection_c.so
[1.561s] -- Up-to-date: /home/robot/ws_moveit2/install/my_robot_interfaces/lib/libmy_robot_interfaces__rosidl_typesupport_c.so
[1.561s] -- Up-to-date: /home/robot/ws_moveit2/install/my_robot_interfaces/include/my_robot_interfaces/my_robot_interfaces
[1.561s] -- Up-to-date: /home/robot/ws_moveit2/install/my_robot_interfaces/include/my_robot_interfaces/my_robot_interfaces/action
[1.561s] -- Up-to-date: /home/robot/ws_moveit2/install/my_robot_interfaces/include/my_robot_interfaces/my_robot_interfaces/action/count_until.hpp
[1.561s] -- Up-to-date: /home/robot/ws_moveit2/install/my_robot_interfaces/include/my_robot_interfaces/my_robot_interfaces/action/one_servo.hpp
[1.561s] -- Up-to-date: /home/robot/ws_moveit2/install/my_robot_interfaces/include/my_robot_interfaces/my_robot_interfaces/action/detail
[1.561s] -- Up-to-date: /home/robot/ws_moveit2/install/my_robot_interfaces/include/my_robot_interfaces/my_robot_interfaces/action/detail/one_servo__builder.hpp
[1.561s] -- Up-to-date: /home/robot/ws_moveit2/install/my_robot_interfaces/include/my_robot_interfaces/my_robot_interfaces/action/detail/count_until__traits.hpp
[1.562s] -- Up-to-date: /home/robot/ws_moveit2/install/my_robot_interfaces/include/my_robot_interfaces/my_robot_interfaces/action/detail/one_servo__traits.hpp
[1.562s] -- Up-to-date: /home/robot/ws_moveit2/install/my_robot_interfaces/include/my_robot_interfaces/my_robot_interfaces/action/detail/one_servo__struct.hpp
[1.562s] -- Up-to-date: /home/robot/ws_moveit2/install/my_robot_interfaces/include/my_robot_interfaces/my_robot_interfaces/action/detail/count_until__builder.hpp
[1.562s] -- Up-to-date: /home/robot/ws_moveit2/install/my_robot_interfaces/include/my_robot_interfaces/my_robot_interfaces/action/detail/count_until__struct.hpp
[1.562s] -- Up-to-date: /home/robot/ws_moveit2/install/my_robot_interfaces/include/my_robot_interfaces/my_robot_interfaces/msg
[1.562s] -- Up-to-date: /home/robot/ws_moveit2/install/my_robot_interfaces/include/my_robot_interfaces/my_robot_interfaces/msg/led_panel_state.hpp
[1.562s] -- Up-to-date: /home/robot/ws_moveit2/install/my_robot_interfaces/include/my_robot_interfaces/my_robot_interfaces/msg/hardware_status.hpp
[1.563s] -- Up-to-date: /home/robot/ws_moveit2/install/my_robot_interfaces/include/my_robot_interfaces/my_robot_interfaces/msg/detail
[1.563s] -- Up-to-date: /home/robot/ws_moveit2/install/my_robot_interfaces/include/my_robot_interfaces/my_robot_interfaces/msg/detail/led_panel_state__traits.hpp
[1.563s] -- Up-to-date: /home/robot/ws_moveit2/install/my_robot_interfaces/include/my_robot_interfaces/my_robot_interfaces/msg/detail/led_panel_state__struct.hpp
[1.563s] -- Up-to-date: /home/robot/ws_moveit2/install/my_robot_interfaces/include/my_robot_interfaces/my_robot_interfaces/msg/detail/led_panel_state__builder.hpp
[1.563s] -- Up-to-date: /home/robot/ws_moveit2/install/my_robot_interfaces/include/my_robot_interfaces/my_robot_interfaces/msg/detail/hardware_status__traits.hpp
[1.563s] -- Up-to-date: /home/robot/ws_moveit2/install/my_robot_interfaces/include/my_robot_interfaces/my_robot_interfaces/msg/detail/hardware_status__struct.hpp
[1.563s] -- Up-to-date: /home/robot/ws_moveit2/install/my_robot_interfaces/include/my_robot_interfaces/my_robot_interfaces/msg/detail/hardware_status__builder.hpp
[1.563s] -- Up-to-date: /home/robot/ws_moveit2/install/my_robot_interfaces/include/my_robot_interfaces/my_robot_interfaces/srv
[1.563s] -- Up-to-date: /home/robot/ws_moveit2/install/my_robot_interfaces/include/my_robot_interfaces/my_robot_interfaces/srv/set_led.hpp
[1.564s] -- Up-to-date: /home/robot/ws_moveit2/install/my_robot_interfaces/include/my_robot_interfaces/my_robot_interfaces/srv/compute_rectangle_area.hpp
[1.564s] -- Up-to-date: /home/robot/ws_moveit2/install/my_robot_interfaces/include/my_robot_interfaces/my_robot_interfaces/srv/detail
[1.564s] -- Up-to-date: /home/robot/ws_moveit2/install/my_robot_interfaces/include/my_robot_interfaces/my_robot_interfaces/srv/detail/set_led__builder.hpp
[1.564s] -- Up-to-date: /home/robot/ws_moveit2/install/my_robot_interfaces/include/my_robot_interfaces/my_robot_interfaces/srv/detail/compute_rectangle_area__builder.hpp
[1.564s] -- Up-to-date: /home/robot/ws_moveit2/install/my_robot_interfaces/include/my_robot_interfaces/my_robot_interfaces/srv/detail/set_led__struct.hpp
[1.564s] -- Up-to-date: /home/robot/ws_moveit2/install/my_robot_interfaces/include/my_robot_interfaces/my_robot_interfaces/srv/detail/compute_rectangle_area__traits.hpp
[1.564s] -- Up-to-date: /home/robot/ws_moveit2/install/my_robot_interfaces/include/my_robot_interfaces/my_robot_interfaces/srv/detail/set_led__traits.hpp
[1.565s] -- Up-to-date: /home/robot/ws_moveit2/install/my_robot_interfaces/include/my_robot_interfaces/my_robot_interfaces/srv/detail/compute_rectangle_area__struct.hpp
[1.565s] -- Up-to-date: /home/robot/ws_moveit2/install/my_robot_interfaces/include/my_robot_interfaces/my_robot_interfaces
[1.565s] -- Up-to-date: /home/robot/ws_moveit2/install/my_robot_interfaces/include/my_robot_interfaces/my_robot_interfaces/action
[1.565s] -- Up-to-date: /home/robot/ws_moveit2/install/my_robot_interfaces/include/my_robot_interfaces/my_robot_interfaces/action/detail
[1.565s] -- Up-to-date: /home/robot/ws_moveit2/install/my_robot_interfaces/include/my_robot_interfaces/my_robot_interfaces/action/detail/dds_fastrtps
[1.565s] -- Up-to-date: /home/robot/ws_moveit2/install/my_robot_interfaces/include/my_robot_interfaces/my_robot_interfaces/action/detail/count_until__rosidl_typesupport_fastrtps_cpp.hpp
[1.565s] -- Up-to-date: /home/robot/ws_moveit2/install/my_robot_interfaces/include/my_robot_interfaces/my_robot_interfaces/action/detail/one_servo__rosidl_typesupport_fastrtps_cpp.hpp
[1.566s] -- Up-to-date: /home/robot/ws_moveit2/install/my_robot_interfaces/include/my_robot_interfaces/my_robot_interfaces/msg
[1.566s] -- Up-to-date: /home/robot/ws_moveit2/install/my_robot_interfaces/include/my_robot_interfaces/my_robot_interfaces/msg/rosidl_typesupport_fastrtps_cpp__visibility_control.h
[1.566s] -- Up-to-date: /home/robot/ws_moveit2/install/my_robot_interfaces/include/my_robot_interfaces/my_robot_interfaces/msg/detail
[1.566s] -- Up-to-date: /home/robot/ws_moveit2/install/my_robot_interfaces/include/my_robot_interfaces/my_robot_interfaces/msg/detail/dds_fastrtps
[1.566s] -- Up-to-date: /home/robot/ws_moveit2/install/my_robot_interfaces/include/my_robot_interfaces/my_robot_interfaces/msg/detail/led_panel_state__rosidl_typesupport_fastrtps_cpp.hpp
[1.566s] -- Up-to-date: /home/robot/ws_moveit2/install/my_robot_interfaces/include/my_robot_interfaces/my_robot_interfaces/msg/detail/hardware_status__rosidl_typesupport_fastrtps_cpp.hpp
[1.566s] -- Up-to-date: /home/robot/ws_moveit2/install/my_robot_interfaces/include/my_robot_interfaces/my_robot_interfaces/srv
[1.566s] -- Up-to-date: /home/robot/ws_moveit2/install/my_robot_interfaces/include/my_robot_interfaces/my_robot_interfaces/srv/detail
[1.567s] -- Up-to-date: /home/robot/ws_moveit2/install/my_robot_interfaces/include/my_robot_interfaces/my_robot_interfaces/srv/detail/dds_fastrtps
[1.567s] -- Up-to-date: /home/robot/ws_moveit2/install/my_robot_interfaces/include/my_robot_interfaces/my_robot_interfaces/srv/detail/compute_rectangle_area__rosidl_typesupport_fastrtps_cpp.hpp
[1.567s] -- Up-to-date: /home/robot/ws_moveit2/install/my_robot_interfaces/include/my_robot_interfaces/my_robot_interfaces/srv/detail/set_led__rosidl_typesupport_fastrtps_cpp.hpp
[1.567s] -- Up-to-date: /home/robot/ws_moveit2/install/my_robot_interfaces/lib/libmy_robot_interfaces__rosidl_typesupport_fastrtps_cpp.so
[1.567s] -- Up-to-date: /home/robot/ws_moveit2/install/my_robot_interfaces/include/my_robot_interfaces/my_robot_interfaces
[1.567s] -- Up-to-date: /home/robot/ws_moveit2/install/my_robot_interfaces/include/my_robot_interfaces/my_robot_interfaces/action
[1.567s] -- Up-to-date: /home/robot/ws_moveit2/install/my_robot_interfaces/include/my_robot_interfaces/my_robot_interfaces/action/detail
[1.568s] -- Up-to-date: /home/robot/ws_moveit2/install/my_robot_interfaces/include/my_robot_interfaces/my_robot_interfaces/action/detail/one_servo__type_support.cpp
[1.568s] -- Up-to-date: /home/robot/ws_moveit2/install/my_robot_interfaces/include/my_robot_interfaces/my_robot_interfaces/action/detail/count_until__rosidl_typesupport_introspection_cpp.hpp
[1.568s] -- Up-to-date: /home/robot/ws_moveit2/install/my_robot_interfaces/include/my_robot_interfaces/my_robot_interfaces/action/detail/count_until__type_support.cpp
[1.568s] -- Up-to-date: /home/robot/ws_moveit2/install/my_robot_interfaces/include/my_robot_interfaces/my_robot_interfaces/action/detail/one_servo__rosidl_typesupport_introspection_cpp.hpp
[1.568s] -- Up-to-date: /home/robot/ws_moveit2/install/my_robot_interfaces/include/my_robot_interfaces/my_robot_interfaces/msg
[1.568s] -- Up-to-date: /home/robot/ws_moveit2/install/my_robot_interfaces/include/my_robot_interfaces/my_robot_interfaces/msg/detail
[1.568s] -- Up-to-date: /home/robot/ws_moveit2/install/my_robot_interfaces/include/my_robot_interfaces/my_robot_interfaces/msg/detail/hardware_status__rosidl_typesupport_introspection_cpp.hpp
[1.568s] -- Up-to-date: /home/robot/ws_moveit2/install/my_robot_interfaces/include/my_robot_interfaces/my_robot_interfaces/msg/detail/led_panel_state__type_support.cpp
[1.569s] -- Up-to-date: /home/robot/ws_moveit2/install/my_robot_interfaces/include/my_robot_interfaces/my_robot_interfaces/msg/detail/hardware_status__type_support.cpp
[1.569s] -- Up-to-date: /home/robot/ws_moveit2/install/my_robot_interfaces/include/my_robot_interfaces/my_robot_interfaces/msg/detail/led_panel_state__rosidl_typesupport_introspection_cpp.hpp
[1.569s] -- Up-to-date: /home/robot/ws_moveit2/install/my_robot_interfaces/include/my_robot_interfaces/my_robot_interfaces/srv
[1.569s] -- Up-to-date: /home/robot/ws_moveit2/install/my_robot_interfaces/include/my_robot_interfaces/my_robot_interfaces/srv/detail
[1.569s] -- Up-to-date: /home/robot/ws_moveit2/install/my_robot_interfaces/include/my_robot_interfaces/my_robot_interfaces/srv/detail/compute_rectangle_area__rosidl_typesupport_introspection_cpp.hpp
[1.569s] -- Up-to-date: /home/robot/ws_moveit2/install/my_robot_interfaces/include/my_robot_interfaces/my_robot_interfaces/srv/detail/set_led__rosidl_typesupport_introspection_cpp.hpp
[1.569s] -- Up-to-date: /home/robot/ws_moveit2/install/my_robot_interfaces/include/my_robot_interfaces/my_robot_interfaces/srv/detail/compute_rectangle_area__type_support.cpp
[1.570s] -- Up-to-date: /home/robot/ws_moveit2/install/my_robot_interfaces/include/my_robot_interfaces/my_robot_interfaces/srv/detail/set_led__type_support.cpp
[1.570s] -- Up-to-date: /home/robot/ws_moveit2/install/my_robot_interfaces/lib/libmy_robot_interfaces__rosidl_typesupport_introspection_cpp.so
[1.570s] -- Up-to-date: /home/robot/ws_moveit2/install/my_robot_interfaces/lib/libmy_robot_interfaces__rosidl_typesupport_cpp.so
[1.570s] -- Up-to-date: /home/robot/ws_moveit2/install/my_robot_interfaces/share/my_robot_interfaces/environment/pythonpath.sh
[1.570s] -- Up-to-date: /home/robot/ws_moveit2/install/my_robot_interfaces/share/my_robot_interfaces/environment/pythonpath.dsv
[1.570s] -- Up-to-date: /home/robot/ws_moveit2/install/my_robot_interfaces/local/lib/python3.10/dist-packages/my_robot_interfaces-0.0.0-py3.10.egg-info
[1.570s] -- Installing: /home/robot/ws_moveit2/install/my_robot_interfaces/local/lib/python3.10/dist-packages/my_robot_interfaces-0.0.0-py3.10.egg-info/dependency_links.txt
[1.570s] -- Installing: /home/robot/ws_moveit2/install/my_robot_interfaces/local/lib/python3.10/dist-packages/my_robot_interfaces-0.0.0-py3.10.egg-info/PKG-INFO
[1.571s] -- Installing: /home/robot/ws_moveit2/install/my_robot_interfaces/local/lib/python3.10/dist-packages/my_robot_interfaces-0.0.0-py3.10.egg-info/SOURCES.txt
[1.571s] -- Installing: /home/robot/ws_moveit2/install/my_robot_interfaces/local/lib/python3.10/dist-packages/my_robot_interfaces-0.0.0-py3.10.egg-info/top_level.txt
[1.571s] -- Up-to-date: /home/robot/ws_moveit2/install/my_robot_interfaces/local/lib/python3.10/dist-packages/my_robot_interfaces
[1.571s] -- Up-to-date: /home/robot/ws_moveit2/install/my_robot_interfaces/local/lib/python3.10/dist-packages/my_robot_interfaces/action
[1.571s] -- Up-to-date: /home/robot/ws_moveit2/install/my_robot_interfaces/local/lib/python3.10/dist-packages/my_robot_interfaces/action/_one_servo.py
[1.571s] -- Up-to-date: /home/robot/ws_moveit2/install/my_robot_interfaces/local/lib/python3.10/dist-packages/my_robot_interfaces/action/_count_until_s.c
[1.571s] -- Up-to-date: /home/robot/ws_moveit2/install/my_robot_interfaces/local/lib/python3.10/dist-packages/my_robot_interfaces/action/_count_until.py
[1.572s] -- Up-to-date: /home/robot/ws_moveit2/install/my_robot_interfaces/local/lib/python3.10/dist-packages/my_robot_interfaces/action/__init__.py
[1.572s] -- Up-to-date: /home/robot/ws_moveit2/install/my_robot_interfaces/local/lib/python3.10/dist-packages/my_robot_interfaces/action/_one_servo_s.c
[1.572s] -- Up-to-date: /home/robot/ws_moveit2/install/my_robot_interfaces/local/lib/python3.10/dist-packages/my_robot_interfaces/msg
[1.572s] -- Up-to-date: /home/robot/ws_moveit2/install/my_robot_interfaces/local/lib/python3.10/dist-packages/my_robot_interfaces/msg/_hardware_status.py
[1.572s] -- Up-to-date: /home/robot/ws_moveit2/install/my_robot_interfaces/local/lib/python3.10/dist-packages/my_robot_interfaces/msg/_led_panel_state.py
[1.572s] -- Up-to-date: /home/robot/ws_moveit2/install/my_robot_interfaces/local/lib/python3.10/dist-packages/my_robot_interfaces/msg/_hardware_status_s.c
[1.572s] -- Up-to-date: /home/robot/ws_moveit2/install/my_robot_interfaces/local/lib/python3.10/dist-packages/my_robot_interfaces/msg/__init__.py
[1.572s] -- Up-to-date: /home/robot/ws_moveit2/install/my_robot_interfaces/local/lib/python3.10/dist-packages/my_robot_interfaces/msg/_led_panel_state_s.c
[1.573s] -- Up-to-date: /home/robot/ws_moveit2/install/my_robot_interfaces/local/lib/python3.10/dist-packages/my_robot_interfaces/_my_robot_interfaces_s.ep.rosidl_typesupport_fastrtps_c.c
[1.573s] -- Up-to-date: /home/robot/ws_moveit2/install/my_robot_interfaces/local/lib/python3.10/dist-packages/my_robot_interfaces/_my_robot_interfaces_s.ep.rosidl_typesupport_introspection_c.c
[1.573s] -- Up-to-date: /home/robot/ws_moveit2/install/my_robot_interfaces/local/lib/python3.10/dist-packages/my_robot_interfaces/libmy_robot_interfaces__rosidl_generator_py.so
[1.573s] -- Up-to-date: /home/robot/ws_moveit2/install/my_robot_interfaces/local/lib/python3.10/dist-packages/my_robot_interfaces/srv
[1.573s] -- Up-to-date: /home/robot/ws_moveit2/install/my_robot_interfaces/local/lib/python3.10/dist-packages/my_robot_interfaces/srv/_set_led.py
[1.573s] -- Up-to-date: /home/robot/ws_moveit2/install/my_robot_interfaces/local/lib/python3.10/dist-packages/my_robot_interfaces/srv/_set_led_s.c
[1.574s] -- Up-to-date: /home/robot/ws_moveit2/install/my_robot_interfaces/local/lib/python3.10/dist-packages/my_robot_interfaces/srv/_compute_rectangle_area.py
[1.574s] -- Up-to-date: /home/robot/ws_moveit2/install/my_robot_interfaces/local/lib/python3.10/dist-packages/my_robot_interfaces/srv/__init__.py
[1.574s] -- Up-to-date: /home/robot/ws_moveit2/install/my_robot_interfaces/local/lib/python3.10/dist-packages/my_robot_interfaces/srv/_compute_rectangle_area_s.c
[1.574s] -- Up-to-date: /home/robot/ws_moveit2/install/my_robot_interfaces/local/lib/python3.10/dist-packages/my_robot_interfaces/_my_robot_interfaces_s.ep.rosidl_typesupport_c.c
[1.574s] -- Up-to-date: /home/robot/ws_moveit2/install/my_robot_interfaces/local/lib/python3.10/dist-packages/my_robot_interfaces/__init__.py
[1.574s] -- Up-to-date: /home/robot/ws_moveit2/install/my_robot_interfaces/local/lib/python3.10/dist-packages/my_robot_interfaces/my_robot_interfaces_s__rosidl_typesupport_c.cpython-310-x86_64-linux-gnu.so
[1.575s] -- Up-to-date: /home/robot/ws_moveit2/install/my_robot_interfaces/local/lib/python3.10/dist-packages/my_robot_interfaces/my_robot_interfaces_s__rosidl_typesupport_introspection_c.cpython-310-x86_64-linux-gnu.so
[1.575s] -- Up-to-date: /home/robot/ws_moveit2/install/my_robot_interfaces/local/lib/python3.10/dist-packages/my_robot_interfaces/my_robot_interfaces_s__rosidl_typesupport_fastrtps_c.cpython-310-x86_64-linux-gnu.so
[1.652s] Listing '/home/robot/ws_moveit2/install/my_robot_interfaces/local/lib/python3.10/dist-packages/my_robot_interfaces'...
[1.652s] Listing '/home/robot/ws_moveit2/install/my_robot_interfaces/local/lib/python3.10/dist-packages/my_robot_interfaces/action'...
[1.652s] Listing '/home/robot/ws_moveit2/install/my_robot_interfaces/local/lib/python3.10/dist-packages/my_robot_interfaces/msg'...
[1.652s] Listing '/home/robot/ws_moveit2/install/my_robot_interfaces/local/lib/python3.10/dist-packages/my_robot_interfaces/srv'...
[1.660s] -- Up-to-date: /home/robot/ws_moveit2/install/my_robot_interfaces/local/lib/python3.10/dist-packages/my_robot_interfaces/my_robot_interfaces_s__rosidl_typesupport_fastrtps_c.cpython-310-x86_64-linux-gnu.so
[1.662s] -- Up-to-date: /home/robot/ws_moveit2/install/my_robot_interfaces/local/lib/python3.10/dist-packages/my_robot_interfaces/my_robot_interfaces_s__rosidl_typesupport_introspection_c.cpython-310-x86_64-linux-gnu.so
[1.662s] -- Up-to-date: /home/robot/ws_moveit2/install/my_robot_interfaces/local/lib/python3.10/dist-packages/my_robot_interfaces/my_robot_interfaces_s__rosidl_typesupport_c.cpython-310-x86_64-linux-gnu.so
[1.663s] -- Up-to-date: /home/robot/ws_moveit2/install/my_robot_interfaces/lib/libmy_robot_interfaces__rosidl_generator_py.so
[1.664s] -- Up-to-date: /home/robot/ws_moveit2/install/my_robot_interfaces/share/my_robot_interfaces/msg/HardwareStatus.idl
[1.664s] -- Up-to-date: /home/robot/ws_moveit2/install/my_robot_interfaces/share/my_robot_interfaces/msg/LedPanelState.idl
[1.664s] -- Up-to-date: /home/robot/ws_moveit2/install/my_robot_interfaces/share/my_robot_interfaces/srv/ComputeRectangleArea.idl
[1.664s] -- Up-to-date: /home/robot/ws_moveit2/install/my_robot_interfaces/share/my_robot_interfaces/srv/SetLed.idl
[1.664s] -- Up-to-date: /home/robot/ws_moveit2/install/my_robot_interfaces/share/my_robot_interfaces/action/CountUntil.idl
[1.664s] -- Up-to-date: /home/robot/ws_moveit2/install/my_robot_interfaces/share/my_robot_interfaces/action/OneServo.idl
[1.665s] -- Up-to-date: /home/robot/ws_moveit2/install/my_robot_interfaces/share/my_robot_interfaces/msg/HardwareStatus.msg
[1.665s] -- Up-to-date: /home/robot/ws_moveit2/install/my_robot_interfaces/share/my_robot_interfaces/msg/LedPanelState.msg
[1.665s] -- Up-to-date: /home/robot/ws_moveit2/install/my_robot_interfaces/share/my_robot_interfaces/srv/ComputeRectangleArea.srv
[1.665s] -- Up-to-date: /home/robot/ws_moveit2/install/my_robot_interfaces/share/my_robot_interfaces/srv/ComputeRectangleArea_Request.msg
[1.665s] -- Up-to-date: /home/robot/ws_moveit2/install/my_robot_interfaces/share/my_robot_interfaces/srv/ComputeRectangleArea_Response.msg
[1.665s] -- Up-to-date: /home/robot/ws_moveit2/install/my_robot_interfaces/share/my_robot_interfaces/srv/SetLed.srv
[1.666s] -- Up-to-date: /home/robot/ws_moveit2/install/my_robot_interfaces/share/my_robot_interfaces/srv/SetLed_Request.msg
[1.666s] -- Up-to-date: /home/robot/ws_moveit2/install/my_robot_interfaces/share/my_robot_interfaces/srv/SetLed_Response.msg
[1.666s] -- Up-to-date: /home/robot/ws_moveit2/install/my_robot_interfaces/share/my_robot_interfaces/action/CountUntil.action
[1.666s] -- Up-to-date: /home/robot/ws_moveit2/install/my_robot_interfaces/share/my_robot_interfaces/action/OneServo.action
[1.666s] -- Up-to-date: /home/robot/ws_moveit2/install/my_robot_interfaces/share/ament_index/resource_index/package_run_dependencies/my_robot_interfaces
[1.667s] -- Up-to-date: /home/robot/ws_moveit2/install/my_robot_interfaces/share/ament_index/resource_index/parent_prefix_path/my_robot_interfaces
[1.667s] -- Up-to-date: /home/robot/ws_moveit2/install/my_robot_interfaces/share/my_robot_interfaces/environment/ament_prefix_path.sh
[1.667s] -- Up-to-date: /home/robot/ws_moveit2/install/my_robot_interfaces/share/my_robot_interfaces/environment/ament_prefix_path.dsv
[1.667s] -- Up-to-date: /home/robot/ws_moveit2/install/my_robot_interfaces/share/my_robot_interfaces/environment/path.sh
[1.667s] -- Up-to-date: /home/robot/ws_moveit2/install/my_robot_interfaces/share/my_robot_interfaces/environment/path.dsv
[1.667s] -- Up-to-date: /home/robot/ws_moveit2/install/my_robot_interfaces/share/my_robot_interfaces/local_setup.bash
[1.668s] -- Up-to-date: /home/robot/ws_moveit2/install/my_robot_interfaces/share/my_robot_interfaces/local_setup.sh
[1.668s] -- Up-to-date: /home/robot/ws_moveit2/install/my_robot_interfaces/share/my_robot_interfaces/local_setup.zsh
[1.668s] -- Up-to-date: /home/robot/ws_moveit2/install/my_robot_interfaces/share/my_robot_interfaces/local_setup.dsv
[1.668s] -- Installing: /home/robot/ws_moveit2/install/my_robot_interfaces/share/my_robot_interfaces/package.dsv
[1.669s] -- Up-to-date: /home/robot/ws_moveit2/install/my_robot_interfaces/share/ament_index/resource_index/packages/my_robot_interfaces
[1.669s] -- Up-to-date: /home/robot/ws_moveit2/install/my_robot_interfaces/share/my_robot_interfaces/cmake/export_my_robot_interfaces__rosidl_generator_cExport.cmake
[1.669s] -- Up-to-date: /home/robot/ws_moveit2/install/my_robot_interfaces/share/my_robot_interfaces/cmake/export_my_robot_interfaces__rosidl_generator_cExport-release.cmake
[1.669s] -- Up-to-date: /home/robot/ws_moveit2/install/my_robot_interfaces/share/my_robot_interfaces/cmake/export_my_robot_interfaces__rosidl_typesupport_fastrtps_cExport.cmake
[1.669s] -- Up-to-date: /home/robot/ws_moveit2/install/my_robot_interfaces/share/my_robot_interfaces/cmake/export_my_robot_interfaces__rosidl_typesupport_fastrtps_cExport-release.cmake
[1.669s] -- Up-to-date: /home/robot/ws_moveit2/install/my_robot_interfaces/share/my_robot_interfaces/cmake/my_robot_interfaces__rosidl_typesupport_introspection_cExport.cmake
[1.670s] -- Up-to-date: /home/robot/ws_moveit2/install/my_robot_interfaces/share/my_robot_interfaces/cmake/my_robot_interfaces__rosidl_typesupport_introspection_cExport-release.cmake
[1.670s] -- Up-to-date: /home/robot/ws_moveit2/install/my_robot_interfaces/share/my_robot_interfaces/cmake/my_robot_interfaces__rosidl_typesupport_cExport.cmake
[1.670s] -- Up-to-date: /home/robot/ws_moveit2/install/my_robot_interfaces/share/my_robot_interfaces/cmake/my_robot_interfaces__rosidl_typesupport_cExport-release.cmake
[1.670s] -- Up-to-date: /home/robot/ws_moveit2/install/my_robot_interfaces/share/my_robot_interfaces/cmake/export_my_robot_interfaces__rosidl_generator_cppExport.cmake
[1.670s] -- Up-to-date: /home/robot/ws_moveit2/install/my_robot_interfaces/share/my_robot_interfaces/cmake/export_my_robot_interfaces__rosidl_typesupport_fastrtps_cppExport.cmake
[1.671s] -- Up-to-date: /home/robot/ws_moveit2/install/my_robot_interfaces/share/my_robot_interfaces/cmake/export_my_robot_interfaces__rosidl_typesupport_fastrtps_cppExport-release.cmake
[1.671s] -- Up-to-date: /home/robot/ws_moveit2/install/my_robot_interfaces/share/my_robot_interfaces/cmake/my_robot_interfaces__rosidl_typesupport_introspection_cppExport.cmake
[1.671s] -- Up-to-date: /home/robot/ws_moveit2/install/my_robot_interfaces/share/my_robot_interfaces/cmake/my_robot_interfaces__rosidl_typesupport_introspection_cppExport-release.cmake
[1.671s] -- Up-to-date: /home/robot/ws_moveit2/install/my_robot_interfaces/share/my_robot_interfaces/cmake/my_robot_interfaces__rosidl_typesupport_cppExport.cmake
[1.672s] -- Up-to-date: /home/robot/ws_moveit2/install/my_robot_interfaces/share/my_robot_interfaces/cmake/my_robot_interfaces__rosidl_typesupport_cppExport-release.cmake
[1.672s] -- Up-to-date: /home/robot/ws_moveit2/install/my_robot_interfaces/share/my_robot_interfaces/cmake/export_my_robot_interfaces__rosidl_generator_pyExport.cmake
[1.672s] -- Up-to-date: /home/robot/ws_moveit2/install/my_robot_interfaces/share/my_robot_interfaces/cmake/export_my_robot_interfaces__rosidl_generator_pyExport-release.cmake
[1.672s] -- Up-to-date: /home/robot/ws_moveit2/install/my_robot_interfaces/share/my_robot_interfaces/cmake/rosidl_cmake-extras.cmake
[1.673s] -- Up-to-date: /home/robot/ws_moveit2/install/my_robot_interfaces/share/my_robot_interfaces/cmake/ament_cmake_export_dependencies-extras.cmake
[1.673s] -- Up-to-date: /home/robot/ws_moveit2/install/my_robot_interfaces/share/my_robot_interfaces/cmake/ament_cmake_export_include_directories-extras.cmake
[1.673s] -- Up-to-date: /home/robot/ws_moveit2/install/my_robot_interfaces/share/my_robot_interfaces/cmake/ament_cmake_export_libraries-extras.cmake
[1.673s] -- Up-to-date: /home/robot/ws_moveit2/install/my_robot_interfaces/share/my_robot_interfaces/cmake/ament_cmake_export_targets-extras.cmake
[1.673s] -- Up-to-date: /home/robot/ws_moveit2/install/my_robot_interfaces/share/my_robot_interfaces/cmake/rosidl_cmake_export_typesupport_targets-extras.cmake
[1.673s] -- Up-to-date: /home/robot/ws_moveit2/install/my_robot_interfaces/share/my_robot_interfaces/cmake/rosidl_cmake_export_typesupport_libraries-extras.cmake
[1.673s] -- Up-to-date: /home/robot/ws_moveit2/install/my_robot_interfaces/share/my_robot_interfaces/cmake/my_robot_interfacesConfig.cmake
[1.674s] -- Up-to-date: /home/robot/ws_moveit2/install/my_robot_interfaces/share/my_robot_interfaces/cmake/my_robot_interfacesConfig-version.cmake
[1.674s] -- Up-to-date: /home/robot/ws_moveit2/install/my_robot_interfaces/share/my_robot_interfaces/package.xml
[1.678s] Invoked command in '/home/robot/ws_moveit2/build/my_robot_interfaces' returned '0': CMAKE_PREFIX_PATH=${CMAKE_PREFIX_PATH}:/home/robot/ws_moveit2/install/my_robot_first_servo_control:/home/robot/ws_moveit2/install/moveit_configs_utils:/home/robot/ws_moveit2/install/my_pybullet_package:/home/robot/ws_moveit2/install/launch_param_builder:/home/robot/ros2_ws/install/my_turtlesim_project:/home/robot/ros2_ws/install/my_robot_first_servo_control:/home/robot/ros2_ws/install/my_py_pkg:/home/robot/ros2_ws/install/actions_py:/opt/ros/humble /usr/bin/cmake --install /home/robot/ws_moveit2/build/my_robot_interfaces
