[1.674s] Invoking command in '/home/robot/ws_moveit2/src/launch_param_builder': PYTHONPATH=/home/robot/ws_moveit2/build/launch_param_builder/prefix_override:/usr/lib/python3/dist-packages/colcon_core/task/python/colcon_distutils_commands:/home/robot/ws_moveit2/install/launch_param_builder/lib/python3.10/site-packages:${PYTHONPATH} /usr/bin/python3 -W ignore:setup.py install is deprecated setup.py egg_info --egg-base ../../build/launch_param_builder build --build-base /home/robot/ws_moveit2/build/launch_param_builder/build install --record /home/robot/ws_moveit2/build/launch_param_builder/install.log --single-version-externally-managed install_data
[2.207s] running egg_info
[2.208s] writing ../../build/launch_param_builder/launch_param_builder.egg-info/PKG-INFO
[2.212s] writing dependency_links to ../../build/launch_param_builder/launch_param_builder.egg-info/dependency_links.txt
[2.213s] writing entry points to ../../build/launch_param_builder/launch_param_builder.egg-info/entry_points.txt
[2.213s] writing requirements to ../../build/launch_param_builder/launch_param_builder.egg-info/requires.txt
[2.213s] writing top-level names to ../../build/launch_param_builder/launch_param_builder.egg-info/top_level.txt
[2.218s] reading manifest file '../../build/launch_param_builder/launch_param_builder.egg-info/SOURCES.txt'
[2.221s] adding license file 'LICENSE'
[2.228s] writing manifest file '../../build/launch_param_builder/launch_param_builder.egg-info/SOURCES.txt'
[2.228s] running build
[2.228s] running build_py
[2.232s] running install
[2.232s] running install_lib
[2.236s] running install_data
[2.241s] running install_egg_info
[2.248s] removing '/home/robot/ws_moveit2/install/launch_param_builder/lib/python3.10/site-packages/launch_param_builder-0.1.1-py3.10.egg-info' (and everything under it)
[2.256s] Copying ../../build/launch_param_builder/launch_param_builder.egg-info to /home/robot/ws_moveit2/install/launch_param_builder/lib/python3.10/site-packages/launch_param_builder-0.1.1-py3.10.egg-info
[2.261s] running install_scripts
[2.319s] writing list of installed files to '/home/robot/ws_moveit2/build/launch_param_builder/install.log'
[2.354s] Invoked command in '/home/robot/ws_moveit2/src/launch_param_builder' returned '0': PYTHONPATH=/home/robot/ws_moveit2/build/launch_param_builder/prefix_override:/usr/lib/python3/dist-packages/colcon_core/task/python/colcon_distutils_commands:/home/robot/ws_moveit2/install/launch_param_builder/lib/python3.10/site-packages:${PYTHONPATH} /usr/bin/python3 -W ignore:setup.py install is deprecated setup.py egg_info --egg-base ../../build/launch_param_builder build --build-base /home/robot/ws_moveit2/build/launch_param_builder/build install --record /home/robot/ws_moveit2/build/launch_param_builder/install.log --single-version-externally-managed install_data
