[  6%] Built target minimal_mtc_tutorial
[ 13%] Built target cylinder_segment
[ 20%] Built target mtc_tutorial
[ 33%] Built target move_group_interface_tutorial
[ 33%] Built target motion_planning_api_tutorial
[ 36%] [32mBuilding CXX object doc/examples/perception_pipeline/CMakeFiles/bag_publisher_maintain_time.dir/src/bag_publisher_maintain_time.cpp.o[0m
[ 43%] Built target planning_scene_tutorial
[ 50%] Built target pilz_move_group
[ 56%] Built target pilz_mtc
[ 63%] Built target robot_model_and_robot_state_tutorial
[ 70%] Built target planning_scene_ros_api_tutorial
[ 76%] Built target servo_keyboard_input
[ 83%] Built target ompl_constrained_planning
[ 90%] Built target moveit_cpp_tutorial
[ 96%] Built target servo_cpp_interface_demo
[01m[K/home/robot/ws_moveit2/src/moveit2_tutorials/doc/examples/perception_pipeline/src/bag_publisher_maintain_time.cpp:[m[K In member function ‘[01m[Kvoid BagPublisherMaintainTime::publishPointCloud()[m[K’:
[01m[K/home/robot/ws_moveit2/src/moveit2_tutorials/doc/examples/perception_pipeline/src/bag_publisher_maintain_time.cpp:83:56:[m[K [01;31m[Kerror: [m[Kno matching function for call to ‘[01m[Krclcpp::SerializedMessage::SerializedMessage(std::vector<unsigned char, std::allocator<unsigned char> >&)[m[K’
   83 |       rclcpp::SerializedMessage serialized_message(data[01;31m[K)[m[K;
      |                                                        [01;31m[K^[m[K
In file included from [01m[K/opt/ros/humble/include/rclcpp/rclcpp/any_subscription_callback.hpp:33[m[K,
                 from [01m[K/opt/ros/humble/include/rclcpp/rclcpp/subscription_base.hpp:32[m[K,
                 from [01m[K/opt/ros/humble/include/rclcpp/rclcpp/callback_group.hpp:29[m[K,
                 from [01m[K/opt/ros/humble/include/rclcpp/rclcpp/any_executable.hpp:20[m[K,
                 from [01m[K/opt/ros/humble/include/rclcpp/rclcpp/memory_strategy.hpp:25[m[K,
                 from [01m[K/opt/ros/humble/include/rclcpp/rclcpp/memory_strategies.hpp:18[m[K,
                 from [01m[K/opt/ros/humble/include/rclcpp/rclcpp/executor_options.hpp:20[m[K,
                 from [01m[K/opt/ros/humble/include/rclcpp/rclcpp/executor.hpp:37[m[K,
                 from [01m[K/opt/ros/humble/include/rclcpp/rclcpp/executors/multi_threaded_executor.hpp:25[m[K,
                 from [01m[K/opt/ros/humble/include/rclcpp/rclcpp/executors.hpp:21[m[K,
                 from [01m[K/opt/ros/humble/include/rclcpp/rclcpp/rclcpp.hpp:155[m[K,
                 from [01m[K/home/robot/ws_moveit2/src/moveit2_tutorials/doc/examples/perception_pipeline/src/bag_publisher_maintain_time.cpp:37[m[K:
[01m[K/opt/ros/humble/include/rclcpp/rclcpp/serialized_message.hpp:64:12:[m[K [01;36m[Knote: [m[Kcandidate: ‘[01m[Krclcpp::SerializedMessage::SerializedMessage(rcl_serialized_message_t&&)[m[K’
   64 |   explicit [01;36m[KSerializedMessage[m[K(rcl_serialized_message_t && other);
      |            [01;36m[K^~~~~~~~~~~~~~~~~[m[K
[01m[K/opt/ros/humble/include/rclcpp/rclcpp/serialized_message.hpp:64:58:[m[K [01;36m[Knote: [m[K  no known conversion for argument 1 from ‘[01m[Kstd::vector<unsigned char, std::allocator<unsigned char> >[m[K’ to ‘[01m[Krcl_serialized_message_t&&[m[K’ {aka ‘[01m[Krcutils_uint8_array_s&&[m[K’}
   64 |   explicit SerializedMessage([01;36m[Krcl_serialized_message_t && other[m[K);
      |                              [01;36m[K~~~~~~~~~~~~~~~~~~~~~~~~~~~~^~~~~[m[K
[01m[K/opt/ros/humble/include/rclcpp/rclcpp/serialized_message.hpp:61:3:[m[K [01;36m[Knote: [m[Kcandidate: ‘[01m[Krclcpp::SerializedMessage::SerializedMessage(rclcpp::SerializedMessage&&)[m[K’
   61 |   [01;36m[KSerializedMessage[m[K(SerializedMessage && other);
      |   [01;36m[K^~~~~~~~~~~~~~~~~[m[K
[01m[K/opt/ros/humble/include/rclcpp/rclcpp/serialized_message.hpp:61:42:[m[K [01;36m[Knote: [m[K  no known conversion for argument 1 from ‘[01m[Kstd::vector<unsigned char, std::allocator<unsigned char> >[m[K’ to ‘[01m[Krclcpp::SerializedMessage&&[m[K’
   61 |   SerializedMessage([01;36m[KSerializedMessage && other[m[K);
      |                     [01;36m[K~~~~~~~~~~~~~~~~~~~~~^~~~~[m[K
[01m[K/opt/ros/humble/include/rclcpp/rclcpp/serialized_message.hpp:58:12:[m[K [01;36m[Knote: [m[Kcandidate: ‘[01m[Krclcpp::SerializedMessage::SerializedMessage(const rcl_serialized_message_t&)[m[K’
   58 |   explicit [01;36m[KSerializedMessage[m[K(const rcl_serialized_message_t & other);
      |            [01;36m[K^~~~~~~~~~~~~~~~~[m[K
[01m[K/opt/ros/humble/include/rclcpp/rclcpp/serialized_message.hpp:58:63:[m[K [01;36m[Knote: [m[K  no known conversion for argument 1 from ‘[01m[Kstd::vector<unsigned char, std::allocator<unsigned char> >[m[K’ to ‘[01m[Kconst rcl_serialized_message_t&[m[K’ {aka ‘[01m[Kconst rcutils_uint8_array_s&[m[K’}
   58 |   explicit SerializedMessage([01;36m[Kconst rcl_serialized_message_t & other[m[K);
      |                              [01;36m[K~~~~~~~~~~~~~~~~~~~~~~~~~~~~~~~~~^~~~~[m[K
[01m[K/opt/ros/humble/include/rclcpp/rclcpp/serialized_message.hpp:55:3:[m[K [01;36m[Knote: [m[Kcandidate: ‘[01m[Krclcpp::SerializedMessage::SerializedMessage(const rclcpp::SerializedMessage&)[m[K’
   55 |   [01;36m[KSerializedMessage[m[K(const SerializedMessage & other);
      |   [01;36m[K^~~~~~~~~~~~~~~~~[m[K
[01m[K/opt/ros/humble/include/rclcpp/rclcpp/serialized_message.hpp:55:47:[m[K [01;36m[Knote: [m[K  no known conversion for argument 1 from ‘[01m[Kstd::vector<unsigned char, std::allocator<unsigned char> >[m[K’ to ‘[01m[Kconst rclcpp::SerializedMessage&[m[K’
   55 |   SerializedMessage([01;36m[Kconst SerializedMessage & other[m[K);
      |                     [01;36m[K~~~~~~~~~~~~~~~~~~~~~~~~~~^~~~~[m[K
[01m[K/opt/ros/humble/include/rclcpp/rclcpp/serialized_message.hpp:50:12:[m[K [01;36m[Knote: [m[Kcandidate: ‘[01m[Krclcpp::SerializedMessage::SerializedMessage(size_t, const rcl_allocator_t&)[m[K’
   50 |   explicit [01;36m[KSerializedMessage[m[K(
      |            [01;36m[K^~~~~~~~~~~~~~~~~[m[K
[01m[K/opt/ros/humble/include/rclcpp/rclcpp/serialized_message.hpp:51:12:[m[K [01;36m[Knote: [m[K  no known conversion for argument 1 from ‘[01m[Kstd::vector<unsigned char, std::allocator<unsigned char> >[m[K’ to ‘[01m[Ksize_t[m[K’ {aka ‘[01m[Klong unsigned int[m[K’}
   51 |     [01;36m[Ksize_t initial_capacity[m[K,
      |     [01;36m[K~~~~~~~^~~~~~~~~~~~~~~~[m[K
[01m[K/opt/ros/humble/include/rclcpp/rclcpp/serialized_message.hpp:38:12:[m[K [01;36m[Knote: [m[Kcandidate: ‘[01m[Krclcpp::SerializedMessage::SerializedMessage(const rcl_allocator_t&)[m[K’
   38 |   explicit [01;36m[KSerializedMessage[m[K(
      |            [01;36m[K^~~~~~~~~~~~~~~~~[m[K
[01m[K/opt/ros/humble/include/rclcpp/rclcpp/serialized_message.hpp:39:29:[m[K [01;36m[Knote: [m[K  no known conversion for argument 1 from ‘[01m[Kstd::vector<unsigned char, std::allocator<unsigned char> >[m[K’ to ‘[01m[Kconst rcl_allocator_t&[m[K’ {aka ‘[01m[Kconst rcutils_allocator_s&[m[K’}
   39 |     [01;36m[Kconst rcl_allocator_t & allocator = rcl_get_default_allocator()[m[K);
      |     [01;36m[K~~~~~~~~~~~~~~~~~~~~~~~~^~~~~~~~~~~~~~~~~~~~~~~~~~~~~~~~~~~~~~~[m[K
gmake[2]: *** [doc/examples/perception_pipeline/CMakeFiles/bag_publisher_maintain_time.dir/build.make:76: doc/examples/perception_pipeline/CMakeFiles/bag_publisher_maintain_time.dir/src/bag_publisher_maintain_time.cpp.o] Error 1
gmake[1]: *** [CMakeFiles/Makefile2:506: doc/examples/perception_pipeline/CMakeFiles/bag_publisher_maintain_time.dir/all] Error 2
gmake: *** [Makefile:146: all] Error 2
