[0.039s] Invoking command in '/home/robot/ws_moveit2/build/srdfdom': CMAKE_PREFIX_PATH=${CMAKE_PREFIX_PATH}:/home/robot/ws_moveit2/install/moveit_configs_utils:/home/robot/ws_moveit2/install/launch_param_builder:/home/robot/ros2_ws/install/my_turtlesim_project:/home/robot/ros2_ws/install/my_robot_first_servo_control:/home/robot/ros2_ws/install/my_py_pkg:/home/robot/ros2_ws/install/actions_py:/opt/ros/humble /usr/bin/cmake --build /home/robot/ws_moveit2/build/srdfdom -- -j4 -l4
[0.176s] [35m[1mConsolidate compiler generated dependencies of target srdfdom[0m
[0.183s] [35m[1mConsolidate compiler generated dependencies of target gtest_main[0m
[0.196s] [35m[1mConsolidate compiler generated dependencies of target gtest[0m
[0.236s] [ 27%] Built target srdfdom
[0.247s] [ 45%] Built target gtest_main
[0.252s] [ 45%] Built target ament_cmake_python_copy_srdfdom
[0.262s] [ 63%] Built target gtest
[0.290s] [35m[1mConsolidate compiler generated dependencies of target test_cpp_nl_NL.UTF-8[0m
[0.294s] [35m[1mConsolidate compiler generated dependencies of target test_cpp_C[0m
[0.338s] [ 81%] Built target test_cpp_C
[0.338s] [100%] Built target test_cpp_nl_NL.UTF-8
[0.881s] running egg_info
[0.883s] writing srdfdom.egg-info/PKG-INFO
[0.883s] writing dependency_links to srdfdom.egg-info/dependency_links.txt
[0.883s] writing top-level names to srdfdom.egg-info/top_level.txt
[0.891s] reading manifest file 'srdfdom.egg-info/SOURCES.txt'
[0.892s] writing manifest file 'srdfdom.egg-info/SOURCES.txt'
[0.960s] [100%] Built target ament_cmake_python_build_srdfdom_egg
[0.999s] Invoked command in '/home/robot/ws_moveit2/build/srdfdom' returned '0': CMAKE_PREFIX_PATH=${CMAKE_PREFIX_PATH}:/home/robot/ws_moveit2/install/moveit_configs_utils:/home/robot/ws_moveit2/install/launch_param_builder:/home/robot/ros2_ws/install/my_turtlesim_project:/home/robot/ros2_ws/install/my_robot_first_servo_control:/home/robot/ros2_ws/install/my_py_pkg:/home/robot/ros2_ws/install/actions_py:/opt/ros/humble /usr/bin/cmake --build /home/robot/ws_moveit2/build/srdfdom -- -j4 -l4
[1.156s] Invoking command in '/home/robot/ws_moveit2/build/srdfdom': CMAKE_PREFIX_PATH=${CMAKE_PREFIX_PATH}:/home/robot/ws_moveit2/install/moveit_configs_utils:/home/robot/ws_moveit2/install/launch_param_builder:/home/robot/ros2_ws/install/my_turtlesim_project:/home/robot/ros2_ws/install/my_robot_first_servo_control:/home/robot/ros2_ws/install/my_py_pkg:/home/robot/ros2_ws/install/actions_py:/opt/ros/humble /usr/bin/cmake --install /home/robot/ws_moveit2/build/srdfdom
[1.168s] -- Install configuration: "Release"
[1.170s] -- Up-to-date: /home/robot/ws_moveit2/install/srdfdom/lib/libsrdfdom.so.2.0.4
[1.171s] -- Up-to-date: /home/robot/ws_moveit2/install/srdfdom/lib/libsrdfdom.so
[1.171s] -- Up-to-date: /home/robot/ws_moveit2/install/srdfdom/include/srdfdom
[1.171s] -- Up-to-date: /home/robot/ws_moveit2/install/srdfdom/include/srdfdom/visibility_control.h
[1.171s] -- Up-to-date: /home/robot/ws_moveit2/install/srdfdom/include/srdfdom/model.h
[1.171s] -- Up-to-date: /home/robot/ws_moveit2/install/srdfdom/include/srdfdom/srdf_writer.h
[1.172s] -- Up-to-date: /home/robot/ws_moveit2/install/srdfdom/lib/srdfdom/display_srdf
[1.172s] -- Up-to-date: /home/robot/ws_moveit2/install/srdfdom/share/srdfdom/environment/pythonpath.sh
[1.172s] -- Up-to-date: /home/robot/ws_moveit2/install/srdfdom/share/srdfdom/environment/pythonpath.dsv
[1.175s] -- Up-to-date: /home/robot/ws_moveit2/install/srdfdom/local/lib/python3.10/dist-packages/srdfdom-2.0.4-py3.10.egg-info
[1.180s] -- Installing: /home/robot/ws_moveit2/install/srdfdom/local/lib/python3.10/dist-packages/srdfdom-2.0.4-py3.10.egg-info/dependency_links.txt
[1.180s] -- Installing: /home/robot/ws_moveit2/install/srdfdom/local/lib/python3.10/dist-packages/srdfdom-2.0.4-py3.10.egg-info/PKG-INFO
[1.180s] -- Installing: /home/robot/ws_moveit2/install/srdfdom/local/lib/python3.10/dist-packages/srdfdom-2.0.4-py3.10.egg-info/SOURCES.txt
[1.181s] -- Installing: /home/robot/ws_moveit2/install/srdfdom/local/lib/python3.10/dist-packages/srdfdom-2.0.4-py3.10.egg-info/top_level.txt
[1.181s] -- Up-to-date: /home/robot/ws_moveit2/install/srdfdom/local/lib/python3.10/dist-packages/srdfdom
[1.181s] -- Up-to-date: /home/robot/ws_moveit2/install/srdfdom/local/lib/python3.10/dist-packages/srdfdom/srdf.py
[1.181s] -- Up-to-date: /home/robot/ws_moveit2/install/srdfdom/local/lib/python3.10/dist-packages/srdfdom/__init__.py
[1.268s] Listing '/home/robot/ws_moveit2/install/srdfdom/local/lib/python3.10/dist-packages/srdfdom'...
[1.282s] -- Up-to-date: /home/robot/ws_moveit2/install/srdfdom/share/srdfdom/environment/library_path.sh
[1.283s] -- Up-to-date: /home/robot/ws_moveit2/install/srdfdom/share/srdfdom/environment/library_path.dsv
[1.283s] -- Up-to-date: /home/robot/ws_moveit2/install/srdfdom/share/ament_index/resource_index/package_run_dependencies/srdfdom
[1.283s] -- Up-to-date: /home/robot/ws_moveit2/install/srdfdom/share/ament_index/resource_index/parent_prefix_path/srdfdom
[1.283s] -- Up-to-date: /home/robot/ws_moveit2/install/srdfdom/share/srdfdom/environment/ament_prefix_path.sh
[1.283s] -- Up-to-date: /home/robot/ws_moveit2/install/srdfdom/share/srdfdom/environment/ament_prefix_path.dsv
[1.283s] -- Up-to-date: /home/robot/ws_moveit2/install/srdfdom/share/srdfdom/environment/path.sh
[1.283s] -- Up-to-date: /home/robot/ws_moveit2/install/srdfdom/share/srdfdom/environment/path.dsv
[1.284s] -- Up-to-date: /home/robot/ws_moveit2/install/srdfdom/share/srdfdom/local_setup.bash
[1.284s] -- Up-to-date: /home/robot/ws_moveit2/install/srdfdom/share/srdfdom/local_setup.sh
[1.284s] -- Up-to-date: /home/robot/ws_moveit2/install/srdfdom/share/srdfdom/local_setup.zsh
[1.284s] -- Up-to-date: /home/robot/ws_moveit2/install/srdfdom/share/srdfdom/local_setup.dsv
[1.284s] -- Installing: /home/robot/ws_moveit2/install/srdfdom/share/srdfdom/package.dsv
[1.285s] -- Up-to-date: /home/robot/ws_moveit2/install/srdfdom/share/ament_index/resource_index/packages/srdfdom
[1.288s] -- Up-to-date: /home/robot/ws_moveit2/install/srdfdom/share/srdfdom/cmake/srdfdomTargetsExport.cmake
[1.288s] -- Up-to-date: /home/robot/ws_moveit2/install/srdfdom/share/srdfdom/cmake/srdfdomTargetsExport-release.cmake
[1.288s] -- Up-to-date: /home/robot/ws_moveit2/install/srdfdom/share/srdfdom/cmake/ament_cmake_export_targets-extras.cmake
[1.288s] -- Up-to-date: /home/robot/ws_moveit2/install/srdfdom/share/srdfdom/cmake/ament_cmake_export_dependencies-extras.cmake
[1.288s] -- Up-to-date: /home/robot/ws_moveit2/install/srdfdom/share/srdfdom/cmake/srdfdomConfig.cmake
[1.288s] -- Up-to-date: /home/robot/ws_moveit2/install/srdfdom/share/srdfdom/cmake/srdfdomConfig-version.cmake
[1.289s] -- Up-to-date: /home/robot/ws_moveit2/install/srdfdom/share/srdfdom/package.xml
[1.294s] Invoked command in '/home/robot/ws_moveit2/build/srdfdom' returned '0': CMAKE_PREFIX_PATH=${CMAKE_PREFIX_PATH}:/home/robot/ws_moveit2/install/moveit_configs_utils:/home/robot/ws_moveit2/install/launch_param_builder:/home/robot/ros2_ws/install/my_turtlesim_project:/home/robot/ros2_ws/install/my_robot_first_servo_control:/home/robot/ros2_ws/install/my_py_pkg:/home/robot/ros2_ws/install/actions_py:/opt/ros/humble /usr/bin/cmake --install /home/robot/ws_moveit2/build/srdfdom
