[0.037s] Invoking command in '/home/robot/ws_moveit2/build/moveit_resources_myrobot_description': CMAKE_PREFIX_PATH=${CMAKE_PREFIX_PATH}:/home/robot/ws_moveit2/install/moveit_configs_utils:/home/robot/ws_moveit2/install/launch_param_builder:/home/robot/ros2_ws/install/my_turtlesim_project:/home/robot/ros2_ws/install/my_robot_first_servo_control:/home/robot/ros2_ws/install/my_py_pkg:/home/robot/ros2_ws/install/lifecycle_py:/home/robot/ros2_ws/install/course3_project:/home/robot/ros2_ws/install/actions_py:/opt/ros/humble /home/robot/.local/bin/cmake --build /home/robot/ws_moveit2/build/moveit_resources_myrobot_description -- -j6 -l6
[0.241s] Invoked command in '/home/robot/ws_moveit2/build/moveit_resources_myrobot_description' returned '0': CMAKE_PREFIX_PATH=${CMAKE_PREFIX_PATH}:/home/robot/ws_moveit2/install/moveit_configs_utils:/home/robot/ws_moveit2/install/launch_param_builder:/home/robot/ros2_ws/install/my_turtlesim_project:/home/robot/ros2_ws/install/my_robot_first_servo_control:/home/robot/ros2_ws/install/my_py_pkg:/home/robot/ros2_ws/install/lifecycle_py:/home/robot/ros2_ws/install/course3_project:/home/robot/ros2_ws/install/actions_py:/opt/ros/humble /home/robot/.local/bin/cmake --build /home/robot/ws_moveit2/build/moveit_resources_myrobot_description -- -j6 -l6
[0.776s] Invoking command in '/home/robot/ws_moveit2/build/moveit_resources_myrobot_description': CMAKE_PREFIX_PATH=${CMAKE_PREFIX_PATH}:/home/robot/ws_moveit2/install/moveit_configs_utils:/home/robot/ws_moveit2/install/launch_param_builder:/home/robot/ros2_ws/install/my_turtlesim_project:/home/robot/ros2_ws/install/my_robot_first_servo_control:/home/robot/ros2_ws/install/my_py_pkg:/home/robot/ros2_ws/install/lifecycle_py:/home/robot/ros2_ws/install/course3_project:/home/robot/ros2_ws/install/actions_py:/opt/ros/humble /home/robot/.local/bin/cmake --install /home/robot/ws_moveit2/build/moveit_resources_myrobot_description
[1.012s] -- Install configuration: "Release"
[1.018s] -- Up-to-date: /home/robot/ws_moveit2/install/moveit_resources_myrobot_description/share/moveit_resources_myrobot_description//urdf
[1.019s] -- Up-to-date: /home/robot/ws_moveit2/install/moveit_resources_myrobot_description/share/moveit_resources_myrobot_description//urdf/arm_base.xacro
[1.019s] -- Up-to-date: /home/robot/ws_moveit2/install/moveit_resources_myrobot_description/share/moveit_resources_myrobot_description//urdf/robotic_arm.urdf.xacro
[1.019s] -- Up-to-date: /home/robot/ws_moveit2/install/moveit_resources_myrobot_description/share/moveit_resources_myrobot_description//urdf/arm_base_gazebo.xacro
[1.019s] -- Up-to-date: /home/robot/ws_moveit2/install/moveit_resources_myrobot_description/share/moveit_resources_myrobot_description//urdf/common_properties.xacro
[1.019s] -- Up-to-date: /home/robot/ws_moveit2/install/moveit_resources_myrobot_description/share/ament_index/resource_index/package_run_dependencies/moveit_resources_myrobot_description
[1.019s] -- Up-to-date: /home/robot/ws_moveit2/install/moveit_resources_myrobot_description/share/ament_index/resource_index/parent_prefix_path/moveit_resources_myrobot_description
[1.019s] -- Up-to-date: /home/robot/ws_moveit2/install/moveit_resources_myrobot_description/share/moveit_resources_myrobot_description/environment/ament_prefix_path.sh
[1.020s] -- Up-to-date: /home/robot/ws_moveit2/install/moveit_resources_myrobot_description/share/moveit_resources_myrobot_description/environment/ament_prefix_path.dsv
[1.020s] -- Up-to-date: /home/robot/ws_moveit2/install/moveit_resources_myrobot_description/share/moveit_resources_myrobot_description/environment/path.sh
[1.020s] -- Up-to-date: /home/robot/ws_moveit2/install/moveit_resources_myrobot_description/share/moveit_resources_myrobot_description/environment/path.dsv
[1.020s] -- Up-to-date: /home/robot/ws_moveit2/install/moveit_resources_myrobot_description/share/moveit_resources_myrobot_description/local_setup.bash
[1.020s] -- Up-to-date: /home/robot/ws_moveit2/install/moveit_resources_myrobot_description/share/moveit_resources_myrobot_description/local_setup.sh
[1.020s] -- Up-to-date: /home/robot/ws_moveit2/install/moveit_resources_myrobot_description/share/moveit_resources_myrobot_description/local_setup.zsh
[1.020s] -- Up-to-date: /home/robot/ws_moveit2/install/moveit_resources_myrobot_description/share/moveit_resources_myrobot_description/local_setup.dsv
[1.021s] -- Installing: /home/robot/ws_moveit2/install/moveit_resources_myrobot_description/share/moveit_resources_myrobot_description/package.dsv
[1.021s] -- Up-to-date: /home/robot/ws_moveit2/install/moveit_resources_myrobot_description/share/ament_index/resource_index/packages/moveit_resources_myrobot_description
[1.021s] -- Up-to-date: /home/robot/ws_moveit2/install/moveit_resources_myrobot_description/share/moveit_resources_myrobot_description/cmake/moveit_resources_myrobot_descriptionConfig.cmake
[1.021s] -- Up-to-date: /home/robot/ws_moveit2/install/moveit_resources_myrobot_description/share/moveit_resources_myrobot_description/cmake/moveit_resources_myrobot_descriptionConfig-version.cmake
[1.021s] -- Up-to-date: /home/robot/ws_moveit2/install/moveit_resources_myrobot_description/share/moveit_resources_myrobot_description/package.xml
[1.032s] Invoked command in '/home/robot/ws_moveit2/build/moveit_resources_myrobot_description' returned '0': CMAKE_PREFIX_PATH=${CMAKE_PREFIX_PATH}:/home/robot/ws_moveit2/install/moveit_configs_utils:/home/robot/ws_moveit2/install/launch_param_builder:/home/robot/ros2_ws/install/my_turtlesim_project:/home/robot/ros2_ws/install/my_robot_first_servo_control:/home/robot/ros2_ws/install/my_py_pkg:/home/robot/ros2_ws/install/lifecycle_py:/home/robot/ros2_ws/install/course3_project:/home/robot/ros2_ws/install/actions_py:/opt/ros/humble /home/robot/.local/bin/cmake --install /home/robot/ws_moveit2/build/moveit_resources_myrobot_description
