[0.034s] Invoking command in '/home/robot/ros2_ws/src/my_robot_interfaces/build/my_robot_interfaces': CMAKE_PREFIX_PATH=${CMAKE_PREFIX_PATH}:/home/robot/ros2_ws/install/my_py_pkg:/opt/ros/humble /usr/bin/cmake /home/robot/ros2_ws/src/my_robot_interfaces -DCMAKE_INSTALL_PREFIX=/home/robot/ros2_ws/src/my_robot_interfaces/install/my_robot_interfaces
[0.261s] -- The C compiler identification is GNU 11.4.0
[0.487s] -- The CXX compiler identification is GNU 11.4.0
[0.520s] -- Detecting C compiler ABI info
[0.703s] -- Detecting C compiler ABI info - done
[0.726s] -- Check for working C compiler: /usr/bin/cc - skipped
[0.727s] -- Detecting C compile features
[0.728s] -- Detecting C compile features - done
[0.738s] -- Detecting CXX compiler ABI info
[0.933s] -- Detecting CXX compiler ABI info - done
[0.951s] -- Check for working CXX compiler: /usr/bin/c++ - skipped
[0.951s] -- Detecting CXX compile features
[0.952s] -- Detecting CXX compile features - done
[0.988s] -- Found ament_cmake: 1.3.5 (/opt/ros/humble/share/ament_cmake/cmake)
[1.378s] -- Found Python3: /usr/bin/python3.10 (found version "3.10.12") found components: Interpreter 
[1.649s] -- Found rosidl_default_generators: 1.2.0 (/opt/ros/humble/share/rosidl_default_generators/cmake)
[1.664s] -- Using all available rosidl_typesupport_c: rosidl_typesupport_fastrtps_c;rosidl_typesupport_introspection_c
[1.685s] -- Found rosidl_adapter: 3.1.5 (/opt/ros/humble/share/rosidl_adapter/cmake)
[1.824s] -- Using all available rosidl_typesupport_cpp: rosidl_typesupport_fastrtps_cpp;rosidl_typesupport_introspection_cpp
[2.538s] -- Found ament_cmake_ros: 0.10.0 (/opt/ros/humble/share/ament_cmake_ros/cmake)
[2.993s] -- Using all available rosidl_typesupport_c: rosidl_typesupport_fastrtps_c;rosidl_typesupport_introspection_c
[3.569s] -- Using all available rosidl_typesupport_cpp: rosidl_typesupport_fastrtps_cpp;rosidl_typesupport_introspection_cpp
[3.627s] -- Found PythonInterp: /usr/bin/python3 (found suitable version "3.10.12", minimum required is "3.6") 
[3.633s] -- Found python_cmake_module: 0.10.0 (/opt/ros/humble/share/python_cmake_module/cmake)
[3.697s] -- Found PythonLibs: /usr/lib/x86_64-linux-gnu/libpython3.10.so (found suitable version "3.10.12", minimum required is "3.5") 
[3.697s] -- Using PYTHON_EXECUTABLE: /usr/bin/python3
[3.697s] -- Using PYTHON_INCLUDE_DIRS: /usr/include/python3.10
[3.697s] -- Using PYTHON_LIBRARIES: /usr/lib/x86_64-linux-gnu/libpython3.10.so
[3.757s] -- Found PythonExtra: .so  
[3.863s] -- Configuring done
[3.934s] -- Generating done
[3.940s] -- Build files have been written to: /home/robot/ros2_ws/src/my_robot_interfaces/build/my_robot_interfaces
[3.950s] Invoked command in '/home/robot/ros2_ws/src/my_robot_interfaces/build/my_robot_interfaces' returned '0': CMAKE_PREFIX_PATH=${CMAKE_PREFIX_PATH}:/home/robot/ros2_ws/install/my_py_pkg:/opt/ros/humble /usr/bin/cmake /home/robot/ros2_ws/src/my_robot_interfaces -DCMAKE_INSTALL_PREFIX=/home/robot/ros2_ws/src/my_robot_interfaces/install/my_robot_interfaces
[3.957s] Invoking command in '/home/robot/ros2_ws/src/my_robot_interfaces/build/my_robot_interfaces': CMAKE_PREFIX_PATH=${CMAKE_PREFIX_PATH}:/home/robot/ros2_ws/install/my_py_pkg:/opt/ros/humble /usr/bin/cmake --build /home/robot/ros2_ws/src/my_robot_interfaces/build/my_robot_interfaces -- -j4 -l4
[4.062s] [  2%] [34m[1mGenerating C++ code for ROS interfaces[0m
[4.923s] [  2%] Built target my_robot_interfaces__cpp
[4.973s] [  2%] Built target ament_cmake_python_copy_my_robot_interfaces
[4.991s] [  5%] [34m[1mGenerating C++ type support for eProsima Fast-RTPS[0m
[5.739s] [  7%] [32mBuilding CXX object CMakeFiles/my_robot_interfaces__rosidl_typesupport_fastrtps_cpp.dir/rosidl_typesupport_fastrtps_cpp/my_robot_interfaces/msg/detail/dds_fastrtps/hardware_status__type_support.cpp.o[0m
[6.521s] [ 10%] [32mBuilding CXX object CMakeFiles/my_robot_interfaces__rosidl_typesupport_fastrtps_cpp.dir/rosidl_typesupport_fastrtps_cpp/my_robot_interfaces/srv/detail/dds_fastrtps/compute_rectangle_area__type_support.cpp.o[0m
[7.179s] [ 12%] [32m[1mLinking CXX shared library libmy_robot_interfaces__rosidl_typesupport_fastrtps_cpp.so[0m
[7.319s] [ 12%] Built target my_robot_interfaces__rosidl_typesupport_fastrtps_cpp
[7.335s] [ 15%] [34m[1mGenerating C++ introspection for ROS interfaces[0m
[7.962s] [ 17%] [32mBuilding CXX object CMakeFiles/my_robot_interfaces__rosidl_typesupport_introspection_cpp.dir/rosidl_typesupport_introspection_cpp/my_robot_interfaces/msg/detail/hardware_status__type_support.cpp.o[0m
[8.566s] [ 20%] [32mBuilding CXX object CMakeFiles/my_robot_interfaces__rosidl_typesupport_introspection_cpp.dir/rosidl_typesupport_introspection_cpp/my_robot_interfaces/srv/detail/compute_rectangle_area__type_support.cpp.o[0m
[9.157s] [ 23%] [32m[1mLinking CXX shared library libmy_robot_interfaces__rosidl_typesupport_introspection_cpp.so[0m
[9.263s] [ 23%] Built target my_robot_interfaces__rosidl_typesupport_introspection_cpp
[9.693s] running egg_info
[9.695s] creating my_robot_interfaces.egg-info
[9.695s] writing my_robot_interfaces.egg-info/PKG-INFO
[9.695s] writing dependency_links to my_robot_interfaces.egg-info/dependency_links.txt
[9.695s] writing top-level names to my_robot_interfaces.egg-info/top_level.txt
[9.696s] writing manifest file 'my_robot_interfaces.egg-info/SOURCES.txt'
[9.700s] reading manifest file 'my_robot_interfaces.egg-info/SOURCES.txt'
[9.701s] writing manifest file 'my_robot_interfaces.egg-info/SOURCES.txt'
[9.742s] [ 23%] Built target ament_cmake_python_build_my_robot_interfaces_egg
[9.758s] [ 25%] [34m[1mGenerating C++ type support dispatch for ROS interfaces[0m
[10.295s] [ 28%] [32mBuilding CXX object CMakeFiles/my_robot_interfaces__rosidl_typesupport_cpp.dir/rosidl_typesupport_cpp/my_robot_interfaces/msg/hardware_status__type_support.cpp.o[0m
[10.699s] [ 30%] [32mBuilding CXX object CMakeFiles/my_robot_interfaces__rosidl_typesupport_cpp.dir/rosidl_typesupport_cpp/my_robot_interfaces/srv/compute_rectangle_area__type_support.cpp.o[0m
[11.102s] [ 33%] [32m[1mLinking CXX shared library libmy_robot_interfaces__rosidl_typesupport_cpp.so[0m
[11.176s] [ 33%] Built target my_robot_interfaces__rosidl_typesupport_cpp
[11.190s] [ 35%] [34m[1mGenerating C code for ROS interfaces[0m
[11.994s] [ 38%] [32mBuilding C object CMakeFiles/my_robot_interfaces__rosidl_generator_c.dir/rosidl_generator_c/my_robot_interfaces/msg/detail/hardware_status__functions.c.o[0m
[12.077s] [ 41%] [32mBuilding C object CMakeFiles/my_robot_interfaces__rosidl_generator_c.dir/rosidl_generator_c/my_robot_interfaces/srv/detail/compute_rectangle_area__functions.c.o[0m
[12.165s] [ 43%] [32m[1mLinking C shared library libmy_robot_interfaces__rosidl_generator_c.so[0m
[12.222s] [ 43%] Built target my_robot_interfaces__rosidl_generator_c
[12.236s] [ 46%] [34m[1mGenerating C type support for eProsima Fast-RTPS[0m
[12.882s] [ 48%] [32mBuilding CXX object CMakeFiles/my_robot_interfaces__rosidl_typesupport_fastrtps_c.dir/rosidl_typesupport_fastrtps_c/my_robot_interfaces/msg/detail/hardware_status__type_support_c.cpp.o[0m
[12.883s] [ 51%] [32mBuilding CXX object CMakeFiles/my_robot_interfaces__rosidl_typesupport_fastrtps_c.dir/rosidl_typesupport_fastrtps_c/my_robot_interfaces/srv/detail/compute_rectangle_area__type_support_c.cpp.o[0m
[13.432s] [ 53%] [32m[1mLinking CXX shared library libmy_robot_interfaces__rosidl_typesupport_fastrtps_c.so[0m
[13.555s] [ 53%] Built target my_robot_interfaces__rosidl_typesupport_fastrtps_c
[13.570s] [ 58%] [34m[1mGenerating C type support dispatch for ROS interfaces[0m
[13.570s] [ 58%] [34m[1mGenerating C introspection for ROS interfaces[0m
[14.106s] [ 64%] [32mBuilding CXX object CMakeFiles/my_robot_interfaces__rosidl_typesupport_c.dir/rosidl_typesupport_c/my_robot_interfaces/msg/hardware_status__type_support.cpp.o[0m
[14.106s] [ 64%] [32mBuilding CXX object CMakeFiles/my_robot_interfaces__rosidl_typesupport_c.dir/rosidl_typesupport_c/my_robot_interfaces/srv/compute_rectangle_area__type_support.cpp.o[0m
[14.162s] [ 66%] [32m[1mLinking CXX shared library libmy_robot_interfaces__rosidl_typesupport_c.so[0m
[14.207s] [ 69%] [32mBuilding C object CMakeFiles/my_robot_interfaces__rosidl_typesupport_introspection_c.dir/rosidl_typesupport_introspection_c/my_robot_interfaces/srv/detail/compute_rectangle_area__type_support.c.o[0m
[14.210s] [ 71%] [32mBuilding C object CMakeFiles/my_robot_interfaces__rosidl_typesupport_introspection_c.dir/rosidl_typesupport_introspection_c/my_robot_interfaces/msg/detail/hardware_status__type_support.c.o[0m
[14.231s] [ 71%] Built target my_robot_interfaces__rosidl_typesupport_c
[14.278s] [ 74%] [32m[1mLinking C shared library libmy_robot_interfaces__rosidl_typesupport_introspection_c.so[0m
[14.325s] [ 74%] Built target my_robot_interfaces__rosidl_typesupport_introspection_c
[14.352s] [ 74%] Built target my_robot_interfaces
[14.383s] [ 76%] [34m[1mGenerating Python code for ROS interfaces[0m
[15.429s] [ 76%] Built target my_robot_interfaces__py
[15.464s] [ 79%] [32mBuilding C object CMakeFiles/my_robot_interfaces__rosidl_generator_py.dir/rosidl_generator_py/my_robot_interfaces/srv/_compute_rectangle_area_s.c.o[0m
[15.467s] [ 82%] [32mBuilding C object CMakeFiles/my_robot_interfaces__rosidl_generator_py.dir/rosidl_generator_py/my_robot_interfaces/msg/_hardware_status_s.c.o[0m
[15.719s] [ 84%] [32m[1mLinking C shared library rosidl_generator_py/my_robot_interfaces/libmy_robot_interfaces__rosidl_generator_py.so[0m
[15.784s] [ 84%] Built target my_robot_interfaces__rosidl_generator_py
[15.814s] [ 89%] [32mBuilding C object CMakeFiles/my_robot_interfaces__rosidl_typesupport_fastrtps_c__pyext.dir/rosidl_generator_py/my_robot_interfaces/_my_robot_interfaces_s.ep.rosidl_typesupport_fastrtps_c.c.o[0m
[15.814s] [ 89%] [32mBuilding C object CMakeFiles/my_robot_interfaces__rosidl_typesupport_introspection_c__pyext.dir/rosidl_generator_py/my_robot_interfaces/_my_robot_interfaces_s.ep.rosidl_typesupport_introspection_c.c.o[0m
[15.981s] [ 92%] [32m[1mLinking C shared library rosidl_generator_py/my_robot_interfaces/my_robot_interfaces_s__rosidl_typesupport_introspection_c.cpython-310-x86_64-linux-gnu.so[0m
[15.985s] [ 94%] [32m[1mLinking C shared library rosidl_generator_py/my_robot_interfaces/my_robot_interfaces_s__rosidl_typesupport_fastrtps_c.cpython-310-x86_64-linux-gnu.so[0m
[16.035s] [ 94%] Built target my_robot_interfaces__rosidl_typesupport_introspection_c__pyext
[16.039s] [ 94%] Built target my_robot_interfaces__rosidl_typesupport_fastrtps_c__pyext
[16.064s] [ 97%] [32mBuilding C object CMakeFiles/my_robot_interfaces__rosidl_typesupport_c__pyext.dir/rosidl_generator_py/my_robot_interfaces/_my_robot_interfaces_s.ep.rosidl_typesupport_c.c.o[0m
[16.225s] [100%] [32m[1mLinking C shared library rosidl_generator_py/my_robot_interfaces/my_robot_interfaces_s__rosidl_typesupport_c.cpython-310-x86_64-linux-gnu.so[0m
[16.273s] [100%] Built target my_robot_interfaces__rosidl_typesupport_c__pyext
[16.298s] Invoked command in '/home/robot/ros2_ws/src/my_robot_interfaces/build/my_robot_interfaces' returned '0': CMAKE_PREFIX_PATH=${CMAKE_PREFIX_PATH}:/home/robot/ros2_ws/install/my_py_pkg:/opt/ros/humble /usr/bin/cmake --build /home/robot/ros2_ws/src/my_robot_interfaces/build/my_robot_interfaces -- -j4 -l4
[16.470s] Invoking command in '/home/robot/ros2_ws/src/my_robot_interfaces/build/my_robot_interfaces': CMAKE_PREFIX_PATH=${CMAKE_PREFIX_PATH}:/home/robot/ros2_ws/install/my_py_pkg:/opt/ros/humble /usr/bin/cmake --install /home/robot/ros2_ws/src/my_robot_interfaces/build/my_robot_interfaces
[16.486s] -- Install configuration: ""
[16.490s] -- Installing: /home/robot/ros2_ws/src/my_robot_interfaces/install/my_robot_interfaces/share/ament_index/resource_index/rosidl_interfaces/my_robot_interfaces
[16.490s] -- Installing: /home/robot/ros2_ws/src/my_robot_interfaces/install/my_robot_interfaces/include/my_robot_interfaces/my_robot_interfaces
[16.491s] -- Installing: /home/robot/ros2_ws/src/my_robot_interfaces/install/my_robot_interfaces/include/my_robot_interfaces/my_robot_interfaces/msg
[16.491s] -- Installing: /home/robot/ros2_ws/src/my_robot_interfaces/install/my_robot_interfaces/include/my_robot_interfaces/my_robot_interfaces/msg/rosidl_generator_c__visibility_control.h
[16.491s] -- Installing: /home/robot/ros2_ws/src/my_robot_interfaces/install/my_robot_interfaces/include/my_robot_interfaces/my_robot_interfaces/msg/detail
[16.491s] -- Installing: /home/robot/ros2_ws/src/my_robot_interfaces/install/my_robot_interfaces/include/my_robot_interfaces/my_robot_interfaces/msg/detail/hardware_status__functions.c
[16.492s] -- Installing: /home/robot/ros2_ws/src/my_robot_interfaces/install/my_robot_interfaces/include/my_robot_interfaces/my_robot_interfaces/msg/detail/hardware_status__struct.h
[16.492s] -- Installing: /home/robot/ros2_ws/src/my_robot_interfaces/install/my_robot_interfaces/include/my_robot_interfaces/my_robot_interfaces/msg/detail/hardware_status__functions.h
[16.492s] -- Installing: /home/robot/ros2_ws/src/my_robot_interfaces/install/my_robot_interfaces/include/my_robot_interfaces/my_robot_interfaces/msg/detail/hardware_status__type_support.h
[16.492s] -- Installing: /home/robot/ros2_ws/src/my_robot_interfaces/install/my_robot_interfaces/include/my_robot_interfaces/my_robot_interfaces/msg/hardware_status.h
[16.493s] -- Installing: /home/robot/ros2_ws/src/my_robot_interfaces/install/my_robot_interfaces/include/my_robot_interfaces/my_robot_interfaces/srv
[16.493s] -- Installing: /home/robot/ros2_ws/src/my_robot_interfaces/install/my_robot_interfaces/include/my_robot_interfaces/my_robot_interfaces/srv/detail
[16.493s] -- Installing: /home/robot/ros2_ws/src/my_robot_interfaces/install/my_robot_interfaces/include/my_robot_interfaces/my_robot_interfaces/srv/detail/compute_rectangle_area__struct.h
[16.493s] -- Installing: /home/robot/ros2_ws/src/my_robot_interfaces/install/my_robot_interfaces/include/my_robot_interfaces/my_robot_interfaces/srv/detail/compute_rectangle_area__functions.h
[16.494s] -- Installing: /home/robot/ros2_ws/src/my_robot_interfaces/install/my_robot_interfaces/include/my_robot_interfaces/my_robot_interfaces/srv/detail/compute_rectangle_area__functions.c
[16.494s] -- Installing: /home/robot/ros2_ws/src/my_robot_interfaces/install/my_robot_interfaces/include/my_robot_interfaces/my_robot_interfaces/srv/detail/compute_rectangle_area__type_support.h
[16.494s] -- Installing: /home/robot/ros2_ws/src/my_robot_interfaces/install/my_robot_interfaces/include/my_robot_interfaces/my_robot_interfaces/srv/compute_rectangle_area.h
[16.494s] -- Installing: /home/robot/ros2_ws/src/my_robot_interfaces/install/my_robot_interfaces/share/my_robot_interfaces/environment/library_path.sh
[16.495s] -- Installing: /home/robot/ros2_ws/src/my_robot_interfaces/install/my_robot_interfaces/share/my_robot_interfaces/environment/library_path.dsv
[16.495s] -- Installing: /home/robot/ros2_ws/src/my_robot_interfaces/install/my_robot_interfaces/lib/libmy_robot_interfaces__rosidl_generator_c.so
[16.496s] -- Set runtime path of "/home/robot/ros2_ws/src/my_robot_interfaces/install/my_robot_interfaces/lib/libmy_robot_interfaces__rosidl_generator_c.so" to ""
[16.496s] -- Up-to-date: /home/robot/ros2_ws/src/my_robot_interfaces/install/my_robot_interfaces/include/my_robot_interfaces/my_robot_interfaces
[16.496s] -- Up-to-date: /home/robot/ros2_ws/src/my_robot_interfaces/install/my_robot_interfaces/include/my_robot_interfaces/my_robot_interfaces/msg
[16.496s] -- Up-to-date: /home/robot/ros2_ws/src/my_robot_interfaces/install/my_robot_interfaces/include/my_robot_interfaces/my_robot_interfaces/msg/detail
[16.496s] -- Installing: /home/robot/ros2_ws/src/my_robot_interfaces/install/my_robot_interfaces/include/my_robot_interfaces/my_robot_interfaces/msg/detail/hardware_status__rosidl_typesupport_fastrtps_c.h
[16.497s] -- Installing: /home/robot/ros2_ws/src/my_robot_interfaces/install/my_robot_interfaces/include/my_robot_interfaces/my_robot_interfaces/msg/rosidl_typesupport_fastrtps_c__visibility_control.h
[16.497s] -- Up-to-date: /home/robot/ros2_ws/src/my_robot_interfaces/install/my_robot_interfaces/include/my_robot_interfaces/my_robot_interfaces/srv
[16.497s] -- Up-to-date: /home/robot/ros2_ws/src/my_robot_interfaces/install/my_robot_interfaces/include/my_robot_interfaces/my_robot_interfaces/srv/detail
[16.497s] -- Installing: /home/robot/ros2_ws/src/my_robot_interfaces/install/my_robot_interfaces/include/my_robot_interfaces/my_robot_interfaces/srv/detail/compute_rectangle_area__rosidl_typesupport_fastrtps_c.h
[16.497s] -- Installing: /home/robot/ros2_ws/src/my_robot_interfaces/install/my_robot_interfaces/lib/libmy_robot_interfaces__rosidl_typesupport_fastrtps_c.so
[16.498s] -- Set runtime path of "/home/robot/ros2_ws/src/my_robot_interfaces/install/my_robot_interfaces/lib/libmy_robot_interfaces__rosidl_typesupport_fastrtps_c.so" to ""
[16.498s] -- Up-to-date: /home/robot/ros2_ws/src/my_robot_interfaces/install/my_robot_interfaces/include/my_robot_interfaces/my_robot_interfaces
[16.498s] -- Up-to-date: /home/robot/ros2_ws/src/my_robot_interfaces/install/my_robot_interfaces/include/my_robot_interfaces/my_robot_interfaces/msg
[16.498s] -- Up-to-date: /home/robot/ros2_ws/src/my_robot_interfaces/install/my_robot_interfaces/include/my_robot_interfaces/my_robot_interfaces/msg/detail
[16.498s] -- Installing: /home/robot/ros2_ws/src/my_robot_interfaces/install/my_robot_interfaces/include/my_robot_interfaces/my_robot_interfaces/msg/detail/hardware_status__rosidl_typesupport_introspection_c.h
[16.500s] -- Installing: /home/robot/ros2_ws/src/my_robot_interfaces/install/my_robot_interfaces/include/my_robot_interfaces/my_robot_interfaces/msg/detail/hardware_status__type_support.c
[16.500s] -- Installing: /home/robot/ros2_ws/src/my_robot_interfaces/install/my_robot_interfaces/include/my_robot_interfaces/my_robot_interfaces/msg/rosidl_typesupport_introspection_c__visibility_control.h
[16.500s] -- Up-to-date: /home/robot/ros2_ws/src/my_robot_interfaces/install/my_robot_interfaces/include/my_robot_interfaces/my_robot_interfaces/srv
[16.500s] -- Up-to-date: /home/robot/ros2_ws/src/my_robot_interfaces/install/my_robot_interfaces/include/my_robot_interfaces/my_robot_interfaces/srv/detail
[16.501s] -- Installing: /home/robot/ros2_ws/src/my_robot_interfaces/install/my_robot_interfaces/include/my_robot_interfaces/my_robot_interfaces/srv/detail/compute_rectangle_area__rosidl_typesupport_introspection_c.h
[16.501s] -- Installing: /home/robot/ros2_ws/src/my_robot_interfaces/install/my_robot_interfaces/include/my_robot_interfaces/my_robot_interfaces/srv/detail/compute_rectangle_area__type_support.c
[16.501s] -- Installing: /home/robot/ros2_ws/src/my_robot_interfaces/install/my_robot_interfaces/lib/libmy_robot_interfaces__rosidl_typesupport_introspection_c.so
[16.501s] -- Set runtime path of "/home/robot/ros2_ws/src/my_robot_interfaces/install/my_robot_interfaces/lib/libmy_robot_interfaces__rosidl_typesupport_introspection_c.so" to ""
[16.501s] -- Installing: /home/robot/ros2_ws/src/my_robot_interfaces/install/my_robot_interfaces/lib/libmy_robot_interfaces__rosidl_typesupport_c.so
[16.502s] -- Set runtime path of "/home/robot/ros2_ws/src/my_robot_interfaces/install/my_robot_interfaces/lib/libmy_robot_interfaces__rosidl_typesupport_c.so" to ""
[16.502s] -- Up-to-date: /home/robot/ros2_ws/src/my_robot_interfaces/install/my_robot_interfaces/include/my_robot_interfaces/my_robot_interfaces
[16.503s] -- Up-to-date: /home/robot/ros2_ws/src/my_robot_interfaces/install/my_robot_interfaces/include/my_robot_interfaces/my_robot_interfaces/msg
[16.503s] -- Up-to-date: /home/robot/ros2_ws/src/my_robot_interfaces/install/my_robot_interfaces/include/my_robot_interfaces/my_robot_interfaces/msg/detail
[16.503s] -- Installing: /home/robot/ros2_ws/src/my_robot_interfaces/install/my_robot_interfaces/include/my_robot_interfaces/my_robot_interfaces/msg/detail/hardware_status__builder.hpp
[16.503s] -- Installing: /home/robot/ros2_ws/src/my_robot_interfaces/install/my_robot_interfaces/include/my_robot_interfaces/my_robot_interfaces/msg/detail/hardware_status__traits.hpp
[16.504s] -- Installing: /home/robot/ros2_ws/src/my_robot_interfaces/install/my_robot_interfaces/include/my_robot_interfaces/my_robot_interfaces/msg/detail/hardware_status__struct.hpp
[16.505s] -- Installing: /home/robot/ros2_ws/src/my_robot_interfaces/install/my_robot_interfaces/include/my_robot_interfaces/my_robot_interfaces/msg/hardware_status.hpp
[16.505s] -- Up-to-date: /home/robot/ros2_ws/src/my_robot_interfaces/install/my_robot_interfaces/include/my_robot_interfaces/my_robot_interfaces/srv
[16.506s] -- Up-to-date: /home/robot/ros2_ws/src/my_robot_interfaces/install/my_robot_interfaces/include/my_robot_interfaces/my_robot_interfaces/srv/detail
[16.506s] -- Installing: /home/robot/ros2_ws/src/my_robot_interfaces/install/my_robot_interfaces/include/my_robot_interfaces/my_robot_interfaces/srv/detail/compute_rectangle_area__builder.hpp
[16.506s] -- Installing: /home/robot/ros2_ws/src/my_robot_interfaces/install/my_robot_interfaces/include/my_robot_interfaces/my_robot_interfaces/srv/detail/compute_rectangle_area__struct.hpp
[16.506s] -- Installing: /home/robot/ros2_ws/src/my_robot_interfaces/install/my_robot_interfaces/include/my_robot_interfaces/my_robot_interfaces/srv/detail/compute_rectangle_area__traits.hpp
[16.507s] -- Installing: /home/robot/ros2_ws/src/my_robot_interfaces/install/my_robot_interfaces/include/my_robot_interfaces/my_robot_interfaces/srv/compute_rectangle_area.hpp
[16.507s] -- Up-to-date: /home/robot/ros2_ws/src/my_robot_interfaces/install/my_robot_interfaces/include/my_robot_interfaces/my_robot_interfaces
[16.507s] -- Up-to-date: /home/robot/ros2_ws/src/my_robot_interfaces/install/my_robot_interfaces/include/my_robot_interfaces/my_robot_interfaces/msg
[16.507s] -- Up-to-date: /home/robot/ros2_ws/src/my_robot_interfaces/install/my_robot_interfaces/include/my_robot_interfaces/my_robot_interfaces/msg/detail
[16.507s] -- Installing: /home/robot/ros2_ws/src/my_robot_interfaces/install/my_robot_interfaces/include/my_robot_interfaces/my_robot_interfaces/msg/detail/hardware_status__rosidl_typesupport_fastrtps_cpp.hpp
[16.508s] -- Installing: /home/robot/ros2_ws/src/my_robot_interfaces/install/my_robot_interfaces/include/my_robot_interfaces/my_robot_interfaces/msg/detail/dds_fastrtps
[16.508s] -- Installing: /home/robot/ros2_ws/src/my_robot_interfaces/install/my_robot_interfaces/include/my_robot_interfaces/my_robot_interfaces/msg/rosidl_typesupport_fastrtps_cpp__visibility_control.h
[16.508s] -- Up-to-date: /home/robot/ros2_ws/src/my_robot_interfaces/install/my_robot_interfaces/include/my_robot_interfaces/my_robot_interfaces/srv
[16.508s] -- Up-to-date: /home/robot/ros2_ws/src/my_robot_interfaces/install/my_robot_interfaces/include/my_robot_interfaces/my_robot_interfaces/srv/detail
[16.508s] -- Installing: /home/robot/ros2_ws/src/my_robot_interfaces/install/my_robot_interfaces/include/my_robot_interfaces/my_robot_interfaces/srv/detail/compute_rectangle_area__rosidl_typesupport_fastrtps_cpp.hpp
[16.509s] -- Installing: /home/robot/ros2_ws/src/my_robot_interfaces/install/my_robot_interfaces/include/my_robot_interfaces/my_robot_interfaces/srv/detail/dds_fastrtps
[16.509s] -- Installing: /home/robot/ros2_ws/src/my_robot_interfaces/install/my_robot_interfaces/lib/libmy_robot_interfaces__rosidl_typesupport_fastrtps_cpp.so
[16.509s] -- Set runtime path of "/home/robot/ros2_ws/src/my_robot_interfaces/install/my_robot_interfaces/lib/libmy_robot_interfaces__rosidl_typesupport_fastrtps_cpp.so" to ""
[16.509s] -- Up-to-date: /home/robot/ros2_ws/src/my_robot_interfaces/install/my_robot_interfaces/include/my_robot_interfaces/my_robot_interfaces
[16.509s] -- Up-to-date: /home/robot/ros2_ws/src/my_robot_interfaces/install/my_robot_interfaces/include/my_robot_interfaces/my_robot_interfaces/msg
[16.509s] -- Up-to-date: /home/robot/ros2_ws/src/my_robot_interfaces/install/my_robot_interfaces/include/my_robot_interfaces/my_robot_interfaces/msg/detail
[16.510s] -- Installing: /home/robot/ros2_ws/src/my_robot_interfaces/install/my_robot_interfaces/include/my_robot_interfaces/my_robot_interfaces/msg/detail/hardware_status__rosidl_typesupport_introspection_cpp.hpp
[16.510s] -- Installing: /home/robot/ros2_ws/src/my_robot_interfaces/install/my_robot_interfaces/include/my_robot_interfaces/my_robot_interfaces/msg/detail/hardware_status__type_support.cpp
[16.510s] -- Up-to-date: /home/robot/ros2_ws/src/my_robot_interfaces/install/my_robot_interfaces/include/my_robot_interfaces/my_robot_interfaces/srv
[16.510s] -- Up-to-date: /home/robot/ros2_ws/src/my_robot_interfaces/install/my_robot_interfaces/include/my_robot_interfaces/my_robot_interfaces/srv/detail
[16.511s] -- Installing: /home/robot/ros2_ws/src/my_robot_interfaces/install/my_robot_interfaces/include/my_robot_interfaces/my_robot_interfaces/srv/detail/compute_rectangle_area__rosidl_typesupport_introspection_cpp.hpp
[16.511s] -- Installing: /home/robot/ros2_ws/src/my_robot_interfaces/install/my_robot_interfaces/include/my_robot_interfaces/my_robot_interfaces/srv/detail/compute_rectangle_area__type_support.cpp
[16.511s] -- Installing: /home/robot/ros2_ws/src/my_robot_interfaces/install/my_robot_interfaces/lib/libmy_robot_interfaces__rosidl_typesupport_introspection_cpp.so
[16.511s] -- Set runtime path of "/home/robot/ros2_ws/src/my_robot_interfaces/install/my_robot_interfaces/lib/libmy_robot_interfaces__rosidl_typesupport_introspection_cpp.so" to ""
[16.511s] -- Installing: /home/robot/ros2_ws/src/my_robot_interfaces/install/my_robot_interfaces/lib/libmy_robot_interfaces__rosidl_typesupport_cpp.so
[16.512s] -- Set runtime path of "/home/robot/ros2_ws/src/my_robot_interfaces/install/my_robot_interfaces/lib/libmy_robot_interfaces__rosidl_typesupport_cpp.so" to ""
[16.512s] -- Installing: /home/robot/ros2_ws/src/my_robot_interfaces/install/my_robot_interfaces/share/my_robot_interfaces/environment/pythonpath.sh
[16.512s] -- Installing: /home/robot/ros2_ws/src/my_robot_interfaces/install/my_robot_interfaces/share/my_robot_interfaces/environment/pythonpath.dsv
[16.513s] -- Installing: /home/robot/ros2_ws/src/my_robot_interfaces/install/my_robot_interfaces/local/lib/python3.10/dist-packages/my_robot_interfaces-0.0.0-py3.10.egg-info
[16.513s] -- Installing: /home/robot/ros2_ws/src/my_robot_interfaces/install/my_robot_interfaces/local/lib/python3.10/dist-packages/my_robot_interfaces-0.0.0-py3.10.egg-info/SOURCES.txt
[16.513s] -- Installing: /home/robot/ros2_ws/src/my_robot_interfaces/install/my_robot_interfaces/local/lib/python3.10/dist-packages/my_robot_interfaces-0.0.0-py3.10.egg-info/top_level.txt
[16.513s] -- Installing: /home/robot/ros2_ws/src/my_robot_interfaces/install/my_robot_interfaces/local/lib/python3.10/dist-packages/my_robot_interfaces-0.0.0-py3.10.egg-info/PKG-INFO
[16.513s] -- Installing: /home/robot/ros2_ws/src/my_robot_interfaces/install/my_robot_interfaces/local/lib/python3.10/dist-packages/my_robot_interfaces-0.0.0-py3.10.egg-info/dependency_links.txt
[16.514s] -- Installing: /home/robot/ros2_ws/src/my_robot_interfaces/install/my_robot_interfaces/local/lib/python3.10/dist-packages/my_robot_interfaces
[16.514s] -- Installing: /home/robot/ros2_ws/src/my_robot_interfaces/install/my_robot_interfaces/local/lib/python3.10/dist-packages/my_robot_interfaces/libmy_robot_interfaces__rosidl_generator_py.so
[16.514s] -- Installing: /home/robot/ros2_ws/src/my_robot_interfaces/install/my_robot_interfaces/local/lib/python3.10/dist-packages/my_robot_interfaces/msg
[16.514s] -- Installing: /home/robot/ros2_ws/src/my_robot_interfaces/install/my_robot_interfaces/local/lib/python3.10/dist-packages/my_robot_interfaces/msg/__init__.py
[16.514s] -- Installing: /home/robot/ros2_ws/src/my_robot_interfaces/install/my_robot_interfaces/local/lib/python3.10/dist-packages/my_robot_interfaces/msg/_hardware_status.py
[16.515s] -- Installing: /home/robot/ros2_ws/src/my_robot_interfaces/install/my_robot_interfaces/local/lib/python3.10/dist-packages/my_robot_interfaces/msg/_hardware_status_s.c
[16.515s] -- Installing: /home/robot/ros2_ws/src/my_robot_interfaces/install/my_robot_interfaces/local/lib/python3.10/dist-packages/my_robot_interfaces/my_robot_interfaces_s__rosidl_typesupport_fastrtps_c.cpython-310-x86_64-linux-gnu.so
[16.515s] -- Installing: /home/robot/ros2_ws/src/my_robot_interfaces/install/my_robot_interfaces/local/lib/python3.10/dist-packages/my_robot_interfaces/__init__.py
[16.515s] -- Installing: /home/robot/ros2_ws/src/my_robot_interfaces/install/my_robot_interfaces/local/lib/python3.10/dist-packages/my_robot_interfaces/_my_robot_interfaces_s.ep.rosidl_typesupport_fastrtps_c.c
[16.515s] -- Installing: /home/robot/ros2_ws/src/my_robot_interfaces/install/my_robot_interfaces/local/lib/python3.10/dist-packages/my_robot_interfaces/srv
[16.515s] -- Installing: /home/robot/ros2_ws/src/my_robot_interfaces/install/my_robot_interfaces/local/lib/python3.10/dist-packages/my_robot_interfaces/srv/_compute_rectangle_area.py
[16.516s] -- Installing: /home/robot/ros2_ws/src/my_robot_interfaces/install/my_robot_interfaces/local/lib/python3.10/dist-packages/my_robot_interfaces/srv/__init__.py
[16.516s] -- Installing: /home/robot/ros2_ws/src/my_robot_interfaces/install/my_robot_interfaces/local/lib/python3.10/dist-packages/my_robot_interfaces/srv/_compute_rectangle_area_s.c
[16.516s] -- Installing: /home/robot/ros2_ws/src/my_robot_interfaces/install/my_robot_interfaces/local/lib/python3.10/dist-packages/my_robot_interfaces/my_robot_interfaces_s__rosidl_typesupport_introspection_c.cpython-310-x86_64-linux-gnu.so
[16.516s] -- Installing: /home/robot/ros2_ws/src/my_robot_interfaces/install/my_robot_interfaces/local/lib/python3.10/dist-packages/my_robot_interfaces/my_robot_interfaces_s__rosidl_typesupport_c.cpython-310-x86_64-linux-gnu.so
[16.516s] -- Installing: /home/robot/ros2_ws/src/my_robot_interfaces/install/my_robot_interfaces/local/lib/python3.10/dist-packages/my_robot_interfaces/_my_robot_interfaces_s.ep.rosidl_typesupport_introspection_c.c
[16.516s] -- Installing: /home/robot/ros2_ws/src/my_robot_interfaces/install/my_robot_interfaces/local/lib/python3.10/dist-packages/my_robot_interfaces/_my_robot_interfaces_s.ep.rosidl_typesupport_c.c
[16.584s] Listing '/home/robot/ros2_ws/src/my_robot_interfaces/install/my_robot_interfaces/local/lib/python3.10/dist-packages/my_robot_interfaces'...
[16.584s] Compiling '/home/robot/ros2_ws/src/my_robot_interfaces/install/my_robot_interfaces/local/lib/python3.10/dist-packages/my_robot_interfaces/__init__.py'...
[16.584s] Listing '/home/robot/ros2_ws/src/my_robot_interfaces/install/my_robot_interfaces/local/lib/python3.10/dist-packages/my_robot_interfaces/msg'...
[16.584s] Compiling '/home/robot/ros2_ws/src/my_robot_interfaces/install/my_robot_interfaces/local/lib/python3.10/dist-packages/my_robot_interfaces/msg/__init__.py'...
[16.584s] Compiling '/home/robot/ros2_ws/src/my_robot_interfaces/install/my_robot_interfaces/local/lib/python3.10/dist-packages/my_robot_interfaces/msg/_hardware_status.py'...
[16.584s] Listing '/home/robot/ros2_ws/src/my_robot_interfaces/install/my_robot_interfaces/local/lib/python3.10/dist-packages/my_robot_interfaces/srv'...
[16.585s] Compiling '/home/robot/ros2_ws/src/my_robot_interfaces/install/my_robot_interfaces/local/lib/python3.10/dist-packages/my_robot_interfaces/srv/__init__.py'...
[16.585s] Compiling '/home/robot/ros2_ws/src/my_robot_interfaces/install/my_robot_interfaces/local/lib/python3.10/dist-packages/my_robot_interfaces/srv/_compute_rectangle_area.py'...
[16.593s] -- Installing: /home/robot/ros2_ws/src/my_robot_interfaces/install/my_robot_interfaces/local/lib/python3.10/dist-packages/my_robot_interfaces/my_robot_interfaces_s__rosidl_typesupport_fastrtps_c.cpython-310-x86_64-linux-gnu.so
[16.594s] -- Set runtime path of "/home/robot/ros2_ws/src/my_robot_interfaces/install/my_robot_interfaces/local/lib/python3.10/dist-packages/my_robot_interfaces/my_robot_interfaces_s__rosidl_typesupport_fastrtps_c.cpython-310-x86_64-linux-gnu.so" to ""
[16.594s] -- Installing: /home/robot/ros2_ws/src/my_robot_interfaces/install/my_robot_interfaces/local/lib/python3.10/dist-packages/my_robot_interfaces/my_robot_interfaces_s__rosidl_typesupport_introspection_c.cpython-310-x86_64-linux-gnu.so
[16.594s] -- Set runtime path of "/home/robot/ros2_ws/src/my_robot_interfaces/install/my_robot_interfaces/local/lib/python3.10/dist-packages/my_robot_interfaces/my_robot_interfaces_s__rosidl_typesupport_introspection_c.cpython-310-x86_64-linux-gnu.so" to ""
[16.595s] -- Installing: /home/robot/ros2_ws/src/my_robot_interfaces/install/my_robot_interfaces/local/lib/python3.10/dist-packages/my_robot_interfaces/my_robot_interfaces_s__rosidl_typesupport_c.cpython-310-x86_64-linux-gnu.so
[16.595s] -- Set runtime path of "/home/robot/ros2_ws/src/my_robot_interfaces/install/my_robot_interfaces/local/lib/python3.10/dist-packages/my_robot_interfaces/my_robot_interfaces_s__rosidl_typesupport_c.cpython-310-x86_64-linux-gnu.so" to ""
[16.595s] -- Installing: /home/robot/ros2_ws/src/my_robot_interfaces/install/my_robot_interfaces/lib/libmy_robot_interfaces__rosidl_generator_py.so
[16.596s] -- Set runtime path of "/home/robot/ros2_ws/src/my_robot_interfaces/install/my_robot_interfaces/lib/libmy_robot_interfaces__rosidl_generator_py.so" to ""
[16.596s] -- Installing: /home/robot/ros2_ws/src/my_robot_interfaces/install/my_robot_interfaces/share/my_robot_interfaces/msg/HardwareStatus.idl
[16.596s] -- Installing: /home/robot/ros2_ws/src/my_robot_interfaces/install/my_robot_interfaces/share/my_robot_interfaces/srv/ComputeRectangleArea.idl
[16.597s] -- Installing: /home/robot/ros2_ws/src/my_robot_interfaces/install/my_robot_interfaces/share/my_robot_interfaces/msg/HardwareStatus.msg
[16.597s] -- Installing: /home/robot/ros2_ws/src/my_robot_interfaces/install/my_robot_interfaces/share/my_robot_interfaces/srv/ComputeRectangleArea.srv
[16.597s] -- Installing: /home/robot/ros2_ws/src/my_robot_interfaces/install/my_robot_interfaces/share/my_robot_interfaces/srv/ComputeRectangleArea_Request.msg
[16.597s] -- Installing: /home/robot/ros2_ws/src/my_robot_interfaces/install/my_robot_interfaces/share/my_robot_interfaces/srv/ComputeRectangleArea_Response.msg
[16.597s] -- Installing: /home/robot/ros2_ws/src/my_robot_interfaces/install/my_robot_interfaces/share/ament_index/resource_index/package_run_dependencies/my_robot_interfaces
[16.598s] -- Installing: /home/robot/ros2_ws/src/my_robot_interfaces/install/my_robot_interfaces/share/ament_index/resource_index/parent_prefix_path/my_robot_interfaces
[16.598s] -- Installing: /home/robot/ros2_ws/src/my_robot_interfaces/install/my_robot_interfaces/share/my_robot_interfaces/environment/ament_prefix_path.sh
[16.599s] -- Installing: /home/robot/ros2_ws/src/my_robot_interfaces/install/my_robot_interfaces/share/my_robot_interfaces/environment/ament_prefix_path.dsv
[16.599s] -- Installing: /home/robot/ros2_ws/src/my_robot_interfaces/install/my_robot_interfaces/share/my_robot_interfaces/environment/path.sh
[16.599s] -- Installing: /home/robot/ros2_ws/src/my_robot_interfaces/install/my_robot_interfaces/share/my_robot_interfaces/environment/path.dsv
[16.599s] -- Installing: /home/robot/ros2_ws/src/my_robot_interfaces/install/my_robot_interfaces/share/my_robot_interfaces/local_setup.bash
[16.600s] -- Installing: /home/robot/ros2_ws/src/my_robot_interfaces/install/my_robot_interfaces/share/my_robot_interfaces/local_setup.sh
[16.600s] -- Installing: /home/robot/ros2_ws/src/my_robot_interfaces/install/my_robot_interfaces/share/my_robot_interfaces/local_setup.zsh
[16.600s] -- Installing: /home/robot/ros2_ws/src/my_robot_interfaces/install/my_robot_interfaces/share/my_robot_interfaces/local_setup.dsv
[16.600s] -- Installing: /home/robot/ros2_ws/src/my_robot_interfaces/install/my_robot_interfaces/share/my_robot_interfaces/package.dsv
[16.600s] -- Installing: /home/robot/ros2_ws/src/my_robot_interfaces/install/my_robot_interfaces/share/ament_index/resource_index/packages/my_robot_interfaces
[16.601s] -- Installing: /home/robot/ros2_ws/src/my_robot_interfaces/install/my_robot_interfaces/share/my_robot_interfaces/cmake/export_my_robot_interfaces__rosidl_generator_cExport.cmake
[16.601s] -- Installing: /home/robot/ros2_ws/src/my_robot_interfaces/install/my_robot_interfaces/share/my_robot_interfaces/cmake/export_my_robot_interfaces__rosidl_generator_cExport-noconfig.cmake
[16.601s] -- Installing: /home/robot/ros2_ws/src/my_robot_interfaces/install/my_robot_interfaces/share/my_robot_interfaces/cmake/export_my_robot_interfaces__rosidl_typesupport_fastrtps_cExport.cmake
[16.601s] -- Installing: /home/robot/ros2_ws/src/my_robot_interfaces/install/my_robot_interfaces/share/my_robot_interfaces/cmake/export_my_robot_interfaces__rosidl_typesupport_fastrtps_cExport-noconfig.cmake
[16.602s] -- Installing: /home/robot/ros2_ws/src/my_robot_interfaces/install/my_robot_interfaces/share/my_robot_interfaces/cmake/my_robot_interfaces__rosidl_typesupport_introspection_cExport.cmake
[16.602s] -- Installing: /home/robot/ros2_ws/src/my_robot_interfaces/install/my_robot_interfaces/share/my_robot_interfaces/cmake/my_robot_interfaces__rosidl_typesupport_introspection_cExport-noconfig.cmake
[16.602s] -- Installing: /home/robot/ros2_ws/src/my_robot_interfaces/install/my_robot_interfaces/share/my_robot_interfaces/cmake/my_robot_interfaces__rosidl_typesupport_cExport.cmake
[16.602s] -- Installing: /home/robot/ros2_ws/src/my_robot_interfaces/install/my_robot_interfaces/share/my_robot_interfaces/cmake/my_robot_interfaces__rosidl_typesupport_cExport-noconfig.cmake
[16.602s] -- Installing: /home/robot/ros2_ws/src/my_robot_interfaces/install/my_robot_interfaces/share/my_robot_interfaces/cmake/export_my_robot_interfaces__rosidl_generator_cppExport.cmake
[16.603s] -- Installing: /home/robot/ros2_ws/src/my_robot_interfaces/install/my_robot_interfaces/share/my_robot_interfaces/cmake/export_my_robot_interfaces__rosidl_typesupport_fastrtps_cppExport.cmake
[16.603s] -- Installing: /home/robot/ros2_ws/src/my_robot_interfaces/install/my_robot_interfaces/share/my_robot_interfaces/cmake/export_my_robot_interfaces__rosidl_typesupport_fastrtps_cppExport-noconfig.cmake
[16.604s] -- Installing: /home/robot/ros2_ws/src/my_robot_interfaces/install/my_robot_interfaces/share/my_robot_interfaces/cmake/my_robot_interfaces__rosidl_typesupport_introspection_cppExport.cmake
[16.605s] -- Installing: /home/robot/ros2_ws/src/my_robot_interfaces/install/my_robot_interfaces/share/my_robot_interfaces/cmake/my_robot_interfaces__rosidl_typesupport_introspection_cppExport-noconfig.cmake
[16.606s] -- Installing: /home/robot/ros2_ws/src/my_robot_interfaces/install/my_robot_interfaces/share/my_robot_interfaces/cmake/my_robot_interfaces__rosidl_typesupport_cppExport.cmake
[16.606s] -- Installing: /home/robot/ros2_ws/src/my_robot_interfaces/install/my_robot_interfaces/share/my_robot_interfaces/cmake/my_robot_interfaces__rosidl_typesupport_cppExport-noconfig.cmake
[16.606s] -- Installing: /home/robot/ros2_ws/src/my_robot_interfaces/install/my_robot_interfaces/share/my_robot_interfaces/cmake/export_my_robot_interfaces__rosidl_generator_pyExport.cmake
[16.607s] -- Installing: /home/robot/ros2_ws/src/my_robot_interfaces/install/my_robot_interfaces/share/my_robot_interfaces/cmake/export_my_robot_interfaces__rosidl_generator_pyExport-noconfig.cmake
[16.607s] -- Installing: /home/robot/ros2_ws/src/my_robot_interfaces/install/my_robot_interfaces/share/my_robot_interfaces/cmake/rosidl_cmake-extras.cmake
[16.607s] -- Installing: /home/robot/ros2_ws/src/my_robot_interfaces/install/my_robot_interfaces/share/my_robot_interfaces/cmake/ament_cmake_export_include_directories-extras.cmake
[16.608s] -- Installing: /home/robot/ros2_ws/src/my_robot_interfaces/install/my_robot_interfaces/share/my_robot_interfaces/cmake/ament_cmake_export_libraries-extras.cmake
[16.608s] -- Installing: /home/robot/ros2_ws/src/my_robot_interfaces/install/my_robot_interfaces/share/my_robot_interfaces/cmake/ament_cmake_export_targets-extras.cmake
[16.608s] -- Installing: /home/robot/ros2_ws/src/my_robot_interfaces/install/my_robot_interfaces/share/my_robot_interfaces/cmake/rosidl_cmake_export_typesupport_targets-extras.cmake
[16.608s] -- Installing: /home/robot/ros2_ws/src/my_robot_interfaces/install/my_robot_interfaces/share/my_robot_interfaces/cmake/ament_cmake_export_dependencies-extras.cmake
[16.609s] -- Installing: /home/robot/ros2_ws/src/my_robot_interfaces/install/my_robot_interfaces/share/my_robot_interfaces/cmake/rosidl_cmake_export_typesupport_libraries-extras.cmake
[16.609s] -- Installing: /home/robot/ros2_ws/src/my_robot_interfaces/install/my_robot_interfaces/share/my_robot_interfaces/cmake/my_robot_interfacesConfig.cmake
[16.609s] -- Installing: /home/robot/ros2_ws/src/my_robot_interfaces/install/my_robot_interfaces/share/my_robot_interfaces/cmake/my_robot_interfacesConfig-version.cmake
[16.609s] -- Installing: /home/robot/ros2_ws/src/my_robot_interfaces/install/my_robot_interfaces/share/my_robot_interfaces/package.xml
[16.614s] Invoked command in '/home/robot/ros2_ws/src/my_robot_interfaces/build/my_robot_interfaces' returned '0': CMAKE_PREFIX_PATH=${CMAKE_PREFIX_PATH}:/home/robot/ros2_ws/install/my_py_pkg:/opt/ros/humble /usr/bin/cmake --install /home/robot/ros2_ws/src/my_robot_interfaces/build/my_robot_interfaces
