[0.451s] Invoking command in '/home/robot/ws_moveit2/build/moveit2_tutorials': AMENT_PREFIX_PATH=/home/robot/ws_moveit2/install/moveit_configs_utils:/home/robot/ws_moveit2/install/launch_param_builder:/home/robot/ws_moveit2/install/pilz_industrial_motion_planner_testutils:/home/robot/ws_moveit2/install/moveit_resources:/home/robot/ws_moveit2/install/myrobot_moveit_config:/home/robot/ws_moveit2/install/moveit_runtime:/home/robot/ws_moveit2/install/moveit2_tutorials:/home/robot/ws_moveit2/install/moveit:/home/robot/ws_moveit2/install/moveit_planners:/home/robot/ws_moveit2/install/pilz_industrial_motion_planner:/home/robot/ws_moveit2/install/myrobot_hello_moveit:/home/robot/ws_moveit2/install/mtc_tutorial:/home/robot/ws_moveit2/install/hello_moveit:/home/robot/ws_moveit2/install/moveit_visual_tools:/home/robot/ws_moveit2/install/moveit_task_constructor_visualization:/home/robot/ws_moveit2/install/moveit_task_constructor_demo:/home/robot/ws_moveit2/install/moveit_task_constructor_capabilities:/home/robot/ws_moveit2/install/moveit_task_constructor_core:/home/robot/ws_moveit2/install/moveit_ros_control_interface:/home/robot/ws_moveit2/install/moveit_plugins:/home/robot/ws_moveit2/install/moveit_simple_controller_manager:/home/robot/ws_moveit2/install/moveit_setup_assistant:/home/robot/ws_moveit2/install/moveit_setup_srdf_plugins:/home/robot/ws_moveit2/install/moveit_setup_core_plugins:/home/robot/ws_moveit2/install/moveit_setup_controllers:/home/robot/ws_moveit2/install/moveit_setup_app_plugins:/home/robot/ws_moveit2/install/moveit_setup_framework:/home/robot/ws_moveit2/install/moveit_servo:/home/robot/ws_moveit2/install/moveit_ros:/home/robot/ws_moveit2/install/moveit_ros_visualization:/home/robot/ws_moveit2/install/moveit_hybrid_planning:/home/robot/ws_moveit2/install/moveit_ros_planning_interface:/home/robot/ws_moveit2/install/moveit_ros_benchmarks:/home/robot/ws_moveit2/install/moveit_ros_warehouse:/home/robot/ws_moveit2/install/moveit_ros_robot_interaction:/home/robot/ws_moveit2/install/moveit_ros_perception:/home/robot/ws_moveit2/install/moveit_resources_prbt_pg70_support:/home/robot/ws_moveit2/install/moveit_resources_prbt_moveit_config:/home/robot/ws_moveit2/install/moveit_ros_move_group:/home/robot/ws_moveit2/install/moveit_planners_ompl:/home/robot/ws_moveit2/install/moveit_ros_planning:/home/robot/ws_moveit2/install/moveit_ros_occupancy_map_monitor:/home/robot/ws_moveit2/install/moveit_resources_prbt_ikfast_manipulator_plugin:/home/robot/ws_moveit2/install/moveit_planners_chomp:/home/robot/ws_moveit2/install/moveit_kinematics:/home/robot/ws_moveit2/install/moveit_chomp_optimizer_adapter:/home/robot/ws_moveit2/install/chomp_motion_planner:/home/robot/ws_moveit2/install/moveit_core:/home/robot/ws_moveit2/install/srdfdom:/home/robot/ws_moveit2/install/rviz_marker_tools:/home/robot/ws_moveit2/install/rosparam_shortcuts:/home/robot/ws_moveit2/install/my_6DOF_roboticarm:/home/robot/ws_moveit2/install/moveit_task_constructor_msgs:/home/robot/ws_moveit2/install/moveit_resources_prbt_support:/home/robot/ws_moveit2/install/moveit_resources_pr2_description:/home/robot/ws_moveit2/install/moveit_resources_panda_moveit_config:/home/robot/ws_moveit2/install/moveit_resources_panda_description:/home/robot/ws_moveit2/install/moveit_resources_myrobot_description:/home/robot/ws_moveit2/install/moveit_resources_fanuc_moveit_config:/home/robot/ws_moveit2/install/moveit_resources_fanuc_description:/home/robot/ws_moveit2/install/moveit_common:/home/robot/ros2_ws/install/my_turtlesim_project:/home/robot/ros2_ws/install/my_robot_first_servo_control:/home/robot/ros2_ws/install/my_robot_bringup:/home/robot/ros2_ws/install/my_py_pkg:/home/robot/ros2_ws/install/my_robot_interfaces:/home/robot/ros2_ws/install/my_robot_firstrobot:/home/robot/ros2_ws/install/my_robot_first_roboticarm:/home/robot/ros2_ws/install/my_cpp_pkg:/home/robot/ros2_ws/install/lifecycle_py:/home/robot/ros2_ws/install/course3_project:/home/robot/ros2_ws/install/actions_py:/home/robot/turtlebot_ws/install/turtlebot3_simulations:/home/robot/turtlebot_ws/install/turtlebot3_gazebo:/home/robot/turtlebot_ws/install/turtlebot3_fake_node:/opt/ros/humble CMAKE_PREFIX_PATH=/home/robot/ws_moveit2/install/moveit:/home/robot/ws_moveit2/install/moveit_task_constructor_core:/home/robot/ws_moveit2/install/moveit_setup_assistant:/home/robot/ws_moveit2/install/moveit_setup_srdf_plugins:/home/robot/ws_moveit2/install/moveit_setup_core_plugins:/home/robot/ws_moveit2/install/moveit_setup_controllers:/home/robot/ws_moveit2/install/moveit_setup_app_plugins:/home/robot/ws_moveit2/install/moveit_planners:/home/robot/ws_moveit2/install/pilz_industrial_motion_planner:/home/robot/ws_moveit2/install/moveit_setup_framework:/home/robot/ws_moveit2/install/moveit_ros:/home/robot/ws_moveit2/install/moveit_servo:/home/robot/ws_moveit2/install/moveit_ros_visualization:/home/robot/ws_moveit2/install/moveit_resources_prbt_pg70_support:/home/robot/ws_moveit2/install/moveit_hybrid_planning:/home/robot/ws_moveit2/install/moveit_ros_planning_interface:/home/robot/ws_moveit2/install/moveit_resources_prbt_moveit_config:/home/robot/ws_moveit2/install/moveit_ros_move_group:/home/robot/ws_moveit2/install/moveit_ros_benchmarks:/home/robot/ws_moveit2/install/moveit_visual_tools:/home/robot/ws_moveit2/install/moveit_ros_warehouse:/home/robot/ws_moveit2/install/moveit_ros_robot_interaction:/home/robot/ws_moveit2/install/moveit_ros_perception:/home/robot/ws_moveit2/install/moveit_planners_ompl:/home/robot/ws_moveit2/install/moveit_kinematics:/home/robot/ws_moveit2/install/moveit_ros_planning:/home/robot/ws_moveit2/install/moveit_plugins:/home/robot/ws_moveit2/install/pilz_industrial_motion_planner_testutils:/home/robot/ws_moveit2/install/moveit_simple_controller_manager:/home/robot/ws_moveit2/install/moveit_ros_occupancy_map_monitor:/home/robot/ws_moveit2/install/moveit_resources_prbt_ikfast_manipulator_plugin:/home/robot/ws_moveit2/install/moveit_core:/home/robot/ws_moveit2/install/rviz_marker_tools:/home/robot/ws_moveit2/install/moveit_resources_panda_moveit_config:/home/robot/ws_moveit2/install/moveit_resources_fanuc_moveit_config:/home/robot/ws_moveit2/install/srdfdom:/home/robot/ws_moveit2/install/moveit_task_constructor_msgs:/home/robot/ws_moveit2/install/moveit_resources_prbt_support:/home/robot/ws_moveit2/install/moveit_resources_pr2_description:/home/robot/ws_moveit2/install/moveit_resources_panda_description:/home/robot/ws_moveit2/install/moveit_resources_fanuc_description:/home/robot/ws_moveit2/install/moveit_common:/home/robot/ws_moveit2/install/moveit_resources:/home/robot/ws_moveit2/install/myrobot_moveit_config:/home/robot/ws_moveit2/install/moveit_runtime:/home/robot/ws_moveit2/install/moveit2_tutorials:/home/robot/ws_moveit2/install/myrobot_hello_moveit:/home/robot/ws_moveit2/install/mtc_tutorial:/home/robot/ws_moveit2/install/hello_moveit:/home/robot/ws_moveit2/install/moveit_task_constructor_visualization:/home/robot/ws_moveit2/install/moveit_task_constructor_demo:/home/robot/ws_moveit2/install/moveit_task_constructor_capabilities:/home/robot/ws_moveit2/install/moveit_ros_control_interface:/home/robot/ws_moveit2/install/moveit_planners_chomp:/home/robot/ws_moveit2/install/moveit_chomp_optimizer_adapter:/home/robot/ws_moveit2/install/chomp_motion_planner:/home/robot/ws_moveit2/install/rosparam_shortcuts:/home/robot/ws_moveit2/install/my_6DOF_roboticarm:/home/robot/ws_moveit2/install/moveit_resources_myrobot_description:/home/robot/ros2_ws/install/my_robot_bringup:/home/robot/ros2_ws/install/my_robot_interfaces:/home/robot/ros2_ws/install/my_robot_firstrobot:/home/robot/ros2_ws/install/my_robot_first_roboticarm:/home/robot/ros2_ws/install/my_cpp_pkg:/home/robot/turtlebot_ws/install/turtlebot3_simulations:/home/robot/turtlebot_ws/install/turtlebot3_gazebo:/home/robot/turtlebot_ws/install/turtlebot3_fake_node:/home/robot/ws_moveit2/install/moveit_configs_utils:/home/robot/ws_moveit2/install/launch_param_builder:/home/robot/ros2_ws/install/my_turtlesim_project:/home/robot/ros2_ws/install/my_robot_first_servo_control:/home/robot/ros2_ws/install/my_py_pkg:/home/robot/ros2_ws/install/lifecycle_py:/home/robot/ros2_ws/install/course3_project:/home/robot/ros2_ws/install/actions_py:/opt/ros/humble LD_LIBRARY_PATH=/home/robot/ws_moveit2/install/moveit_task_constructor_core/lib:/home/robot/ws_moveit2/install/moveit_setup_srdf_plugins/lib:/home/robot/ws_moveit2/install/moveit_setup_core_plugins/lib:/home/robot/ws_moveit2/install/moveit_setup_controllers/lib:/home/robot/ws_moveit2/install/moveit_setup_app_plugins/lib:/home/robot/ws_moveit2/install/pilz_industrial_motion_planner/lib:/home/robot/ws_moveit2/install/moveit_setup_framework/lib:/home/robot/ws_moveit2/install/moveit_servo/lib:/home/robot/ws_moveit2/install/moveit_ros_visualization/lib:/home/robot/ws_moveit2/install/moveit_hybrid_planning/lib:/home/robot/ws_moveit2/install/moveit_ros_planning_interface/lib:/home/robot/ws_moveit2/install/moveit_ros_move_group/lib:/home/robot/ws_moveit2/install/moveit_ros_benchmarks/lib:/home/robot/ws_moveit2/install/moveit_visual_tools/lib:/home/robot/ws_moveit2/install/moveit_ros_warehouse/lib:/home/robot/ws_moveit2/install/moveit_ros_robot_interaction/lib:/home/robot/ws_moveit2/install/moveit_ros_perception/lib:/home/robot/ws_moveit2/install/moveit_planners_ompl/lib:/home/robot/ws_moveit2/install/moveit_kinematics/lib:/home/robot/ws_moveit2/install/moveit_ros_planning/lib:/home/robot/ws_moveit2/install/pilz_industrial_motion_planner_testutils/lib:/home/robot/ws_moveit2/install/moveit_simple_controller_manager/lib:/home/robot/ws_moveit2/install/moveit_ros_occupancy_map_monitor/lib:/home/robot/ws_moveit2/install/moveit_resources_prbt_ikfast_manipulator_plugin/lib:/home/robot/ws_moveit2/install/moveit_core/lib:/home/robot/ws_moveit2/install/rviz_marker_tools/lib:/home/robot/ws_moveit2/install/srdfdom/lib:/home/robot/ws_moveit2/install/moveit_task_constructor_msgs/lib:/home/robot/ws_moveit2/install/moveit_task_constructor_visualization/lib:/home/robot/ws_moveit2/install/moveit_task_constructor_demo/lib:/home/robot/ws_moveit2/install/moveit_task_constructor_capabilities/lib:/home/robot/ws_moveit2/install/moveit_ros_control_interface/lib:/home/robot/ws_moveit2/install/moveit_setup_assistant/lib:/home/robot/ws_moveit2/install/moveit_planners_chomp/lib:/home/robot/ws_moveit2/install/moveit_chomp_optimizer_adapter/lib:/home/robot/ws_moveit2/install/chomp_motion_planner/lib:/home/robot/ws_moveit2/install/rosparam_shortcuts/lib:/home/robot/ros2_ws/install/my_robot_interfaces/lib:/usr/lib/x86_64-linux-gnu/gazebo-11/plugins:/opt/ros/humble/opt/rviz_ogre_vendor/lib:/opt/ros/humble/lib/x86_64-linux-gnu:/opt/ros/humble/lib:/usr/share/gazebo/../../lib/x86_64-linux-gnu/gazebo-11/plugins PYTHONPATH=/home/robot/ws_moveit2/install/moveit_configs_utils/lib/python3.10/site-packages:/home/robot/ws_moveit2/install/launch_param_builder/lib/python3.10/site-packages:/home/robot/ws_moveit2/install/moveit_task_constructor_core/local/lib/python3.10/dist-packages:/home/robot/ws_moveit2/install/srdfdom/local/lib/python3.10/dist-packages:/home/robot/ws_moveit2/install/moveit_task_constructor_msgs/local/lib/python3.10/dist-packages:/home/robot/ros2_ws/install/my_turtlesim_project/lib/python3.10/site-packages:/home/robot/ros2_ws/install/my_robot_first_servo_control/lib/python3.10/site-packages:/home/robot/ros2_ws/install/my_py_pkg/lib/python3.10/site-packages:/home/robot/ros2_ws/install/my_robot_interfaces/local/lib/python3.10/dist-packages:/home/robot/ros2_ws/install/lifecycle_py/lib/python3.10/site-packages:/home/robot/ros2_ws/install/course3_project/lib/python3.10/site-packages:/home/robot/ros2_ws/install/actions_py/lib/python3.10/site-packages:/opt/ros/humble/lib/python3.10/site-packages:/opt/ros/humble/local/lib/python3.10/dist-packages /home/robot/.local/bin/cmake --build /home/robot/ws_moveit2/build/moveit2_tutorials -- -j6 -l6
[0.679s] -- Found moveit_common: 2.5.5 (/home/robot/ws_moveit2/install/moveit_common/share/moveit_common/cmake)
[0.680s] -- Found ament_cmake: 1.3.9 (/opt/ros/humble/share/ament_cmake/cmake)
[1.352s] -- Could NOT find libbfd (missing: LIBBFD_LIBRARY LIBBFD_INCLUDE_DIR) 
[1.352s] -- BACKWARD_HAS_UNWIND=1
[1.352s] -- BACKWARD_HAS_BACKTRACE=0
[1.353s] -- BACKWARD_HAS_BACKTRACE_SYMBOL=0
[1.353s] -- BACKWARD_HAS_DW=1
[1.353s] -- BACKWARD_HAS_BFD=0
[1.354s] -- Found Backward: /opt/ros/humble/share/backward_ros/cmake
[1.355s] [33mCMake Warning (dev) at CMakeLists.txt:9 (find_package):
[1.355s]   Policy CMP0167 is not set: The FindBoost module is removed.  Run "cmake
[1.355s]   --help-policy CMP0167" for policy details.  Use the cmake_policy command to
[1.356s]   set the policy and suppress this warning.
[1.356s] 
[1.356s] This warning is for project developers.  Use -Wno-dev to suppress it.
[1.356s] [0m
[1.381s] -- Found Boost: /usr/lib/x86_64-linux-gnu/cmake/Boost-1.74.0/BoostConfig.cmake (found version "1.74.0") found components: system filesystem date_time thread
[1.384s] -- Found control_msgs: 4.6.0 (/opt/ros/humble/share/control_msgs/cmake)
[1.423s] -- Found rosidl_generator_c: 3.1.5 (/opt/ros/humble/share/rosidl_generator_c/cmake)
[1.428s] -- Found rosidl_adapter: 3.1.5 (/opt/ros/humble/share/rosidl_adapter/cmake)
[1.439s] -- Found rosidl_generator_cpp: 3.1.5 (/opt/ros/humble/share/rosidl_generator_cpp/cmake)
[1.468s] -- Using all available rosidl_typesupport_c: rosidl_typesupport_fastrtps_c;rosidl_typesupport_introspection_c
[1.504s] -- Using all available rosidl_typesupport_cpp: rosidl_typesupport_fastrtps_cpp;rosidl_typesupport_introspection_cpp
[2.376s] -- Found moveit_core: 2.5.5 (/home/robot/ws_moveit2/install/moveit_core/share/moveit_core/cmake)
[2.377s] [33mCMake Warning (dev) at /home/robot/ws_moveit2/install/moveit_core/share/moveit_core/cmake/ConfigExtras.cmake:3 (find_package):
[2.377s]   Policy CMP0167 is not set: The FindBoost module is removed.  Run "cmake
[2.377s]   --help-policy CMP0167" for policy details.  Use the cmake_policy command to
[2.377s]   set the policy and suppress this warning.
[2.377s] 
[2.377s] Call Stack (most recent call first):
[2.377s]   /home/robot/ws_moveit2/install/moveit_core/share/moveit_core/cmake/moveit_coreConfig.cmake:41 (include)
[2.377s]   CMakeLists.txt:12 (find_package)
[2.378s] This warning is for project developers.  Use -Wno-dev to suppress it.
[2.378s] [0m
[2.392s] -- Found Boost: /usr/lib/x86_64-linux-gnu/cmake/Boost-1.74.0/BoostConfig.cmake (found version "1.74.0") found components: chrono date_time filesystem iostreams program_options regex serialization system thread
[2.449s] -- Found parameter_traits: 0.3.8 (/opt/ros/humble/share/parameter_traits/cmake)
[2.541s] -- Found rmw_implementation_cmake: 6.1.2 (/opt/ros/humble/share/rmw_implementation_cmake/cmake)
[2.548s] -- Found rmw_fastrtps_cpp: 6.2.6 (/opt/ros/humble/share/rmw_fastrtps_cpp/cmake)
[2.838s] -- Using RMW implementation 'rmw_fastrtps_cpp' as default
[3.092s] -- Found rclcpp_lifecycle: 16.0.9 (/opt/ros/humble/share/rclcpp_lifecycle/cmake)
[3.162s] [33mCMake Warning (dev) at /opt/ros/humble/share/geometric_shapes/cmake/ConfigExtras.cmake:31 (find_package):
[3.162s]   Policy CMP0167 is not set: The FindBoost module is removed.  Run "cmake
[3.162s]   --help-policy CMP0167" for policy details.  Use the cmake_policy command to
[3.162s]   set the policy and suppress this warning.
[3.162s] 
[3.162s] Call Stack (most recent call first):
[3.163s]   /opt/ros/humble/share/geometric_shapes/cmake/geometric_shapesConfig.cmake:41 (include)
[3.163s]   /home/robot/ws_moveit2/install/moveit_core/share/moveit_core/cmake/ament_cmake_export_dependencies-extras.cmake:21 (find_package)
[3.163s]   /home/robot/ws_moveit2/install/moveit_core/share/moveit_core/cmake/moveit_coreConfig.cmake:41 (include)
[3.163s]   CMakeLists.txt:12 (find_package)
[3.163s] This warning is for project developers.  Use -Wno-dev to suppress it.
[3.163s] [0m
[3.168s] -- Found Boost: /usr/lib/x86_64-linux-gnu/cmake/Boost-1.74.0/BoostConfig.cmake (found version "1.74.0") found components: filesystem
[3.255s] -- library: /usr/lib/x86_64-linux-gnu/libcurl.so
[3.586s] -- Ensuring Eigen3 include directory is part of orocos-kdl CMake target
[5.115s] -- Found moveit_task_constructor_core: 0.1.3 (/home/robot/ws_moveit2/install/moveit_task_constructor_core/share/moveit_task_constructor_core/cmake)
[5.218s] [33mCMake Warning (dev) at /home/robot/ws_moveit2/install/moveit_ros_planning/share/moveit_ros_planning/cmake/ConfigExtras.cmake:3 (find_package):
[5.218s]   Policy CMP0167 is not set: The FindBoost module is removed.  Run "cmake
[5.218s]   --help-policy CMP0167" for policy details.  Use the cmake_policy command to
[5.218s]   set the policy and suppress this warning.
[5.218s] 
[5.218s] Call Stack (most recent call first):
[5.218s]   /home/robot/ws_moveit2/install/moveit_ros_planning/share/moveit_ros_planning/cmake/moveit_ros_planningConfig.cmake:41 (include)
[5.218s]   /home/robot/ws_moveit2/install/moveit_task_constructor_core/share/moveit_task_constructor_core/cmake/ament_cmake_export_dependencies-extras.cmake:21 (find_package)
[5.218s]   /home/robot/ws_moveit2/install/moveit_task_constructor_core/share/moveit_task_constructor_core/cmake/moveit_task_constructor_coreConfig.cmake:41 (include)
[5.218s]   CMakeLists.txt:13 (find_package)
[5.218s] This warning is for project developers.  Use -Wno-dev to suppress it.
[5.218s] [0m
[5.228s] -- Found Boost: /usr/lib/x86_64-linux-gnu/cmake/Boost-1.74.0/BoostConfig.cmake (found version "1.74.0") found components: system filesystem date_time program_options thread chrono
[6.002s] [33mCMake Warning (dev) at /home/robot/ws_moveit2/install/moveit_ros_planning_interface/share/moveit_ros_planning_interface/cmake/ConfigExtras.cmake:9 (find_package):
[6.002s]   Policy CMP0167 is not set: The FindBoost module is removed.  Run "cmake
[6.002s]   --help-policy CMP0167" for policy details.  Use the cmake_policy command to
[6.002s]   set the policy and suppress this warning.
[6.002s] 
[6.002s] Call Stack (most recent call first):
[6.002s]   /home/robot/ws_moveit2/install/moveit_ros_planning_interface/share/moveit_ros_planning_interface/cmake/moveit_ros_planning_interfaceConfig.cmake:41 (include)
[6.002s]   /home/robot/ws_moveit2/install/moveit_task_constructor_core/share/moveit_task_constructor_core/cmake/ament_cmake_export_dependencies-extras.cmake:21 (find_package)
[6.002s]   /home/robot/ws_moveit2/install/moveit_task_constructor_core/share/moveit_task_constructor_core/cmake/moveit_task_constructor_coreConfig.cmake:41 (include)
[6.002s]   CMakeLists.txt:13 (find_package)
[6.002s] This warning is for project developers.  Use -Wno-dev to suppress it.
[6.002s] [0m
[6.013s] -- Found Boost: /usr/lib/x86_64-linux-gnu/cmake/Boost-1.74.0/BoostConfig.cmake (found version "1.74.0") found components: date_time filesystem program_options system thread
[6.279s] [33mCMake Warning (dev) at /home/robot/ws_moveit2/install/moveit_ros_warehouse/share/moveit_ros_warehouse/cmake/ConfigExtras.cmake:3 (find_package):
[6.280s]   Policy CMP0167 is not set: The FindBoost module is removed.  Run "cmake
[6.280s]   --help-policy CMP0167" for policy details.  Use the cmake_policy command to
[6.280s]   set the policy and suppress this warning.
[6.280s] 
[6.280s] Call Stack (most recent call first):
[6.280s]   /home/robot/ws_moveit2/install/moveit_ros_warehouse/share/moveit_ros_warehouse/cmake/moveit_ros_warehouseConfig.cmake:41 (include)
[6.280s]   /home/robot/ws_moveit2/install/moveit_ros_planning_interface/share/moveit_ros_planning_interface/cmake/ament_cmake_export_dependencies-extras.cmake:21 (find_package)
[6.280s]   /home/robot/ws_moveit2/install/moveit_ros_planning_interface/share/moveit_ros_planning_interface/cmake/moveit_ros_planning_interfaceConfig.cmake:41 (include)
[6.281s]   /home/robot/ws_moveit2/install/moveit_task_constructor_core/share/moveit_task_constructor_core/cmake/ament_cmake_export_dependencies-extras.cmake:21 (find_package)
[6.281s]   /home/robot/ws_moveit2/install/moveit_task_constructor_core/share/moveit_task_constructor_core/cmake/moveit_task_constructor_coreConfig.cmake:41 (include)
[6.281s]   CMakeLists.txt:13 (find_package)
[6.281s] This warning is for project developers.  Use -Wno-dev to suppress it.
[6.281s] [0m
[6.287s] -- Found Boost: /usr/lib/x86_64-linux-gnu/cmake/Boost-1.74.0/BoostConfig.cmake (found version "1.74.0") found components: thread system filesystem regex date_time program_options
[6.648s] [33mCMake Warning (dev) at /home/robot/ws_moveit2/install/moveit_ros_move_group/share/moveit_ros_move_group/cmake/ConfigExtras.cmake:3 (find_package):
[6.648s]   Policy CMP0167 is not set: The FindBoost module is removed.  Run "cmake
[6.648s]   --help-policy CMP0167" for policy details.  Use the cmake_policy command to
[6.648s]   set the policy and suppress this warning.
[6.648s] 
[6.648s] Call Stack (most recent call first):
[6.648s]   /home/robot/ws_moveit2/install/moveit_ros_move_group/share/moveit_ros_move_group/cmake/moveit_ros_move_groupConfig.cmake:41 (include)
[6.649s]   /home/robot/ws_moveit2/install/moveit_ros_planning_interface/share/moveit_ros_planning_interface/cmake/ament_cmake_export_dependencies-extras.cmake:21 (find_package)
[6.649s]   /home/robot/ws_moveit2/install/moveit_ros_planning_interface/share/moveit_ros_planning_interface/cmake/moveit_ros_planning_interfaceConfig.cmake:41 (include)
[6.649s]   /home/robot/ws_moveit2/install/moveit_task_constructor_core/share/moveit_task_constructor_core/cmake/ament_cmake_export_dependencies-extras.cmake:21 (find_package)
[6.649s]   /home/robot/ws_moveit2/install/moveit_task_constructor_core/share/moveit_task_constructor_core/cmake/moveit_task_constructor_coreConfig.cmake:41 (include)
[6.649s]   CMakeLists.txt:13 (find_package)
[6.649s] This warning is for project developers.  Use -Wno-dev to suppress it.
[6.649s] [0m
[6.655s] -- Found Boost: /usr/lib/x86_64-linux-gnu/cmake/Boost-1.74.0/BoostConfig.cmake (found version "1.74.0") found components: system filesystem date_time program_options thread
[7.951s] -- Found moveit_ros_perception: 2.5.5 (/home/robot/ws_moveit2/install/moveit_ros_perception/share/moveit_ros_perception/cmake)
[7.951s] [33mCMake Warning (dev) at /home/robot/ws_moveit2/install/moveit_ros_perception/share/moveit_ros_perception/cmake/ConfigExtras.cmake:3 (find_package):
[7.951s]   Policy CMP0167 is not set: The FindBoost module is removed.  Run "cmake
[7.951s]   --help-policy CMP0167" for policy details.  Use the cmake_policy command to
[7.951s]   set the policy and suppress this warning.
[7.951s] 
[7.951s] Call Stack (most recent call first):
[7.952s]   /home/robot/ws_moveit2/install/moveit_ros_perception/share/moveit_ros_perception/cmake/moveit_ros_perceptionConfig.cmake:41 (include)
[7.952s]   CMakeLists.txt:16 (find_package)
[7.952s] This warning is for project developers.  Use -Wno-dev to suppress it.
[7.952s] [0m
[7.957s] -- Found Boost: /usr/lib/x86_64-linux-gnu/cmake/Boost-1.74.0/BoostConfig.cmake (found version "1.74.0") found components: thread
[8.431s] -- Found moveit_servo: 2.5.5 (/home/robot/ws_moveit2/install/moveit_servo/share/moveit_servo/cmake)
[9.329s] -- Found interactive_markers: 2.3.2 (/opt/ros/humble/share/interactive_markers/cmake)
[9.348s] -- Found rviz_visual_tools: 4.1.4 (/opt/ros/humble/share/rviz_visual_tools/cmake)
[9.504s] -- Setting OGRE_DIR to: '/opt/ros/humble/share/rviz_ogre_vendor/cmake/../../../opt/rviz_ogre_vendor/lib/OGRE/cmake'
[9.507s] -- Found OGRE
[9.507s] --   static     : OFF
[9.507s] --   components : HLMS;MeshLodGenerator;Overlay;Paging;Property;RTShaderSystem;Terrain;Volume
[9.507s] --   plugins    : Plugin_BSPSceneManager;Plugin_OctreeSceneManager;Plugin_PCZSceneManager;Plugin_ParticleFX;RenderSystem_GL;RenderSystem_GL3Plus;Codec_STBI
[9.507s] --   media      : /opt/ros/humble/opt/rviz_ogre_vendor/share/OGRE/Media
[9.507s] -- OGRE_LIBRARIES: OgreHLMS;OgreMeshLodGenerator;OgreOverlay;OgrePaging;OgreProperty;OgreRTShaderSystem;OgreTerrain;OgreVolume;OgreMain
[9.507s] -- OGRE_LIBRARY_DIRS: /opt/ros/humble/opt/rviz_ogre_vendor/lib
[9.507s] -- OGRE_PLUGINS: Plugin_BSPSceneManager;Plugin_OctreeSceneManager;Plugin_PCZSceneManager;Plugin_ParticleFX;RenderSystem_GL;RenderSystem_GL3Plus;Codec_STBI
[9.508s] -- OGRE_PLUGIN_DIR: /opt/ros/humble/opt/rviz_ogre_vendor/lib/OGRE
[9.508s] -- rviz_ogre_vendor::OgreOverlay for IMPORTED_LOCATION_RELEASE: /opt/ros/humble/opt/rviz_ogre_vendor/lib/libOgreOverlay.so
[9.508s] -- rviz_ogre_vendor::OgreOverlay for IMPORTED_LOCATION_DEBUG: /opt/ros/humble/opt/rviz_ogre_vendor/lib/libOgreOverlay.so
[9.508s] -- rviz_ogre_vendor::OgreMain for IMPORTED_LOCATION_RELEASE: /opt/ros/humble/opt/rviz_ogre_vendor/lib/libOgreMain.so
[9.508s] -- rviz_ogre_vendor::OgreMain for IMPORTED_LOCATION_DEBUG: /opt/ros/humble/opt/rviz_ogre_vendor/lib/libOgreMain.so
[9.769s] -- rviz_ogre_vendor::RenderSystem_GL for IMPORTED_LOCATION_RELEASE: _render_system_gl_static_library_abs-NOTFOUND
[9.769s] -- rviz_ogre_vendor::RenderSystem_GL for IMPORTED_LOCATION_DEBUG: _render_system_gl_static_library_abs-NOTFOUND
[10.630s] -- Found moveit_visual_tools: 4.1.0 (/home/robot/ws_moveit2/install/moveit_visual_tools/share/moveit_visual_tools/cmake)
[11.666s] [33mCMake Warning (dev) at doc/examples/perception_pipeline/CMakeLists.txt:4 (find_package):
[11.667s]   Policy CMP0167 is not set: The FindBoost module is removed.  Run "cmake
[11.667s]   --help-policy CMP0167" for policy details.  Use the cmake_policy command to
[11.667s]   set the policy and suppress this warning.
[11.667s] 
[11.667s] This warning is for project developers.  Use -Wno-dev to suppress it.
[11.667s] [0m
[11.672s] -- Found Boost: /usr/lib/x86_64-linux-gnu/cmake/Boost-1.74.0/BoostConfig.cmake (found version "1.74.0")
[12.311s] -- Configuring done (11.6s)
[13.505s] -- Generating done (1.2s)
[13.506s] -- Build files have been written to: /home/robot/ws_moveit2/build/moveit2_tutorials
[13.597s] [  3%] [32mBuilding CXX object doc/examples/perception_pipeline/CMakeFiles/cylinder_segment.dir/src/cylinder_segment.cpp.o[0m
[13.612s] [  6%] [32mBuilding CXX object doc/examples/perception_pipeline/CMakeFiles/bag_publisher_maintain_time.dir/src/bag_publisher_maintain_time.cpp.o[0m
[13.633s] [01m[K/home/robot/ws_moveit2/src/moveit2_tutorials/doc/examples/perception_pipeline/src/cylinder_segment.cpp:37:10:[m[K [01;31m[Kfatal error: [m[Kros/ros.h: No such file or directory
[13.633s]    37 | #include [01;31m[K<ros/ros.h>[m[K
[13.633s]       |          [01;31m[K^~~~~~~~~~~[m[K
[13.633s] compilation terminated.
[13.635s] gmake[2]: *** [doc/examples/perception_pipeline/CMakeFiles/cylinder_segment.dir/build.make:76: doc/examples/perception_pipeline/CMakeFiles/cylinder_segment.dir/src/cylinder_segment.cpp.o] Error 1
[13.636s] gmake[1]: *** [CMakeFiles/Makefile2:480: doc/examples/perception_pipeline/CMakeFiles/cylinder_segment.dir/all] Error 2
[13.636s] gmake[1]: *** Waiting for unfinished jobs....
[13.647s] [ 13%] Built target mtc_tutorial
[13.649s] [01m[K/home/robot/ws_moveit2/src/moveit2_tutorials/doc/examples/perception_pipeline/src/bag_publisher_maintain_time.cpp:37:10:[m[K [01;31m[Kfatal error: [m[Kros/ros.h: No such file or directory
[13.649s]    37 | #include [01;31m[K"ros/ros.h"[m[K
[13.649s]       |          [01;31m[K^~~~~~~~~~~[m[K
[13.649s] compilation terminated.
[13.650s] gmake[2]: *** [doc/examples/perception_pipeline/CMakeFiles/bag_publisher_maintain_time.dir/build.make:76: doc/examples/perception_pipeline/CMakeFiles/bag_publisher_maintain_time.dir/src/bag_publisher_maintain_time.cpp.o] Error 1
[13.651s] gmake[1]: *** [CMakeFiles/Makefile2:506: doc/examples/perception_pipeline/CMakeFiles/bag_publisher_maintain_time.dir/all] Error 2
[13.651s] [ 20%] Built target minimal_mtc_tutorial
[13.667s] [ 26%] Built target motion_planning_api_tutorial
[13.672s] [ 33%] Built target move_group_interface_tutorial
[13.673s] gmake: *** [Makefile:146: all] Error 2
[13.691s] Invoked command in '/home/robot/ws_moveit2/build/moveit2_tutorials' returned '2': AMENT_PREFIX_PATH=/home/robot/ws_moveit2/install/moveit_configs_utils:/home/robot/ws_moveit2/install/launch_param_builder:/home/robot/ws_moveit2/install/pilz_industrial_motion_planner_testutils:/home/robot/ws_moveit2/install/moveit_resources:/home/robot/ws_moveit2/install/myrobot_moveit_config:/home/robot/ws_moveit2/install/moveit_runtime:/home/robot/ws_moveit2/install/moveit2_tutorials:/home/robot/ws_moveit2/install/moveit:/home/robot/ws_moveit2/install/moveit_planners:/home/robot/ws_moveit2/install/pilz_industrial_motion_planner:/home/robot/ws_moveit2/install/myrobot_hello_moveit:/home/robot/ws_moveit2/install/mtc_tutorial:/home/robot/ws_moveit2/install/hello_moveit:/home/robot/ws_moveit2/install/moveit_visual_tools:/home/robot/ws_moveit2/install/moveit_task_constructor_visualization:/home/robot/ws_moveit2/install/moveit_task_constructor_demo:/home/robot/ws_moveit2/install/moveit_task_constructor_capabilities:/home/robot/ws_moveit2/install/moveit_task_constructor_core:/home/robot/ws_moveit2/install/moveit_ros_control_interface:/home/robot/ws_moveit2/install/moveit_plugins:/home/robot/ws_moveit2/install/moveit_simple_controller_manager:/home/robot/ws_moveit2/install/moveit_setup_assistant:/home/robot/ws_moveit2/install/moveit_setup_srdf_plugins:/home/robot/ws_moveit2/install/moveit_setup_core_plugins:/home/robot/ws_moveit2/install/moveit_setup_controllers:/home/robot/ws_moveit2/install/moveit_setup_app_plugins:/home/robot/ws_moveit2/install/moveit_setup_framework:/home/robot/ws_moveit2/install/moveit_servo:/home/robot/ws_moveit2/install/moveit_ros:/home/robot/ws_moveit2/install/moveit_ros_visualization:/home/robot/ws_moveit2/install/moveit_hybrid_planning:/home/robot/ws_moveit2/install/moveit_ros_planning_interface:/home/robot/ws_moveit2/install/moveit_ros_benchmarks:/home/robot/ws_moveit2/install/moveit_ros_warehouse:/home/robot/ws_moveit2/install/moveit_ros_robot_interaction:/home/robot/ws_moveit2/install/moveit_ros_perception:/home/robot/ws_moveit2/install/moveit_resources_prbt_pg70_support:/home/robot/ws_moveit2/install/moveit_resources_prbt_moveit_config:/home/robot/ws_moveit2/install/moveit_ros_move_group:/home/robot/ws_moveit2/install/moveit_planners_ompl:/home/robot/ws_moveit2/install/moveit_ros_planning:/home/robot/ws_moveit2/install/moveit_ros_occupancy_map_monitor:/home/robot/ws_moveit2/install/moveit_resources_prbt_ikfast_manipulator_plugin:/home/robot/ws_moveit2/install/moveit_planners_chomp:/home/robot/ws_moveit2/install/moveit_kinematics:/home/robot/ws_moveit2/install/moveit_chomp_optimizer_adapter:/home/robot/ws_moveit2/install/chomp_motion_planner:/home/robot/ws_moveit2/install/moveit_core:/home/robot/ws_moveit2/install/srdfdom:/home/robot/ws_moveit2/install/rviz_marker_tools:/home/robot/ws_moveit2/install/rosparam_shortcuts:/home/robot/ws_moveit2/install/my_6DOF_roboticarm:/home/robot/ws_moveit2/install/moveit_task_constructor_msgs:/home/robot/ws_moveit2/install/moveit_resources_prbt_support:/home/robot/ws_moveit2/install/moveit_resources_pr2_description:/home/robot/ws_moveit2/install/moveit_resources_panda_moveit_config:/home/robot/ws_moveit2/install/moveit_resources_panda_description:/home/robot/ws_moveit2/install/moveit_resources_myrobot_description:/home/robot/ws_moveit2/install/moveit_resources_fanuc_moveit_config:/home/robot/ws_moveit2/install/moveit_resources_fanuc_description:/home/robot/ws_moveit2/install/moveit_common:/home/robot/ros2_ws/install/my_turtlesim_project:/home/robot/ros2_ws/install/my_robot_first_servo_control:/home/robot/ros2_ws/install/my_robot_bringup:/home/robot/ros2_ws/install/my_py_pkg:/home/robot/ros2_ws/install/my_robot_interfaces:/home/robot/ros2_ws/install/my_robot_firstrobot:/home/robot/ros2_ws/install/my_robot_first_roboticarm:/home/robot/ros2_ws/install/my_cpp_pkg:/home/robot/ros2_ws/install/lifecycle_py:/home/robot/ros2_ws/install/course3_project:/home/robot/ros2_ws/install/actions_py:/home/robot/turtlebot_ws/install/turtlebot3_simulations:/home/robot/turtlebot_ws/install/turtlebot3_gazebo:/home/robot/turtlebot_ws/install/turtlebot3_fake_node:/opt/ros/humble CMAKE_PREFIX_PATH=/home/robot/ws_moveit2/install/moveit:/home/robot/ws_moveit2/install/moveit_task_constructor_core:/home/robot/ws_moveit2/install/moveit_setup_assistant:/home/robot/ws_moveit2/install/moveit_setup_srdf_plugins:/home/robot/ws_moveit2/install/moveit_setup_core_plugins:/home/robot/ws_moveit2/install/moveit_setup_controllers:/home/robot/ws_moveit2/install/moveit_setup_app_plugins:/home/robot/ws_moveit2/install/moveit_planners:/home/robot/ws_moveit2/install/pilz_industrial_motion_planner:/home/robot/ws_moveit2/install/moveit_setup_framework:/home/robot/ws_moveit2/install/moveit_ros:/home/robot/ws_moveit2/install/moveit_servo:/home/robot/ws_moveit2/install/moveit_ros_visualization:/home/robot/ws_moveit2/install/moveit_resources_prbt_pg70_support:/home/robot/ws_moveit2/install/moveit_hybrid_planning:/home/robot/ws_moveit2/install/moveit_ros_planning_interface:/home/robot/ws_moveit2/install/moveit_resources_prbt_moveit_config:/home/robot/ws_moveit2/install/moveit_ros_move_group:/home/robot/ws_moveit2/install/moveit_ros_benchmarks:/home/robot/ws_moveit2/install/moveit_visual_tools:/home/robot/ws_moveit2/install/moveit_ros_warehouse:/home/robot/ws_moveit2/install/moveit_ros_robot_interaction:/home/robot/ws_moveit2/install/moveit_ros_perception:/home/robot/ws_moveit2/install/moveit_planners_ompl:/home/robot/ws_moveit2/install/moveit_kinematics:/home/robot/ws_moveit2/install/moveit_ros_planning:/home/robot/ws_moveit2/install/moveit_plugins:/home/robot/ws_moveit2/install/pilz_industrial_motion_planner_testutils:/home/robot/ws_moveit2/install/moveit_simple_controller_manager:/home/robot/ws_moveit2/install/moveit_ros_occupancy_map_monitor:/home/robot/ws_moveit2/install/moveit_resources_prbt_ikfast_manipulator_plugin:/home/robot/ws_moveit2/install/moveit_core:/home/robot/ws_moveit2/install/rviz_marker_tools:/home/robot/ws_moveit2/install/moveit_resources_panda_moveit_config:/home/robot/ws_moveit2/install/moveit_resources_fanuc_moveit_config:/home/robot/ws_moveit2/install/srdfdom:/home/robot/ws_moveit2/install/moveit_task_constructor_msgs:/home/robot/ws_moveit2/install/moveit_resources_prbt_support:/home/robot/ws_moveit2/install/moveit_resources_pr2_description:/home/robot/ws_moveit2/install/moveit_resources_panda_description:/home/robot/ws_moveit2/install/moveit_resources_fanuc_description:/home/robot/ws_moveit2/install/moveit_common:/home/robot/ws_moveit2/install/moveit_resources:/home/robot/ws_moveit2/install/myrobot_moveit_config:/home/robot/ws_moveit2/install/moveit_runtime:/home/robot/ws_moveit2/install/moveit2_tutorials:/home/robot/ws_moveit2/install/myrobot_hello_moveit:/home/robot/ws_moveit2/install/mtc_tutorial:/home/robot/ws_moveit2/install/hello_moveit:/home/robot/ws_moveit2/install/moveit_task_constructor_visualization:/home/robot/ws_moveit2/install/moveit_task_constructor_demo:/home/robot/ws_moveit2/install/moveit_task_constructor_capabilities:/home/robot/ws_moveit2/install/moveit_ros_control_interface:/home/robot/ws_moveit2/install/moveit_planners_chomp:/home/robot/ws_moveit2/install/moveit_chomp_optimizer_adapter:/home/robot/ws_moveit2/install/chomp_motion_planner:/home/robot/ws_moveit2/install/rosparam_shortcuts:/home/robot/ws_moveit2/install/my_6DOF_roboticarm:/home/robot/ws_moveit2/install/moveit_resources_myrobot_description:/home/robot/ros2_ws/install/my_robot_bringup:/home/robot/ros2_ws/install/my_robot_interfaces:/home/robot/ros2_ws/install/my_robot_firstrobot:/home/robot/ros2_ws/install/my_robot_first_roboticarm:/home/robot/ros2_ws/install/my_cpp_pkg:/home/robot/turtlebot_ws/install/turtlebot3_simulations:/home/robot/turtlebot_ws/install/turtlebot3_gazebo:/home/robot/turtlebot_ws/install/turtlebot3_fake_node:/home/robot/ws_moveit2/install/moveit_configs_utils:/home/robot/ws_moveit2/install/launch_param_builder:/home/robot/ros2_ws/install/my_turtlesim_project:/home/robot/ros2_ws/install/my_robot_first_servo_control:/home/robot/ros2_ws/install/my_py_pkg:/home/robot/ros2_ws/install/lifecycle_py:/home/robot/ros2_ws/install/course3_project:/home/robot/ros2_ws/install/actions_py:/opt/ros/humble LD_LIBRARY_PATH=/home/robot/ws_moveit2/install/moveit_task_constructor_core/lib:/home/robot/ws_moveit2/install/moveit_setup_srdf_plugins/lib:/home/robot/ws_moveit2/install/moveit_setup_core_plugins/lib:/home/robot/ws_moveit2/install/moveit_setup_controllers/lib:/home/robot/ws_moveit2/install/moveit_setup_app_plugins/lib:/home/robot/ws_moveit2/install/pilz_industrial_motion_planner/lib:/home/robot/ws_moveit2/install/moveit_setup_framework/lib:/home/robot/ws_moveit2/install/moveit_servo/lib:/home/robot/ws_moveit2/install/moveit_ros_visualization/lib:/home/robot/ws_moveit2/install/moveit_hybrid_planning/lib:/home/robot/ws_moveit2/install/moveit_ros_planning_interface/lib:/home/robot/ws_moveit2/install/moveit_ros_move_group/lib:/home/robot/ws_moveit2/install/moveit_ros_benchmarks/lib:/home/robot/ws_moveit2/install/moveit_visual_tools/lib:/home/robot/ws_moveit2/install/moveit_ros_warehouse/lib:/home/robot/ws_moveit2/install/moveit_ros_robot_interaction/lib:/home/robot/ws_moveit2/install/moveit_ros_perception/lib:/home/robot/ws_moveit2/install/moveit_planners_ompl/lib:/home/robot/ws_moveit2/install/moveit_kinematics/lib:/home/robot/ws_moveit2/install/moveit_ros_planning/lib:/home/robot/ws_moveit2/install/pilz_industrial_motion_planner_testutils/lib:/home/robot/ws_moveit2/install/moveit_simple_controller_manager/lib:/home/robot/ws_moveit2/install/moveit_ros_occupancy_map_monitor/lib:/home/robot/ws_moveit2/install/moveit_resources_prbt_ikfast_manipulator_plugin/lib:/home/robot/ws_moveit2/install/moveit_core/lib:/home/robot/ws_moveit2/install/rviz_marker_tools/lib:/home/robot/ws_moveit2/install/srdfdom/lib:/home/robot/ws_moveit2/install/moveit_task_constructor_msgs/lib:/home/robot/ws_moveit2/install/moveit_task_constructor_visualization/lib:/home/robot/ws_moveit2/install/moveit_task_constructor_demo/lib:/home/robot/ws_moveit2/install/moveit_task_constructor_capabilities/lib:/home/robot/ws_moveit2/install/moveit_ros_control_interface/lib:/home/robot/ws_moveit2/install/moveit_setup_assistant/lib:/home/robot/ws_moveit2/install/moveit_planners_chomp/lib:/home/robot/ws_moveit2/install/moveit_chomp_optimizer_adapter/lib:/home/robot/ws_moveit2/install/chomp_motion_planner/lib:/home/robot/ws_moveit2/install/rosparam_shortcuts/lib:/home/robot/ros2_ws/install/my_robot_interfaces/lib:/usr/lib/x86_64-linux-gnu/gazebo-11/plugins:/opt/ros/humble/opt/rviz_ogre_vendor/lib:/opt/ros/humble/lib/x86_64-linux-gnu:/opt/ros/humble/lib:/usr/share/gazebo/../../lib/x86_64-linux-gnu/gazebo-11/plugins PYTHONPATH=/home/robot/ws_moveit2/install/moveit_configs_utils/lib/python3.10/site-packages:/home/robot/ws_moveit2/install/launch_param_builder/lib/python3.10/site-packages:/home/robot/ws_moveit2/install/moveit_task_constructor_core/local/lib/python3.10/dist-packages:/home/robot/ws_moveit2/install/srdfdom/local/lib/python3.10/dist-packages:/home/robot/ws_moveit2/install/moveit_task_constructor_msgs/local/lib/python3.10/dist-packages:/home/robot/ros2_ws/install/my_turtlesim_project/lib/python3.10/site-packages:/home/robot/ros2_ws/install/my_robot_first_servo_control/lib/python3.10/site-packages:/home/robot/ros2_ws/install/my_py_pkg/lib/python3.10/site-packages:/home/robot/ros2_ws/install/my_robot_interfaces/local/lib/python3.10/dist-packages:/home/robot/ros2_ws/install/lifecycle_py/lib/python3.10/site-packages:/home/robot/ros2_ws/install/course3_project/lib/python3.10/site-packages:/home/robot/ros2_ws/install/actions_py/lib/python3.10/site-packages:/opt/ros/humble/lib/python3.10/site-packages:/opt/ros/humble/local/lib/python3.10/dist-packages /home/robot/.local/bin/cmake --build /home/robot/ws_moveit2/build/moveit2_tutorials -- -j6 -l6
