[0.044s] Invoking command in '/home/robot/ws_moveit2/build/moveit_core': AMENT_PREFIX_PATH=/home/robot/ws_moveit2/install/moveit_resources_panda_moveit_config:/home/robot/ws_moveit2/install/srdfdom:/home/robot/ws_moveit2/install/moveit_resources_pr2_description:/home/robot/ws_moveit2/install/moveit_resources_panda_description:/home/robot/ws_moveit2/install/moveit_common:${AMENT_PREFIX_PATH} CMAKE_PREFIX_PATH=/home/robot/ws_moveit2/install/moveit_resources_panda_moveit_config:/home/robot/ws_moveit2/install/srdfdom:/home/robot/ws_moveit2/install/moveit_resources_pr2_description:/home/robot/ws_moveit2/install/moveit_resources_panda_description:/home/robot/ws_moveit2/install/moveit_common:/home/robot/ros2_ws/install/my_robot_bringup:/home/robot/ros2_ws/install/my_robot_interfaces:/home/robot/ros2_ws/install/my_robot_firstrobot:/home/robot/ros2_ws/install/my_robot_first_roboticarm:/home/robot/ros2_ws/install/my_cpp_pkg:/home/robot/ros2_ws/install/my_turtlesim_project:/home/robot/ros2_ws/install/my_robot_first_servo_control:/home/robot/ros2_ws/install/my_py_pkg:/home/robot/ros2_ws/install/actions_py:/opt/ros/humble LD_LIBRARY_PATH=/home/robot/ws_moveit2/install/srdfdom/lib:${LD_LIBRARY_PATH} PYTHONPATH=/home/robot/ws_moveit2/install/srdfdom/local/lib/python3.10/dist-packages:${PYTHONPATH} /usr/bin/cmake /home/robot/ws_moveit2/src/moveit2/moveit_core -DCMAKE_BUILD_TYPE=Release -DCMAKE_CXX_FLAGS=--param ggc-min-expand=20 -DCMAKE_INSTALL_PREFIX=/home/robot/ws_moveit2/install/moveit_core
[0.186s] -- The CXX compiler identification is GNU 11.4.0
[0.201s] -- Detecting CXX compiler ABI info
[0.325s] -- Detecting CXX compiler ABI info - done
[0.344s] -- Check for working CXX compiler: /usr/bin/c++ - skipped
[0.344s] -- Detecting CXX compile features
[0.345s] -- Detecting CXX compile features - done
[0.349s] -- Found moveit_common: 2.5.5 (/home/robot/ws_moveit2/install/moveit_common/share/moveit_common/cmake)
[0.354s] -- Found ament_cmake: 1.3.10 (/opt/ros/humble/share/ament_cmake/cmake)
[0.617s] -- Found Python3: /usr/bin/python3 (found version "3.10.12") found components: Interpreter 
[0.938s] -- Found angles: 1.15.0 (/opt/ros/humble/share/angles/cmake)
[1.010s] -- Found Bullet: /usr/lib/x86_64-linux-gnu/libBulletDynamics.so (Required is at least version "2.87") 
[1.017s] -- Found common_interfaces: 4.2.4 (/opt/ros/humble/share/common_interfaces/cmake)
[1.023s] -- Found eigen_stl_containers: 1.0.0 (/opt/ros/humble/share/eigen_stl_containers/cmake)
[1.048s] -- Found eigen3_cmake_module: 0.1.1 (/opt/ros/humble/share/eigen3_cmake_module/cmake)
[1.145s] -- Found Eigen3: TRUE (found version "3.4.0") 
[1.193s] -- Found generate_parameter_library: 0.3.8 (/opt/ros/humble/share/generate_parameter_library/cmake)
[1.238s] -- Found parameter_traits: 0.3.8 (/opt/ros/humble/share/parameter_traits/cmake)
[1.334s] -- Found rosidl_generator_c: 3.1.5 (/opt/ros/humble/share/rosidl_generator_c/cmake)
[1.352s] -- Found rosidl_adapter: 3.1.5 (/opt/ros/humble/share/rosidl_adapter/cmake)
[1.383s] -- Found rosidl_generator_cpp: 3.1.5 (/opt/ros/humble/share/rosidl_generator_cpp/cmake)
[1.426s] -- Using all available rosidl_typesupport_c: rosidl_typesupport_fastrtps_c;rosidl_typesupport_introspection_c
[1.471s] -- Using all available rosidl_typesupport_cpp: rosidl_typesupport_fastrtps_cpp;rosidl_typesupport_introspection_cpp
[1.593s] -- Found rmw_implementation_cmake: 6.1.2 (/opt/ros/humble/share/rmw_implementation_cmake/cmake)
[1.602s] -- Found rmw_fastrtps_cpp: 6.2.7 (/opt/ros/humble/share/rmw_fastrtps_cpp/cmake)
[1.771s] -- Found OpenSSL: /usr/lib/x86_64-linux-gnu/libcrypto.so (found version "3.0.2")  
[1.818s] -- Found FastRTPS: /opt/ros/humble/include  
[1.888s] -- Using RMW implementation 'rmw_fastrtps_cpp' as default
[1.911s] -- Looking for C++ include pthread.h
[2.059s] -- Looking for C++ include pthread.h - found
[2.060s] -- Performing Test CMAKE_HAVE_LIBC_PTHREAD
[2.224s] -- Performing Test CMAKE_HAVE_LIBC_PTHREAD - Success
[2.226s] -- Found Threads: TRUE  
[2.397s] -- Found rclcpp_lifecycle: 16.0.10 (/opt/ros/humble/share/rclcpp_lifecycle/cmake)
[2.449s] -- Found geometric_shapes: 2.1.3 (/opt/ros/humble/share/geometric_shapes/cmake)
[2.469s] -- Found Boost: /usr/lib/x86_64-linux-gnu/cmake/Boost-1.74.0/BoostConfig.cmake (found version "1.74.0") found components: filesystem 
[2.666s] -- library: /usr/lib/x86_64-linux-gnu/libcurl.so
[2.829s] -- Found kdl_parser: 2.6.4 (/opt/ros/humble/share/kdl_parser/cmake)
[2.846s] -- Ensuring Eigen3 include directory is part of orocos-kdl CMake target
[2.856s] -- Found moveit_msgs: 2.2.1 (/opt/ros/humble/share/moveit_msgs/cmake)
[3.176s] -- Found pluginlib: 5.1.0 (/opt/ros/humble/share/pluginlib/cmake)
[3.218s] -- Found srdfdom: 2.0.4 (/home/robot/ws_moveit2/install/srdfdom/share/srdfdom/cmake)
[3.246s] -- Found tf2_eigen: 0.25.7 (/opt/ros/humble/share/tf2_eigen/cmake)
[3.442s] -- Found tf2_geometry_msgs: 0.25.7 (/opt/ros/humble/share/tf2_geometry_msgs/cmake)
[3.454s] -- Found tf2_kdl: 0.25.7 (/opt/ros/humble/share/tf2_kdl/cmake)
[3.532s] -- Found Boost: /usr/lib/x86_64-linux-gnu/cmake/Boost-1.74.0/BoostConfig.cmake (found version "1.74.0") found components: chrono date_time filesystem iostreams program_options regex serialization system thread 
[3.535s] --  *** Building MoveIt 2.5.5-Alpha ***
[3.546s] -- Performing Test COMPILER_HAS_HIDDEN_VISIBILITY
[3.672s] -- Performing Test COMPILER_HAS_HIDDEN_VISIBILITY - Success
[3.674s] -- Performing Test COMPILER_HAS_HIDDEN_INLINE_VISIBILITY
[3.819s] -- Performing Test COMPILER_HAS_HIDDEN_INLINE_VISIBILITY - Success
[3.819s] -- Performing Test COMPILER_HAS_DEPRECATED_ATTR
[3.942s] -- Performing Test COMPILER_HAS_DEPRECATED_ATTR - Success
[3.956s] -- Found ament_cmake_gtest: 1.3.10 (/opt/ros/humble/share/ament_cmake_gtest/cmake)
[3.964s] -- Found gtest sources under '/opt/ros/humble/src/gtest_vendor': C++ tests using 'Google Test' will be built
[4.040s] -- The C compiler identification is GNU 11.4.0
[4.049s] -- Detecting C compiler ABI info
[4.163s] -- Detecting C compiler ABI info - done
[4.182s] -- Check for working C compiler: /usr/bin/cc - skipped
[4.183s] -- Detecting C compile features
[4.184s] -- Detecting C compile features - done
[4.219s] -- Found ament_cmake_gmock: 1.3.10 (/opt/ros/humble/share/ament_cmake_gmock/cmake)
[4.233s] -- Found gmock sources under '/opt/ros/humble/src/gmock_vendor': C++ tests using 'Google Mock' will be built
[4.240s] -- Found ament_cmake_gtest: 1.3.10 (/opt/ros/humble/share/ament_cmake_gtest/cmake)
[4.241s] -- Found gtest sources under '/opt/ros/humble/src/gtest_vendor': C++ tests using 'Google Test' will be built
[4.263s] -- Found ament_cmake_gtest: 1.3.10 (/opt/ros/humble/share/ament_cmake_gtest/cmake)
[4.265s] -- Found gtest sources under '/opt/ros/humble/src/gtest_vendor': C++ tests using 'Google Test' will be built
[4.328s] -- Found ament_cmake_gtest: 1.3.10 (/opt/ros/humble/share/ament_cmake_gtest/cmake)
[4.330s] -- Found gtest sources under '/opt/ros/humble/src/gtest_vendor': C++ tests using 'Google Test' will be built
[4.368s] -- Found ament_lint_auto: 0.12.11 (/opt/ros/humble/share/ament_lint_auto/cmake)
[4.369s] -- Found ament_cmake_gtest: 1.3.10 (/opt/ros/humble/share/ament_cmake_gtest/cmake)
[4.372s] -- Found gtest sources under '/opt/ros/humble/src/gtest_vendor': C++ tests using 'Google Test' will be built
[4.412s] -- Found ament_cmake_gtest: 1.3.10 (/opt/ros/humble/share/ament_cmake_gtest/cmake)
[4.414s] -- Found gtest sources under '/opt/ros/humble/src/gtest_vendor': C++ tests using 'Google Test' will be built
[4.441s] -- Found ament_cmake_gtest: 1.3.10 (/opt/ros/humble/share/ament_cmake_gtest/cmake)
[4.442s] -- Found gtest sources under '/opt/ros/humble/src/gtest_vendor': C++ tests using 'Google Test' will be built
[4.462s] -- Found ament_cmake_gtest: 1.3.10 (/opt/ros/humble/share/ament_cmake_gtest/cmake)
[4.464s] -- Found gtest sources under '/opt/ros/humble/src/gtest_vendor': C++ tests using 'Google Test' will be built
[4.486s] -- Found gtest sources under '/opt/ros/humble/src/gtest_vendor': C++ tests using 'Google Test' will be built
[4.523s] -- Found gtest sources under '/opt/ros/humble/src/gtest_vendor': C++ tests using 'Google Test' will be built
[4.552s] -- Found ament_cmake_gtest: 1.3.10 (/opt/ros/humble/share/ament_cmake_gtest/cmake)
[4.554s] -- Found gtest sources under '/opt/ros/humble/src/gtest_vendor': C++ tests using 'Google Test' will be built
[4.611s] -- Found gtest sources under '/opt/ros/humble/src/gtest_vendor': C++ tests using 'Google Test' will be built
[4.647s] -- Found gtest sources under '/opt/ros/humble/src/gtest_vendor': C++ tests using 'Google Test' will be built
[4.674s] -- Found gtest sources under '/opt/ros/humble/src/gtest_vendor': C++ tests using 'Google Test' will be built
[4.687s] -- Found ament_lint_auto: 0.12.11 (/opt/ros/humble/share/ament_lint_auto/cmake)
[4.772s] -- Added test 'cppcheck' to perform static code analysis on C / C++ code
[4.776s] -- Configured cppcheck include dirs: /home/robot/ws_moveit2/src/moveit2/moveit_core/exceptions/include;/home/robot/ws_moveit2/src/moveit2/moveit_core/collision_detection/include;/home/robot/ws_moveit2/src/moveit2/moveit_core/collision_detection_fcl/include;/home/robot/ws_moveit2/src/moveit2/moveit_core/collision_detection_bullet/include;/home/robot/ws_moveit2/src/moveit2/moveit_core/constraint_samplers/include;/home/robot/ws_moveit2/src/moveit2/moveit_core/controller_manager/include;/home/robot/ws_moveit2/src/moveit2/moveit_core/distance_field/include;/home/robot/ws_moveit2/src/moveit2/moveit_core/collision_distance_field/include;/home/robot/ws_moveit2/src/moveit2/moveit_core/dynamics_solver/include;/home/robot/ws_moveit2/src/moveit2/moveit_core/kinematics_base/include;/home/robot/ws_moveit2/src/moveit2/moveit_core/kinematics_metrics/include;/home/robot/ws_moveit2/src/moveit2/moveit_core/robot_model/include;/home/robot/ws_moveit2/src/moveit2/moveit_core/transforms/include;/home/robot/ws_moveit2/src/moveit2/moveit_core/robot_state/include;/home/robot/ws_moveit2/src/moveit2/moveit_core/robot_trajectory/include;/home/robot/ws_moveit2/src/moveit2/moveit_core/kinematic_constraints/include;/home/robot/ws_moveit2/src/moveit2/moveit_core/macros/include;/home/robot/ws_moveit2/src/moveit2/moveit_core/online_signal_smoothing/include;/home/robot/ws_moveit2/src/moveit2/moveit_core/planning_interface/include;/home/robot/ws_moveit2/src/moveit2/moveit_core/planning_request_adapter/include;/home/robot/ws_moveit2/src/moveit2/moveit_core/planning_scene/include;/home/robot/ws_moveit2/src/moveit2/moveit_core/sensor_manager/include;/home/robot/ws_moveit2/src/moveit2/moveit_core/trajectory_processing/include;/home/robot/ws_moveit2/src/moveit2/moveit_core/utils/include
[4.776s] -- Configured cppcheck exclude dirs and/or files: 
[4.780s] -- Added test 'pep257' to check Python code against some of the docstring style conventions in PEP 257
[4.785s] -- Added test 'xmllint' to check XML markup files
[4.792s] -- Configuring done
[6.141s] -- Generating done
[6.161s] -- Build files have been written to: /home/robot/ws_moveit2/build/moveit_core
[6.214s] Invoked command in '/home/robot/ws_moveit2/build/moveit_core' returned '0': AMENT_PREFIX_PATH=/home/robot/ws_moveit2/install/moveit_resources_panda_moveit_config:/home/robot/ws_moveit2/install/srdfdom:/home/robot/ws_moveit2/install/moveit_resources_pr2_description:/home/robot/ws_moveit2/install/moveit_resources_panda_description:/home/robot/ws_moveit2/install/moveit_common:${AMENT_PREFIX_PATH} CMAKE_PREFIX_PATH=/home/robot/ws_moveit2/install/moveit_resources_panda_moveit_config:/home/robot/ws_moveit2/install/srdfdom:/home/robot/ws_moveit2/install/moveit_resources_pr2_description:/home/robot/ws_moveit2/install/moveit_resources_panda_description:/home/robot/ws_moveit2/install/moveit_common:/home/robot/ros2_ws/install/my_robot_bringup:/home/robot/ros2_ws/install/my_robot_interfaces:/home/robot/ros2_ws/install/my_robot_firstrobot:/home/robot/ros2_ws/install/my_robot_first_roboticarm:/home/robot/ros2_ws/install/my_cpp_pkg:/home/robot/ros2_ws/install/my_turtlesim_project:/home/robot/ros2_ws/install/my_robot_first_servo_control:/home/robot/ros2_ws/install/my_py_pkg:/home/robot/ros2_ws/install/actions_py:/opt/ros/humble LD_LIBRARY_PATH=/home/robot/ws_moveit2/install/srdfdom/lib:${LD_LIBRARY_PATH} PYTHONPATH=/home/robot/ws_moveit2/install/srdfdom/local/lib/python3.10/dist-packages:${PYTHONPATH} /usr/bin/cmake /home/robot/ws_moveit2/src/moveit2/moveit_core -DCMAKE_BUILD_TYPE=Release -DCMAKE_CXX_FLAGS=--param ggc-min-expand=20 -DCMAKE_INSTALL_PREFIX=/home/robot/ws_moveit2/install/moveit_core
[6.216s] Invoking command in '/home/robot/ws_moveit2/build/moveit_core': AMENT_PREFIX_PATH=/home/robot/ws_moveit2/install/moveit_resources_panda_moveit_config:/home/robot/ws_moveit2/install/srdfdom:/home/robot/ws_moveit2/install/moveit_resources_pr2_description:/home/robot/ws_moveit2/install/moveit_resources_panda_description:/home/robot/ws_moveit2/install/moveit_common:${AMENT_PREFIX_PATH} CMAKE_PREFIX_PATH=/home/robot/ws_moveit2/install/moveit_resources_panda_moveit_config:/home/robot/ws_moveit2/install/srdfdom:/home/robot/ws_moveit2/install/moveit_resources_pr2_description:/home/robot/ws_moveit2/install/moveit_resources_panda_description:/home/robot/ws_moveit2/install/moveit_common:/home/robot/ros2_ws/install/my_robot_bringup:/home/robot/ros2_ws/install/my_robot_interfaces:/home/robot/ros2_ws/install/my_robot_firstrobot:/home/robot/ros2_ws/install/my_robot_first_roboticarm:/home/robot/ros2_ws/install/my_cpp_pkg:/home/robot/ros2_ws/install/my_turtlesim_project:/home/robot/ros2_ws/install/my_robot_first_servo_control:/home/robot/ros2_ws/install/my_py_pkg:/home/robot/ros2_ws/install/actions_py:/opt/ros/humble LD_LIBRARY_PATH=/home/robot/ws_moveit2/install/srdfdom/lib:${LD_LIBRARY_PATH} PYTHONPATH=/home/robot/ws_moveit2/install/srdfdom/local/lib/python3.10/dist-packages:${PYTHONPATH} /usr/bin/cmake --build /home/robot/ws_moveit2/build/moveit_core -- -j4 -l4
[6.305s] [  0%] [32mBuilding CXX object exceptions/CMakeFiles/moveit_exceptions.dir/src/exceptions.cpp.o[0m
[6.305s] [  0%] [32mBuilding CXX object kinematics_base/CMakeFiles/moveit_kinematics_base.dir/src/kinematics_base.cpp.o[0m
[6.323s] [  0%] [32mBuilding CXX object transforms/CMakeFiles/moveit_transforms.dir/src/transforms.cpp.o[0m
[6.324s] [  1%] [32mBuilding CXX object distance_field/CMakeFiles/moveit_distance_field.dir/src/distance_field.cpp.o[0m
[7.872s] [  2%] [32m[1mLinking CXX shared library libmoveit_exceptions.so[0m
[8.241s] [  2%] Built target moveit_exceptions
[8.281s] [  3%] [32mBuilding CXX object utils/CMakeFiles/moveit_utils.dir/src/lexical_casts.cpp.o[0m
[9.293s] [  3%] [32mBuilding CXX object utils/CMakeFiles/moveit_utils.dir/src/message_checks.cpp.o[0m
[11.679s] [  4%] [32mBuilding CXX object utils/CMakeFiles/moveit_utils.dir/src/rclcpp_utils.cpp.o[0m
[12.315s] [  4%] [32m[1mLinking CXX shared library libmoveit_utils.so[0m
[15.342s] [  4%] Built target moveit_utils
[15.398s] [  4%] [32mBuilding CXX object gtest/CMakeFiles/gtest.dir/src/gtest-all.cc.o[0m
[20.384s] [  5%] [32m[1mLinking CXX shared library libmoveit_kinematics_base.so[0m
[20.870s] [  5%] Built target moveit_kinematics_base
[20.933s] [  6%] [32mBuilding CXX object gtest/CMakeFiles/gtest_main.dir/src/gtest_main.cc.o[0m
[23.330s] [  6%] [32m[1mLinking CXX static library libgtest_main.a[0m
[23.389s] [  6%] Built target gtest_main
[23.433s] [  6%] [32mBuilding CXX object gmock/CMakeFiles/gmock.dir/opt/ros/humble/src/gtest_vendor/src/gtest-all.cc.o[0m
[26.882s] [  6%] [32mBuilding CXX object distance_field/CMakeFiles/moveit_distance_field.dir/src/find_internal_points.cpp.o[0m
[27.036s] [  7%] [32m[1mLinking CXX shared library libmoveit_transforms.so[0m
[27.557s] [  7%] Built target moveit_transforms
[27.591s] [  7%] [32mBuilding CXX object gmock/CMakeFiles/gmock_main.dir/src/gmock_main.cc.o[0m
[30.017s] [  8%] [32mBuilding CXX object distance_field/CMakeFiles/moveit_distance_field.dir/src/propagation_distance_field.cpp.o[0m
[30.702s] [  9%] [32m[1mLinking CXX static library libgmock_main.a[0m
[30.775s] [  9%] Built target gmock_main
[30.808s] [  9%] [32mBuilding CXX object online_signal_smoothing/CMakeFiles/moveit_smoothing_base.dir/src/smoothing_base_class.cpp.o[0m
[34.138s] [ 10%] [32m[1mLinking CXX static library libgtest.a[0m
[34.352s] [ 10%] Built target gtest
[34.434s] [ 11%] [34m[1mRunning `/opt/ros/humble/bin/generate_parameter_library_cpp /home/robot/ws_moveit2/build/moveit_core/online_signal_smoothing/moveit_butterworth_parameters/include//moveit_butterworth_parameters.hpp /home/robot/ws_moveit2/src/moveit2/moveit_core/online_signal_smoothing/src/butterworth_parameters.yaml `[0m
[35.031s] [ 11%] Built target moveit_butterworth_parameters
[35.065s] [ 11%] [32mBuilding CXX object transforms/CMakeFiles/test_transforms.dir/test/test_transforms.cpp.o[0m
[39.164s] [ 12%] [32m[1mLinking CXX shared library libmoveit_smoothing_base.so[0m
[39.464s] [ 12%] Built target moveit_smoothing_base
[39.503s] [ 13%] [32mBuilding CXX object version/CMakeFiles/moveit_version.dir/version.cpp.o[0m
[39.580s] [ 14%] [32m[1mLinking CXX executable moveit_version[0m
[39.691s] [ 14%] Built target moveit_version
[39.748s] [ 15%] [32mBuilding CXX object robot_model/CMakeFiles/moveit_robot_model.dir/src/aabb.cpp.o[0m
[41.388s] [ 16%] [32mBuilding CXX object gmock/CMakeFiles/gmock.dir/src/gmock-all.cc.o[0m
[43.396s] [ 17%] [32m[1mLinking CXX executable test_transforms[0m
[43.707s] [ 17%] Built target test_transforms
[43.721s] [ 17%] [32mBuilding CXX object robot_model/CMakeFiles/moveit_robot_model.dir/src/fixed_joint_model.cpp.o[0m
[44.908s] [ 18%] [32mBuilding CXX object robot_model/CMakeFiles/moveit_robot_model.dir/src/floating_joint_model.cpp.o[0m
[47.140s] [ 19%] [32mBuilding CXX object robot_model/CMakeFiles/moveit_robot_model.dir/src/joint_model.cpp.o[0m
[48.647s] [ 20%] [32m[1mLinking CXX static library libgmock.a[0m
[48.771s] [ 20%] Built target gmock
[48.787s] [ 20%] [32mBuilding CXX object robot_model/CMakeFiles/moveit_robot_model.dir/src/joint_model_group.cpp.o[0m
[50.551s] [ 20%] [32m[1mLinking CXX shared library libmoveit_distance_field.so[0m
[50.899s] [ 20%] Built target moveit_distance_field
[50.941s] [ 21%] [32mBuilding CXX object distance_field/CMakeFiles/test_voxel_grid.dir/test/test_voxel_grid.cpp.o[0m
[53.752s] [ 22%] [32mBuilding CXX object robot_model/CMakeFiles/moveit_robot_model.dir/src/link_model.cpp.o[0m
[55.038s] [ 22%] [32mBuilding CXX object robot_model/CMakeFiles/moveit_robot_model.dir/src/planar_joint_model.cpp.o[0m
[64.109s] [ 23%] [32mBuilding CXX object robot_model/CMakeFiles/moveit_robot_model.dir/src/prismatic_joint_model.cpp.o[0m
[64.578s] [ 24%] [32mBuilding CXX object robot_model/CMakeFiles/moveit_robot_model.dir/src/revolute_joint_model.cpp.o[0m
[64.924s] [ 24%] [32m[1mLinking CXX executable test_voxel_grid[0m
[65.439s] [ 24%] Built target test_voxel_grid
[65.477s] [ 24%] [32mBuilding CXX object distance_field/CMakeFiles/test_distance_field.dir/test/test_distance_field.cpp.o[0m
[65.976s] [ 24%] [32mBuilding CXX object robot_model/CMakeFiles/moveit_robot_model.dir/src/robot_model.cpp.o[0m
[85.850s] [ 25%] [32m[1mLinking CXX shared library libmoveit_robot_model.so[0m
[86.143s] [ 25%] Built target moveit_robot_model
[86.180s] [ 25%] [32mBuilding CXX object robot_state/CMakeFiles/moveit_robot_state.dir/src/attached_body.cpp.o[0m
[86.204s] [ 26%] [32mBuilding CXX object utils/CMakeFiles/moveit_test_utils.dir/src/robot_model_test_utils.cpp.o[0m
[86.425s] [ 27%] [32m[1mLinking CXX executable test_distance_field[0m
[86.852s] [ 27%] Built target test_distance_field
[86.880s] [ 28%] [32mBuilding CXX object robot_state/CMakeFiles/moveit_robot_state.dir/src/conversions.cpp.o[0m
[86.922s] [ 29%] [32mBuilding CXX object online_signal_smoothing/CMakeFiles/moveit_butterworth_filter.dir/src/butterworth_filter.cpp.o[0m
[94.691s] [ 30%] [32mBuilding CXX object robot_state/CMakeFiles/moveit_robot_state.dir/src/robot_state.cpp.o[0m
[105.693s] [ 30%] [32m[1mLinking CXX shared library libmoveit_butterworth_filter.so[0m
[106.267s] [ 30%] Built target moveit_butterworth_filter
[109.386s] [ 30%] [32m[1mLinking CXX shared library libmoveit_test_utils.so[0m
[109.783s] [ 30%] Built target moveit_test_utils
[110.845s] [ 30%] [32mBuilding CXX object online_signal_smoothing/CMakeFiles/test_butterworth_filter.dir/test/test_butterworth_filter.cpp.o[0m
[115.319s] [ 30%] [32mBuilding CXX object robot_state/CMakeFiles/moveit_robot_state.dir/src/cartesian_interpolator.cpp.o[0m
[115.384s] [ 31%] [32mBuilding CXX object robot_model/CMakeFiles/test_robot_model.dir/test/test.cpp.o[0m
[131.587s] [ 31%] [32m[1mLinking CXX executable test_robot_model[0m
[132.032s] [ 32%] [32m[1mLinking CXX executable test_butterworth_filter[0m
[132.196s] [ 32%] Built target test_robot_model
[132.390s] [ 32%] Built target test_butterworth_filter
[151.074s] [ 33%] [32m[1mLinking CXX shared library libmoveit_robot_state.so[0m
[151.392s] [ 33%] Built target moveit_robot_state
[151.443s] [ 34%] [32mBuilding CXX object dynamics_solver/CMakeFiles/moveit_dynamics_solver.dir/src/dynamics_solver.cpp.o[0m
[151.452s] [ 35%] [32mBuilding CXX object collision_detection/CMakeFiles/moveit_collision_detection.dir/src/allvalid/collision_env_allvalid.cpp.o[0m
[151.460s] [ 35%] [32mBuilding CXX object robot_trajectory/CMakeFiles/moveit_robot_trajectory.dir/src/robot_trajectory.cpp.o[0m
[152.502s] [ 35%] [32mBuilding CXX object kinematics_metrics/CMakeFiles/moveit_kinematics_metrics.dir/src/kinematics_metrics.cpp.o[0m
[167.165s] [ 35%] [32mBuilding CXX object collision_detection/CMakeFiles/moveit_collision_detection.dir/src/collision_common.cpp.o[0m
[167.295s] [ 36%] [32m[1mLinking CXX shared library libmoveit_dynamics_solver.so[0m
[167.682s] [ 36%] Built target moveit_dynamics_solver
[167.732s] [ 37%] [32mBuilding CXX object robot_state/CMakeFiles/test_robot_state.dir/test/robot_state_test.cpp.o[0m
[179.264s] [ 38%] [32m[1mLinking CXX shared library libmoveit_robot_trajectory.so[0m
[179.645s] [ 38%] Built target moveit_robot_trajectory
[180.434s] [ 39%] [32mBuilding CXX object collision_detection/CMakeFiles/moveit_collision_detection.dir/src/collision_matrix.cpp.o[0m
[180.703s] [ 39%] [32mBuilding CXX object robot_state/CMakeFiles/test_robot_state_benchmark.dir/test/robot_state_benchmark.cpp.o[0m
[195.304s] [ 39%] [32mBuilding CXX object collision_detection/CMakeFiles/moveit_collision_detection.dir/src/collision_octomap_filter.cpp.o[0m
[196.248s] [ 40%] [32m[1mLinking CXX executable test_robot_state[0m
[196.890s] [ 40%] Built target test_robot_state
[196.943s] [ 40%] [32mBuilding CXX object robot_state/CMakeFiles/test_robot_state_complex.dir/test/test_kinematic_complex.cpp.o[0m
[202.461s] [ 41%] [32m[1mLinking CXX executable test_robot_state_benchmark[0m
[203.022s] [ 41%] Built target test_robot_state_benchmark
[203.087s] [ 41%] [32mBuilding CXX object robot_state/CMakeFiles/test_aabb.dir/test/test_aabb.cpp.o[0m
[206.480s] [ 42%] [32m[1mLinking CXX shared library libmoveit_kinematics_metrics.so[0m
[206.882s] [ 42%] Built target moveit_kinematics_metrics
[210.400s] [ 43%] [32mBuilding CXX object collision_detection/CMakeFiles/moveit_collision_detection.dir/src/collision_tools.cpp.o[0m
[220.193s] [ 44%] [32m[1mLinking CXX executable test_robot_state_complex[0m
[220.816s] [ 44%] Built target test_robot_state_complex
[223.823s] [ 45%] [32m[1mLinking CXX executable test_aabb[0m
[224.308s] [ 45%] Built target test_aabb
[227.845s] [ 46%] [32mBuilding CXX object collision_detection/CMakeFiles/moveit_collision_detection.dir/src/world.cpp.o[0m
[235.446s] [ 46%] [32mBuilding CXX object collision_detection/CMakeFiles/moveit_collision_detection.dir/src/world_diff.cpp.o[0m
[236.366s] [ 47%] [32mBuilding CXX object trajectory_processing/CMakeFiles/moveit_trajectory_processing.dir/src/iterative_time_parameterization.cpp.o[0m
[237.388s] [ 48%] [32mBuilding CXX object robot_trajectory/CMakeFiles/test_robot_trajectory.dir/test/test_robot_trajectory.cpp.o[0m
[238.437s] [ 48%] [32mBuilding CXX object robot_state/CMakeFiles/test_cartesian_interpolator.dir/test/test_cartesian_interpolator.cpp.o[0m
[239.688s] [ 49%] [32mBuilding CXX object collision_detection/CMakeFiles/moveit_collision_detection.dir/src/collision_env.cpp.o[0m
[255.821s] [ 49%] [32mBuilding CXX object trajectory_processing/CMakeFiles/moveit_trajectory_processing.dir/src/iterative_spline_parameterization.cpp.o[0m
[256.477s] [ 49%] [32mBuilding CXX object collision_detection/CMakeFiles/moveit_collision_detection.dir/src/collision_plugin_cache.cpp.o[0m
[256.581s] [ 50%] [32m[1mLinking CXX executable test_cartesian_interpolator[0m
[257.067s] [ 50%] Built target test_cartesian_interpolator
[262.140s] [ 50%] [32m[1mLinking CXX executable test_robot_trajectory[0m
[262.657s] [ 50%] Built target test_robot_trajectory
[272.433s] [ 51%] [32mBuilding CXX object trajectory_processing/CMakeFiles/moveit_trajectory_processing.dir/src/ruckig_traj_smoothing.cpp.o[0m
[276.451s] [ 52%] [32mBuilding CXX object trajectory_processing/CMakeFiles/moveit_trajectory_processing.dir/src/trajectory_tools.cpp.o[0m
[277.574s] [ 52%] [32mBuilding CXX object trajectory_processing/CMakeFiles/moveit_trajectory_processing.dir/src/time_optimal_trajectory_generation.cpp.o[0m
[282.147s] [ 53%] [32m[1mLinking CXX shared library libmoveit_collision_detection.so[0m
[282.476s] [ 53%] Built target moveit_collision_detection
[282.510s] [ 54%] [32mBuilding CXX object planning_interface/CMakeFiles/moveit_planning_interface.dir/src/planning_interface.cpp.o[0m
[283.531s] [ 54%] [32mBuilding CXX object collision_detection_fcl/CMakeFiles/moveit_collision_detection_fcl.dir/src/collision_common.cpp.o[0m
[291.353s] [ 55%] [32mBuilding CXX object collision_detection/CMakeFiles/test_world.dir/test/test_world.cpp.o[0m
[295.358s] [ 56%] [32m[1mLinking CXX shared library libmoveit_trajectory_processing.so[0m
[295.687s] [ 56%] Built target moveit_trajectory_processing
[295.721s] [ 57%] [32mBuilding CXX object collision_detection/CMakeFiles/test_world_diff.dir/test/test_world_diff.cpp.o[0m
[301.667s] [ 57%] [32mBuilding CXX object planning_interface/CMakeFiles/moveit_planning_interface.dir/src/planning_response.cpp.o[0m
[302.555s] [ 58%] [32mBuilding CXX object collision_detection_fcl/CMakeFiles/moveit_collision_detection_fcl.dir/src/collision_env_fcl.cpp.o[0m
[302.776s] [ 58%] [32m[1mLinking CXX executable test_world[0m
[303.188s] [ 58%] Built target test_world
[303.223s] [ 58%] [32mBuilding CXX object collision_detection/CMakeFiles/test_all_valid.dir/test/test_all_valid.cpp.o[0m
[305.360s] [ 59%] [32m[1mLinking CXX executable test_world_diff[0m
[305.742s] [ 59%] Built target test_world_diff
[305.782s] [ 60%] [32mBuilding CXX object collision_detection_bullet/CMakeFiles/moveit_collision_detection_bullet.dir/src/bullet_integration/bullet_utils.cpp.o[0m
[316.308s] [ 61%] [32m[1mLinking CXX shared library libmoveit_planning_interface.so[0m
[316.604s] [ 61%] Built target moveit_planning_interface
[316.640s] [ 61%] [32mBuilding CXX object trajectory_processing/CMakeFiles/test_time_parameterization.dir/test/test_time_parameterization.cpp.o[0m
[317.584s] [ 62%] [32m[1mLinking CXX executable test_all_valid[0m
[317.987s] [ 62%] Built target test_all_valid
[318.023s] [ 63%] [32mBuilding CXX object trajectory_processing/CMakeFiles/test_time_optimal_trajectory_generation.dir/test/test_time_optimal_trajectory_generation.cpp.o[0m
[318.601s] [ 64%] [32m[1mLinking CXX shared library libmoveit_collision_detection_fcl.so[0m
[319.110s] [ 64%] Built target moveit_collision_detection_fcl
[319.149s] [ 65%] [32mBuilding CXX object trajectory_processing/CMakeFiles/test_ruckig_traj_smoothing.dir/test/test_ruckig_traj_smoothing.cpp.o[0m
[321.691s] [ 65%] [32mBuilding CXX object collision_detection_bullet/CMakeFiles/moveit_collision_detection_bullet.dir/src/bullet_integration/bullet_discrete_bvh_manager.cpp.o[0m
[332.733s] [ 66%] [32mBuilding CXX object collision_detection_bullet/CMakeFiles/moveit_collision_detection_bullet.dir/src/bullet_integration/bullet_cast_bvh_manager.cpp.o[0m
[333.559s] [ 67%] [32m[1mLinking CXX executable test_time_parameterization[0m
[334.033s] [ 67%] Built target test_time_parameterization
[334.121s] [ 68%] [32mBuilding CXX object collision_detection_fcl/CMakeFiles/test_fcl_collision_env.dir/test/test_fcl_env.cpp.o[0m
[337.392s] [ 68%] [32m[1mLinking CXX executable test_ruckig_traj_smoothing[0m
[337.888s] [ 68%] Built target test_ruckig_traj_smoothing
[337.924s] [ 69%] [32mBuilding CXX object collision_detection_fcl/CMakeFiles/test_fcl_collision_detection.dir/test/test_fcl_collision_detection_pr2.cpp.o[0m
[338.748s] [ 70%] [32m[1mLinking CXX executable test_time_optimal_trajectory_generation[0m
[339.257s] [ 70%] Built target test_time_optimal_trajectory_generation
[339.294s] [ 71%] [32mBuilding CXX object collision_detection_fcl/CMakeFiles/test_fcl_collision_detection_panda.dir/test/test_fcl_collision_detection_panda.cpp.o[0m
[344.527s] [ 71%] [32mBuilding CXX object collision_detection_bullet/CMakeFiles/moveit_collision_detection_bullet.dir/src/collision_env_bullet.cpp.o[0m
[354.191s] [ 72%] [32m[1mLinking CXX executable test_fcl_collision_env[0m
[354.798s] [ 72%] Built target test_fcl_collision_env
[354.835s] [ 72%] [32mBuilding CXX object kinematic_constraints/CMakeFiles/moveit_kinematic_constraints.dir/src/kinematic_constraint.cpp.o[0m
[358.797s] [ 72%] [32m[1mLinking CXX executable test_fcl_collision_detection_panda[0m
[359.306s] [ 72%] Built target test_fcl_collision_detection_panda
[359.319s] [ 73%] [32mBuilding CXX object kinematic_constraints/CMakeFiles/moveit_kinematic_constraints.dir/src/utils.cpp.o[0m
[359.970s] [ 73%] [32m[1mLinking CXX executable test_fcl_collision_detection[0m
[360.132s] [ 74%] [32mBuilding CXX object collision_detection_bullet/CMakeFiles/moveit_collision_detection_bullet.dir/src/bullet_integration/bullet_bvh_manager.cpp.o[0m
[360.493s] [ 74%] Built target test_fcl_collision_detection
[360.506s] [ 75%] [32mBuilding CXX object collision_detection_bullet/CMakeFiles/moveit_collision_detection_bullet.dir/src/bullet_integration/contact_checker_common.cpp.o[0m
[371.388s] [ 75%] [32mBuilding CXX object collision_detection_bullet/CMakeFiles/moveit_collision_detection_bullet.dir/src/bullet_integration/ros_bullet_utils.cpp.o[0m
[381.809s] [ 76%] [32m[1mLinking CXX shared library libmoveit_collision_detection_bullet.so[0m
[382.177s] [ 76%] Built target moveit_collision_detection_bullet
[382.215s] [ 77%] [32mBuilding CXX object collision_detection_bullet/CMakeFiles/test_bullet_collision_detection.dir/test/test_bullet_collision_detection_pr2.cpp.o[0m
[383.937s] [ 78%] [32m[1mLinking CXX shared library libmoveit_kinematic_constraints.so[0m
[384.262s] [ 78%] Built target moveit_kinematic_constraints
[384.296s] [ 79%] [32mBuilding CXX object collision_detection_bullet/CMakeFiles/test_bullet_continuous_collision_checking.dir/test/test_bullet_continuous_collision_checking.cpp.o[0m
[385.320s] [ 80%] [32mBuilding CXX object planning_scene/CMakeFiles/moveit_planning_scene.dir/src/planning_scene.cpp.o[0m
[386.338s] [ 81%] [32mBuilding CXX object collision_detection_bullet/CMakeFiles/test_bullet_collision_detection_panda.dir/test/test_bullet_collision_detection_panda.cpp.o[0m
[402.234s] [ 81%] [32m[1mLinking CXX executable test_bullet_collision_detection[0m
[402.788s] [ 81%] Built target test_bullet_collision_detection
[402.835s] [ 81%] [32mBuilding CXX object kinematic_constraints/CMakeFiles/test_constraints.dir/test/test_constraints.cpp.o[0m
[404.280s] [ 81%] [32m[1mLinking CXX executable test_bullet_collision_detection_panda[0m
[404.751s] [ 81%] Built target test_bullet_collision_detection_panda
[404.787s] [ 81%] [32mBuilding CXX object kinematic_constraints/CMakeFiles/test_orientation_constraints.dir/test/test_orientation_constraints.cpp.o[0m
[404.967s] [ 82%] [32m[1mLinking CXX executable test_bullet_continuous_collision_checking[0m
[405.477s] [ 82%] Built target test_bullet_continuous_collision_checking
[421.719s] [ 82%] [32m[1mLinking CXX shared library libmoveit_planning_scene.so[0m
[422.079s] [ 82%] Built target moveit_planning_scene
[422.115s] [ 82%] [32mBuilding CXX object collision_distance_field/CMakeFiles/moveit_collision_distance_field.dir/src/collision_distance_field_types.cpp.o[0m
[422.115s] [ 82%] [32mBuilding CXX object constraint_samplers/CMakeFiles/moveit_constraint_samplers.dir/src/constraint_sampler.cpp.o[0m
[425.485s] [ 83%] [32m[1mLinking CXX executable test_orientation_constraints[0m
[425.956s] [ 83%] Built target test_orientation_constraints
[425.993s] [ 83%] [32mBuilding CXX object planning_request_adapter/CMakeFiles/moveit_planning_request_adapter.dir/src/planning_request_adapter.cpp.o[0m
[426.260s] [ 84%] [32m[1mLinking CXX executable test_constraints[0m
[426.830s] [ 84%] Built target test_constraints
[426.844s] [ 85%] [32mBuilding CXX object collision_distance_field/CMakeFiles/moveit_collision_distance_field.dir/src/collision_common_distance_field.cpp.o[0m
[435.700s] [ 85%] [32mBuilding CXX object collision_distance_field/CMakeFiles/moveit_collision_distance_field.dir/src/collision_env_distance_field.cpp.o[0m
[438.010s] [ 86%] [32mBuilding CXX object constraint_samplers/CMakeFiles/moveit_constraint_samplers.dir/src/constraint_sampler_manager.cpp.o[0m
[441.981s] [ 87%] [32m[1mLinking CXX shared library libmoveit_planning_request_adapter.so[0m
[442.303s] [ 87%] Built target moveit_planning_request_adapter
[442.340s] [ 88%] [32mBuilding CXX object planning_scene/CMakeFiles/test_planning_scene.dir/test/test_planning_scene.cpp.o[0m
[446.778s] [ 89%] [32mBuilding CXX object collision_distance_field/CMakeFiles/moveit_collision_distance_field.dir/src/collision_env_hybrid.cpp.o[0m
[456.657s] [ 89%] [32mBuilding CXX object constraint_samplers/CMakeFiles/moveit_constraint_samplers.dir/src/constraint_sampler_tools.cpp.o[0m
[466.338s] [ 90%] [32mBuilding CXX object constraint_samplers/CMakeFiles/moveit_constraint_samplers.dir/src/default_constraint_samplers.cpp.o[0m
[466.623s] [ 91%] [32m[1mLinking CXX shared library libmoveit_collision_distance_field.so[0m
[467.032s] [ 91%] Built target moveit_collision_distance_field
[467.067s] [ 92%] [32mBuilding CXX object planning_scene/CMakeFiles/test_collision_objects.dir/test/test_collision_objects.cpp.o[0m
[473.821s] [ 92%] [32mBuilding CXX object constraint_samplers/CMakeFiles/moveit_constraint_samplers.dir/src/union_constraint_sampler.cpp.o[0m
[474.388s] [ 92%] [32m[1mLinking CXX executable test_planning_scene[0m
[474.905s] [ 92%] Built target test_planning_scene
[474.940s] [ 92%] [32mBuilding CXX object planning_scene/CMakeFiles/test_multi_threaded.dir/test/test_multi_threaded.cpp.o[0m
[488.454s] [ 92%] [32mBuilding CXX object collision_detection_bullet/CMakeFiles/collision_detector_bullet_plugin.dir/src/collision_detector_bullet_plugin_loader.cpp.o[0m
[490.773s] [ 93%] [32m[1mLinking CXX shared library libmoveit_constraint_samplers.so[0m
[491.056s] [ 93%] [32m[1mLinking CXX executable test_collision_objects[0m
[491.116s] [ 93%] Built target moveit_constraint_samplers
[491.154s] [ 93%] [32mBuilding CXX object collision_detection_fcl/CMakeFiles/collision_detector_fcl_plugin.dir/src/collision_detector_fcl_plugin_loader.cpp.o[0m
[491.512s] [ 93%] Built target test_collision_objects
[491.549s] [ 94%] [32mBuilding CXX object collision_distance_field/CMakeFiles/test_collision_distance_field.dir/test/test_collision_distance_field.cpp.o[0m
[493.934s] [ 95%] [32m[1mLinking CXX executable test_multi_threaded[0m
[494.397s] [ 95%] Built target test_multi_threaded
[494.433s] [ 96%] [32mBuilding CXX object constraint_samplers/CMakeFiles/test_constraint_samplers.dir/test/test_constraint_samplers.cpp.o[0m
[505.332s] [ 97%] [32m[1mLinking CXX shared library libcollision_detector_bullet_plugin.so[0m
[505.613s] [ 97%] Built target collision_detector_bullet_plugin
[505.626s] [ 98%] [32mBuilding CXX object constraint_samplers/CMakeFiles/test_constraint_samplers.dir/test/pr2_arm_kinematics_plugin.cpp.o[0m
[508.741s] [ 99%] [32m[1mLinking CXX shared library libcollision_detector_fcl_plugin.so[0m
[509.024s] [ 99%] Built target collision_detector_fcl_plugin
[509.037s] [ 99%] [32mBuilding CXX object constraint_samplers/CMakeFiles/test_constraint_samplers.dir/test/pr2_arm_ik.cpp.o[0m
[514.367s] [ 99%] [32m[1mLinking CXX executable test_collision_distance_field[0m
[514.954s] [ 99%] Built target test_collision_distance_field
[522.964s] [100%] [32m[1mLinking CXX executable test_constraint_samplers[0m
[523.468s] [100%] Built target test_constraint_samplers
[523.488s] Invoked command in '/home/robot/ws_moveit2/build/moveit_core' returned '0': AMENT_PREFIX_PATH=/home/robot/ws_moveit2/install/moveit_resources_panda_moveit_config:/home/robot/ws_moveit2/install/srdfdom:/home/robot/ws_moveit2/install/moveit_resources_pr2_description:/home/robot/ws_moveit2/install/moveit_resources_panda_description:/home/robot/ws_moveit2/install/moveit_common:${AMENT_PREFIX_PATH} CMAKE_PREFIX_PATH=/home/robot/ws_moveit2/install/moveit_resources_panda_moveit_config:/home/robot/ws_moveit2/install/srdfdom:/home/robot/ws_moveit2/install/moveit_resources_pr2_description:/home/robot/ws_moveit2/install/moveit_resources_panda_description:/home/robot/ws_moveit2/install/moveit_common:/home/robot/ros2_ws/install/my_robot_bringup:/home/robot/ros2_ws/install/my_robot_interfaces:/home/robot/ros2_ws/install/my_robot_firstrobot:/home/robot/ros2_ws/install/my_robot_first_roboticarm:/home/robot/ros2_ws/install/my_cpp_pkg:/home/robot/ros2_ws/install/my_turtlesim_project:/home/robot/ros2_ws/install/my_robot_first_servo_control:/home/robot/ros2_ws/install/my_py_pkg:/home/robot/ros2_ws/install/actions_py:/opt/ros/humble LD_LIBRARY_PATH=/home/robot/ws_moveit2/install/srdfdom/lib:${LD_LIBRARY_PATH} PYTHONPATH=/home/robot/ws_moveit2/install/srdfdom/local/lib/python3.10/dist-packages:${PYTHONPATH} /usr/bin/cmake --build /home/robot/ws_moveit2/build/moveit_core -- -j4 -l4
[523.586s] Invoking command in '/home/robot/ws_moveit2/build/moveit_core': AMENT_PREFIX_PATH=/home/robot/ws_moveit2/install/moveit_resources_panda_moveit_config:/home/robot/ws_moveit2/install/srdfdom:/home/robot/ws_moveit2/install/moveit_resources_pr2_description:/home/robot/ws_moveit2/install/moveit_resources_panda_description:/home/robot/ws_moveit2/install/moveit_common:${AMENT_PREFIX_PATH} CMAKE_PREFIX_PATH=/home/robot/ws_moveit2/install/moveit_resources_panda_moveit_config:/home/robot/ws_moveit2/install/srdfdom:/home/robot/ws_moveit2/install/moveit_resources_pr2_description:/home/robot/ws_moveit2/install/moveit_resources_panda_description:/home/robot/ws_moveit2/install/moveit_common:/home/robot/ros2_ws/install/my_robot_bringup:/home/robot/ros2_ws/install/my_robot_interfaces:/home/robot/ros2_ws/install/my_robot_firstrobot:/home/robot/ros2_ws/install/my_robot_first_roboticarm:/home/robot/ros2_ws/install/my_cpp_pkg:/home/robot/ros2_ws/install/my_turtlesim_project:/home/robot/ros2_ws/install/my_robot_first_servo_control:/home/robot/ros2_ws/install/my_py_pkg:/home/robot/ros2_ws/install/actions_py:/opt/ros/humble LD_LIBRARY_PATH=/home/robot/ws_moveit2/install/srdfdom/lib:${LD_LIBRARY_PATH} PYTHONPATH=/home/robot/ws_moveit2/install/srdfdom/local/lib/python3.10/dist-packages:${PYTHONPATH} /usr/bin/cmake --install /home/robot/ws_moveit2/build/moveit_core
[523.599s] -- Install configuration: "Release"
[523.599s] -- Installing: /home/robot/ws_moveit2/install/moveit_core/include/moveit/version.h
[523.601s] -- Up-to-date: /home/robot/ws_moveit2/install/moveit_core/include
[523.601s] -- Up-to-date: /home/robot/ws_moveit2/install/moveit_core/include/moveit
[523.602s] -- Installing: /home/robot/ws_moveit2/install/moveit_core/include/moveit/collision_distance_field
[523.602s] -- Installing: /home/robot/ws_moveit2/install/moveit_core/include/moveit/collision_distance_field/collision_detector_allocator_distance_field.h
[523.602s] -- Installing: /home/robot/ws_moveit2/install/moveit_core/include/moveit/collision_distance_field/collision_env_hybrid.h
[523.602s] -- Installing: /home/robot/ws_moveit2/install/moveit_core/include/moveit/collision_distance_field/collision_env_distance_field.h
[523.603s] -- Installing: /home/robot/ws_moveit2/install/moveit_core/include/moveit/collision_distance_field/collision_common_distance_field.h
[523.603s] -- Installing: /home/robot/ws_moveit2/install/moveit_core/include/moveit/collision_distance_field/collision_distance_field_types.h
[523.603s] -- Installing: /home/robot/ws_moveit2/install/moveit_core/include/moveit/collision_distance_field/collision_detector_allocator_hybrid.h
[523.603s] -- Installing: /home/robot/ws_moveit2/install/moveit_core/include/moveit_collision_distance_field_export.h
[523.604s] -- Up-to-date: /home/robot/ws_moveit2/install/moveit_core/include
[523.605s] -- Up-to-date: /home/robot/ws_moveit2/install/moveit_core/include/moveit
[523.605s] -- Installing: /home/robot/ws_moveit2/install/moveit_core/include/moveit/constraint_samplers
[523.605s] -- Installing: /home/robot/ws_moveit2/install/moveit_core/include/moveit/constraint_samplers/union_constraint_sampler.h
[523.605s] -- Installing: /home/robot/ws_moveit2/install/moveit_core/include/moveit/constraint_samplers/constraint_sampler_manager.h
[523.605s] -- Installing: /home/robot/ws_moveit2/install/moveit_core/include/moveit/constraint_samplers/constraint_sampler_tools.h
[523.605s] -- Installing: /home/robot/ws_moveit2/install/moveit_core/include/moveit/constraint_samplers/default_constraint_samplers.h
[523.606s] -- Installing: /home/robot/ws_moveit2/install/moveit_core/include/moveit/constraint_samplers/constraint_sampler_allocator.h
[523.606s] -- Installing: /home/robot/ws_moveit2/install/moveit_core/include/moveit/constraint_samplers/constraint_sampler.h
[523.608s] -- Up-to-date: /home/robot/ws_moveit2/install/moveit_core/include
[523.608s] -- Up-to-date: /home/robot/ws_moveit2/install/moveit_core/include/moveit
[523.609s] -- Installing: /home/robot/ws_moveit2/install/moveit_core/include/moveit/controller_manager
[523.609s] -- Installing: /home/robot/ws_moveit2/install/moveit_core/include/moveit/controller_manager/controller_manager.h
[523.610s] -- Up-to-date: /home/robot/ws_moveit2/install/moveit_core/include
[523.610s] -- Up-to-date: /home/robot/ws_moveit2/install/moveit_core/include/moveit
[523.611s] -- Installing: /home/robot/ws_moveit2/install/moveit_core/include/moveit/distance_field
[523.611s] -- Installing: /home/robot/ws_moveit2/install/moveit_core/include/moveit/distance_field/propagation_distance_field.h
[523.611s] -- Installing: /home/robot/ws_moveit2/install/moveit_core/include/moveit/distance_field/distance_field.h
[523.611s] -- Installing: /home/robot/ws_moveit2/install/moveit_core/include/moveit/distance_field/voxel_grid.h
[523.611s] -- Installing: /home/robot/ws_moveit2/install/moveit_core/include/moveit/distance_field/find_internal_points.h
[523.612s] -- Up-to-date: /home/robot/ws_moveit2/install/moveit_core/include
[523.612s] -- Up-to-date: /home/robot/ws_moveit2/install/moveit_core/include/moveit
[523.612s] -- Installing: /home/robot/ws_moveit2/install/moveit_core/include/moveit/dynamics_solver
[523.612s] -- Installing: /home/robot/ws_moveit2/install/moveit_core/include/moveit/dynamics_solver/dynamics_solver.h
[523.613s] -- Up-to-date: /home/robot/ws_moveit2/install/moveit_core/include
[523.613s] -- Up-to-date: /home/robot/ws_moveit2/install/moveit_core/include/moveit
[523.613s] -- Installing: /home/robot/ws_moveit2/install/moveit_core/include/moveit/exceptions
[523.613s] -- Installing: /home/robot/ws_moveit2/install/moveit_core/include/moveit/exceptions/exceptions.h
[523.614s] -- Up-to-date: /home/robot/ws_moveit2/install/moveit_core/include
[523.614s] -- Up-to-date: /home/robot/ws_moveit2/install/moveit_core/include/moveit
[523.614s] -- Installing: /home/robot/ws_moveit2/install/moveit_core/include/moveit/kinematics_base
[523.615s] -- Installing: /home/robot/ws_moveit2/install/moveit_core/include/moveit/kinematics_base/kinematics_base.h
[523.615s] -- Installing: /home/robot/ws_moveit2/install/moveit_core/include/moveit_kinematics_base_export.h
[523.616s] -- Up-to-date: /home/robot/ws_moveit2/install/moveit_core/include
[523.616s] -- Up-to-date: /home/robot/ws_moveit2/install/moveit_core/include/moveit
[523.616s] -- Installing: /home/robot/ws_moveit2/install/moveit_core/include/moveit/kinematic_constraints
[523.616s] -- Installing: /home/robot/ws_moveit2/install/moveit_core/include/moveit/kinematic_constraints/utils.h
[523.616s] -- Installing: /home/robot/ws_moveit2/install/moveit_core/include/moveit/kinematic_constraints/kinematic_constraint.h
[523.617s] -- Up-to-date: /home/robot/ws_moveit2/install/moveit_core/include
[523.617s] -- Up-to-date: /home/robot/ws_moveit2/install/moveit_core/include/moveit
[523.617s] -- Installing: /home/robot/ws_moveit2/install/moveit_core/include/moveit/kinematics_metrics
[523.617s] -- Installing: /home/robot/ws_moveit2/install/moveit_core/include/moveit/kinematics_metrics/kinematics_metrics.h
[523.618s] -- Up-to-date: /home/robot/ws_moveit2/install/moveit_core/include
[523.618s] -- Up-to-date: /home/robot/ws_moveit2/install/moveit_core/include/moveit
[523.618s] -- Installing: /home/robot/ws_moveit2/install/moveit_core/include/moveit/macros
[523.618s] -- Installing: /home/robot/ws_moveit2/install/moveit_core/include/moveit/macros/deprecation.h
[523.618s] -- Installing: /home/robot/ws_moveit2/install/moveit_core/include/moveit/macros/console_colors.h
[523.619s] -- Installing: /home/robot/ws_moveit2/install/moveit_core/include/moveit/macros/declare_ptr.h
[523.619s] -- Installing: /home/robot/ws_moveit2/install/moveit_core/include/moveit/macros/class_forward.h
[523.620s] -- Installing: /home/robot/ws_moveit2/install/moveit_core/include/moveit_butterworth_parameters
[523.620s] -- Installing: /home/robot/ws_moveit2/install/moveit_core/include/moveit_butterworth_parameters/moveit_butterworth_parameters.hpp
[523.620s] -- Up-to-date: /home/robot/ws_moveit2/install/moveit_core/include
[523.620s] -- Up-to-date: /home/robot/ws_moveit2/install/moveit_core/include/moveit
[523.620s] -- Installing: /home/robot/ws_moveit2/install/moveit_core/include/moveit/online_signal_smoothing
[523.620s] -- Installing: /home/robot/ws_moveit2/install/moveit_core/include/moveit/online_signal_smoothing/smoothing_base_class.h
[523.621s] -- Installing: /home/robot/ws_moveit2/install/moveit_core/include/moveit/online_signal_smoothing/butterworth_filter.h
[523.621s] -- Installing: /home/robot/ws_moveit2/install/moveit_core/include/moveit_smoothing_base_export.h
[523.621s] -- Installing: /home/robot/ws_moveit2/install/moveit_core/include/moveit_butterworth_filter_export.h
[523.622s] -- Up-to-date: /home/robot/ws_moveit2/install/moveit_core/include
[523.622s] -- Up-to-date: /home/robot/ws_moveit2/install/moveit_core/include/moveit
[523.622s] -- Installing: /home/robot/ws_moveit2/install/moveit_core/include/moveit/planning_interface
[523.622s] -- Installing: /home/robot/ws_moveit2/install/moveit_core/include/moveit/planning_interface/planning_interface.h
[523.623s] -- Installing: /home/robot/ws_moveit2/install/moveit_core/include/moveit/planning_interface/planning_response.h
[523.623s] -- Installing: /home/robot/ws_moveit2/install/moveit_core/include/moveit/planning_interface/planning_request.h
[523.623s] -- Up-to-date: /home/robot/ws_moveit2/install/moveit_core/include
[523.624s] -- Up-to-date: /home/robot/ws_moveit2/install/moveit_core/include/moveit
[523.624s] -- Installing: /home/robot/ws_moveit2/install/moveit_core/include/moveit/planning_request_adapter
[523.624s] -- Installing: /home/robot/ws_moveit2/install/moveit_core/include/moveit/planning_request_adapter/planning_request_adapter.h
[523.624s] -- Up-to-date: /home/robot/ws_moveit2/install/moveit_core/include
[523.625s] -- Up-to-date: /home/robot/ws_moveit2/install/moveit_core/include/moveit
[523.625s] -- Installing: /home/robot/ws_moveit2/install/moveit_core/include/moveit/planning_scene
[523.625s] -- Installing: /home/robot/ws_moveit2/install/moveit_core/include/moveit/planning_scene/planning_scene.h
[523.625s] -- Installing: /home/robot/ws_moveit2/install/moveit_core/include/moveit_planning_scene_export.h
[523.626s] -- Up-to-date: /home/robot/ws_moveit2/install/moveit_core/include
[523.626s] -- Up-to-date: /home/robot/ws_moveit2/install/moveit_core/include/moveit
[523.626s] -- Installing: /home/robot/ws_moveit2/install/moveit_core/include/moveit/robot_model
[523.626s] -- Installing: /home/robot/ws_moveit2/install/moveit_core/include/moveit/robot_model/fixed_joint_model.h
[523.626s] -- Installing: /home/robot/ws_moveit2/install/moveit_core/include/moveit/robot_model/joint_model_group.h
[523.626s] -- Installing: /home/robot/ws_moveit2/install/moveit_core/include/moveit/robot_model/planar_joint_model.h
[523.626s] -- Installing: /home/robot/ws_moveit2/install/moveit_core/include/moveit/robot_model/robot_model.h
[523.627s] -- Installing: /home/robot/ws_moveit2/install/moveit_core/include/moveit/robot_model/aabb.h
[523.627s] -- Installing: /home/robot/ws_moveit2/install/moveit_core/include/moveit/robot_model/revolute_joint_model.h
[523.627s] -- Installing: /home/robot/ws_moveit2/install/moveit_core/include/moveit/robot_model/link_model.h
[523.627s] -- Installing: /home/robot/ws_moveit2/install/moveit_core/include/moveit/robot_model/joint_model.h
[523.627s] -- Installing: /home/robot/ws_moveit2/install/moveit_core/include/moveit/robot_model/prismatic_joint_model.h
[523.628s] -- Installing: /home/robot/ws_moveit2/install/moveit_core/include/moveit/robot_model/floating_joint_model.h
[523.628s] -- Up-to-date: /home/robot/ws_moveit2/install/moveit_core/include
[523.628s] -- Up-to-date: /home/robot/ws_moveit2/install/moveit_core/include/moveit
[523.628s] -- Installing: /home/robot/ws_moveit2/install/moveit_core/include/moveit/robot_state
[523.628s] -- Installing: /home/robot/ws_moveit2/install/moveit_core/include/moveit/robot_state/attached_body.h
[523.628s] -- Installing: /home/robot/ws_moveit2/install/moveit_core/include/moveit/robot_state/cartesian_interpolator.h
[523.628s] -- Installing: /home/robot/ws_moveit2/install/moveit_core/include/moveit/robot_state/robot_state.h
[523.629s] -- Installing: /home/robot/ws_moveit2/install/moveit_core/include/moveit/robot_state/conversions.h
[523.629s] -- Up-to-date: /home/robot/ws_moveit2/install/moveit_core/include
[523.630s] -- Up-to-date: /home/robot/ws_moveit2/install/moveit_core/include/moveit
[523.630s] -- Installing: /home/robot/ws_moveit2/install/moveit_core/include/moveit/robot_trajectory
[523.630s] -- Installing: /home/robot/ws_moveit2/install/moveit_core/include/moveit/robot_trajectory/robot_trajectory.h
[523.631s] -- Up-to-date: /home/robot/ws_moveit2/install/moveit_core/include
[523.631s] -- Up-to-date: /home/robot/ws_moveit2/install/moveit_core/include/moveit
[523.631s] -- Installing: /home/robot/ws_moveit2/install/moveit_core/include/moveit/sensor_manager
[523.631s] -- Installing: /home/robot/ws_moveit2/install/moveit_core/include/moveit/sensor_manager/sensor_manager.h
[523.632s] -- Up-to-date: /home/robot/ws_moveit2/install/moveit_core/include
[523.632s] -- Up-to-date: /home/robot/ws_moveit2/install/moveit_core/include/moveit
[523.632s] -- Installing: /home/robot/ws_moveit2/install/moveit_core/include/moveit/trajectory_processing
[523.633s] -- Installing: /home/robot/ws_moveit2/install/moveit_core/include/moveit/trajectory_processing/iterative_spline_parameterization.h
[523.633s] -- Installing: /home/robot/ws_moveit2/install/moveit_core/include/moveit/trajectory_processing/iterative_time_parameterization.h
[523.633s] -- Installing: /home/robot/ws_moveit2/install/moveit_core/include/moveit/trajectory_processing/time_optimal_trajectory_generation.h
[523.633s] -- Installing: /home/robot/ws_moveit2/install/moveit_core/include/moveit/trajectory_processing/ruckig_traj_smoothing.h
[523.633s] -- Installing: /home/robot/ws_moveit2/install/moveit_core/include/moveit/trajectory_processing/time_parameterization.h
[523.633s] -- Installing: /home/robot/ws_moveit2/install/moveit_core/include/moveit/trajectory_processing/trajectory_tools.h
[523.634s] -- Up-to-date: /home/robot/ws_moveit2/install/moveit_core/include
[523.634s] -- Up-to-date: /home/robot/ws_moveit2/install/moveit_core/include/moveit
[523.634s] -- Installing: /home/robot/ws_moveit2/install/moveit_core/include/moveit/transforms
[523.634s] -- Installing: /home/robot/ws_moveit2/install/moveit_core/include/moveit/transforms/transforms.h
[523.635s] -- Up-to-date: /home/robot/ws_moveit2/install/moveit_core/include
[523.635s] -- Up-to-date: /home/robot/ws_moveit2/install/moveit_core/include/moveit
[523.635s] -- Installing: /home/robot/ws_moveit2/install/moveit_core/include/moveit/utils
[523.635s] -- Installing: /home/robot/ws_moveit2/install/moveit_core/include/moveit/utils/message_checks.h
[523.635s] -- Installing: /home/robot/ws_moveit2/install/moveit_core/include/moveit/utils/rclcpp_utils.h
[523.636s] -- Installing: /home/robot/ws_moveit2/install/moveit_core/include/moveit/utils/moveit_error_code.h
[523.636s] -- Installing: /home/robot/ws_moveit2/install/moveit_core/include/moveit/utils/lexical_casts.h
[523.637s] -- Installing: /home/robot/ws_moveit2/install/moveit_core/include/moveit/utils/robot_model_test_utils.h
[523.638s] -- Installing: /home/robot/ws_moveit2/install/moveit_core/bin/moveit_version
[523.638s] -- Up-to-date: /home/robot/ws_moveit2/install/moveit_core/include
[523.639s] -- Up-to-date: /home/robot/ws_moveit2/install/moveit_core/include/moveit
[523.639s] -- Installing: /home/robot/ws_moveit2/install/moveit_core/include/moveit/collision_detection
[523.639s] -- Installing: /home/robot/ws_moveit2/install/moveit_core/include/moveit/collision_detection/test_collision_common_panda.h
[523.639s] -- Installing: /home/robot/ws_moveit2/install/moveit_core/include/moveit/collision_detection/collision_plugin_cache.h
[523.639s] -- Installing: /home/robot/ws_moveit2/install/moveit_core/include/moveit/collision_detection/collision_matrix.h
[523.639s] -- Installing: /home/robot/ws_moveit2/install/moveit_core/include/moveit/collision_detection/allvalid
[523.639s] -- Installing: /home/robot/ws_moveit2/install/moveit_core/include/moveit/collision_detection/allvalid/collision_env_allvalid.h
[523.639s] -- Installing: /home/robot/ws_moveit2/install/moveit_core/include/moveit/collision_detection/allvalid/collision_detector_allocator_allvalid.h
[523.640s] -- Installing: /home/robot/ws_moveit2/install/moveit_core/include/moveit/collision_detection/collision_detector_allocator.h
[523.640s] -- Installing: /home/robot/ws_moveit2/install/moveit_core/include/moveit/collision_detection/collision_octomap_filter.h
[523.640s] -- Installing: /home/robot/ws_moveit2/install/moveit_core/include/moveit/collision_detection/test_collision_common_pr2.h
[523.640s] -- Installing: /home/robot/ws_moveit2/install/moveit_core/include/moveit/collision_detection/world.h
[523.640s] -- Installing: /home/robot/ws_moveit2/install/moveit_core/include/moveit/collision_detection/collision_tools.h
[523.640s] -- Installing: /home/robot/ws_moveit2/install/moveit_core/include/moveit/collision_detection/collision_env.h
[523.641s] -- Installing: /home/robot/ws_moveit2/install/moveit_core/include/moveit/collision_detection/collision_common.h
[523.641s] -- Installing: /home/robot/ws_moveit2/install/moveit_core/include/moveit/collision_detection/world_diff.h
[523.641s] -- Installing: /home/robot/ws_moveit2/install/moveit_core/include/moveit/collision_detection/occupancy_map.h
[523.641s] -- Installing: /home/robot/ws_moveit2/install/moveit_core/include/moveit/collision_detection/collision_plugin.h
[523.641s] -- Installing: /home/robot/ws_moveit2/install/moveit_core/include/moveit_collision_detection_export.h
[523.642s] -- Up-to-date: /home/robot/ws_moveit2/install/moveit_core/include
[523.642s] -- Up-to-date: /home/robot/ws_moveit2/install/moveit_core/include/moveit
[523.642s] -- Installing: /home/robot/ws_moveit2/install/moveit_core/include/moveit/collision_detection_bullet
[523.642s] -- Installing: /home/robot/ws_moveit2/install/moveit_core/include/moveit/collision_detection_bullet/collision_detector_bullet_plugin_loader.h
[523.643s] -- Installing: /home/robot/ws_moveit2/install/moveit_core/include/moveit/collision_detection_bullet/collision_env_bullet.h
[523.643s] -- Installing: /home/robot/ws_moveit2/install/moveit_core/include/moveit/collision_detection_bullet/bullet_integration
[523.643s] -- Installing: /home/robot/ws_moveit2/install/moveit_core/include/moveit/collision_detection_bullet/bullet_integration/bullet_discrete_bvh_manager.h
[523.643s] -- Installing: /home/robot/ws_moveit2/install/moveit_core/include/moveit/collision_detection_bullet/bullet_integration/bullet_bvh_manager.h
[523.643s] -- Installing: /home/robot/ws_moveit2/install/moveit_core/include/moveit/collision_detection_bullet/bullet_integration/bullet_utils.h
[523.643s] -- Installing: /home/robot/ws_moveit2/install/moveit_core/include/moveit/collision_detection_bullet/bullet_integration/ros_bullet_utils.h
[523.643s] -- Installing: /home/robot/ws_moveit2/install/moveit_core/include/moveit/collision_detection_bullet/bullet_integration/basic_types.h
[523.643s] -- Installing: /home/robot/ws_moveit2/install/moveit_core/include/moveit/collision_detection_bullet/bullet_integration/contact_checker_common.h
[523.643s] -- Installing: /home/robot/ws_moveit2/install/moveit_core/include/moveit/collision_detection_bullet/bullet_integration/bullet_cast_bvh_manager.h
[523.644s] -- Installing: /home/robot/ws_moveit2/install/moveit_core/include/moveit/collision_detection_bullet/collision_detector_allocator_bullet.h
[523.644s] -- Installing: /home/robot/ws_moveit2/install/moveit_core/include/moveit_collision_detection_bullet_export.h
[523.644s] -- Up-to-date: /home/robot/ws_moveit2/install/moveit_core/include
[523.645s] -- Up-to-date: /home/robot/ws_moveit2/install/moveit_core/include/moveit
[523.645s] -- Installing: /home/robot/ws_moveit2/install/moveit_core/include/moveit/collision_detection_fcl
[523.645s] -- Installing: /home/robot/ws_moveit2/install/moveit_core/include/moveit/collision_detection_fcl/collision_detector_fcl_plugin_loader.h
[523.645s] -- Installing: /home/robot/ws_moveit2/install/moveit_core/include/moveit/collision_detection_fcl/collision_env_fcl.h
[523.645s] -- Installing: /home/robot/ws_moveit2/install/moveit_core/include/moveit/collision_detection_fcl/fcl_compat.h
[523.645s] -- Installing: /home/robot/ws_moveit2/install/moveit_core/include/moveit/collision_detection_fcl/collision_common.h
[523.645s] -- Installing: /home/robot/ws_moveit2/install/moveit_core/include/moveit/collision_detection_fcl/collision_detector_allocator_fcl.h
[523.645s] -- Installing: /home/robot/ws_moveit2/install/moveit_core/include/moveit_collision_detection_fcl_export.h
[523.646s] -- Installing: /home/robot/ws_moveit2/install/moveit_core/lib/libcollision_detector_bullet_plugin.so.2.5.5
[523.646s] -- Set runtime path of "/home/robot/ws_moveit2/install/moveit_core/lib/libcollision_detector_bullet_plugin.so.2.5.5" to ""
[523.646s] -- Installing: /home/robot/ws_moveit2/install/moveit_core/lib/libcollision_detector_bullet_plugin.so
[523.646s] -- Installing: /home/robot/ws_moveit2/install/moveit_core/lib/libmoveit_butterworth_filter.so.2.5.5
[523.647s] -- Set runtime path of "/home/robot/ws_moveit2/install/moveit_core/lib/libmoveit_butterworth_filter.so.2.5.5" to ""
[523.647s] -- Installing: /home/robot/ws_moveit2/install/moveit_core/lib/libmoveit_butterworth_filter.so
[523.647s] -- Installing: /home/robot/ws_moveit2/install/moveit_core/lib/libmoveit_collision_distance_field.so.2.5.5
[523.649s] -- Set runtime path of "/home/robot/ws_moveit2/install/moveit_core/lib/libmoveit_collision_distance_field.so.2.5.5" to ""
[523.649s] -- Installing: /home/robot/ws_moveit2/install/moveit_core/lib/libmoveit_collision_distance_field.so
[523.649s] -- Installing: /home/robot/ws_moveit2/install/moveit_core/lib/libmoveit_collision_detection.so.2.5.5
[523.650s] -- Set runtime path of "/home/robot/ws_moveit2/install/moveit_core/lib/libmoveit_collision_detection.so.2.5.5" to ""
[523.651s] -- Installing: /home/robot/ws_moveit2/install/moveit_core/lib/libmoveit_collision_detection.so
[523.651s] -- Installing: /home/robot/ws_moveit2/install/moveit_core/lib/libmoveit_collision_detection_fcl.so.2.5.5
[523.652s] -- Set runtime path of "/home/robot/ws_moveit2/install/moveit_core/lib/libmoveit_collision_detection_fcl.so.2.5.5" to ""
[523.652s] -- Installing: /home/robot/ws_moveit2/install/moveit_core/lib/libmoveit_collision_detection_fcl.so
[523.652s] -- Installing: /home/robot/ws_moveit2/install/moveit_core/lib/libmoveit_collision_detection_bullet.so.2.5.5
[523.653s] -- Set runtime path of "/home/robot/ws_moveit2/install/moveit_core/lib/libmoveit_collision_detection_bullet.so.2.5.5" to ""
[523.653s] -- Installing: /home/robot/ws_moveit2/install/moveit_core/lib/libmoveit_collision_detection_bullet.so
[523.653s] -- Installing: /home/robot/ws_moveit2/install/moveit_core/lib/libmoveit_dynamics_solver.so.2.5.5
[523.654s] -- Set runtime path of "/home/robot/ws_moveit2/install/moveit_core/lib/libmoveit_dynamics_solver.so.2.5.5" to ""
[523.654s] -- Installing: /home/robot/ws_moveit2/install/moveit_core/lib/libmoveit_dynamics_solver.so
[523.654s] -- Installing: /home/robot/ws_moveit2/install/moveit_core/lib/libmoveit_constraint_samplers.so.2.5.5
[523.655s] -- Set runtime path of "/home/robot/ws_moveit2/install/moveit_core/lib/libmoveit_constraint_samplers.so.2.5.5" to ""
[523.656s] -- Installing: /home/robot/ws_moveit2/install/moveit_core/lib/libmoveit_constraint_samplers.so
[523.656s] -- Installing: /home/robot/ws_moveit2/install/moveit_core/lib/libmoveit_distance_field.so.2.5.5
[523.659s] -- Set runtime path of "/home/robot/ws_moveit2/install/moveit_core/lib/libmoveit_distance_field.so.2.5.5" to ""
[523.660s] -- Installing: /home/robot/ws_moveit2/install/moveit_core/lib/libmoveit_distance_field.so
[523.660s] -- Installing: /home/robot/ws_moveit2/install/moveit_core/lib/libmoveit_exceptions.so.2.5.5
[523.660s] -- Set runtime path of "/home/robot/ws_moveit2/install/moveit_core/lib/libmoveit_exceptions.so.2.5.5" to ""
[523.661s] -- Installing: /home/robot/ws_moveit2/install/moveit_core/lib/libmoveit_exceptions.so
[523.661s] -- Installing: /home/robot/ws_moveit2/install/moveit_core/lib/libmoveit_kinematics_base.so
[523.662s] -- Set runtime path of "/home/robot/ws_moveit2/install/moveit_core/lib/libmoveit_kinematics_base.so" to ""
[523.662s] -- Installing: /home/robot/ws_moveit2/install/moveit_core/lib/libmoveit_kinematic_constraints.so.2.5.5
[523.664s] -- Set runtime path of "/home/robot/ws_moveit2/install/moveit_core/lib/libmoveit_kinematic_constraints.so.2.5.5" to ""
[523.664s] -- Installing: /home/robot/ws_moveit2/install/moveit_core/lib/libmoveit_kinematic_constraints.so
[523.664s] -- Installing: /home/robot/ws_moveit2/install/moveit_core/lib/libmoveit_kinematics_metrics.so.2.5.5
[523.665s] -- Set runtime path of "/home/robot/ws_moveit2/install/moveit_core/lib/libmoveit_kinematics_metrics.so.2.5.5" to ""
[523.665s] -- Installing: /home/robot/ws_moveit2/install/moveit_core/lib/libmoveit_kinematics_metrics.so
[523.665s] -- Installing: /home/robot/ws_moveit2/install/moveit_core/lib/libmoveit_planning_interface.so.2.5.5
[523.666s] -- Set runtime path of "/home/robot/ws_moveit2/install/moveit_core/lib/libmoveit_planning_interface.so.2.5.5" to ""
[523.666s] -- Installing: /home/robot/ws_moveit2/install/moveit_core/lib/libmoveit_planning_interface.so
[523.667s] -- Installing: /home/robot/ws_moveit2/install/moveit_core/lib/libmoveit_planning_scene.so.2.5.5
[523.668s] -- Set runtime path of "/home/robot/ws_moveit2/install/moveit_core/lib/libmoveit_planning_scene.so.2.5.5" to ""
[523.668s] -- Installing: /home/robot/ws_moveit2/install/moveit_core/lib/libmoveit_planning_scene.so
[523.668s] -- Installing: /home/robot/ws_moveit2/install/moveit_core/lib/libmoveit_planning_request_adapter.so.2.5.5
[523.669s] -- Set runtime path of "/home/robot/ws_moveit2/install/moveit_core/lib/libmoveit_planning_request_adapter.so.2.5.5" to ""
[523.669s] -- Installing: /home/robot/ws_moveit2/install/moveit_core/lib/libmoveit_planning_request_adapter.so
[523.669s] -- Installing: /home/robot/ws_moveit2/install/moveit_core/lib/libmoveit_robot_model.so.2.5.5
[523.674s] -- Set runtime path of "/home/robot/ws_moveit2/install/moveit_core/lib/libmoveit_robot_model.so.2.5.5" to ""
[523.674s] -- Installing: /home/robot/ws_moveit2/install/moveit_core/lib/libmoveit_robot_model.so
[523.675s] -- Installing: /home/robot/ws_moveit2/install/moveit_core/lib/libmoveit_robot_state.so.2.5.5
[523.676s] -- Set runtime path of "/home/robot/ws_moveit2/install/moveit_core/lib/libmoveit_robot_state.so.2.5.5" to ""
[523.676s] -- Installing: /home/robot/ws_moveit2/install/moveit_core/lib/libmoveit_robot_state.so
[523.676s] -- Installing: /home/robot/ws_moveit2/install/moveit_core/lib/libmoveit_robot_trajectory.so.2.5.5
[523.676s] -- Set runtime path of "/home/robot/ws_moveit2/install/moveit_core/lib/libmoveit_robot_trajectory.so.2.5.5" to ""
[523.677s] -- Installing: /home/robot/ws_moveit2/install/moveit_core/lib/libmoveit_robot_trajectory.so
[523.677s] -- Installing: /home/robot/ws_moveit2/install/moveit_core/lib/libmoveit_smoothing_base.so.2.5.5
[523.677s] -- Set runtime path of "/home/robot/ws_moveit2/install/moveit_core/lib/libmoveit_smoothing_base.so.2.5.5" to ""
[523.677s] -- Installing: /home/robot/ws_moveit2/install/moveit_core/lib/libmoveit_smoothing_base.so
[523.678s] -- Installing: /home/robot/ws_moveit2/install/moveit_core/lib/libmoveit_test_utils.so.2.5.5
[523.679s] -- Set runtime path of "/home/robot/ws_moveit2/install/moveit_core/lib/libmoveit_test_utils.so.2.5.5" to ""
[523.679s] -- Installing: /home/robot/ws_moveit2/install/moveit_core/lib/libmoveit_test_utils.so
[523.679s] -- Installing: /home/robot/ws_moveit2/install/moveit_core/lib/libmoveit_trajectory_processing.so.2.5.5
[523.680s] -- Set runtime path of "/home/robot/ws_moveit2/install/moveit_core/lib/libmoveit_trajectory_processing.so.2.5.5" to ""
[523.680s] -- Installing: /home/robot/ws_moveit2/install/moveit_core/lib/libmoveit_trajectory_processing.so
[523.680s] -- Installing: /home/robot/ws_moveit2/install/moveit_core/lib/libmoveit_transforms.so.2.5.5
[523.682s] -- Set runtime path of "/home/robot/ws_moveit2/install/moveit_core/lib/libmoveit_transforms.so.2.5.5" to ""
[523.682s] -- Installing: /home/robot/ws_moveit2/install/moveit_core/lib/libmoveit_transforms.so
[523.682s] -- Installing: /home/robot/ws_moveit2/install/moveit_core/lib/libmoveit_utils.so.2.5.5
[523.682s] -- Set runtime path of "/home/robot/ws_moveit2/install/moveit_core/lib/libmoveit_utils.so.2.5.5" to ""
[523.683s] -- Installing: /home/robot/ws_moveit2/install/moveit_core/lib/libmoveit_utils.so
[523.684s] -- Installing: /home/robot/ws_moveit2/install/moveit_core/share/moveit_core/environment/library_path.sh
[523.685s] -- Installing: /home/robot/ws_moveit2/install/moveit_core/share/moveit_core/environment/library_path.dsv
[523.685s] -- Installing: /home/robot/ws_moveit2/install/moveit_core/share/moveit_core/collision_detector_fcl_description.xml
[523.686s] -- Installing: /home/robot/ws_moveit2/install/moveit_core/share/moveit_core/collision_detector_bullet_description.xml
[523.687s] -- Installing: /home/robot/ws_moveit2/install/moveit_core/share/moveit_core/filter_plugin_butterworth.xml
[523.689s] -- Installing: /home/robot/ws_moveit2/install/moveit_core/share/ament_index/resource_index/package_run_dependencies/moveit_core
[523.689s] -- Installing: /home/robot/ws_moveit2/install/moveit_core/share/ament_index/resource_index/parent_prefix_path/moveit_core
[523.693s] -- Installing: /home/robot/ws_moveit2/install/moveit_core/share/moveit_core/environment/ament_prefix_path.sh
[523.693s] -- Installing: /home/robot/ws_moveit2/install/moveit_core/share/moveit_core/environment/ament_prefix_path.dsv
[523.694s] -- Installing: /home/robot/ws_moveit2/install/moveit_core/share/moveit_core/environment/path.sh
[523.695s] -- Installing: /home/robot/ws_moveit2/install/moveit_core/share/moveit_core/environment/path.dsv
[523.695s] -- Installing: /home/robot/ws_moveit2/install/moveit_core/share/moveit_core/local_setup.bash
[523.696s] -- Installing: /home/robot/ws_moveit2/install/moveit_core/share/moveit_core/local_setup.sh
[523.697s] -- Installing: /home/robot/ws_moveit2/install/moveit_core/share/moveit_core/local_setup.zsh
[523.697s] -- Installing: /home/robot/ws_moveit2/install/moveit_core/share/moveit_core/local_setup.dsv
[523.698s] -- Installing: /home/robot/ws_moveit2/install/moveit_core/share/moveit_core/package.dsv
[523.698s] -- Installing: /home/robot/ws_moveit2/install/moveit_core/share/ament_index/resource_index/packages/moveit_core
[523.699s] -- Installing: /home/robot/ws_moveit2/install/moveit_core/share/ament_index/resource_index/moveit_core__pluginlib__plugin/moveit_core
[523.700s] -- Installing: /home/robot/ws_moveit2/install/moveit_core/share/moveit_core/cmake/export_moveit_coreExport.cmake
[523.701s] -- Installing: /home/robot/ws_moveit2/install/moveit_core/share/moveit_core/cmake/export_moveit_coreExport-release.cmake
[523.702s] -- Installing: /home/robot/ws_moveit2/install/moveit_core/share/moveit_core/cmake/ConfigExtras.cmake
[523.703s] -- Installing: /home/robot/ws_moveit2/install/moveit_core/share/moveit_core/cmake/ament_cmake_export_targets-extras.cmake
[523.703s] -- Installing: /home/robot/ws_moveit2/install/moveit_core/share/moveit_core/cmake/ament_cmake_export_dependencies-extras.cmake
[523.704s] -- Installing: /home/robot/ws_moveit2/install/moveit_core/share/moveit_core/cmake/moveit_coreConfig.cmake
[523.705s] -- Installing: /home/robot/ws_moveit2/install/moveit_core/share/moveit_core/cmake/moveit_coreConfig-version.cmake
[523.705s] -- Installing: /home/robot/ws_moveit2/install/moveit_core/share/moveit_core/package.xml
[523.712s] Invoked command in '/home/robot/ws_moveit2/build/moveit_core' returned '0': AMENT_PREFIX_PATH=/home/robot/ws_moveit2/install/moveit_resources_panda_moveit_config:/home/robot/ws_moveit2/install/srdfdom:/home/robot/ws_moveit2/install/moveit_resources_pr2_description:/home/robot/ws_moveit2/install/moveit_resources_panda_description:/home/robot/ws_moveit2/install/moveit_common:${AMENT_PREFIX_PATH} CMAKE_PREFIX_PATH=/home/robot/ws_moveit2/install/moveit_resources_panda_moveit_config:/home/robot/ws_moveit2/install/srdfdom:/home/robot/ws_moveit2/install/moveit_resources_pr2_description:/home/robot/ws_moveit2/install/moveit_resources_panda_description:/home/robot/ws_moveit2/install/moveit_common:/home/robot/ros2_ws/install/my_robot_bringup:/home/robot/ros2_ws/install/my_robot_interfaces:/home/robot/ros2_ws/install/my_robot_firstrobot:/home/robot/ros2_ws/install/my_robot_first_roboticarm:/home/robot/ros2_ws/install/my_cpp_pkg:/home/robot/ros2_ws/install/my_turtlesim_project:/home/robot/ros2_ws/install/my_robot_first_servo_control:/home/robot/ros2_ws/install/my_py_pkg:/home/robot/ros2_ws/install/actions_py:/opt/ros/humble LD_LIBRARY_PATH=/home/robot/ws_moveit2/install/srdfdom/lib:${LD_LIBRARY_PATH} PYTHONPATH=/home/robot/ws_moveit2/install/srdfdom/local/lib/python3.10/dist-packages:${PYTHONPATH} /usr/bin/cmake --install /home/robot/ws_moveit2/build/moveit_core
