[1.313s] Invoking command in '/home/robot/ws_moveit2/src/launch_param_builder': PYTHONPATH=/home/robot/ws_moveit2/build/launch_param_builder/prefix_override:/usr/lib/python3/dist-packages/colcon_core/task/python/colcon_distutils_commands:/home/robot/ws_moveit2/install/launch_param_builder/lib/python3.10/site-packages:${PYTHONPATH} /usr/bin/python3 -W ignore:setup.py install is deprecated setup.py egg_info --egg-base ../../build/launch_param_builder build --build-base /home/robot/ws_moveit2/build/launch_param_builder/build install --record /home/robot/ws_moveit2/build/launch_param_builder/install.log --single-version-externally-managed install_data
[1.823s] running egg_info
[1.825s] writing ../../build/launch_param_builder/launch_param_builder.egg-info/PKG-INFO
[1.826s] writing dependency_links to ../../build/launch_param_builder/launch_param_builder.egg-info/dependency_links.txt
[1.827s] writing entry points to ../../build/launch_param_builder/launch_param_builder.egg-info/entry_points.txt
[1.827s] writing requirements to ../../build/launch_param_builder/launch_param_builder.egg-info/requires.txt
[1.827s] writing top-level names to ../../build/launch_param_builder/launch_param_builder.egg-info/top_level.txt
[1.832s] reading manifest file '../../build/launch_param_builder/launch_param_builder.egg-info/SOURCES.txt'
[1.833s] adding license file 'LICENSE'
[1.834s] writing manifest file '../../build/launch_param_builder/launch_param_builder.egg-info/SOURCES.txt'
[1.834s] running build
[1.834s] running build_py
[1.835s] running install
[1.835s] running install_lib
[1.837s] running install_data
[1.838s] running install_egg_info
[1.841s] removing '/home/robot/ws_moveit2/install/launch_param_builder/lib/python3.10/site-packages/launch_param_builder-0.1.1-py3.10.egg-info' (and everything under it)
[1.841s] Copying ../../build/launch_param_builder/launch_param_builder.egg-info to /home/robot/ws_moveit2/install/launch_param_builder/lib/python3.10/site-packages/launch_param_builder-0.1.1-py3.10.egg-info
[1.843s] running install_scripts
[1.878s] writing list of installed files to '/home/robot/ws_moveit2/build/launch_param_builder/install.log'
[1.919s] Invoked command in '/home/robot/ws_moveit2/src/launch_param_builder' returned '0': PYTHONPATH=/home/robot/ws_moveit2/build/launch_param_builder/prefix_override:/usr/lib/python3/dist-packages/colcon_core/task/python/colcon_distutils_commands:/home/robot/ws_moveit2/install/launch_param_builder/lib/python3.10/site-packages:${PYTHONPATH} /usr/bin/python3 -W ignore:setup.py install is deprecated setup.py egg_info --egg-base ../../build/launch_param_builder build --build-base /home/robot/ws_moveit2/build/launch_param_builder/build install --record /home/robot/ws_moveit2/build/launch_param_builder/install.log --single-version-externally-managed install_data
