[0.154s] Invoking command in '/home/robot/ws_moveit2/build/moveit_core': CMAKE_PREFIX_PATH=/home/robot/ws_moveit2/install/moveit_resources_panda_moveit_config:/home/robot/ws_moveit2/install/srdfdom:/home/robot/ws_moveit2/install/moveit_resources_pr2_description:/home/robot/ws_moveit2/install/moveit_resources_panda_description:/home/robot/ws_moveit2/install/moveit_common:/home/robot/ws_moveit2/install/pilz_industrial_motion_planner_testutils:/home/robot/ws_moveit2/install/myrobot_moveit_config:/home/robot/ws_moveit2/install/moveit_runtime:/home/robot/ws_moveit2/install/moveit2_tutorials:/home/robot/ws_moveit2/install/moveit:/home/robot/ws_moveit2/install/moveit_planners:/home/robot/ws_moveit2/install/pilz_industrial_motion_planner:/home/robot/ws_moveit2/install/ompl_constrained_planning:/home/robot/ws_moveit2/install/myrobot_ompl_constrained_planning:/home/robot/ws_moveit2/install/myrobot_hello_moveit:/home/robot/ws_moveit2/install/mtc_tutorial:/home/robot/ws_moveit2/install/moveit_visual_tools:/home/robot/ws_moveit2/install/moveit_task_constructor_visualization:/home/robot/ws_moveit2/install/moveit_task_constructor_demo:/home/robot/ws_moveit2/install/moveit_task_constructor_capabilities:/home/robot/ws_moveit2/install/moveit_task_constructor_core:/home/robot/ws_moveit2/install/moveit_ros_control_interface:/home/robot/ws_moveit2/install/moveit_plugins:/home/robot/ws_moveit2/install/moveit_simple_controller_manager:/home/robot/ws_moveit2/install/moveit_setup_assistant:/home/robot/ws_moveit2/install/moveit_setup_srdf_plugins:/home/robot/ws_moveit2/install/moveit_setup_core_plugins:/home/robot/ws_moveit2/install/moveit_setup_controllers:/home/robot/ws_moveit2/install/moveit_setup_app_plugins:/home/robot/ws_moveit2/install/moveit_setup_framework:/home/robot/ws_moveit2/install/moveit_servo:/home/robot/ws_moveit2/install/moveit_ros:/home/robot/ws_moveit2/install/moveit_ros_visualization:/home/robot/ws_moveit2/install/moveit_hybrid_planning:/home/robot/ws_moveit2/install/moveit_ros_planning_interface:/home/robot/ws_moveit2/install/moveit_ros_benchmarks:/home/robot/ws_moveit2/install/moveit_ros_warehouse:/home/robot/ws_moveit2/install/moveit_ros_robot_interaction:/home/robot/ws_moveit2/install/moveit_ros_perception:/home/robot/ws_moveit2/install/moveit_resources_prbt_pg70_support:/home/robot/ws_moveit2/install/moveit_resources_prbt_moveit_config:/home/robot/ws_moveit2/install/moveit_ros_move_group:/home/robot/ws_moveit2/install/moveit_planners_ompl:/home/robot/ws_moveit2/install/moveit_ros_planning:/home/robot/ws_moveit2/install/moveit_ros_occupancy_map_monitor:/home/robot/ws_moveit2/install/moveit_resources_prbt_ikfast_manipulator_plugin:/home/robot/ws_moveit2/install/moveit_planners_chomp:/home/robot/ws_moveit2/install/moveit_kinematics:/home/robot/ws_moveit2/install/moveit_chomp_optimizer_adapter:/home/robot/ws_moveit2/install/chomp_motion_planner:/home/robot/ws_moveit2/install/moveit_core:/home/robot/ws_moveit2/install/rviz_marker_tools:/home/robot/ws_moveit2/install/rosparam_shortcuts:/home/robot/ws_moveit2/install/moveit_task_constructor_msgs:/home/robot/ws_moveit2/install/moveit_resources_prbt_support:/home/robot/ws_moveit2/install/moveit_resources:/home/robot/ws_moveit2/install/moveit_resources_fanuc_moveit_config:/home/robot/ws_moveit2/install/moveit_resources_fanuc_description:/home/robot/ros2_ws/install/my_robot_bringup:/home/robot/ros2_ws/install/my_robot_interfaces:/home/robot/ros2_ws/install/my_robot_firstrobot:/home/robot/ros2_ws/install/my_robot_first_roboticarm:/home/robot/ros2_ws/install/my_cpp_pkg:/home/robot/ws_moveit2/install/moveit_configs_utils:/home/robot/ws_moveit2/install/my_pybullet_package:/home/robot/ws_moveit2/install/launch_param_builder:/home/robot/ros2_ws/install/my_turtlesim_project:/home/robot/ros2_ws/install/my_robot_first_servo_control:/home/robot/ros2_ws/install/my_py_pkg:/home/robot/ros2_ws/install/actions_py:/opt/ros/humble LD_LIBRARY_PATH=/home/robot/ws_moveit2/install/srdfdom/lib:/home/robot/ws_moveit2/install/pilz_industrial_motion_planner_testutils/lib:/home/robot/ws_moveit2/install/pilz_industrial_motion_planner/lib:/home/robot/ws_moveit2/install/moveit_visual_tools/lib:/home/robot/ws_moveit2/install/moveit_task_constructor_visualization/lib:/home/robot/ws_moveit2/install/moveit_task_constructor_demo/lib:/home/robot/ws_moveit2/install/moveit_task_constructor_capabilities/lib:/home/robot/ws_moveit2/install/moveit_task_constructor_core/lib:/home/robot/ws_moveit2/install/moveit_ros_control_interface/lib:/home/robot/ws_moveit2/install/moveit_simple_controller_manager/lib:/home/robot/ws_moveit2/install/moveit_setup_assistant/lib:/home/robot/ws_moveit2/install/moveit_setup_srdf_plugins/lib:/home/robot/ws_moveit2/install/moveit_setup_core_plugins/lib:/home/robot/ws_moveit2/install/moveit_setup_controllers/lib:/home/robot/ws_moveit2/install/moveit_setup_app_plugins/lib:/home/robot/ws_moveit2/install/moveit_setup_framework/lib:/home/robot/ws_moveit2/install/moveit_servo/lib:/home/robot/ws_moveit2/install/moveit_ros_visualization/lib:/home/robot/ws_moveit2/install/moveit_hybrid_planning/lib:/home/robot/ws_moveit2/install/moveit_ros_planning_interface/lib:/home/robot/ws_moveit2/install/moveit_ros_benchmarks/lib:/home/robot/ws_moveit2/install/moveit_ros_warehouse/lib:/home/robot/ws_moveit2/install/moveit_ros_robot_interaction/lib:/home/robot/ws_moveit2/install/moveit_ros_perception/lib:/home/robot/ws_moveit2/install/moveit_ros_move_group/lib:/home/robot/ws_moveit2/install/moveit_planners_ompl/lib:/home/robot/ws_moveit2/install/moveit_ros_planning/lib:/home/robot/ws_moveit2/install/moveit_ros_occupancy_map_monitor/lib:/home/robot/ws_moveit2/install/moveit_resources_prbt_ikfast_manipulator_plugin/lib:/home/robot/ws_moveit2/install/moveit_planners_chomp/lib:/home/robot/ws_moveit2/install/moveit_kinematics/lib:/home/robot/ws_moveit2/install/moveit_chomp_optimizer_adapter/lib:/home/robot/ws_moveit2/install/chomp_motion_planner/lib:/home/robot/ws_moveit2/install/moveit_core/lib:/home/robot/ws_moveit2/install/rviz_marker_tools/lib:/home/robot/ws_moveit2/install/rosparam_shortcuts/lib:/home/robot/ws_moveit2/install/moveit_task_constructor_msgs/lib:/home/robot/ros2_ws/install/my_robot_interfaces/lib:/usr/lib/x86_64-linux-gnu/gazebo-11/plugins:/opt/ros/humble/opt/rviz_ogre_vendor/lib:/opt/ros/humble/lib/x86_64-linux-gnu:/opt/ros/humble/lib /usr/bin/cmake --build /home/robot/ws_moveit2/build/moveit_core -- -j4 -l4
[0.429s] [  1%] Built target moveit_exceptions
[0.465s] [  2%] Built target moveit_kinematics_base
[0.470s] [  3%] Built target moveit_transforms
[0.616s] [  5%] Built target moveit_utils
[0.622s] [  6%] Built target gtest_main
[0.627s] [  7%] Built target gtest
[0.772s] [  8%] Built target gmock_main
[0.772s] [ 10%] Built target moveit_distance_field
[0.787s] [ 12%] Built target gmock
[0.805s] [ 13%] Built target moveit_smoothing_base
[0.905s] [ 14%] Built target moveit_butterworth_parameters
[0.915s] [ 16%] Built target moveit_version
[0.941s] [ 17%] Built target test_transforms
[1.054s] [ 24%] Built target moveit_robot_model
[1.066s] [ 25%] Built target test_voxel_grid
[1.162s] [ 26%] Built target test_distance_field
[1.229s] [ 27%] Built target moveit_butterworth_filter
[1.265s] [ 30%] Built target moveit_robot_state
[1.298s] [ 31%] Built target moveit_test_utils
[1.436s] [ 32%] Built target test_butterworth_filter
[1.478s] [ 33%] Built target moveit_robot_trajectory
[1.485s] [ 35%] Built target moveit_dynamics_solver
[1.491s] [ 41%] Built target moveit_collision_detection
[1.600s] [ 42%] Built target test_robot_model
[1.605s] [ 43%] Built target moveit_kinematics_metrics
[1.693s] [ 44%] Built target test_robot_state_benchmark
[1.730s] [ 46%] Built target test_robot_state
[1.777s] [ 47%] Built target test_robot_state_complex
[1.796s] [ 48%] Built target test_aabb
[1.823s] [ 49%] Built target test_cartesian_interpolator
[1.865s] [ 50%] Built target test_robot_trajectory
[1.879s] [ 51%] Built target test_world
[1.923s] [ 53%] Built target test_world_diff
[2.031s] [ 54%] Built target test_all_valid
[2.060s] [ 56%] Built target moveit_collision_detection_fcl
[2.065s] [ 61%] Built target moveit_collision_detection_bullet
[2.108s] [ 65%] Built target moveit_trajectory_processing
[2.275s] [ 67%] Built target moveit_planning_interface
[2.275s] [ 68%] Built target test_fcl_collision_detection
[2.290s] [ 70%] Built target moveit_kinematic_constraints
[2.348s] [ 72%] Built target test_fcl_collision_env
[2.463s] [ 73%] Built target test_fcl_collision_detection_panda
[2.463s] [ 74%] Built target test_time_parameterization
[2.543s] [ 76%] Built target test_time_optimal_trajectory_generation
[2.580s] [ 77%] Built target test_ruckig_traj_smoothing
[2.661s] [ 78%] Built target test_bullet_collision_detection_panda
[2.668s] [ 79%] Built target test_bullet_collision_detection
[2.759s] [ 80%] Built target test_constraints
[2.858s] [ 81%] Built target test_orientation_constraints
[2.974s] [ 82%] Built target moveit_planning_scene
[3.057s] [ 84%] Built target test_bullet_continuous_collision_checking
[3.139s] [ 85%] Built target moveit_planning_request_adapter
[3.217s] [ 86%] Built target test_planning_scene
[3.293s] [ 87%] Built target test_collision_objects
[3.373s] [ 88%] Built target test_multi_threaded
[3.461s] [ 89%] Built target collision_detector_bullet_plugin
[3.548s] [ 90%] Built target collision_detector_fcl_plugin
[3.679s] [ 93%] Built target moveit_constraint_samplers
[3.812s] [ 96%] Built target moveit_collision_distance_field
[3.944s] [ 99%] Built target test_constraint_samplers
[4.060s] [100%] Built target test_collision_distance_field
[4.099s] Invoked command in '/home/robot/ws_moveit2/build/moveit_core' returned '0': CMAKE_PREFIX_PATH=/home/robot/ws_moveit2/install/moveit_resources_panda_moveit_config:/home/robot/ws_moveit2/install/srdfdom:/home/robot/ws_moveit2/install/moveit_resources_pr2_description:/home/robot/ws_moveit2/install/moveit_resources_panda_description:/home/robot/ws_moveit2/install/moveit_common:/home/robot/ws_moveit2/install/pilz_industrial_motion_planner_testutils:/home/robot/ws_moveit2/install/myrobot_moveit_config:/home/robot/ws_moveit2/install/moveit_runtime:/home/robot/ws_moveit2/install/moveit2_tutorials:/home/robot/ws_moveit2/install/moveit:/home/robot/ws_moveit2/install/moveit_planners:/home/robot/ws_moveit2/install/pilz_industrial_motion_planner:/home/robot/ws_moveit2/install/ompl_constrained_planning:/home/robot/ws_moveit2/install/myrobot_ompl_constrained_planning:/home/robot/ws_moveit2/install/myrobot_hello_moveit:/home/robot/ws_moveit2/install/mtc_tutorial:/home/robot/ws_moveit2/install/moveit_visual_tools:/home/robot/ws_moveit2/install/moveit_task_constructor_visualization:/home/robot/ws_moveit2/install/moveit_task_constructor_demo:/home/robot/ws_moveit2/install/moveit_task_constructor_capabilities:/home/robot/ws_moveit2/install/moveit_task_constructor_core:/home/robot/ws_moveit2/install/moveit_ros_control_interface:/home/robot/ws_moveit2/install/moveit_plugins:/home/robot/ws_moveit2/install/moveit_simple_controller_manager:/home/robot/ws_moveit2/install/moveit_setup_assistant:/home/robot/ws_moveit2/install/moveit_setup_srdf_plugins:/home/robot/ws_moveit2/install/moveit_setup_core_plugins:/home/robot/ws_moveit2/install/moveit_setup_controllers:/home/robot/ws_moveit2/install/moveit_setup_app_plugins:/home/robot/ws_moveit2/install/moveit_setup_framework:/home/robot/ws_moveit2/install/moveit_servo:/home/robot/ws_moveit2/install/moveit_ros:/home/robot/ws_moveit2/install/moveit_ros_visualization:/home/robot/ws_moveit2/install/moveit_hybrid_planning:/home/robot/ws_moveit2/install/moveit_ros_planning_interface:/home/robot/ws_moveit2/install/moveit_ros_benchmarks:/home/robot/ws_moveit2/install/moveit_ros_warehouse:/home/robot/ws_moveit2/install/moveit_ros_robot_interaction:/home/robot/ws_moveit2/install/moveit_ros_perception:/home/robot/ws_moveit2/install/moveit_resources_prbt_pg70_support:/home/robot/ws_moveit2/install/moveit_resources_prbt_moveit_config:/home/robot/ws_moveit2/install/moveit_ros_move_group:/home/robot/ws_moveit2/install/moveit_planners_ompl:/home/robot/ws_moveit2/install/moveit_ros_planning:/home/robot/ws_moveit2/install/moveit_ros_occupancy_map_monitor:/home/robot/ws_moveit2/install/moveit_resources_prbt_ikfast_manipulator_plugin:/home/robot/ws_moveit2/install/moveit_planners_chomp:/home/robot/ws_moveit2/install/moveit_kinematics:/home/robot/ws_moveit2/install/moveit_chomp_optimizer_adapter:/home/robot/ws_moveit2/install/chomp_motion_planner:/home/robot/ws_moveit2/install/moveit_core:/home/robot/ws_moveit2/install/rviz_marker_tools:/home/robot/ws_moveit2/install/rosparam_shortcuts:/home/robot/ws_moveit2/install/moveit_task_constructor_msgs:/home/robot/ws_moveit2/install/moveit_resources_prbt_support:/home/robot/ws_moveit2/install/moveit_resources:/home/robot/ws_moveit2/install/moveit_resources_fanuc_moveit_config:/home/robot/ws_moveit2/install/moveit_resources_fanuc_description:/home/robot/ros2_ws/install/my_robot_bringup:/home/robot/ros2_ws/install/my_robot_interfaces:/home/robot/ros2_ws/install/my_robot_firstrobot:/home/robot/ros2_ws/install/my_robot_first_roboticarm:/home/robot/ros2_ws/install/my_cpp_pkg:/home/robot/ws_moveit2/install/moveit_configs_utils:/home/robot/ws_moveit2/install/my_pybullet_package:/home/robot/ws_moveit2/install/launch_param_builder:/home/robot/ros2_ws/install/my_turtlesim_project:/home/robot/ros2_ws/install/my_robot_first_servo_control:/home/robot/ros2_ws/install/my_py_pkg:/home/robot/ros2_ws/install/actions_py:/opt/ros/humble LD_LIBRARY_PATH=/home/robot/ws_moveit2/install/srdfdom/lib:/home/robot/ws_moveit2/install/pilz_industrial_motion_planner_testutils/lib:/home/robot/ws_moveit2/install/pilz_industrial_motion_planner/lib:/home/robot/ws_moveit2/install/moveit_visual_tools/lib:/home/robot/ws_moveit2/install/moveit_task_constructor_visualization/lib:/home/robot/ws_moveit2/install/moveit_task_constructor_demo/lib:/home/robot/ws_moveit2/install/moveit_task_constructor_capabilities/lib:/home/robot/ws_moveit2/install/moveit_task_constructor_core/lib:/home/robot/ws_moveit2/install/moveit_ros_control_interface/lib:/home/robot/ws_moveit2/install/moveit_simple_controller_manager/lib:/home/robot/ws_moveit2/install/moveit_setup_assistant/lib:/home/robot/ws_moveit2/install/moveit_setup_srdf_plugins/lib:/home/robot/ws_moveit2/install/moveit_setup_core_plugins/lib:/home/robot/ws_moveit2/install/moveit_setup_controllers/lib:/home/robot/ws_moveit2/install/moveit_setup_app_plugins/lib:/home/robot/ws_moveit2/install/moveit_setup_framework/lib:/home/robot/ws_moveit2/install/moveit_servo/lib:/home/robot/ws_moveit2/install/moveit_ros_visualization/lib:/home/robot/ws_moveit2/install/moveit_hybrid_planning/lib:/home/robot/ws_moveit2/install/moveit_ros_planning_interface/lib:/home/robot/ws_moveit2/install/moveit_ros_benchmarks/lib:/home/robot/ws_moveit2/install/moveit_ros_warehouse/lib:/home/robot/ws_moveit2/install/moveit_ros_robot_interaction/lib:/home/robot/ws_moveit2/install/moveit_ros_perception/lib:/home/robot/ws_moveit2/install/moveit_ros_move_group/lib:/home/robot/ws_moveit2/install/moveit_planners_ompl/lib:/home/robot/ws_moveit2/install/moveit_ros_planning/lib:/home/robot/ws_moveit2/install/moveit_ros_occupancy_map_monitor/lib:/home/robot/ws_moveit2/install/moveit_resources_prbt_ikfast_manipulator_plugin/lib:/home/robot/ws_moveit2/install/moveit_planners_chomp/lib:/home/robot/ws_moveit2/install/moveit_kinematics/lib:/home/robot/ws_moveit2/install/moveit_chomp_optimizer_adapter/lib:/home/robot/ws_moveit2/install/chomp_motion_planner/lib:/home/robot/ws_moveit2/install/moveit_core/lib:/home/robot/ws_moveit2/install/rviz_marker_tools/lib:/home/robot/ws_moveit2/install/rosparam_shortcuts/lib:/home/robot/ws_moveit2/install/moveit_task_constructor_msgs/lib:/home/robot/ros2_ws/install/my_robot_interfaces/lib:/usr/lib/x86_64-linux-gnu/gazebo-11/plugins:/opt/ros/humble/opt/rviz_ogre_vendor/lib:/opt/ros/humble/lib/x86_64-linux-gnu:/opt/ros/humble/lib /usr/bin/cmake --build /home/robot/ws_moveit2/build/moveit_core -- -j4 -l4
[4.415s] Invoking command in '/home/robot/ws_moveit2/build/moveit_core': CMAKE_PREFIX_PATH=/home/robot/ws_moveit2/install/moveit_resources_panda_moveit_config:/home/robot/ws_moveit2/install/srdfdom:/home/robot/ws_moveit2/install/moveit_resources_pr2_description:/home/robot/ws_moveit2/install/moveit_resources_panda_description:/home/robot/ws_moveit2/install/moveit_common:/home/robot/ws_moveit2/install/pilz_industrial_motion_planner_testutils:/home/robot/ws_moveit2/install/myrobot_moveit_config:/home/robot/ws_moveit2/install/moveit_runtime:/home/robot/ws_moveit2/install/moveit2_tutorials:/home/robot/ws_moveit2/install/moveit:/home/robot/ws_moveit2/install/moveit_planners:/home/robot/ws_moveit2/install/pilz_industrial_motion_planner:/home/robot/ws_moveit2/install/ompl_constrained_planning:/home/robot/ws_moveit2/install/myrobot_ompl_constrained_planning:/home/robot/ws_moveit2/install/myrobot_hello_moveit:/home/robot/ws_moveit2/install/mtc_tutorial:/home/robot/ws_moveit2/install/moveit_visual_tools:/home/robot/ws_moveit2/install/moveit_task_constructor_visualization:/home/robot/ws_moveit2/install/moveit_task_constructor_demo:/home/robot/ws_moveit2/install/moveit_task_constructor_capabilities:/home/robot/ws_moveit2/install/moveit_task_constructor_core:/home/robot/ws_moveit2/install/moveit_ros_control_interface:/home/robot/ws_moveit2/install/moveit_plugins:/home/robot/ws_moveit2/install/moveit_simple_controller_manager:/home/robot/ws_moveit2/install/moveit_setup_assistant:/home/robot/ws_moveit2/install/moveit_setup_srdf_plugins:/home/robot/ws_moveit2/install/moveit_setup_core_plugins:/home/robot/ws_moveit2/install/moveit_setup_controllers:/home/robot/ws_moveit2/install/moveit_setup_app_plugins:/home/robot/ws_moveit2/install/moveit_setup_framework:/home/robot/ws_moveit2/install/moveit_servo:/home/robot/ws_moveit2/install/moveit_ros:/home/robot/ws_moveit2/install/moveit_ros_visualization:/home/robot/ws_moveit2/install/moveit_hybrid_planning:/home/robot/ws_moveit2/install/moveit_ros_planning_interface:/home/robot/ws_moveit2/install/moveit_ros_benchmarks:/home/robot/ws_moveit2/install/moveit_ros_warehouse:/home/robot/ws_moveit2/install/moveit_ros_robot_interaction:/home/robot/ws_moveit2/install/moveit_ros_perception:/home/robot/ws_moveit2/install/moveit_resources_prbt_pg70_support:/home/robot/ws_moveit2/install/moveit_resources_prbt_moveit_config:/home/robot/ws_moveit2/install/moveit_ros_move_group:/home/robot/ws_moveit2/install/moveit_planners_ompl:/home/robot/ws_moveit2/install/moveit_ros_planning:/home/robot/ws_moveit2/install/moveit_ros_occupancy_map_monitor:/home/robot/ws_moveit2/install/moveit_resources_prbt_ikfast_manipulator_plugin:/home/robot/ws_moveit2/install/moveit_planners_chomp:/home/robot/ws_moveit2/install/moveit_kinematics:/home/robot/ws_moveit2/install/moveit_chomp_optimizer_adapter:/home/robot/ws_moveit2/install/chomp_motion_planner:/home/robot/ws_moveit2/install/moveit_core:/home/robot/ws_moveit2/install/rviz_marker_tools:/home/robot/ws_moveit2/install/rosparam_shortcuts:/home/robot/ws_moveit2/install/moveit_task_constructor_msgs:/home/robot/ws_moveit2/install/moveit_resources_prbt_support:/home/robot/ws_moveit2/install/moveit_resources:/home/robot/ws_moveit2/install/moveit_resources_fanuc_moveit_config:/home/robot/ws_moveit2/install/moveit_resources_fanuc_description:/home/robot/ros2_ws/install/my_robot_bringup:/home/robot/ros2_ws/install/my_robot_interfaces:/home/robot/ros2_ws/install/my_robot_firstrobot:/home/robot/ros2_ws/install/my_robot_first_roboticarm:/home/robot/ros2_ws/install/my_cpp_pkg:/home/robot/ws_moveit2/install/moveit_configs_utils:/home/robot/ws_moveit2/install/my_pybullet_package:/home/robot/ws_moveit2/install/launch_param_builder:/home/robot/ros2_ws/install/my_turtlesim_project:/home/robot/ros2_ws/install/my_robot_first_servo_control:/home/robot/ros2_ws/install/my_py_pkg:/home/robot/ros2_ws/install/actions_py:/opt/ros/humble LD_LIBRARY_PATH=/home/robot/ws_moveit2/install/srdfdom/lib:/home/robot/ws_moveit2/install/pilz_industrial_motion_planner_testutils/lib:/home/robot/ws_moveit2/install/pilz_industrial_motion_planner/lib:/home/robot/ws_moveit2/install/moveit_visual_tools/lib:/home/robot/ws_moveit2/install/moveit_task_constructor_visualization/lib:/home/robot/ws_moveit2/install/moveit_task_constructor_demo/lib:/home/robot/ws_moveit2/install/moveit_task_constructor_capabilities/lib:/home/robot/ws_moveit2/install/moveit_task_constructor_core/lib:/home/robot/ws_moveit2/install/moveit_ros_control_interface/lib:/home/robot/ws_moveit2/install/moveit_simple_controller_manager/lib:/home/robot/ws_moveit2/install/moveit_setup_assistant/lib:/home/robot/ws_moveit2/install/moveit_setup_srdf_plugins/lib:/home/robot/ws_moveit2/install/moveit_setup_core_plugins/lib:/home/robot/ws_moveit2/install/moveit_setup_controllers/lib:/home/robot/ws_moveit2/install/moveit_setup_app_plugins/lib:/home/robot/ws_moveit2/install/moveit_setup_framework/lib:/home/robot/ws_moveit2/install/moveit_servo/lib:/home/robot/ws_moveit2/install/moveit_ros_visualization/lib:/home/robot/ws_moveit2/install/moveit_hybrid_planning/lib:/home/robot/ws_moveit2/install/moveit_ros_planning_interface/lib:/home/robot/ws_moveit2/install/moveit_ros_benchmarks/lib:/home/robot/ws_moveit2/install/moveit_ros_warehouse/lib:/home/robot/ws_moveit2/install/moveit_ros_robot_interaction/lib:/home/robot/ws_moveit2/install/moveit_ros_perception/lib:/home/robot/ws_moveit2/install/moveit_ros_move_group/lib:/home/robot/ws_moveit2/install/moveit_planners_ompl/lib:/home/robot/ws_moveit2/install/moveit_ros_planning/lib:/home/robot/ws_moveit2/install/moveit_ros_occupancy_map_monitor/lib:/home/robot/ws_moveit2/install/moveit_resources_prbt_ikfast_manipulator_plugin/lib:/home/robot/ws_moveit2/install/moveit_planners_chomp/lib:/home/robot/ws_moveit2/install/moveit_kinematics/lib:/home/robot/ws_moveit2/install/moveit_chomp_optimizer_adapter/lib:/home/robot/ws_moveit2/install/chomp_motion_planner/lib:/home/robot/ws_moveit2/install/moveit_core/lib:/home/robot/ws_moveit2/install/rviz_marker_tools/lib:/home/robot/ws_moveit2/install/rosparam_shortcuts/lib:/home/robot/ws_moveit2/install/moveit_task_constructor_msgs/lib:/home/robot/ros2_ws/install/my_robot_interfaces/lib:/usr/lib/x86_64-linux-gnu/gazebo-11/plugins:/opt/ros/humble/opt/rviz_ogre_vendor/lib:/opt/ros/humble/lib/x86_64-linux-gnu:/opt/ros/humble/lib /usr/bin/cmake --install /home/robot/ws_moveit2/build/moveit_core
[4.435s] -- Install configuration: "Release"
[4.435s] -- Up-to-date: /home/robot/ws_moveit2/install/moveit_core/include/moveit/version.h
[4.436s] -- Up-to-date: /home/robot/ws_moveit2/install/moveit_core/include
[4.436s] -- Up-to-date: /home/robot/ws_moveit2/install/moveit_core/include/moveit
[4.436s] -- Up-to-date: /home/robot/ws_moveit2/install/moveit_core/include/moveit/collision_distance_field
[4.437s] -- Up-to-date: /home/robot/ws_moveit2/install/moveit_core/include/moveit/collision_distance_field/collision_detector_allocator_distance_field.h
[4.437s] -- Up-to-date: /home/robot/ws_moveit2/install/moveit_core/include/moveit/collision_distance_field/collision_env_hybrid.h
[4.439s] -- Up-to-date: /home/robot/ws_moveit2/install/moveit_core/include/moveit/collision_distance_field/collision_env_distance_field.h
[4.439s] -- Up-to-date: /home/robot/ws_moveit2/install/moveit_core/include/moveit/collision_distance_field/collision_common_distance_field.h
[4.439s] -- Up-to-date: /home/robot/ws_moveit2/install/moveit_core/include/moveit/collision_distance_field/collision_distance_field_types.h
[4.439s] -- Up-to-date: /home/robot/ws_moveit2/install/moveit_core/include/moveit/collision_distance_field/collision_detector_allocator_hybrid.h
[4.439s] -- Up-to-date: /home/robot/ws_moveit2/install/moveit_core/include/moveit_collision_distance_field_export.h
[4.439s] -- Up-to-date: /home/robot/ws_moveit2/install/moveit_core/include
[4.440s] -- Up-to-date: /home/robot/ws_moveit2/install/moveit_core/include/moveit
[4.442s] -- Up-to-date: /home/robot/ws_moveit2/install/moveit_core/include/moveit/constraint_samplers
[4.442s] -- Up-to-date: /home/robot/ws_moveit2/install/moveit_core/include/moveit/constraint_samplers/union_constraint_sampler.h
[4.442s] -- Up-to-date: /home/robot/ws_moveit2/install/moveit_core/include/moveit/constraint_samplers/constraint_sampler_manager.h
[4.442s] -- Up-to-date: /home/robot/ws_moveit2/install/moveit_core/include/moveit/constraint_samplers/constraint_sampler_tools.h
[4.442s] -- Up-to-date: /home/robot/ws_moveit2/install/moveit_core/include/moveit/constraint_samplers/default_constraint_samplers.h
[4.443s] -- Up-to-date: /home/robot/ws_moveit2/install/moveit_core/include/moveit/constraint_samplers/constraint_sampler_allocator.h
[4.443s] -- Up-to-date: /home/robot/ws_moveit2/install/moveit_core/include/moveit/constraint_samplers/constraint_sampler.h
[4.443s] -- Up-to-date: /home/robot/ws_moveit2/install/moveit_core/include
[4.443s] -- Up-to-date: /home/robot/ws_moveit2/install/moveit_core/include/moveit
[4.443s] -- Up-to-date: /home/robot/ws_moveit2/install/moveit_core/include/moveit/controller_manager
[4.443s] -- Up-to-date: /home/robot/ws_moveit2/install/moveit_core/include/moveit/controller_manager/controller_manager.h
[4.445s] -- Up-to-date: /home/robot/ws_moveit2/install/moveit_core/include
[4.445s] -- Up-to-date: /home/robot/ws_moveit2/install/moveit_core/include/moveit
[4.445s] -- Up-to-date: /home/robot/ws_moveit2/install/moveit_core/include/moveit/distance_field
[4.446s] -- Up-to-date: /home/robot/ws_moveit2/install/moveit_core/include/moveit/distance_field/propagation_distance_field.h
[4.447s] -- Up-to-date: /home/robot/ws_moveit2/install/moveit_core/include/moveit/distance_field/distance_field.h
[4.447s] -- Up-to-date: /home/robot/ws_moveit2/install/moveit_core/include/moveit/distance_field/voxel_grid.h
[4.447s] -- Up-to-date: /home/robot/ws_moveit2/install/moveit_core/include/moveit/distance_field/find_internal_points.h
[4.449s] -- Up-to-date: /home/robot/ws_moveit2/install/moveit_core/include
[4.449s] -- Up-to-date: /home/robot/ws_moveit2/install/moveit_core/include/moveit
[4.453s] -- Up-to-date: /home/robot/ws_moveit2/install/moveit_core/include/moveit/dynamics_solver
[4.453s] -- Up-to-date: /home/robot/ws_moveit2/install/moveit_core/include/moveit/dynamics_solver/dynamics_solver.h
[4.453s] -- Up-to-date: /home/robot/ws_moveit2/install/moveit_core/include
[4.453s] -- Up-to-date: /home/robot/ws_moveit2/install/moveit_core/include/moveit
[4.454s] -- Up-to-date: /home/robot/ws_moveit2/install/moveit_core/include/moveit/exceptions
[4.454s] -- Up-to-date: /home/robot/ws_moveit2/install/moveit_core/include/moveit/exceptions/exceptions.h
[4.454s] -- Up-to-date: /home/robot/ws_moveit2/install/moveit_core/include
[4.454s] -- Up-to-date: /home/robot/ws_moveit2/install/moveit_core/include/moveit
[4.454s] -- Up-to-date: /home/robot/ws_moveit2/install/moveit_core/include/moveit/kinematics_base
[4.455s] -- Up-to-date: /home/robot/ws_moveit2/install/moveit_core/include/moveit/kinematics_base/kinematics_base.h
[4.456s] -- Up-to-date: /home/robot/ws_moveit2/install/moveit_core/include/moveit_kinematics_base_export.h
[4.456s] -- Up-to-date: /home/robot/ws_moveit2/install/moveit_core/include
[4.456s] -- Up-to-date: /home/robot/ws_moveit2/install/moveit_core/include/moveit
[4.456s] -- Up-to-date: /home/robot/ws_moveit2/install/moveit_core/include/moveit/kinematic_constraints
[4.457s] -- Up-to-date: /home/robot/ws_moveit2/install/moveit_core/include/moveit/kinematic_constraints/utils.h
[4.457s] -- Up-to-date: /home/robot/ws_moveit2/install/moveit_core/include/moveit/kinematic_constraints/kinematic_constraint.h
[4.457s] -- Up-to-date: /home/robot/ws_moveit2/install/moveit_core/include
[4.457s] -- Up-to-date: /home/robot/ws_moveit2/install/moveit_core/include/moveit
[4.457s] -- Up-to-date: /home/robot/ws_moveit2/install/moveit_core/include/moveit/kinematics_metrics
[4.458s] -- Up-to-date: /home/robot/ws_moveit2/install/moveit_core/include/moveit/kinematics_metrics/kinematics_metrics.h
[4.458s] -- Up-to-date: /home/robot/ws_moveit2/install/moveit_core/include
[4.458s] -- Up-to-date: /home/robot/ws_moveit2/install/moveit_core/include/moveit
[4.458s] -- Up-to-date: /home/robot/ws_moveit2/install/moveit_core/include/moveit/macros
[4.459s] -- Up-to-date: /home/robot/ws_moveit2/install/moveit_core/include/moveit/macros/deprecation.h
[4.459s] -- Up-to-date: /home/robot/ws_moveit2/install/moveit_core/include/moveit/macros/console_colors.h
[4.459s] -- Up-to-date: /home/robot/ws_moveit2/install/moveit_core/include/moveit/macros/declare_ptr.h
[4.459s] -- Up-to-date: /home/robot/ws_moveit2/install/moveit_core/include/moveit/macros/class_forward.h
[4.459s] -- Up-to-date: /home/robot/ws_moveit2/install/moveit_core/include/moveit_butterworth_parameters
[4.459s] -- Up-to-date: /home/robot/ws_moveit2/install/moveit_core/include/moveit_butterworth_parameters/moveit_butterworth_parameters.hpp
[4.460s] -- Up-to-date: /home/robot/ws_moveit2/install/moveit_core/include
[4.465s] -- Up-to-date: /home/robot/ws_moveit2/install/moveit_core/include/moveit
[4.465s] -- Up-to-date: /home/robot/ws_moveit2/install/moveit_core/include/moveit/online_signal_smoothing
[4.465s] -- Up-to-date: /home/robot/ws_moveit2/install/moveit_core/include/moveit/online_signal_smoothing/smoothing_base_class.h
[4.465s] -- Up-to-date: /home/robot/ws_moveit2/install/moveit_core/include/moveit/online_signal_smoothing/butterworth_filter.h
[4.465s] -- Up-to-date: /home/robot/ws_moveit2/install/moveit_core/include/moveit_smoothing_base_export.h
[4.466s] -- Up-to-date: /home/robot/ws_moveit2/install/moveit_core/include/moveit_butterworth_filter_export.h
[4.466s] -- Up-to-date: /home/robot/ws_moveit2/install/moveit_core/include
[4.473s] -- Up-to-date: /home/robot/ws_moveit2/install/moveit_core/include/moveit
[4.473s] -- Up-to-date: /home/robot/ws_moveit2/install/moveit_core/include/moveit/planning_interface
[4.473s] -- Up-to-date: /home/robot/ws_moveit2/install/moveit_core/include/moveit/planning_interface/planning_interface.h
[4.473s] -- Up-to-date: /home/robot/ws_moveit2/install/moveit_core/include/moveit/planning_interface/planning_response.h
[4.474s] -- Up-to-date: /home/robot/ws_moveit2/install/moveit_core/include/moveit/planning_interface/planning_request.h
[4.474s] -- Up-to-date: /home/robot/ws_moveit2/install/moveit_core/include
[4.476s] -- Up-to-date: /home/robot/ws_moveit2/install/moveit_core/include/moveit
[4.476s] -- Up-to-date: /home/robot/ws_moveit2/install/moveit_core/include/moveit/planning_request_adapter
[4.476s] -- Up-to-date: /home/robot/ws_moveit2/install/moveit_core/include/moveit/planning_request_adapter/planning_request_adapter.h
[4.476s] -- Up-to-date: /home/robot/ws_moveit2/install/moveit_core/include
[4.476s] -- Up-to-date: /home/robot/ws_moveit2/install/moveit_core/include/moveit
[4.476s] -- Up-to-date: /home/robot/ws_moveit2/install/moveit_core/include/moveit/planning_scene
[4.476s] -- Up-to-date: /home/robot/ws_moveit2/install/moveit_core/include/moveit/planning_scene/planning_scene.h
[4.477s] -- Up-to-date: /home/robot/ws_moveit2/install/moveit_core/include/moveit_planning_scene_export.h
[4.477s] -- Up-to-date: /home/robot/ws_moveit2/install/moveit_core/include
[4.477s] -- Up-to-date: /home/robot/ws_moveit2/install/moveit_core/include/moveit
[4.477s] -- Up-to-date: /home/robot/ws_moveit2/install/moveit_core/include/moveit/robot_model
[4.477s] -- Up-to-date: /home/robot/ws_moveit2/install/moveit_core/include/moveit/robot_model/fixed_joint_model.h
[4.477s] -- Up-to-date: /home/robot/ws_moveit2/install/moveit_core/include/moveit/robot_model/joint_model_group.h
[4.478s] -- Up-to-date: /home/robot/ws_moveit2/install/moveit_core/include/moveit/robot_model/planar_joint_model.h
[4.478s] -- Up-to-date: /home/robot/ws_moveit2/install/moveit_core/include/moveit/robot_model/robot_model.h
[4.485s] -- Up-to-date: /home/robot/ws_moveit2/install/moveit_core/include/moveit/robot_model/aabb.h
[4.486s] -- Up-to-date: /home/robot/ws_moveit2/install/moveit_core/include/moveit/robot_model/revolute_joint_model.h
[4.486s] -- Up-to-date: /home/robot/ws_moveit2/install/moveit_core/include/moveit/robot_model/link_model.h
[4.486s] -- Up-to-date: /home/robot/ws_moveit2/install/moveit_core/include/moveit/robot_model/joint_model.h
[4.486s] -- Up-to-date: /home/robot/ws_moveit2/install/moveit_core/include/moveit/robot_model/prismatic_joint_model.h
[4.486s] -- Up-to-date: /home/robot/ws_moveit2/install/moveit_core/include/moveit/robot_model/floating_joint_model.h
[4.486s] -- Up-to-date: /home/robot/ws_moveit2/install/moveit_core/include
[4.486s] -- Up-to-date: /home/robot/ws_moveit2/install/moveit_core/include/moveit
[4.487s] -- Up-to-date: /home/robot/ws_moveit2/install/moveit_core/include/moveit/robot_state
[4.487s] -- Up-to-date: /home/robot/ws_moveit2/install/moveit_core/include/moveit/robot_state/attached_body.h
[4.487s] -- Up-to-date: /home/robot/ws_moveit2/install/moveit_core/include/moveit/robot_state/cartesian_interpolator.h
[4.487s] -- Up-to-date: /home/robot/ws_moveit2/install/moveit_core/include/moveit/robot_state/robot_state.h
[4.487s] -- Up-to-date: /home/robot/ws_moveit2/install/moveit_core/include/moveit/robot_state/conversions.h
[4.488s] -- Up-to-date: /home/robot/ws_moveit2/install/moveit_core/include
[4.488s] -- Up-to-date: /home/robot/ws_moveit2/install/moveit_core/include/moveit
[4.488s] -- Up-to-date: /home/robot/ws_moveit2/install/moveit_core/include/moveit/robot_trajectory
[4.488s] -- Up-to-date: /home/robot/ws_moveit2/install/moveit_core/include/moveit/robot_trajectory/robot_trajectory.h
[4.488s] -- Up-to-date: /home/robot/ws_moveit2/install/moveit_core/include
[4.488s] -- Up-to-date: /home/robot/ws_moveit2/install/moveit_core/include/moveit
[4.488s] -- Up-to-date: /home/robot/ws_moveit2/install/moveit_core/include/moveit/sensor_manager
[4.489s] -- Up-to-date: /home/robot/ws_moveit2/install/moveit_core/include/moveit/sensor_manager/sensor_manager.h
[4.489s] -- Up-to-date: /home/robot/ws_moveit2/install/moveit_core/include
[4.489s] -- Up-to-date: /home/robot/ws_moveit2/install/moveit_core/include/moveit
[4.489s] -- Up-to-date: /home/robot/ws_moveit2/install/moveit_core/include/moveit/trajectory_processing
[4.489s] -- Up-to-date: /home/robot/ws_moveit2/install/moveit_core/include/moveit/trajectory_processing/iterative_spline_parameterization.h
[4.489s] -- Up-to-date: /home/robot/ws_moveit2/install/moveit_core/include/moveit/trajectory_processing/iterative_time_parameterization.h
[4.490s] -- Up-to-date: /home/robot/ws_moveit2/install/moveit_core/include/moveit/trajectory_processing/time_optimal_trajectory_generation.h
[4.490s] -- Up-to-date: /home/robot/ws_moveit2/install/moveit_core/include/moveit/trajectory_processing/ruckig_traj_smoothing.h
[4.490s] -- Up-to-date: /home/robot/ws_moveit2/install/moveit_core/include/moveit/trajectory_processing/time_parameterization.h
[4.490s] -- Up-to-date: /home/robot/ws_moveit2/install/moveit_core/include/moveit/trajectory_processing/trajectory_tools.h
[4.490s] -- Up-to-date: /home/robot/ws_moveit2/install/moveit_core/include
[4.490s] -- Up-to-date: /home/robot/ws_moveit2/install/moveit_core/include/moveit
[4.490s] -- Up-to-date: /home/robot/ws_moveit2/install/moveit_core/include/moveit/transforms
[4.491s] -- Up-to-date: /home/robot/ws_moveit2/install/moveit_core/include/moveit/transforms/transforms.h
[4.491s] -- Up-to-date: /home/robot/ws_moveit2/install/moveit_core/include
[4.491s] -- Up-to-date: /home/robot/ws_moveit2/install/moveit_core/include/moveit
[4.491s] -- Up-to-date: /home/robot/ws_moveit2/install/moveit_core/include/moveit/utils
[4.491s] -- Up-to-date: /home/robot/ws_moveit2/install/moveit_core/include/moveit/utils/message_checks.h
[4.491s] -- Up-to-date: /home/robot/ws_moveit2/install/moveit_core/include/moveit/utils/rclcpp_utils.h
[4.492s] -- Up-to-date: /home/robot/ws_moveit2/install/moveit_core/include/moveit/utils/moveit_error_code.h
[4.492s] -- Up-to-date: /home/robot/ws_moveit2/install/moveit_core/include/moveit/utils/lexical_casts.h
[4.492s] -- Up-to-date: /home/robot/ws_moveit2/install/moveit_core/include/moveit/utils/robot_model_test_utils.h
[4.492s] -- Up-to-date: /home/robot/ws_moveit2/install/moveit_core/bin/moveit_version
[4.492s] -- Up-to-date: /home/robot/ws_moveit2/install/moveit_core/include
[4.492s] -- Up-to-date: /home/robot/ws_moveit2/install/moveit_core/include/moveit
[4.492s] -- Up-to-date: /home/robot/ws_moveit2/install/moveit_core/include/moveit/collision_detection
[4.493s] -- Up-to-date: /home/robot/ws_moveit2/install/moveit_core/include/moveit/collision_detection/test_collision_common_panda.h
[4.493s] -- Up-to-date: /home/robot/ws_moveit2/install/moveit_core/include/moveit/collision_detection/collision_plugin_cache.h
[4.493s] -- Up-to-date: /home/robot/ws_moveit2/install/moveit_core/include/moveit/collision_detection/collision_matrix.h
[4.493s] -- Up-to-date: /home/robot/ws_moveit2/install/moveit_core/include/moveit/collision_detection/allvalid
[4.493s] -- Up-to-date: /home/robot/ws_moveit2/install/moveit_core/include/moveit/collision_detection/allvalid/collision_env_allvalid.h
[4.493s] -- Up-to-date: /home/robot/ws_moveit2/install/moveit_core/include/moveit/collision_detection/allvalid/collision_detector_allocator_allvalid.h
[4.493s] -- Up-to-date: /home/robot/ws_moveit2/install/moveit_core/include/moveit/collision_detection/collision_detector_allocator.h
[4.494s] -- Up-to-date: /home/robot/ws_moveit2/install/moveit_core/include/moveit/collision_detection/collision_octomap_filter.h
[4.494s] -- Up-to-date: /home/robot/ws_moveit2/install/moveit_core/include/moveit/collision_detection/test_collision_common_pr2.h
[4.495s] -- Up-to-date: /home/robot/ws_moveit2/install/moveit_core/include/moveit/collision_detection/world.h
[4.495s] -- Up-to-date: /home/robot/ws_moveit2/install/moveit_core/include/moveit/collision_detection/collision_tools.h
[4.496s] -- Up-to-date: /home/robot/ws_moveit2/install/moveit_core/include/moveit/collision_detection/collision_env.h
[4.496s] -- Up-to-date: /home/robot/ws_moveit2/install/moveit_core/include/moveit/collision_detection/collision_common.h
[4.496s] -- Up-to-date: /home/robot/ws_moveit2/install/moveit_core/include/moveit/collision_detection/world_diff.h
[4.497s] -- Up-to-date: /home/robot/ws_moveit2/install/moveit_core/include/moveit/collision_detection/occupancy_map.h
[4.497s] -- Up-to-date: /home/robot/ws_moveit2/install/moveit_core/include/moveit/collision_detection/collision_plugin.h
[4.497s] -- Up-to-date: /home/robot/ws_moveit2/install/moveit_core/include/moveit_collision_detection_export.h
[4.497s] -- Up-to-date: /home/robot/ws_moveit2/install/moveit_core/include
[4.497s] -- Up-to-date: /home/robot/ws_moveit2/install/moveit_core/include/moveit
[4.497s] -- Up-to-date: /home/robot/ws_moveit2/install/moveit_core/include/moveit/collision_detection_bullet
[4.497s] -- Up-to-date: /home/robot/ws_moveit2/install/moveit_core/include/moveit/collision_detection_bullet/collision_detector_bullet_plugin_loader.h
[4.498s] -- Up-to-date: /home/robot/ws_moveit2/install/moveit_core/include/moveit/collision_detection_bullet/collision_env_bullet.h
[4.498s] -- Up-to-date: /home/robot/ws_moveit2/install/moveit_core/include/moveit/collision_detection_bullet/bullet_integration
[4.498s] -- Up-to-date: /home/robot/ws_moveit2/install/moveit_core/include/moveit/collision_detection_bullet/bullet_integration/bullet_discrete_bvh_manager.h
[4.498s] -- Up-to-date: /home/robot/ws_moveit2/install/moveit_core/include/moveit/collision_detection_bullet/bullet_integration/bullet_bvh_manager.h
[4.498s] -- Up-to-date: /home/robot/ws_moveit2/install/moveit_core/include/moveit/collision_detection_bullet/bullet_integration/bullet_utils.h
[4.498s] -- Up-to-date: /home/robot/ws_moveit2/install/moveit_core/include/moveit/collision_detection_bullet/bullet_integration/ros_bullet_utils.h
[4.498s] -- Up-to-date: /home/robot/ws_moveit2/install/moveit_core/include/moveit/collision_detection_bullet/bullet_integration/basic_types.h
[4.499s] -- Up-to-date: /home/robot/ws_moveit2/install/moveit_core/include/moveit/collision_detection_bullet/bullet_integration/contact_checker_common.h
[4.499s] -- Up-to-date: /home/robot/ws_moveit2/install/moveit_core/include/moveit/collision_detection_bullet/bullet_integration/bullet_cast_bvh_manager.h
[4.499s] -- Up-to-date: /home/robot/ws_moveit2/install/moveit_core/include/moveit/collision_detection_bullet/collision_detector_allocator_bullet.h
[4.499s] -- Up-to-date: /home/robot/ws_moveit2/install/moveit_core/include/moveit_collision_detection_bullet_export.h
[4.500s] -- Up-to-date: /home/robot/ws_moveit2/install/moveit_core/include
[4.500s] -- Up-to-date: /home/robot/ws_moveit2/install/moveit_core/include/moveit
[4.500s] -- Up-to-date: /home/robot/ws_moveit2/install/moveit_core/include/moveit/collision_detection_fcl
[4.500s] -- Up-to-date: /home/robot/ws_moveit2/install/moveit_core/include/moveit/collision_detection_fcl/collision_detector_fcl_plugin_loader.h
[4.500s] -- Up-to-date: /home/robot/ws_moveit2/install/moveit_core/include/moveit/collision_detection_fcl/collision_env_fcl.h
[4.500s] -- Up-to-date: /home/robot/ws_moveit2/install/moveit_core/include/moveit/collision_detection_fcl/fcl_compat.h
[4.500s] -- Up-to-date: /home/robot/ws_moveit2/install/moveit_core/include/moveit/collision_detection_fcl/collision_common.h
[4.501s] -- Up-to-date: /home/robot/ws_moveit2/install/moveit_core/include/moveit/collision_detection_fcl/collision_detector_allocator_fcl.h
[4.501s] -- Up-to-date: /home/robot/ws_moveit2/install/moveit_core/include/moveit_collision_detection_fcl_export.h
[4.501s] -- Up-to-date: /home/robot/ws_moveit2/install/moveit_core/lib/libcollision_detector_bullet_plugin.so.2.5.5
[4.502s] -- Up-to-date: /home/robot/ws_moveit2/install/moveit_core/lib/libcollision_detector_bullet_plugin.so
[4.502s] -- Up-to-date: /home/robot/ws_moveit2/install/moveit_core/lib/libmoveit_butterworth_filter.so.2.5.5
[4.502s] -- Up-to-date: /home/robot/ws_moveit2/install/moveit_core/lib/libmoveit_butterworth_filter.so
[4.502s] -- Up-to-date: /home/robot/ws_moveit2/install/moveit_core/lib/libmoveit_collision_distance_field.so.2.5.5
[4.502s] -- Up-to-date: /home/robot/ws_moveit2/install/moveit_core/lib/libmoveit_collision_distance_field.so
[4.502s] -- Up-to-date: /home/robot/ws_moveit2/install/moveit_core/lib/libmoveit_collision_detection.so.2.5.5
[4.502s] -- Up-to-date: /home/robot/ws_moveit2/install/moveit_core/lib/libmoveit_collision_detection.so
[4.502s] -- Up-to-date: /home/robot/ws_moveit2/install/moveit_core/lib/libmoveit_collision_detection_fcl.so.2.5.5
[4.503s] -- Up-to-date: /home/robot/ws_moveit2/install/moveit_core/lib/libmoveit_collision_detection_fcl.so
[4.503s] -- Up-to-date: /home/robot/ws_moveit2/install/moveit_core/lib/libmoveit_collision_detection_bullet.so.2.5.5
[4.503s] -- Up-to-date: /home/robot/ws_moveit2/install/moveit_core/lib/libmoveit_collision_detection_bullet.so
[4.503s] -- Up-to-date: /home/robot/ws_moveit2/install/moveit_core/lib/libmoveit_dynamics_solver.so.2.5.5
[4.503s] -- Up-to-date: /home/robot/ws_moveit2/install/moveit_core/lib/libmoveit_dynamics_solver.so
[4.503s] -- Up-to-date: /home/robot/ws_moveit2/install/moveit_core/lib/libmoveit_constraint_samplers.so.2.5.5
[4.504s] -- Up-to-date: /home/robot/ws_moveit2/install/moveit_core/lib/libmoveit_constraint_samplers.so
[4.504s] -- Up-to-date: /home/robot/ws_moveit2/install/moveit_core/lib/libmoveit_distance_field.so.2.5.5
[4.504s] -- Up-to-date: /home/robot/ws_moveit2/install/moveit_core/lib/libmoveit_distance_field.so
[4.504s] -- Up-to-date: /home/robot/ws_moveit2/install/moveit_core/lib/libmoveit_exceptions.so.2.5.5
[4.505s] -- Up-to-date: /home/robot/ws_moveit2/install/moveit_core/lib/libmoveit_exceptions.so
[4.505s] -- Up-to-date: /home/robot/ws_moveit2/install/moveit_core/lib/libmoveit_kinematics_base.so
[4.505s] -- Up-to-date: /home/robot/ws_moveit2/install/moveit_core/lib/libmoveit_kinematic_constraints.so.2.5.5
[4.505s] -- Up-to-date: /home/robot/ws_moveit2/install/moveit_core/lib/libmoveit_kinematic_constraints.so
[4.505s] -- Up-to-date: /home/robot/ws_moveit2/install/moveit_core/lib/libmoveit_kinematics_metrics.so.2.5.5
[4.505s] -- Up-to-date: /home/robot/ws_moveit2/install/moveit_core/lib/libmoveit_kinematics_metrics.so
[4.505s] -- Up-to-date: /home/robot/ws_moveit2/install/moveit_core/lib/libmoveit_planning_interface.so.2.5.5
[4.506s] -- Up-to-date: /home/robot/ws_moveit2/install/moveit_core/lib/libmoveit_planning_interface.so
[4.506s] -- Up-to-date: /home/robot/ws_moveit2/install/moveit_core/lib/libmoveit_planning_scene.so.2.5.5
[4.506s] -- Up-to-date: /home/robot/ws_moveit2/install/moveit_core/lib/libmoveit_planning_scene.so
[4.506s] -- Up-to-date: /home/robot/ws_moveit2/install/moveit_core/lib/libmoveit_planning_request_adapter.so.2.5.5
[4.506s] -- Up-to-date: /home/robot/ws_moveit2/install/moveit_core/lib/libmoveit_planning_request_adapter.so
[4.506s] -- Up-to-date: /home/robot/ws_moveit2/install/moveit_core/lib/libmoveit_robot_model.so.2.5.5
[4.506s] -- Up-to-date: /home/robot/ws_moveit2/install/moveit_core/lib/libmoveit_robot_model.so
[4.507s] -- Up-to-date: /home/robot/ws_moveit2/install/moveit_core/lib/libmoveit_robot_state.so.2.5.5
[4.507s] -- Up-to-date: /home/robot/ws_moveit2/install/moveit_core/lib/libmoveit_robot_state.so
[4.507s] -- Up-to-date: /home/robot/ws_moveit2/install/moveit_core/lib/libmoveit_robot_trajectory.so.2.5.5
[4.507s] -- Up-to-date: /home/robot/ws_moveit2/install/moveit_core/lib/libmoveit_robot_trajectory.so
[4.507s] -- Up-to-date: /home/robot/ws_moveit2/install/moveit_core/lib/libmoveit_smoothing_base.so.2.5.5
[4.507s] -- Up-to-date: /home/robot/ws_moveit2/install/moveit_core/lib/libmoveit_smoothing_base.so
[4.507s] -- Up-to-date: /home/robot/ws_moveit2/install/moveit_core/lib/libmoveit_test_utils.so.2.5.5
[4.507s] -- Up-to-date: /home/robot/ws_moveit2/install/moveit_core/lib/libmoveit_test_utils.so
[4.508s] -- Up-to-date: /home/robot/ws_moveit2/install/moveit_core/lib/libmoveit_trajectory_processing.so.2.5.5
[4.508s] -- Up-to-date: /home/robot/ws_moveit2/install/moveit_core/lib/libmoveit_trajectory_processing.so
[4.508s] -- Up-to-date: /home/robot/ws_moveit2/install/moveit_core/lib/libmoveit_transforms.so.2.5.5
[4.508s] -- Up-to-date: /home/robot/ws_moveit2/install/moveit_core/lib/libmoveit_transforms.so
[4.508s] -- Up-to-date: /home/robot/ws_moveit2/install/moveit_core/lib/libmoveit_utils.so.2.5.5
[4.508s] -- Up-to-date: /home/robot/ws_moveit2/install/moveit_core/lib/libmoveit_utils.so
[4.508s] -- Up-to-date: /home/robot/ws_moveit2/install/moveit_core/share/moveit_core/environment/library_path.sh
[4.509s] -- Up-to-date: /home/robot/ws_moveit2/install/moveit_core/share/moveit_core/environment/library_path.dsv
[4.509s] -- Up-to-date: /home/robot/ws_moveit2/install/moveit_core/share/moveit_core/collision_detector_fcl_description.xml
[4.509s] -- Up-to-date: /home/robot/ws_moveit2/install/moveit_core/share/moveit_core/collision_detector_bullet_description.xml
[4.509s] -- Up-to-date: /home/robot/ws_moveit2/install/moveit_core/share/moveit_core/filter_plugin_butterworth.xml
[4.509s] -- Up-to-date: /home/robot/ws_moveit2/install/moveit_core/share/ament_index/resource_index/package_run_dependencies/moveit_core
[4.509s] -- Up-to-date: /home/robot/ws_moveit2/install/moveit_core/share/ament_index/resource_index/parent_prefix_path/moveit_core
[4.509s] -- Up-to-date: /home/robot/ws_moveit2/install/moveit_core/share/moveit_core/environment/ament_prefix_path.sh
[4.509s] -- Up-to-date: /home/robot/ws_moveit2/install/moveit_core/share/moveit_core/environment/ament_prefix_path.dsv
[4.509s] -- Up-to-date: /home/robot/ws_moveit2/install/moveit_core/share/moveit_core/environment/path.sh
[4.510s] -- Up-to-date: /home/robot/ws_moveit2/install/moveit_core/share/moveit_core/environment/path.dsv
[4.511s] -- Up-to-date: /home/robot/ws_moveit2/install/moveit_core/share/moveit_core/local_setup.bash
[4.512s] -- Up-to-date: /home/robot/ws_moveit2/install/moveit_core/share/moveit_core/local_setup.sh
[4.512s] -- Up-to-date: /home/robot/ws_moveit2/install/moveit_core/share/moveit_core/local_setup.zsh
[4.512s] -- Up-to-date: /home/robot/ws_moveit2/install/moveit_core/share/moveit_core/local_setup.dsv
[4.512s] -- Installing: /home/robot/ws_moveit2/install/moveit_core/share/moveit_core/package.dsv
[4.512s] -- Up-to-date: /home/robot/ws_moveit2/install/moveit_core/share/ament_index/resource_index/packages/moveit_core
[4.512s] -- Up-to-date: /home/robot/ws_moveit2/install/moveit_core/share/ament_index/resource_index/moveit_core__pluginlib__plugin/moveit_core
[4.514s] -- Up-to-date: /home/robot/ws_moveit2/install/moveit_core/share/moveit_core/cmake/export_moveit_coreExport.cmake
[4.514s] -- Up-to-date: /home/robot/ws_moveit2/install/moveit_core/share/moveit_core/cmake/export_moveit_coreExport-release.cmake
[4.514s] -- Up-to-date: /home/robot/ws_moveit2/install/moveit_core/share/moveit_core/cmake/ConfigExtras.cmake
[4.515s] -- Up-to-date: /home/robot/ws_moveit2/install/moveit_core/share/moveit_core/cmake/ament_cmake_export_targets-extras.cmake
[4.515s] -- Up-to-date: /home/robot/ws_moveit2/install/moveit_core/share/moveit_core/cmake/ament_cmake_export_dependencies-extras.cmake
[4.515s] -- Up-to-date: /home/robot/ws_moveit2/install/moveit_core/share/moveit_core/cmake/moveit_coreConfig.cmake
[4.515s] -- Up-to-date: /home/robot/ws_moveit2/install/moveit_core/share/moveit_core/cmake/moveit_coreConfig-version.cmake
[4.515s] -- Up-to-date: /home/robot/ws_moveit2/install/moveit_core/share/moveit_core/package.xml
[4.518s] Invoked command in '/home/robot/ws_moveit2/build/moveit_core' returned '0': CMAKE_PREFIX_PATH=/home/robot/ws_moveit2/install/moveit_resources_panda_moveit_config:/home/robot/ws_moveit2/install/srdfdom:/home/robot/ws_moveit2/install/moveit_resources_pr2_description:/home/robot/ws_moveit2/install/moveit_resources_panda_description:/home/robot/ws_moveit2/install/moveit_common:/home/robot/ws_moveit2/install/pilz_industrial_motion_planner_testutils:/home/robot/ws_moveit2/install/myrobot_moveit_config:/home/robot/ws_moveit2/install/moveit_runtime:/home/robot/ws_moveit2/install/moveit2_tutorials:/home/robot/ws_moveit2/install/moveit:/home/robot/ws_moveit2/install/moveit_planners:/home/robot/ws_moveit2/install/pilz_industrial_motion_planner:/home/robot/ws_moveit2/install/ompl_constrained_planning:/home/robot/ws_moveit2/install/myrobot_ompl_constrained_planning:/home/robot/ws_moveit2/install/myrobot_hello_moveit:/home/robot/ws_moveit2/install/mtc_tutorial:/home/robot/ws_moveit2/install/moveit_visual_tools:/home/robot/ws_moveit2/install/moveit_task_constructor_visualization:/home/robot/ws_moveit2/install/moveit_task_constructor_demo:/home/robot/ws_moveit2/install/moveit_task_constructor_capabilities:/home/robot/ws_moveit2/install/moveit_task_constructor_core:/home/robot/ws_moveit2/install/moveit_ros_control_interface:/home/robot/ws_moveit2/install/moveit_plugins:/home/robot/ws_moveit2/install/moveit_simple_controller_manager:/home/robot/ws_moveit2/install/moveit_setup_assistant:/home/robot/ws_moveit2/install/moveit_setup_srdf_plugins:/home/robot/ws_moveit2/install/moveit_setup_core_plugins:/home/robot/ws_moveit2/install/moveit_setup_controllers:/home/robot/ws_moveit2/install/moveit_setup_app_plugins:/home/robot/ws_moveit2/install/moveit_setup_framework:/home/robot/ws_moveit2/install/moveit_servo:/home/robot/ws_moveit2/install/moveit_ros:/home/robot/ws_moveit2/install/moveit_ros_visualization:/home/robot/ws_moveit2/install/moveit_hybrid_planning:/home/robot/ws_moveit2/install/moveit_ros_planning_interface:/home/robot/ws_moveit2/install/moveit_ros_benchmarks:/home/robot/ws_moveit2/install/moveit_ros_warehouse:/home/robot/ws_moveit2/install/moveit_ros_robot_interaction:/home/robot/ws_moveit2/install/moveit_ros_perception:/home/robot/ws_moveit2/install/moveit_resources_prbt_pg70_support:/home/robot/ws_moveit2/install/moveit_resources_prbt_moveit_config:/home/robot/ws_moveit2/install/moveit_ros_move_group:/home/robot/ws_moveit2/install/moveit_planners_ompl:/home/robot/ws_moveit2/install/moveit_ros_planning:/home/robot/ws_moveit2/install/moveit_ros_occupancy_map_monitor:/home/robot/ws_moveit2/install/moveit_resources_prbt_ikfast_manipulator_plugin:/home/robot/ws_moveit2/install/moveit_planners_chomp:/home/robot/ws_moveit2/install/moveit_kinematics:/home/robot/ws_moveit2/install/moveit_chomp_optimizer_adapter:/home/robot/ws_moveit2/install/chomp_motion_planner:/home/robot/ws_moveit2/install/moveit_core:/home/robot/ws_moveit2/install/rviz_marker_tools:/home/robot/ws_moveit2/install/rosparam_shortcuts:/home/robot/ws_moveit2/install/moveit_task_constructor_msgs:/home/robot/ws_moveit2/install/moveit_resources_prbt_support:/home/robot/ws_moveit2/install/moveit_resources:/home/robot/ws_moveit2/install/moveit_resources_fanuc_moveit_config:/home/robot/ws_moveit2/install/moveit_resources_fanuc_description:/home/robot/ros2_ws/install/my_robot_bringup:/home/robot/ros2_ws/install/my_robot_interfaces:/home/robot/ros2_ws/install/my_robot_firstrobot:/home/robot/ros2_ws/install/my_robot_first_roboticarm:/home/robot/ros2_ws/install/my_cpp_pkg:/home/robot/ws_moveit2/install/moveit_configs_utils:/home/robot/ws_moveit2/install/my_pybullet_package:/home/robot/ws_moveit2/install/launch_param_builder:/home/robot/ros2_ws/install/my_turtlesim_project:/home/robot/ros2_ws/install/my_robot_first_servo_control:/home/robot/ros2_ws/install/my_py_pkg:/home/robot/ros2_ws/install/actions_py:/opt/ros/humble LD_LIBRARY_PATH=/home/robot/ws_moveit2/install/srdfdom/lib:/home/robot/ws_moveit2/install/pilz_industrial_motion_planner_testutils/lib:/home/robot/ws_moveit2/install/pilz_industrial_motion_planner/lib:/home/robot/ws_moveit2/install/moveit_visual_tools/lib:/home/robot/ws_moveit2/install/moveit_task_constructor_visualization/lib:/home/robot/ws_moveit2/install/moveit_task_constructor_demo/lib:/home/robot/ws_moveit2/install/moveit_task_constructor_capabilities/lib:/home/robot/ws_moveit2/install/moveit_task_constructor_core/lib:/home/robot/ws_moveit2/install/moveit_ros_control_interface/lib:/home/robot/ws_moveit2/install/moveit_simple_controller_manager/lib:/home/robot/ws_moveit2/install/moveit_setup_assistant/lib:/home/robot/ws_moveit2/install/moveit_setup_srdf_plugins/lib:/home/robot/ws_moveit2/install/moveit_setup_core_plugins/lib:/home/robot/ws_moveit2/install/moveit_setup_controllers/lib:/home/robot/ws_moveit2/install/moveit_setup_app_plugins/lib:/home/robot/ws_moveit2/install/moveit_setup_framework/lib:/home/robot/ws_moveit2/install/moveit_servo/lib:/home/robot/ws_moveit2/install/moveit_ros_visualization/lib:/home/robot/ws_moveit2/install/moveit_hybrid_planning/lib:/home/robot/ws_moveit2/install/moveit_ros_planning_interface/lib:/home/robot/ws_moveit2/install/moveit_ros_benchmarks/lib:/home/robot/ws_moveit2/install/moveit_ros_warehouse/lib:/home/robot/ws_moveit2/install/moveit_ros_robot_interaction/lib:/home/robot/ws_moveit2/install/moveit_ros_perception/lib:/home/robot/ws_moveit2/install/moveit_ros_move_group/lib:/home/robot/ws_moveit2/install/moveit_planners_ompl/lib:/home/robot/ws_moveit2/install/moveit_ros_planning/lib:/home/robot/ws_moveit2/install/moveit_ros_occupancy_map_monitor/lib:/home/robot/ws_moveit2/install/moveit_resources_prbt_ikfast_manipulator_plugin/lib:/home/robot/ws_moveit2/install/moveit_planners_chomp/lib:/home/robot/ws_moveit2/install/moveit_kinematics/lib:/home/robot/ws_moveit2/install/moveit_chomp_optimizer_adapter/lib:/home/robot/ws_moveit2/install/chomp_motion_planner/lib:/home/robot/ws_moveit2/install/moveit_core/lib:/home/robot/ws_moveit2/install/rviz_marker_tools/lib:/home/robot/ws_moveit2/install/rosparam_shortcuts/lib:/home/robot/ws_moveit2/install/moveit_task_constructor_msgs/lib:/home/robot/ros2_ws/install/my_robot_interfaces/lib:/usr/lib/x86_64-linux-gnu/gazebo-11/plugins:/opt/ros/humble/opt/rviz_ogre_vendor/lib:/opt/ros/humble/lib/x86_64-linux-gnu:/opt/ros/humble/lib /usr/bin/cmake --install /home/robot/ws_moveit2/build/moveit_core
