[1.835s] Invoking command in '/home/robot/ws_moveit2/src/launch_param_builder': PYTHONPATH=/home/robot/ws_moveit2/build/launch_param_builder/prefix_override:/usr/lib/python3/dist-packages/colcon_core/task/python/colcon_distutils_commands:/home/robot/ws_moveit2/install/launch_param_builder/lib/python3.10/site-packages:${PYTHONPATH} /usr/bin/python3 -W ignore:setup.py install is deprecated setup.py egg_info --egg-base ../../build/launch_param_builder build --build-base /home/robot/ws_moveit2/build/launch_param_builder/build install --record /home/robot/ws_moveit2/build/launch_param_builder/install.log --single-version-externally-managed install_data
[2.501s] running egg_info
[2.503s] writing ../../build/launch_param_builder/launch_param_builder.egg-info/PKG-INFO
[2.503s] writing dependency_links to ../../build/launch_param_builder/launch_param_builder.egg-info/dependency_links.txt
[2.503s] writing entry points to ../../build/launch_param_builder/launch_param_builder.egg-info/entry_points.txt
[2.504s] writing requirements to ../../build/launch_param_builder/launch_param_builder.egg-info/requires.txt
[2.504s] writing top-level names to ../../build/launch_param_builder/launch_param_builder.egg-info/top_level.txt
[2.509s] reading manifest file '../../build/launch_param_builder/launch_param_builder.egg-info/SOURCES.txt'
[2.510s] adding license file 'LICENSE'
[2.512s] writing manifest file '../../build/launch_param_builder/launch_param_builder.egg-info/SOURCES.txt'
[2.513s] running build
[2.513s] running build_py
[2.514s] running install
[2.515s] running install_lib
[2.518s] running install_data
[2.518s] running install_egg_info
[2.521s] removing '/home/robot/ws_moveit2/install/launch_param_builder/lib/python3.10/site-packages/launch_param_builder-0.1.1-py3.10.egg-info' (and everything under it)
[2.522s] Copying ../../build/launch_param_builder/launch_param_builder.egg-info to /home/robot/ws_moveit2/install/launch_param_builder/lib/python3.10/site-packages/launch_param_builder-0.1.1-py3.10.egg-info
[2.523s] running install_scripts
[2.568s] writing list of installed files to '/home/robot/ws_moveit2/build/launch_param_builder/install.log'
[2.640s] Invoked command in '/home/robot/ws_moveit2/src/launch_param_builder' returned '0': PYTHONPATH=/home/robot/ws_moveit2/build/launch_param_builder/prefix_override:/usr/lib/python3/dist-packages/colcon_core/task/python/colcon_distutils_commands:/home/robot/ws_moveit2/install/launch_param_builder/lib/python3.10/site-packages:${PYTHONPATH} /usr/bin/python3 -W ignore:setup.py install is deprecated setup.py egg_info --egg-base ../../build/launch_param_builder build --build-base /home/robot/ws_moveit2/build/launch_param_builder/build install --record /home/robot/ws_moveit2/build/launch_param_builder/install.log --single-version-externally-managed install_data
