[0.075s] Invoking command in '/home/robot/ws_moveit2/build/moveit_core': CMAKE_PREFIX_PATH=/home/robot/ws_moveit2/install/moveit_resources_panda_moveit_config:/home/robot/ws_moveit2/install/srdfdom:/home/robot/ws_moveit2/install/moveit_resources_pr2_description:/home/robot/ws_moveit2/install/moveit_resources_panda_description:/home/robot/ws_moveit2/install/moveit_common:/home/robot/ws_moveit2/install/pilz_industrial_motion_planner_testutils:/home/robot/ws_moveit2/install/moveit_resources:/home/robot/ws_moveit2/install/myrobot_moveit_config:/home/robot/ws_moveit2/install/moveit_runtime:/home/robot/ws_moveit2/install/moveit2_tutorials:/home/robot/ws_moveit2/install/moveit:/home/robot/ws_moveit2/install/moveit_planners:/home/robot/ws_moveit2/install/pilz_industrial_motion_planner:/home/robot/ws_moveit2/install/myrobot_hello_moveit:/home/robot/ws_moveit2/install/mtc_tutorial:/home/robot/ws_moveit2/install/hello_moveit:/home/robot/ws_moveit2/install/moveit_visual_tools:/home/robot/ws_moveit2/install/moveit_task_constructor_visualization:/home/robot/ws_moveit2/install/moveit_task_constructor_demo:/home/robot/ws_moveit2/install/moveit_task_constructor_capabilities:/home/robot/ws_moveit2/install/moveit_task_constructor_core:/home/robot/ws_moveit2/install/moveit_ros_control_interface:/home/robot/ws_moveit2/install/moveit_plugins:/home/robot/ws_moveit2/install/moveit_simple_controller_manager:/home/robot/ws_moveit2/install/moveit_setup_assistant:/home/robot/ws_moveit2/install/moveit_setup_srdf_plugins:/home/robot/ws_moveit2/install/moveit_setup_core_plugins:/home/robot/ws_moveit2/install/moveit_setup_controllers:/home/robot/ws_moveit2/install/moveit_setup_app_plugins:/home/robot/ws_moveit2/install/moveit_setup_framework:/home/robot/ws_moveit2/install/moveit_servo:/home/robot/ws_moveit2/install/moveit_ros:/home/robot/ws_moveit2/install/moveit_ros_visualization:/home/robot/ws_moveit2/install/moveit_hybrid_planning:/home/robot/ws_moveit2/install/moveit_ros_planning_interface:/home/robot/ws_moveit2/install/moveit_ros_benchmarks:/home/robot/ws_moveit2/install/moveit_ros_warehouse:/home/robot/ws_moveit2/install/moveit_ros_robot_interaction:/home/robot/ws_moveit2/install/moveit_ros_perception:/home/robot/ws_moveit2/install/moveit_resources_prbt_pg70_support:/home/robot/ws_moveit2/install/moveit_resources_prbt_moveit_config:/home/robot/ws_moveit2/install/moveit_ros_move_group:/home/robot/ws_moveit2/install/moveit_planners_ompl:/home/robot/ws_moveit2/install/moveit_ros_planning:/home/robot/ws_moveit2/install/moveit_ros_occupancy_map_monitor:/home/robot/ws_moveit2/install/moveit_resources_prbt_ikfast_manipulator_plugin:/home/robot/ws_moveit2/install/moveit_planners_chomp:/home/robot/ws_moveit2/install/moveit_kinematics:/home/robot/ws_moveit2/install/moveit_chomp_optimizer_adapter:/home/robot/ws_moveit2/install/chomp_motion_planner:/home/robot/ws_moveit2/install/moveit_core:/home/robot/ws_moveit2/install/rviz_marker_tools:/home/robot/ws_moveit2/install/rosparam_shortcuts:/home/robot/ws_moveit2/install/my_6DOF_roboticarm:/home/robot/ws_moveit2/install/moveit_task_constructor_msgs:/home/robot/ws_moveit2/install/moveit_resources_prbt_support:/home/robot/ws_moveit2/install/moveit_resources_myrobot_description:/home/robot/ws_moveit2/install/moveit_resources_fanuc_moveit_config:/home/robot/ws_moveit2/install/moveit_resources_fanuc_description:/home/robot/ros2_ws/install/my_robot_bringup:/home/robot/ros2_ws/install/my_robot_interfaces:/home/robot/ros2_ws/install/my_robot_firstrobot:/home/robot/ros2_ws/install/my_robot_first_roboticarm:/home/robot/ros2_ws/install/my_cpp_pkg:/home/robot/turtlebot_ws/install/turtlebot3_simulations:/home/robot/turtlebot_ws/install/turtlebot3_gazebo:/home/robot/turtlebot_ws/install/turtlebot3_fake_node:/home/robot/ws_moveit2/install/moveit_configs_utils:/home/robot/ws_moveit2/install/launch_param_builder:/home/robot/ros2_ws/install/my_turtlesim_project:/home/robot/ros2_ws/install/my_robot_first_servo_control:/home/robot/ros2_ws/install/my_py_pkg:/home/robot/ros2_ws/install/lifecycle_py:/home/robot/ros2_ws/install/course3_project:/home/robot/ros2_ws/install/actions_py:/opt/ros/humble LD_LIBRARY_PATH=/home/robot/ws_moveit2/install/srdfdom/lib:/home/robot/ws_moveit2/install/pilz_industrial_motion_planner_testutils/lib:/home/robot/ws_moveit2/install/pilz_industrial_motion_planner/lib:/home/robot/ws_moveit2/install/moveit_visual_tools/lib:/home/robot/ws_moveit2/install/moveit_task_constructor_visualization/lib:/home/robot/ws_moveit2/install/moveit_task_constructor_demo/lib:/home/robot/ws_moveit2/install/moveit_task_constructor_capabilities/lib:/home/robot/ws_moveit2/install/moveit_task_constructor_core/lib:/home/robot/ws_moveit2/install/moveit_ros_control_interface/lib:/home/robot/ws_moveit2/install/moveit_simple_controller_manager/lib:/home/robot/ws_moveit2/install/moveit_setup_assistant/lib:/home/robot/ws_moveit2/install/moveit_setup_srdf_plugins/lib:/home/robot/ws_moveit2/install/moveit_setup_core_plugins/lib:/home/robot/ws_moveit2/install/moveit_setup_controllers/lib:/home/robot/ws_moveit2/install/moveit_setup_app_plugins/lib:/home/robot/ws_moveit2/install/moveit_setup_framework/lib:/home/robot/ws_moveit2/install/moveit_servo/lib:/home/robot/ws_moveit2/install/moveit_ros_visualization/lib:/home/robot/ws_moveit2/install/moveit_hybrid_planning/lib:/home/robot/ws_moveit2/install/moveit_ros_planning_interface/lib:/home/robot/ws_moveit2/install/moveit_ros_benchmarks/lib:/home/robot/ws_moveit2/install/moveit_ros_warehouse/lib:/home/robot/ws_moveit2/install/moveit_ros_robot_interaction/lib:/home/robot/ws_moveit2/install/moveit_ros_perception/lib:/home/robot/ws_moveit2/install/moveit_ros_move_group/lib:/home/robot/ws_moveit2/install/moveit_planners_ompl/lib:/home/robot/ws_moveit2/install/moveit_ros_planning/lib:/home/robot/ws_moveit2/install/moveit_ros_occupancy_map_monitor/lib:/home/robot/ws_moveit2/install/moveit_resources_prbt_ikfast_manipulator_plugin/lib:/home/robot/ws_moveit2/install/moveit_planners_chomp/lib:/home/robot/ws_moveit2/install/moveit_kinematics/lib:/home/robot/ws_moveit2/install/moveit_chomp_optimizer_adapter/lib:/home/robot/ws_moveit2/install/chomp_motion_planner/lib:/home/robot/ws_moveit2/install/moveit_core/lib:/home/robot/ws_moveit2/install/rviz_marker_tools/lib:/home/robot/ws_moveit2/install/rosparam_shortcuts/lib:/home/robot/ws_moveit2/install/moveit_task_constructor_msgs/lib:/home/robot/ros2_ws/install/my_robot_interfaces/lib:/usr/lib/x86_64-linux-gnu/gazebo-11/plugins:/opt/ros/humble/opt/rviz_ogre_vendor/lib:/opt/ros/humble/lib/x86_64-linux-gnu:/opt/ros/humble/lib:/usr/share/gazebo/../../lib/x86_64-linux-gnu/gazebo-11/plugins /home/robot/.local/bin/cmake --build /home/robot/ws_moveit2/build/moveit_core -- -j6 -l6
[0.304s] [  1%] Built target moveit_transforms
[0.339s] [  2%] Built target gtest
[0.430s] [  3%] Built target gtest_main
[0.555s] [  5%] Built target gmock
[0.668s] [  6%] Built target gmock_main
[0.807s] [  7%] Built target moveit_smoothing_base
[0.910s] [  8%] Built target moveit_butterworth_parameters
[1.041s] [  9%] Built target test_transforms
[1.155s] [ 11%] Built target moveit_version
[1.203s] [ 13%] Built target moveit_utils
[1.263s] [ 15%] Built target moveit_distance_field
[1.324s] [ 16%] Built target moveit_kinematics_base
[1.414s] [ 17%] Built target test_distance_field
[1.501s] [ 18%] Built target test_voxel_grid
[1.570s] [ 19%] Built target moveit_exceptions
[1.801s] [ 26%] Built target moveit_robot_model
[1.914s] [ 29%] Built target moveit_robot_state
[1.968s] [ 30%] Built target moveit_butterworth_filter
[2.118s] [ 31%] Built target moveit_kinematics_metrics
[2.288s] [ 32%] Built target test_butterworth_filter
[2.481s] [ 34%] Built target moveit_dynamics_solver
[2.639s] [ 35%] Built target moveit_robot_trajectory
[2.742s] [ 41%] Built target moveit_collision_detection
[2.808s] [ 43%] Built target moveit_planning_interface
[2.893s] [ 45%] Built target test_world_diff
[3.022s] [ 46%] Built target test_all_valid
[3.213s] [ 51%] Built target moveit_collision_detection_bullet
[3.254s] [ 52%] Built target test_world
[3.316s] [ 54%] Built target moveit_collision_detection_fcl
[3.504s] [ 58%] Built target moveit_trajectory_processing
[3.595s] [ 60%] Built target moveit_kinematic_constraints
[3.689s] [ 61%] Built target moveit_test_utils
[3.885s] [ 62%] Built target moveit_planning_scene
[3.934s] [ 63%] Built target test_robot_state_benchmark
[3.988s] [ 64%] Built target test_robot_state_complex
[4.064s] [ 65%] Built target test_aabb
[4.142s] [ 66%] Built target test_cartesian_interpolator
[4.230s] [ 67%] Built target test_robot_trajectory
[4.297s] [ 68%] Built target test_time_parameterization
[4.372s] [ 70%] Built target test_time_optimal_trajectory_generation
[4.554s] [ 71%] Built target test_ruckig_traj_smoothing
[4.717s] [ 72%] Built target collision_detector_bullet_plugin
[4.845s] [ 73%] Built target test_bullet_collision_detection
[4.920s] [ 74%] Built target test_bullet_collision_detection_panda
[4.975s] [ 76%] Built target test_bullet_continuous_collision_checking
[5.030s] [ 77%] Built target collision_detector_fcl_plugin
[5.096s] [ 79%] Built target test_fcl_collision_env
[5.263s] [ 80%] Built target test_fcl_collision_detection
[5.414s] [ 81%] Built target test_fcl_collision_detection_panda
[5.558s] [ 84%] Built target moveit_collision_distance_field
[5.718s] [ 87%] Built target moveit_constraint_samplers
[5.885s] [ 88%] Built target moveit_planning_request_adapter
[5.942s] [ 89%] Built target test_planning_scene
[6.001s] [ 90%] Built target test_collision_objects
[6.155s] [ 91%] Built target test_multi_threaded
[6.328s] [ 92%] Built target test_collision_distance_field
[6.531s] [ 95%] Built target test_constraint_samplers
[6.694s] [ 97%] Built target test_robot_state
[6.789s] [ 98%] Built target test_robot_model
[6.883s] [ 99%] Built target test_orientation_constraints
[6.980s] [100%] Built target test_constraints
[7.055s] Invoked command in '/home/robot/ws_moveit2/build/moveit_core' returned '0': CMAKE_PREFIX_PATH=/home/robot/ws_moveit2/install/moveit_resources_panda_moveit_config:/home/robot/ws_moveit2/install/srdfdom:/home/robot/ws_moveit2/install/moveit_resources_pr2_description:/home/robot/ws_moveit2/install/moveit_resources_panda_description:/home/robot/ws_moveit2/install/moveit_common:/home/robot/ws_moveit2/install/pilz_industrial_motion_planner_testutils:/home/robot/ws_moveit2/install/moveit_resources:/home/robot/ws_moveit2/install/myrobot_moveit_config:/home/robot/ws_moveit2/install/moveit_runtime:/home/robot/ws_moveit2/install/moveit2_tutorials:/home/robot/ws_moveit2/install/moveit:/home/robot/ws_moveit2/install/moveit_planners:/home/robot/ws_moveit2/install/pilz_industrial_motion_planner:/home/robot/ws_moveit2/install/myrobot_hello_moveit:/home/robot/ws_moveit2/install/mtc_tutorial:/home/robot/ws_moveit2/install/hello_moveit:/home/robot/ws_moveit2/install/moveit_visual_tools:/home/robot/ws_moveit2/install/moveit_task_constructor_visualization:/home/robot/ws_moveit2/install/moveit_task_constructor_demo:/home/robot/ws_moveit2/install/moveit_task_constructor_capabilities:/home/robot/ws_moveit2/install/moveit_task_constructor_core:/home/robot/ws_moveit2/install/moveit_ros_control_interface:/home/robot/ws_moveit2/install/moveit_plugins:/home/robot/ws_moveit2/install/moveit_simple_controller_manager:/home/robot/ws_moveit2/install/moveit_setup_assistant:/home/robot/ws_moveit2/install/moveit_setup_srdf_plugins:/home/robot/ws_moveit2/install/moveit_setup_core_plugins:/home/robot/ws_moveit2/install/moveit_setup_controllers:/home/robot/ws_moveit2/install/moveit_setup_app_plugins:/home/robot/ws_moveit2/install/moveit_setup_framework:/home/robot/ws_moveit2/install/moveit_servo:/home/robot/ws_moveit2/install/moveit_ros:/home/robot/ws_moveit2/install/moveit_ros_visualization:/home/robot/ws_moveit2/install/moveit_hybrid_planning:/home/robot/ws_moveit2/install/moveit_ros_planning_interface:/home/robot/ws_moveit2/install/moveit_ros_benchmarks:/home/robot/ws_moveit2/install/moveit_ros_warehouse:/home/robot/ws_moveit2/install/moveit_ros_robot_interaction:/home/robot/ws_moveit2/install/moveit_ros_perception:/home/robot/ws_moveit2/install/moveit_resources_prbt_pg70_support:/home/robot/ws_moveit2/install/moveit_resources_prbt_moveit_config:/home/robot/ws_moveit2/install/moveit_ros_move_group:/home/robot/ws_moveit2/install/moveit_planners_ompl:/home/robot/ws_moveit2/install/moveit_ros_planning:/home/robot/ws_moveit2/install/moveit_ros_occupancy_map_monitor:/home/robot/ws_moveit2/install/moveit_resources_prbt_ikfast_manipulator_plugin:/home/robot/ws_moveit2/install/moveit_planners_chomp:/home/robot/ws_moveit2/install/moveit_kinematics:/home/robot/ws_moveit2/install/moveit_chomp_optimizer_adapter:/home/robot/ws_moveit2/install/chomp_motion_planner:/home/robot/ws_moveit2/install/moveit_core:/home/robot/ws_moveit2/install/rviz_marker_tools:/home/robot/ws_moveit2/install/rosparam_shortcuts:/home/robot/ws_moveit2/install/my_6DOF_roboticarm:/home/robot/ws_moveit2/install/moveit_task_constructor_msgs:/home/robot/ws_moveit2/install/moveit_resources_prbt_support:/home/robot/ws_moveit2/install/moveit_resources_myrobot_description:/home/robot/ws_moveit2/install/moveit_resources_fanuc_moveit_config:/home/robot/ws_moveit2/install/moveit_resources_fanuc_description:/home/robot/ros2_ws/install/my_robot_bringup:/home/robot/ros2_ws/install/my_robot_interfaces:/home/robot/ros2_ws/install/my_robot_firstrobot:/home/robot/ros2_ws/install/my_robot_first_roboticarm:/home/robot/ros2_ws/install/my_cpp_pkg:/home/robot/turtlebot_ws/install/turtlebot3_simulations:/home/robot/turtlebot_ws/install/turtlebot3_gazebo:/home/robot/turtlebot_ws/install/turtlebot3_fake_node:/home/robot/ws_moveit2/install/moveit_configs_utils:/home/robot/ws_moveit2/install/launch_param_builder:/home/robot/ros2_ws/install/my_turtlesim_project:/home/robot/ros2_ws/install/my_robot_first_servo_control:/home/robot/ros2_ws/install/my_py_pkg:/home/robot/ros2_ws/install/lifecycle_py:/home/robot/ros2_ws/install/course3_project:/home/robot/ros2_ws/install/actions_py:/opt/ros/humble LD_LIBRARY_PATH=/home/robot/ws_moveit2/install/srdfdom/lib:/home/robot/ws_moveit2/install/pilz_industrial_motion_planner_testutils/lib:/home/robot/ws_moveit2/install/pilz_industrial_motion_planner/lib:/home/robot/ws_moveit2/install/moveit_visual_tools/lib:/home/robot/ws_moveit2/install/moveit_task_constructor_visualization/lib:/home/robot/ws_moveit2/install/moveit_task_constructor_demo/lib:/home/robot/ws_moveit2/install/moveit_task_constructor_capabilities/lib:/home/robot/ws_moveit2/install/moveit_task_constructor_core/lib:/home/robot/ws_moveit2/install/moveit_ros_control_interface/lib:/home/robot/ws_moveit2/install/moveit_simple_controller_manager/lib:/home/robot/ws_moveit2/install/moveit_setup_assistant/lib:/home/robot/ws_moveit2/install/moveit_setup_srdf_plugins/lib:/home/robot/ws_moveit2/install/moveit_setup_core_plugins/lib:/home/robot/ws_moveit2/install/moveit_setup_controllers/lib:/home/robot/ws_moveit2/install/moveit_setup_app_plugins/lib:/home/robot/ws_moveit2/install/moveit_setup_framework/lib:/home/robot/ws_moveit2/install/moveit_servo/lib:/home/robot/ws_moveit2/install/moveit_ros_visualization/lib:/home/robot/ws_moveit2/install/moveit_hybrid_planning/lib:/home/robot/ws_moveit2/install/moveit_ros_planning_interface/lib:/home/robot/ws_moveit2/install/moveit_ros_benchmarks/lib:/home/robot/ws_moveit2/install/moveit_ros_warehouse/lib:/home/robot/ws_moveit2/install/moveit_ros_robot_interaction/lib:/home/robot/ws_moveit2/install/moveit_ros_perception/lib:/home/robot/ws_moveit2/install/moveit_ros_move_group/lib:/home/robot/ws_moveit2/install/moveit_planners_ompl/lib:/home/robot/ws_moveit2/install/moveit_ros_planning/lib:/home/robot/ws_moveit2/install/moveit_ros_occupancy_map_monitor/lib:/home/robot/ws_moveit2/install/moveit_resources_prbt_ikfast_manipulator_plugin/lib:/home/robot/ws_moveit2/install/moveit_planners_chomp/lib:/home/robot/ws_moveit2/install/moveit_kinematics/lib:/home/robot/ws_moveit2/install/moveit_chomp_optimizer_adapter/lib:/home/robot/ws_moveit2/install/chomp_motion_planner/lib:/home/robot/ws_moveit2/install/moveit_core/lib:/home/robot/ws_moveit2/install/rviz_marker_tools/lib:/home/robot/ws_moveit2/install/rosparam_shortcuts/lib:/home/robot/ws_moveit2/install/moveit_task_constructor_msgs/lib:/home/robot/ros2_ws/install/my_robot_interfaces/lib:/usr/lib/x86_64-linux-gnu/gazebo-11/plugins:/opt/ros/humble/opt/rviz_ogre_vendor/lib:/opt/ros/humble/lib/x86_64-linux-gnu:/opt/ros/humble/lib:/usr/share/gazebo/../../lib/x86_64-linux-gnu/gazebo-11/plugins /home/robot/.local/bin/cmake --build /home/robot/ws_moveit2/build/moveit_core -- -j6 -l6
[8.001s] Invoking command in '/home/robot/ws_moveit2/build/moveit_core': CMAKE_PREFIX_PATH=/home/robot/ws_moveit2/install/moveit_resources_panda_moveit_config:/home/robot/ws_moveit2/install/srdfdom:/home/robot/ws_moveit2/install/moveit_resources_pr2_description:/home/robot/ws_moveit2/install/moveit_resources_panda_description:/home/robot/ws_moveit2/install/moveit_common:/home/robot/ws_moveit2/install/pilz_industrial_motion_planner_testutils:/home/robot/ws_moveit2/install/moveit_resources:/home/robot/ws_moveit2/install/myrobot_moveit_config:/home/robot/ws_moveit2/install/moveit_runtime:/home/robot/ws_moveit2/install/moveit2_tutorials:/home/robot/ws_moveit2/install/moveit:/home/robot/ws_moveit2/install/moveit_planners:/home/robot/ws_moveit2/install/pilz_industrial_motion_planner:/home/robot/ws_moveit2/install/myrobot_hello_moveit:/home/robot/ws_moveit2/install/mtc_tutorial:/home/robot/ws_moveit2/install/hello_moveit:/home/robot/ws_moveit2/install/moveit_visual_tools:/home/robot/ws_moveit2/install/moveit_task_constructor_visualization:/home/robot/ws_moveit2/install/moveit_task_constructor_demo:/home/robot/ws_moveit2/install/moveit_task_constructor_capabilities:/home/robot/ws_moveit2/install/moveit_task_constructor_core:/home/robot/ws_moveit2/install/moveit_ros_control_interface:/home/robot/ws_moveit2/install/moveit_plugins:/home/robot/ws_moveit2/install/moveit_simple_controller_manager:/home/robot/ws_moveit2/install/moveit_setup_assistant:/home/robot/ws_moveit2/install/moveit_setup_srdf_plugins:/home/robot/ws_moveit2/install/moveit_setup_core_plugins:/home/robot/ws_moveit2/install/moveit_setup_controllers:/home/robot/ws_moveit2/install/moveit_setup_app_plugins:/home/robot/ws_moveit2/install/moveit_setup_framework:/home/robot/ws_moveit2/install/moveit_servo:/home/robot/ws_moveit2/install/moveit_ros:/home/robot/ws_moveit2/install/moveit_ros_visualization:/home/robot/ws_moveit2/install/moveit_hybrid_planning:/home/robot/ws_moveit2/install/moveit_ros_planning_interface:/home/robot/ws_moveit2/install/moveit_ros_benchmarks:/home/robot/ws_moveit2/install/moveit_ros_warehouse:/home/robot/ws_moveit2/install/moveit_ros_robot_interaction:/home/robot/ws_moveit2/install/moveit_ros_perception:/home/robot/ws_moveit2/install/moveit_resources_prbt_pg70_support:/home/robot/ws_moveit2/install/moveit_resources_prbt_moveit_config:/home/robot/ws_moveit2/install/moveit_ros_move_group:/home/robot/ws_moveit2/install/moveit_planners_ompl:/home/robot/ws_moveit2/install/moveit_ros_planning:/home/robot/ws_moveit2/install/moveit_ros_occupancy_map_monitor:/home/robot/ws_moveit2/install/moveit_resources_prbt_ikfast_manipulator_plugin:/home/robot/ws_moveit2/install/moveit_planners_chomp:/home/robot/ws_moveit2/install/moveit_kinematics:/home/robot/ws_moveit2/install/moveit_chomp_optimizer_adapter:/home/robot/ws_moveit2/install/chomp_motion_planner:/home/robot/ws_moveit2/install/moveit_core:/home/robot/ws_moveit2/install/rviz_marker_tools:/home/robot/ws_moveit2/install/rosparam_shortcuts:/home/robot/ws_moveit2/install/my_6DOF_roboticarm:/home/robot/ws_moveit2/install/moveit_task_constructor_msgs:/home/robot/ws_moveit2/install/moveit_resources_prbt_support:/home/robot/ws_moveit2/install/moveit_resources_myrobot_description:/home/robot/ws_moveit2/install/moveit_resources_fanuc_moveit_config:/home/robot/ws_moveit2/install/moveit_resources_fanuc_description:/home/robot/ros2_ws/install/my_robot_bringup:/home/robot/ros2_ws/install/my_robot_interfaces:/home/robot/ros2_ws/install/my_robot_firstrobot:/home/robot/ros2_ws/install/my_robot_first_roboticarm:/home/robot/ros2_ws/install/my_cpp_pkg:/home/robot/turtlebot_ws/install/turtlebot3_simulations:/home/robot/turtlebot_ws/install/turtlebot3_gazebo:/home/robot/turtlebot_ws/install/turtlebot3_fake_node:/home/robot/ws_moveit2/install/moveit_configs_utils:/home/robot/ws_moveit2/install/launch_param_builder:/home/robot/ros2_ws/install/my_turtlesim_project:/home/robot/ros2_ws/install/my_robot_first_servo_control:/home/robot/ros2_ws/install/my_py_pkg:/home/robot/ros2_ws/install/lifecycle_py:/home/robot/ros2_ws/install/course3_project:/home/robot/ros2_ws/install/actions_py:/opt/ros/humble LD_LIBRARY_PATH=/home/robot/ws_moveit2/install/srdfdom/lib:/home/robot/ws_moveit2/install/pilz_industrial_motion_planner_testutils/lib:/home/robot/ws_moveit2/install/pilz_industrial_motion_planner/lib:/home/robot/ws_moveit2/install/moveit_visual_tools/lib:/home/robot/ws_moveit2/install/moveit_task_constructor_visualization/lib:/home/robot/ws_moveit2/install/moveit_task_constructor_demo/lib:/home/robot/ws_moveit2/install/moveit_task_constructor_capabilities/lib:/home/robot/ws_moveit2/install/moveit_task_constructor_core/lib:/home/robot/ws_moveit2/install/moveit_ros_control_interface/lib:/home/robot/ws_moveit2/install/moveit_simple_controller_manager/lib:/home/robot/ws_moveit2/install/moveit_setup_assistant/lib:/home/robot/ws_moveit2/install/moveit_setup_srdf_plugins/lib:/home/robot/ws_moveit2/install/moveit_setup_core_plugins/lib:/home/robot/ws_moveit2/install/moveit_setup_controllers/lib:/home/robot/ws_moveit2/install/moveit_setup_app_plugins/lib:/home/robot/ws_moveit2/install/moveit_setup_framework/lib:/home/robot/ws_moveit2/install/moveit_servo/lib:/home/robot/ws_moveit2/install/moveit_ros_visualization/lib:/home/robot/ws_moveit2/install/moveit_hybrid_planning/lib:/home/robot/ws_moveit2/install/moveit_ros_planning_interface/lib:/home/robot/ws_moveit2/install/moveit_ros_benchmarks/lib:/home/robot/ws_moveit2/install/moveit_ros_warehouse/lib:/home/robot/ws_moveit2/install/moveit_ros_robot_interaction/lib:/home/robot/ws_moveit2/install/moveit_ros_perception/lib:/home/robot/ws_moveit2/install/moveit_ros_move_group/lib:/home/robot/ws_moveit2/install/moveit_planners_ompl/lib:/home/robot/ws_moveit2/install/moveit_ros_planning/lib:/home/robot/ws_moveit2/install/moveit_ros_occupancy_map_monitor/lib:/home/robot/ws_moveit2/install/moveit_resources_prbt_ikfast_manipulator_plugin/lib:/home/robot/ws_moveit2/install/moveit_planners_chomp/lib:/home/robot/ws_moveit2/install/moveit_kinematics/lib:/home/robot/ws_moveit2/install/moveit_chomp_optimizer_adapter/lib:/home/robot/ws_moveit2/install/chomp_motion_planner/lib:/home/robot/ws_moveit2/install/moveit_core/lib:/home/robot/ws_moveit2/install/rviz_marker_tools/lib:/home/robot/ws_moveit2/install/rosparam_shortcuts/lib:/home/robot/ws_moveit2/install/moveit_task_constructor_msgs/lib:/home/robot/ros2_ws/install/my_robot_interfaces/lib:/usr/lib/x86_64-linux-gnu/gazebo-11/plugins:/opt/ros/humble/opt/rviz_ogre_vendor/lib:/opt/ros/humble/lib/x86_64-linux-gnu:/opt/ros/humble/lib:/usr/share/gazebo/../../lib/x86_64-linux-gnu/gazebo-11/plugins /home/robot/.local/bin/cmake --install /home/robot/ws_moveit2/build/moveit_core
[8.132s] -- Install configuration: "Release"
[8.132s] -- Up-to-date: /home/robot/ws_moveit2/install/moveit_core/include/moveit/version.h
[8.133s] -- Up-to-date: /home/robot/ws_moveit2/install/moveit_core/include
[8.133s] -- Up-to-date: /home/robot/ws_moveit2/install/moveit_core/include/moveit
[8.133s] -- Up-to-date: /home/robot/ws_moveit2/install/moveit_core/include/moveit/collision_distance_field
[8.133s] -- Up-to-date: /home/robot/ws_moveit2/install/moveit_core/include/moveit/collision_distance_field/collision_detector_allocator_hybrid.h
[8.134s] -- Up-to-date: /home/robot/ws_moveit2/install/moveit_core/include/moveit/collision_distance_field/collision_distance_field_types.h
[8.134s] -- Up-to-date: /home/robot/ws_moveit2/install/moveit_core/include/moveit/collision_distance_field/collision_common_distance_field.h
[8.134s] -- Up-to-date: /home/robot/ws_moveit2/install/moveit_core/include/moveit/collision_distance_field/collision_env_hybrid.h
[8.134s] -- Up-to-date: /home/robot/ws_moveit2/install/moveit_core/include/moveit/collision_distance_field/collision_detector_allocator_distance_field.h
[8.134s] -- Up-to-date: /home/robot/ws_moveit2/install/moveit_core/include/moveit/collision_distance_field/collision_env_distance_field.h
[8.134s] -- Up-to-date: /home/robot/ws_moveit2/install/moveit_core/include/moveit_collision_distance_field_export.h
[8.134s] -- Up-to-date: /home/robot/ws_moveit2/install/moveit_core/include
[8.134s] -- Up-to-date: /home/robot/ws_moveit2/install/moveit_core/include/moveit
[8.134s] -- Up-to-date: /home/robot/ws_moveit2/install/moveit_core/include/moveit/constraint_samplers
[8.134s] -- Up-to-date: /home/robot/ws_moveit2/install/moveit_core/include/moveit/constraint_samplers/constraint_sampler_tools.h
[8.134s] -- Up-to-date: /home/robot/ws_moveit2/install/moveit_core/include/moveit/constraint_samplers/union_constraint_sampler.h
[8.134s] -- Up-to-date: /home/robot/ws_moveit2/install/moveit_core/include/moveit/constraint_samplers/default_constraint_samplers.h
[8.138s] -- Up-to-date: /home/robot/ws_moveit2/install/moveit_core/include/moveit/constraint_samplers/constraint_sampler_manager.h
[8.139s] -- Up-to-date: /home/robot/ws_moveit2/install/moveit_core/include/moveit/constraint_samplers/constraint_sampler.h
[8.139s] -- Up-to-date: /home/robot/ws_moveit2/install/moveit_core/include/moveit/constraint_samplers/constraint_sampler_allocator.h
[8.139s] -- Up-to-date: /home/robot/ws_moveit2/install/moveit_core/include
[8.139s] -- Up-to-date: /home/robot/ws_moveit2/install/moveit_core/include/moveit
[8.139s] -- Up-to-date: /home/robot/ws_moveit2/install/moveit_core/include/moveit/controller_manager
[8.140s] -- Up-to-date: /home/robot/ws_moveit2/install/moveit_core/include/moveit/controller_manager/controller_manager.h
[8.140s] -- Up-to-date: /home/robot/ws_moveit2/install/moveit_core/include
[8.140s] -- Up-to-date: /home/robot/ws_moveit2/install/moveit_core/include/moveit
[8.140s] -- Up-to-date: /home/robot/ws_moveit2/install/moveit_core/include/moveit/distance_field
[8.140s] -- Up-to-date: /home/robot/ws_moveit2/install/moveit_core/include/moveit/distance_field/find_internal_points.h
[8.141s] -- Up-to-date: /home/robot/ws_moveit2/install/moveit_core/include/moveit/distance_field/distance_field.h
[8.141s] -- Up-to-date: /home/robot/ws_moveit2/install/moveit_core/include/moveit/distance_field/voxel_grid.h
[8.141s] -- Up-to-date: /home/robot/ws_moveit2/install/moveit_core/include/moveit/distance_field/propagation_distance_field.h
[8.142s] -- Up-to-date: /home/robot/ws_moveit2/install/moveit_core/include
[8.142s] -- Up-to-date: /home/robot/ws_moveit2/install/moveit_core/include/moveit
[8.142s] -- Up-to-date: /home/robot/ws_moveit2/install/moveit_core/include/moveit/dynamics_solver
[8.143s] -- Up-to-date: /home/robot/ws_moveit2/install/moveit_core/include/moveit/dynamics_solver/dynamics_solver.h
[8.143s] -- Up-to-date: /home/robot/ws_moveit2/install/moveit_core/include
[8.143s] -- Up-to-date: /home/robot/ws_moveit2/install/moveit_core/include/moveit
[8.143s] -- Up-to-date: /home/robot/ws_moveit2/install/moveit_core/include/moveit/exceptions
[8.144s] -- Up-to-date: /home/robot/ws_moveit2/install/moveit_core/include/moveit/exceptions/exceptions.h
[8.144s] -- Up-to-date: /home/robot/ws_moveit2/install/moveit_core/include
[8.144s] -- Up-to-date: /home/robot/ws_moveit2/install/moveit_core/include/moveit
[8.144s] -- Up-to-date: /home/robot/ws_moveit2/install/moveit_core/include/moveit/kinematics_base
[8.145s] -- Up-to-date: /home/robot/ws_moveit2/install/moveit_core/include/moveit/kinematics_base/kinematics_base.h
[8.145s] -- Up-to-date: /home/robot/ws_moveit2/install/moveit_core/include/moveit_kinematics_base_export.h
[8.145s] -- Up-to-date: /home/robot/ws_moveit2/install/moveit_core/include
[8.145s] -- Up-to-date: /home/robot/ws_moveit2/install/moveit_core/include/moveit
[8.146s] -- Up-to-date: /home/robot/ws_moveit2/install/moveit_core/include/moveit/kinematic_constraints
[8.146s] -- Up-to-date: /home/robot/ws_moveit2/install/moveit_core/include/moveit/kinematic_constraints/utils.h
[8.146s] -- Up-to-date: /home/robot/ws_moveit2/install/moveit_core/include/moveit/kinematic_constraints/kinematic_constraint.h
[8.146s] -- Up-to-date: /home/robot/ws_moveit2/install/moveit_core/include
[8.146s] -- Up-to-date: /home/robot/ws_moveit2/install/moveit_core/include/moveit
[8.147s] -- Up-to-date: /home/robot/ws_moveit2/install/moveit_core/include/moveit/kinematics_metrics
[8.147s] -- Up-to-date: /home/robot/ws_moveit2/install/moveit_core/include/moveit/kinematics_metrics/kinematics_metrics.h
[8.147s] -- Up-to-date: /home/robot/ws_moveit2/install/moveit_core/include
[8.147s] -- Up-to-date: /home/robot/ws_moveit2/install/moveit_core/include/moveit
[8.148s] -- Up-to-date: /home/robot/ws_moveit2/install/moveit_core/include/moveit/macros
[8.148s] -- Up-to-date: /home/robot/ws_moveit2/install/moveit_core/include/moveit/macros/deprecation.h
[8.148s] -- Up-to-date: /home/robot/ws_moveit2/install/moveit_core/include/moveit/macros/console_colors.h
[8.148s] -- Up-to-date: /home/robot/ws_moveit2/install/moveit_core/include/moveit/macros/class_forward.h
[8.148s] -- Up-to-date: /home/robot/ws_moveit2/install/moveit_core/include/moveit/macros/declare_ptr.h
[8.148s] -- Up-to-date: /home/robot/ws_moveit2/install/moveit_core/include/moveit_butterworth_parameters
[8.148s] -- Up-to-date: /home/robot/ws_moveit2/install/moveit_core/include/moveit_butterworth_parameters/moveit_butterworth_parameters.hpp
[8.149s] -- Up-to-date: /home/robot/ws_moveit2/install/moveit_core/include
[8.149s] -- Up-to-date: /home/robot/ws_moveit2/install/moveit_core/include/moveit
[8.149s] -- Up-to-date: /home/robot/ws_moveit2/install/moveit_core/include/moveit/online_signal_smoothing
[8.149s] -- Up-to-date: /home/robot/ws_moveit2/install/moveit_core/include/moveit/online_signal_smoothing/smoothing_base_class.h
[8.150s] -- Up-to-date: /home/robot/ws_moveit2/install/moveit_core/include/moveit/online_signal_smoothing/butterworth_filter.h
[8.150s] -- Up-to-date: /home/robot/ws_moveit2/install/moveit_core/include/moveit_smoothing_base_export.h
[8.150s] -- Up-to-date: /home/robot/ws_moveit2/install/moveit_core/include/moveit_butterworth_filter_export.h
[8.150s] -- Up-to-date: /home/robot/ws_moveit2/install/moveit_core/include
[8.151s] -- Up-to-date: /home/robot/ws_moveit2/install/moveit_core/include/moveit
[8.151s] -- Up-to-date: /home/robot/ws_moveit2/install/moveit_core/include/moveit/planning_interface
[8.151s] -- Up-to-date: /home/robot/ws_moveit2/install/moveit_core/include/moveit/planning_interface/planning_interface.h
[8.152s] -- Up-to-date: /home/robot/ws_moveit2/install/moveit_core/include/moveit/planning_interface/planning_request.h
[8.152s] -- Up-to-date: /home/robot/ws_moveit2/install/moveit_core/include/moveit/planning_interface/planning_response.h
[8.152s] -- Up-to-date: /home/robot/ws_moveit2/install/moveit_core/include
[8.152s] -- Up-to-date: /home/robot/ws_moveit2/install/moveit_core/include/moveit
[8.152s] -- Up-to-date: /home/robot/ws_moveit2/install/moveit_core/include/moveit/planning_request_adapter
[8.153s] -- Up-to-date: /home/robot/ws_moveit2/install/moveit_core/include/moveit/planning_request_adapter/planning_request_adapter.h
[8.153s] -- Up-to-date: /home/robot/ws_moveit2/install/moveit_core/include
[8.153s] -- Up-to-date: /home/robot/ws_moveit2/install/moveit_core/include/moveit
[8.153s] -- Up-to-date: /home/robot/ws_moveit2/install/moveit_core/include/moveit/planning_scene
[8.153s] -- Up-to-date: /home/robot/ws_moveit2/install/moveit_core/include/moveit/planning_scene/planning_scene.h
[8.153s] -- Up-to-date: /home/robot/ws_moveit2/install/moveit_core/include/moveit_planning_scene_export.h
[8.154s] -- Up-to-date: /home/robot/ws_moveit2/install/moveit_core/include
[8.154s] -- Up-to-date: /home/robot/ws_moveit2/install/moveit_core/include/moveit
[8.154s] -- Up-to-date: /home/robot/ws_moveit2/install/moveit_core/include/moveit/robot_model
[8.154s] -- Up-to-date: /home/robot/ws_moveit2/install/moveit_core/include/moveit/robot_model/fixed_joint_model.h
[8.154s] -- Up-to-date: /home/robot/ws_moveit2/install/moveit_core/include/moveit/robot_model/joint_model_group.h
[8.154s] -- Up-to-date: /home/robot/ws_moveit2/install/moveit_core/include/moveit/robot_model/floating_joint_model.h
[8.154s] -- Up-to-date: /home/robot/ws_moveit2/install/moveit_core/include/moveit/robot_model/revolute_joint_model.h
[8.154s] -- Up-to-date: /home/robot/ws_moveit2/install/moveit_core/include/moveit/robot_model/aabb.h
[8.155s] -- Up-to-date: /home/robot/ws_moveit2/install/moveit_core/include/moveit/robot_model/link_model.h
[8.155s] -- Up-to-date: /home/robot/ws_moveit2/install/moveit_core/include/moveit/robot_model/planar_joint_model.h
[8.155s] -- Up-to-date: /home/robot/ws_moveit2/install/moveit_core/include/moveit/robot_model/robot_model.h
[8.155s] -- Up-to-date: /home/robot/ws_moveit2/install/moveit_core/include/moveit/robot_model/prismatic_joint_model.h
[8.155s] -- Up-to-date: /home/robot/ws_moveit2/install/moveit_core/include/moveit/robot_model/joint_model.h
[8.155s] -- Up-to-date: /home/robot/ws_moveit2/install/moveit_core/include
[8.156s] -- Up-to-date: /home/robot/ws_moveit2/install/moveit_core/include/moveit
[8.156s] -- Up-to-date: /home/robot/ws_moveit2/install/moveit_core/include/moveit/robot_state
[8.156s] -- Up-to-date: /home/robot/ws_moveit2/install/moveit_core/include/moveit/robot_state/attached_body.h
[8.156s] -- Up-to-date: /home/robot/ws_moveit2/install/moveit_core/include/moveit/robot_state/robot_state.h
[8.156s] -- Up-to-date: /home/robot/ws_moveit2/install/moveit_core/include/moveit/robot_state/cartesian_interpolator.h
[8.156s] -- Up-to-date: /home/robot/ws_moveit2/install/moveit_core/include/moveit/robot_state/conversions.h
[8.157s] -- Up-to-date: /home/robot/ws_moveit2/install/moveit_core/include
[8.157s] -- Up-to-date: /home/robot/ws_moveit2/install/moveit_core/include/moveit
[8.157s] -- Up-to-date: /home/robot/ws_moveit2/install/moveit_core/include/moveit/robot_trajectory
[8.157s] -- Up-to-date: /home/robot/ws_moveit2/install/moveit_core/include/moveit/robot_trajectory/robot_trajectory.h
[8.157s] -- Up-to-date: /home/robot/ws_moveit2/install/moveit_core/include
[8.157s] -- Up-to-date: /home/robot/ws_moveit2/install/moveit_core/include/moveit
[8.157s] -- Up-to-date: /home/robot/ws_moveit2/install/moveit_core/include/moveit/sensor_manager
[8.158s] -- Up-to-date: /home/robot/ws_moveit2/install/moveit_core/include/moveit/sensor_manager/sensor_manager.h
[8.158s] -- Up-to-date: /home/robot/ws_moveit2/install/moveit_core/include
[8.158s] -- Up-to-date: /home/robot/ws_moveit2/install/moveit_core/include/moveit
[8.158s] -- Up-to-date: /home/robot/ws_moveit2/install/moveit_core/include/moveit/trajectory_processing
[8.158s] -- Up-to-date: /home/robot/ws_moveit2/install/moveit_core/include/moveit/trajectory_processing/ruckig_traj_smoothing.h
[8.158s] -- Up-to-date: /home/robot/ws_moveit2/install/moveit_core/include/moveit/trajectory_processing/trajectory_tools.h
[8.158s] -- Up-to-date: /home/robot/ws_moveit2/install/moveit_core/include/moveit/trajectory_processing/iterative_spline_parameterization.h
[8.159s] -- Up-to-date: /home/robot/ws_moveit2/install/moveit_core/include/moveit/trajectory_processing/iterative_time_parameterization.h
[8.159s] -- Up-to-date: /home/robot/ws_moveit2/install/moveit_core/include/moveit/trajectory_processing/time_optimal_trajectory_generation.h
[8.159s] -- Up-to-date: /home/robot/ws_moveit2/install/moveit_core/include/moveit/trajectory_processing/time_parameterization.h
[8.159s] -- Up-to-date: /home/robot/ws_moveit2/install/moveit_core/include
[8.159s] -- Up-to-date: /home/robot/ws_moveit2/install/moveit_core/include/moveit
[8.159s] -- Up-to-date: /home/robot/ws_moveit2/install/moveit_core/include/moveit/transforms
[8.159s] -- Up-to-date: /home/robot/ws_moveit2/install/moveit_core/include/moveit/transforms/transforms.h
[8.160s] -- Up-to-date: /home/robot/ws_moveit2/install/moveit_core/include
[8.160s] -- Up-to-date: /home/robot/ws_moveit2/install/moveit_core/include/moveit
[8.160s] -- Up-to-date: /home/robot/ws_moveit2/install/moveit_core/include/moveit/utils
[8.160s] -- Up-to-date: /home/robot/ws_moveit2/install/moveit_core/include/moveit/utils/message_checks.h
[8.160s] -- Up-to-date: /home/robot/ws_moveit2/install/moveit_core/include/moveit/utils/rclcpp_utils.h
[8.160s] -- Up-to-date: /home/robot/ws_moveit2/install/moveit_core/include/moveit/utils/lexical_casts.h
[8.161s] -- Up-to-date: /home/robot/ws_moveit2/install/moveit_core/include/moveit/utils/moveit_error_code.h
[8.161s] -- Up-to-date: /home/robot/ws_moveit2/install/moveit_core/include/moveit/utils/robot_model_test_utils.h
[8.161s] -- Up-to-date: /home/robot/ws_moveit2/install/moveit_core/bin/moveit_version
[8.161s] -- Up-to-date: /home/robot/ws_moveit2/install/moveit_core/include
[8.161s] -- Up-to-date: /home/robot/ws_moveit2/install/moveit_core/include/moveit
[8.161s] -- Up-to-date: /home/robot/ws_moveit2/install/moveit_core/include/moveit/collision_detection
[8.161s] -- Up-to-date: /home/robot/ws_moveit2/install/moveit_core/include/moveit/collision_detection/collision_plugin.h
[8.162s] -- Up-to-date: /home/robot/ws_moveit2/install/moveit_core/include/moveit/collision_detection/allvalid
[8.162s] -- Up-to-date: /home/robot/ws_moveit2/install/moveit_core/include/moveit/collision_detection/allvalid/collision_detector_allocator_allvalid.h
[8.162s] -- Up-to-date: /home/robot/ws_moveit2/install/moveit_core/include/moveit/collision_detection/allvalid/collision_env_allvalid.h
[8.162s] -- Up-to-date: /home/robot/ws_moveit2/install/moveit_core/include/moveit/collision_detection/test_collision_common_panda.h
[8.162s] -- Up-to-date: /home/robot/ws_moveit2/install/moveit_core/include/moveit/collision_detection/collision_common.h
[8.162s] -- Up-to-date: /home/robot/ws_moveit2/install/moveit_core/include/moveit/collision_detection/collision_matrix.h
[8.162s] -- Up-to-date: /home/robot/ws_moveit2/install/moveit_core/include/moveit/collision_detection/world_diff.h
[8.162s] -- Up-to-date: /home/robot/ws_moveit2/install/moveit_core/include/moveit/collision_detection/collision_octomap_filter.h
[8.163s] -- Up-to-date: /home/robot/ws_moveit2/install/moveit_core/include/moveit/collision_detection/collision_env.h
[8.163s] -- Up-to-date: /home/robot/ws_moveit2/install/moveit_core/include/moveit/collision_detection/collision_detector_allocator.h
[8.163s] -- Up-to-date: /home/robot/ws_moveit2/install/moveit_core/include/moveit/collision_detection/occupancy_map.h
[8.163s] -- Up-to-date: /home/robot/ws_moveit2/install/moveit_core/include/moveit/collision_detection/test_collision_common_pr2.h
[8.163s] -- Up-to-date: /home/robot/ws_moveit2/install/moveit_core/include/moveit/collision_detection/collision_tools.h
[8.163s] -- Up-to-date: /home/robot/ws_moveit2/install/moveit_core/include/moveit/collision_detection/world.h
[8.163s] -- Up-to-date: /home/robot/ws_moveit2/install/moveit_core/include/moveit/collision_detection/collision_plugin_cache.h
[8.164s] -- Up-to-date: /home/robot/ws_moveit2/install/moveit_core/include/moveit_collision_detection_export.h
[8.164s] -- Up-to-date: /home/robot/ws_moveit2/install/moveit_core/include
[8.164s] -- Up-to-date: /home/robot/ws_moveit2/install/moveit_core/include/moveit
[8.164s] -- Up-to-date: /home/robot/ws_moveit2/install/moveit_core/include/moveit/collision_detection_bullet
[8.164s] -- Up-to-date: /home/robot/ws_moveit2/install/moveit_core/include/moveit/collision_detection_bullet/collision_env_bullet.h
[8.164s] -- Up-to-date: /home/robot/ws_moveit2/install/moveit_core/include/moveit/collision_detection_bullet/collision_detector_allocator_bullet.h
[8.165s] -- Up-to-date: /home/robot/ws_moveit2/install/moveit_core/include/moveit/collision_detection_bullet/bullet_integration
[8.165s] -- Up-to-date: /home/robot/ws_moveit2/install/moveit_core/include/moveit/collision_detection_bullet/bullet_integration/basic_types.h
[8.165s] -- Up-to-date: /home/robot/ws_moveit2/install/moveit_core/include/moveit/collision_detection_bullet/bullet_integration/ros_bullet_utils.h
[8.165s] -- Up-to-date: /home/robot/ws_moveit2/install/moveit_core/include/moveit/collision_detection_bullet/bullet_integration/bullet_bvh_manager.h
[8.165s] -- Up-to-date: /home/robot/ws_moveit2/install/moveit_core/include/moveit/collision_detection_bullet/bullet_integration/bullet_cast_bvh_manager.h
[8.165s] -- Up-to-date: /home/robot/ws_moveit2/install/moveit_core/include/moveit/collision_detection_bullet/bullet_integration/contact_checker_common.h
[8.166s] -- Up-to-date: /home/robot/ws_moveit2/install/moveit_core/include/moveit/collision_detection_bullet/bullet_integration/bullet_utils.h
[8.166s] -- Up-to-date: /home/robot/ws_moveit2/install/moveit_core/include/moveit/collision_detection_bullet/bullet_integration/bullet_discrete_bvh_manager.h
[8.166s] -- Up-to-date: /home/robot/ws_moveit2/install/moveit_core/include/moveit/collision_detection_bullet/collision_detector_bullet_plugin_loader.h
[8.166s] -- Up-to-date: /home/robot/ws_moveit2/install/moveit_core/include/moveit_collision_detection_bullet_export.h
[8.166s] -- Up-to-date: /home/robot/ws_moveit2/install/moveit_core/include
[8.166s] -- Up-to-date: /home/robot/ws_moveit2/install/moveit_core/include/moveit
[8.167s] -- Up-to-date: /home/robot/ws_moveit2/install/moveit_core/include/moveit/collision_detection_fcl
[8.167s] -- Up-to-date: /home/robot/ws_moveit2/install/moveit_core/include/moveit/collision_detection_fcl/collision_detector_allocator_fcl.h
[8.167s] -- Up-to-date: /home/robot/ws_moveit2/install/moveit_core/include/moveit/collision_detection_fcl/collision_env_fcl.h
[8.167s] -- Up-to-date: /home/robot/ws_moveit2/install/moveit_core/include/moveit/collision_detection_fcl/collision_detector_fcl_plugin_loader.h
[8.167s] -- Up-to-date: /home/robot/ws_moveit2/install/moveit_core/include/moveit/collision_detection_fcl/collision_common.h
[8.167s] -- Up-to-date: /home/robot/ws_moveit2/install/moveit_core/include/moveit/collision_detection_fcl/fcl_compat.h
[8.167s] -- Up-to-date: /home/robot/ws_moveit2/install/moveit_core/include/moveit_collision_detection_fcl_export.h
[8.167s] -- Up-to-date: /home/robot/ws_moveit2/install/moveit_core/lib/libcollision_detector_bullet_plugin.so.2.5.5
[8.168s] -- Up-to-date: /home/robot/ws_moveit2/install/moveit_core/lib/libcollision_detector_bullet_plugin.so
[8.168s] -- Up-to-date: /home/robot/ws_moveit2/install/moveit_core/lib/libmoveit_butterworth_filter.so.2.5.5
[8.168s] -- Up-to-date: /home/robot/ws_moveit2/install/moveit_core/lib/libmoveit_butterworth_filter.so
[8.168s] -- Up-to-date: /home/robot/ws_moveit2/install/moveit_core/lib/libmoveit_collision_distance_field.so.2.5.5
[8.168s] -- Up-to-date: /home/robot/ws_moveit2/install/moveit_core/lib/libmoveit_collision_distance_field.so
[8.168s] -- Up-to-date: /home/robot/ws_moveit2/install/moveit_core/lib/libmoveit_collision_detection.so.2.5.5
[8.168s] -- Up-to-date: /home/robot/ws_moveit2/install/moveit_core/lib/libmoveit_collision_detection.so
[8.169s] -- Up-to-date: /home/robot/ws_moveit2/install/moveit_core/lib/libmoveit_collision_detection_fcl.so.2.5.5
[8.169s] -- Up-to-date: /home/robot/ws_moveit2/install/moveit_core/lib/libmoveit_collision_detection_fcl.so
[8.169s] -- Up-to-date: /home/robot/ws_moveit2/install/moveit_core/lib/libmoveit_collision_detection_bullet.so.2.5.5
[8.169s] -- Up-to-date: /home/robot/ws_moveit2/install/moveit_core/lib/libmoveit_collision_detection_bullet.so
[8.169s] -- Up-to-date: /home/robot/ws_moveit2/install/moveit_core/lib/libmoveit_dynamics_solver.so.2.5.5
[8.170s] -- Up-to-date: /home/robot/ws_moveit2/install/moveit_core/lib/libmoveit_dynamics_solver.so
[8.170s] -- Up-to-date: /home/robot/ws_moveit2/install/moveit_core/lib/libmoveit_constraint_samplers.so.2.5.5
[8.170s] -- Up-to-date: /home/robot/ws_moveit2/install/moveit_core/lib/libmoveit_constraint_samplers.so
[8.170s] -- Up-to-date: /home/robot/ws_moveit2/install/moveit_core/lib/libmoveit_distance_field.so.2.5.5
[8.170s] -- Up-to-date: /home/robot/ws_moveit2/install/moveit_core/lib/libmoveit_distance_field.so
[8.170s] -- Up-to-date: /home/robot/ws_moveit2/install/moveit_core/lib/libmoveit_exceptions.so.2.5.5
[8.170s] -- Up-to-date: /home/robot/ws_moveit2/install/moveit_core/lib/libmoveit_exceptions.so
[8.170s] -- Up-to-date: /home/robot/ws_moveit2/install/moveit_core/lib/libmoveit_kinematics_base.so
[8.171s] -- Up-to-date: /home/robot/ws_moveit2/install/moveit_core/lib/libmoveit_kinematic_constraints.so.2.5.5
[8.171s] -- Up-to-date: /home/robot/ws_moveit2/install/moveit_core/lib/libmoveit_kinematic_constraints.so
[8.171s] -- Up-to-date: /home/robot/ws_moveit2/install/moveit_core/lib/libmoveit_kinematics_metrics.so.2.5.5
[8.171s] -- Up-to-date: /home/robot/ws_moveit2/install/moveit_core/lib/libmoveit_kinematics_metrics.so
[8.171s] -- Up-to-date: /home/robot/ws_moveit2/install/moveit_core/lib/libmoveit_planning_interface.so.2.5.5
[8.171s] -- Up-to-date: /home/robot/ws_moveit2/install/moveit_core/lib/libmoveit_planning_interface.so
[8.171s] -- Up-to-date: /home/robot/ws_moveit2/install/moveit_core/lib/libmoveit_planning_scene.so.2.5.5
[8.171s] -- Up-to-date: /home/robot/ws_moveit2/install/moveit_core/lib/libmoveit_planning_scene.so
[8.172s] -- Up-to-date: /home/robot/ws_moveit2/install/moveit_core/lib/libmoveit_planning_request_adapter.so.2.5.5
[8.172s] -- Up-to-date: /home/robot/ws_moveit2/install/moveit_core/lib/libmoveit_planning_request_adapter.so
[8.172s] -- Up-to-date: /home/robot/ws_moveit2/install/moveit_core/lib/libmoveit_robot_model.so.2.5.5
[8.172s] -- Up-to-date: /home/robot/ws_moveit2/install/moveit_core/lib/libmoveit_robot_model.so
[8.172s] -- Up-to-date: /home/robot/ws_moveit2/install/moveit_core/lib/libmoveit_robot_state.so.2.5.5
[8.172s] -- Up-to-date: /home/robot/ws_moveit2/install/moveit_core/lib/libmoveit_robot_state.so
[8.173s] -- Up-to-date: /home/robot/ws_moveit2/install/moveit_core/lib/libmoveit_robot_trajectory.so.2.5.5
[8.173s] -- Up-to-date: /home/robot/ws_moveit2/install/moveit_core/lib/libmoveit_robot_trajectory.so
[8.173s] -- Up-to-date: /home/robot/ws_moveit2/install/moveit_core/lib/libmoveit_smoothing_base.so.2.5.5
[8.173s] -- Up-to-date: /home/robot/ws_moveit2/install/moveit_core/lib/libmoveit_smoothing_base.so
[8.173s] -- Up-to-date: /home/robot/ws_moveit2/install/moveit_core/lib/libmoveit_test_utils.so.2.5.5
[8.173s] -- Up-to-date: /home/robot/ws_moveit2/install/moveit_core/lib/libmoveit_test_utils.so
[8.174s] -- Up-to-date: /home/robot/ws_moveit2/install/moveit_core/lib/libmoveit_trajectory_processing.so.2.5.5
[8.174s] -- Up-to-date: /home/robot/ws_moveit2/install/moveit_core/lib/libmoveit_trajectory_processing.so
[8.174s] -- Up-to-date: /home/robot/ws_moveit2/install/moveit_core/lib/libmoveit_transforms.so.2.5.5
[8.174s] -- Up-to-date: /home/robot/ws_moveit2/install/moveit_core/lib/libmoveit_transforms.so
[8.174s] -- Up-to-date: /home/robot/ws_moveit2/install/moveit_core/lib/libmoveit_utils.so.2.5.5
[8.175s] -- Up-to-date: /home/robot/ws_moveit2/install/moveit_core/lib/libmoveit_utils.so
[8.175s] -- Up-to-date: /home/robot/ws_moveit2/install/moveit_core/share/moveit_core/environment/library_path.sh
[8.175s] -- Up-to-date: /home/robot/ws_moveit2/install/moveit_core/share/moveit_core/environment/library_path.dsv
[8.175s] -- Up-to-date: /home/robot/ws_moveit2/install/moveit_core/share/moveit_core/collision_detector_fcl_description.xml
[8.176s] -- Up-to-date: /home/robot/ws_moveit2/install/moveit_core/share/moveit_core/collision_detector_bullet_description.xml
[8.176s] -- Up-to-date: /home/robot/ws_moveit2/install/moveit_core/share/moveit_core/filter_plugin_butterworth.xml
[8.176s] -- Up-to-date: /home/robot/ws_moveit2/install/moveit_core/share/ament_index/resource_index/package_run_dependencies/moveit_core
[8.176s] -- Up-to-date: /home/robot/ws_moveit2/install/moveit_core/share/ament_index/resource_index/parent_prefix_path/moveit_core
[8.177s] -- Up-to-date: /home/robot/ws_moveit2/install/moveit_core/share/moveit_core/environment/ament_prefix_path.sh
[8.177s] -- Up-to-date: /home/robot/ws_moveit2/install/moveit_core/share/moveit_core/environment/ament_prefix_path.dsv
[8.177s] -- Up-to-date: /home/robot/ws_moveit2/install/moveit_core/share/moveit_core/environment/path.sh
[8.177s] -- Up-to-date: /home/robot/ws_moveit2/install/moveit_core/share/moveit_core/environment/path.dsv
[8.177s] -- Up-to-date: /home/robot/ws_moveit2/install/moveit_core/share/moveit_core/local_setup.bash
[8.177s] -- Up-to-date: /home/robot/ws_moveit2/install/moveit_core/share/moveit_core/local_setup.sh
[8.177s] -- Up-to-date: /home/robot/ws_moveit2/install/moveit_core/share/moveit_core/local_setup.zsh
[8.177s] -- Up-to-date: /home/robot/ws_moveit2/install/moveit_core/share/moveit_core/local_setup.dsv
[8.178s] -- Installing: /home/robot/ws_moveit2/install/moveit_core/share/moveit_core/package.dsv
[8.178s] -- Up-to-date: /home/robot/ws_moveit2/install/moveit_core/share/ament_index/resource_index/packages/moveit_core
[8.178s] -- Up-to-date: /home/robot/ws_moveit2/install/moveit_core/share/ament_index/resource_index/moveit_core__pluginlib__plugin/moveit_core
[8.178s] -- Up-to-date: /home/robot/ws_moveit2/install/moveit_core/share/moveit_core/cmake/export_moveit_coreExport.cmake
[8.178s] -- Up-to-date: /home/robot/ws_moveit2/install/moveit_core/share/moveit_core/cmake/export_moveit_coreExport-release.cmake
[8.178s] -- Up-to-date: /home/robot/ws_moveit2/install/moveit_core/share/moveit_core/cmake/ConfigExtras.cmake
[8.178s] -- Up-to-date: /home/robot/ws_moveit2/install/moveit_core/share/moveit_core/cmake/ament_cmake_export_targets-extras.cmake
[8.178s] -- Up-to-date: /home/robot/ws_moveit2/install/moveit_core/share/moveit_core/cmake/ament_cmake_export_dependencies-extras.cmake
[8.178s] -- Up-to-date: /home/robot/ws_moveit2/install/moveit_core/share/moveit_core/cmake/moveit_coreConfig.cmake
[8.178s] -- Up-to-date: /home/robot/ws_moveit2/install/moveit_core/share/moveit_core/cmake/moveit_coreConfig-version.cmake
[8.178s] -- Up-to-date: /home/robot/ws_moveit2/install/moveit_core/share/moveit_core/package.xml
[8.193s] Invoked command in '/home/robot/ws_moveit2/build/moveit_core' returned '0': CMAKE_PREFIX_PATH=/home/robot/ws_moveit2/install/moveit_resources_panda_moveit_config:/home/robot/ws_moveit2/install/srdfdom:/home/robot/ws_moveit2/install/moveit_resources_pr2_description:/home/robot/ws_moveit2/install/moveit_resources_panda_description:/home/robot/ws_moveit2/install/moveit_common:/home/robot/ws_moveit2/install/pilz_industrial_motion_planner_testutils:/home/robot/ws_moveit2/install/moveit_resources:/home/robot/ws_moveit2/install/myrobot_moveit_config:/home/robot/ws_moveit2/install/moveit_runtime:/home/robot/ws_moveit2/install/moveit2_tutorials:/home/robot/ws_moveit2/install/moveit:/home/robot/ws_moveit2/install/moveit_planners:/home/robot/ws_moveit2/install/pilz_industrial_motion_planner:/home/robot/ws_moveit2/install/myrobot_hello_moveit:/home/robot/ws_moveit2/install/mtc_tutorial:/home/robot/ws_moveit2/install/hello_moveit:/home/robot/ws_moveit2/install/moveit_visual_tools:/home/robot/ws_moveit2/install/moveit_task_constructor_visualization:/home/robot/ws_moveit2/install/moveit_task_constructor_demo:/home/robot/ws_moveit2/install/moveit_task_constructor_capabilities:/home/robot/ws_moveit2/install/moveit_task_constructor_core:/home/robot/ws_moveit2/install/moveit_ros_control_interface:/home/robot/ws_moveit2/install/moveit_plugins:/home/robot/ws_moveit2/install/moveit_simple_controller_manager:/home/robot/ws_moveit2/install/moveit_setup_assistant:/home/robot/ws_moveit2/install/moveit_setup_srdf_plugins:/home/robot/ws_moveit2/install/moveit_setup_core_plugins:/home/robot/ws_moveit2/install/moveit_setup_controllers:/home/robot/ws_moveit2/install/moveit_setup_app_plugins:/home/robot/ws_moveit2/install/moveit_setup_framework:/home/robot/ws_moveit2/install/moveit_servo:/home/robot/ws_moveit2/install/moveit_ros:/home/robot/ws_moveit2/install/moveit_ros_visualization:/home/robot/ws_moveit2/install/moveit_hybrid_planning:/home/robot/ws_moveit2/install/moveit_ros_planning_interface:/home/robot/ws_moveit2/install/moveit_ros_benchmarks:/home/robot/ws_moveit2/install/moveit_ros_warehouse:/home/robot/ws_moveit2/install/moveit_ros_robot_interaction:/home/robot/ws_moveit2/install/moveit_ros_perception:/home/robot/ws_moveit2/install/moveit_resources_prbt_pg70_support:/home/robot/ws_moveit2/install/moveit_resources_prbt_moveit_config:/home/robot/ws_moveit2/install/moveit_ros_move_group:/home/robot/ws_moveit2/install/moveit_planners_ompl:/home/robot/ws_moveit2/install/moveit_ros_planning:/home/robot/ws_moveit2/install/moveit_ros_occupancy_map_monitor:/home/robot/ws_moveit2/install/moveit_resources_prbt_ikfast_manipulator_plugin:/home/robot/ws_moveit2/install/moveit_planners_chomp:/home/robot/ws_moveit2/install/moveit_kinematics:/home/robot/ws_moveit2/install/moveit_chomp_optimizer_adapter:/home/robot/ws_moveit2/install/chomp_motion_planner:/home/robot/ws_moveit2/install/moveit_core:/home/robot/ws_moveit2/install/rviz_marker_tools:/home/robot/ws_moveit2/install/rosparam_shortcuts:/home/robot/ws_moveit2/install/my_6DOF_roboticarm:/home/robot/ws_moveit2/install/moveit_task_constructor_msgs:/home/robot/ws_moveit2/install/moveit_resources_prbt_support:/home/robot/ws_moveit2/install/moveit_resources_myrobot_description:/home/robot/ws_moveit2/install/moveit_resources_fanuc_moveit_config:/home/robot/ws_moveit2/install/moveit_resources_fanuc_description:/home/robot/ros2_ws/install/my_robot_bringup:/home/robot/ros2_ws/install/my_robot_interfaces:/home/robot/ros2_ws/install/my_robot_firstrobot:/home/robot/ros2_ws/install/my_robot_first_roboticarm:/home/robot/ros2_ws/install/my_cpp_pkg:/home/robot/turtlebot_ws/install/turtlebot3_simulations:/home/robot/turtlebot_ws/install/turtlebot3_gazebo:/home/robot/turtlebot_ws/install/turtlebot3_fake_node:/home/robot/ws_moveit2/install/moveit_configs_utils:/home/robot/ws_moveit2/install/launch_param_builder:/home/robot/ros2_ws/install/my_turtlesim_project:/home/robot/ros2_ws/install/my_robot_first_servo_control:/home/robot/ros2_ws/install/my_py_pkg:/home/robot/ros2_ws/install/lifecycle_py:/home/robot/ros2_ws/install/course3_project:/home/robot/ros2_ws/install/actions_py:/opt/ros/humble LD_LIBRARY_PATH=/home/robot/ws_moveit2/install/srdfdom/lib:/home/robot/ws_moveit2/install/pilz_industrial_motion_planner_testutils/lib:/home/robot/ws_moveit2/install/pilz_industrial_motion_planner/lib:/home/robot/ws_moveit2/install/moveit_visual_tools/lib:/home/robot/ws_moveit2/install/moveit_task_constructor_visualization/lib:/home/robot/ws_moveit2/install/moveit_task_constructor_demo/lib:/home/robot/ws_moveit2/install/moveit_task_constructor_capabilities/lib:/home/robot/ws_moveit2/install/moveit_task_constructor_core/lib:/home/robot/ws_moveit2/install/moveit_ros_control_interface/lib:/home/robot/ws_moveit2/install/moveit_simple_controller_manager/lib:/home/robot/ws_moveit2/install/moveit_setup_assistant/lib:/home/robot/ws_moveit2/install/moveit_setup_srdf_plugins/lib:/home/robot/ws_moveit2/install/moveit_setup_core_plugins/lib:/home/robot/ws_moveit2/install/moveit_setup_controllers/lib:/home/robot/ws_moveit2/install/moveit_setup_app_plugins/lib:/home/robot/ws_moveit2/install/moveit_setup_framework/lib:/home/robot/ws_moveit2/install/moveit_servo/lib:/home/robot/ws_moveit2/install/moveit_ros_visualization/lib:/home/robot/ws_moveit2/install/moveit_hybrid_planning/lib:/home/robot/ws_moveit2/install/moveit_ros_planning_interface/lib:/home/robot/ws_moveit2/install/moveit_ros_benchmarks/lib:/home/robot/ws_moveit2/install/moveit_ros_warehouse/lib:/home/robot/ws_moveit2/install/moveit_ros_robot_interaction/lib:/home/robot/ws_moveit2/install/moveit_ros_perception/lib:/home/robot/ws_moveit2/install/moveit_ros_move_group/lib:/home/robot/ws_moveit2/install/moveit_planners_ompl/lib:/home/robot/ws_moveit2/install/moveit_ros_planning/lib:/home/robot/ws_moveit2/install/moveit_ros_occupancy_map_monitor/lib:/home/robot/ws_moveit2/install/moveit_resources_prbt_ikfast_manipulator_plugin/lib:/home/robot/ws_moveit2/install/moveit_planners_chomp/lib:/home/robot/ws_moveit2/install/moveit_kinematics/lib:/home/robot/ws_moveit2/install/moveit_chomp_optimizer_adapter/lib:/home/robot/ws_moveit2/install/chomp_motion_planner/lib:/home/robot/ws_moveit2/install/moveit_core/lib:/home/robot/ws_moveit2/install/rviz_marker_tools/lib:/home/robot/ws_moveit2/install/rosparam_shortcuts/lib:/home/robot/ws_moveit2/install/moveit_task_constructor_msgs/lib:/home/robot/ros2_ws/install/my_robot_interfaces/lib:/usr/lib/x86_64-linux-gnu/gazebo-11/plugins:/opt/ros/humble/opt/rviz_ogre_vendor/lib:/opt/ros/humble/lib/x86_64-linux-gnu:/opt/ros/humble/lib:/usr/share/gazebo/../../lib/x86_64-linux-gnu/gazebo-11/plugins /home/robot/.local/bin/cmake --install /home/robot/ws_moveit2/build/moveit_core
