[0.019s] Invoking command in '/home/robot/ws_moveit2/build/srdfdom': CMAKE_PREFIX_PATH=${CMAKE_PREFIX_PATH}:/home/robot/ws_moveit2/install/motion_planning_python_api:/home/robot/ws_moveit2/install/moveit_configs_utils:/home/robot/ws_moveit2/install/my_robot_first_servo_control:/home/robot/ws_moveit2/install/my_pybullet_package:/home/robot/ws_moveit2/install/launch_param_builder:/home/robot/ros2_ws/install/my_turtlesim_project:/home/robot/ros2_ws/install/my_robot_first_servo_control:/home/robot/ros2_ws/install/my_py_pkg:/home/robot/ros2_ws/install/actions_py:/opt/ros/humble /usr/bin/cmake /home/robot/ws_moveit2/src/srdfdom -DCMAKE_BUILD_TYPE=Release -DCMAKE_CXX_FLAGS=--param ggc-min-expand=20 -DCMAKE_INSTALL_PREFIX=/home/robot/ws_moveit2/install/srdfdom
[0.167s] -- The CXX compiler identification is GNU 11.4.0
[0.185s] -- Detecting CXX compiler ABI info
[0.347s] -- Detecting CXX compiler ABI info - done
[0.370s] -- Check for working CXX compiler: /usr/bin/c++ - skipped
[0.371s] -- Detecting CXX compile features
[0.372s] -- Detecting CXX compile features - done
[0.392s] -- Found Boost: /usr/lib/x86_64-linux-gnu/cmake/Boost-1.74.0/BoostConfig.cmake (found version "1.74.0")  
[0.414s] -- Found ament_cmake: 1.3.10 (/opt/ros/humble/share/ament_cmake/cmake)
[2.046s] -- Found Python3: /usr/bin/python3 (found version "3.10.12") found components: Interpreter 
[2.264s] -- Found urdf: 2.6.1 (/opt/ros/humble/share/urdf/cmake)
[2.373s] -- Found TinyXML2 via Config file: TinyXML2_DIR-NOTFOUND
[2.575s] -- Found ament_cmake_gtest: 1.3.10 (/opt/ros/humble/share/ament_cmake_gtest/cmake)
[2.582s] -- Found ament_cmake_pytest: 1.3.10 (/opt/ros/humble/share/ament_cmake_pytest/cmake)
[3.275s] -- Found gtest sources under '/opt/ros/humble/src/gtest_vendor': C++ tests using 'Google Test' will be built
[3.359s] -- The C compiler identification is GNU 11.4.0
[3.373s] -- Detecting C compiler ABI info
[3.513s] -- Detecting C compiler ABI info - done
[3.538s] -- Check for working C compiler: /usr/bin/cc - skipped
[3.539s] -- Detecting C compile features
[3.542s] -- Detecting C compile features - done
[3.543s] -- Looking for C++ include pthread.h
[3.711s] -- Looking for C++ include pthread.h - found
[3.713s] -- Performing Test CMAKE_HAVE_LIBC_PTHREAD
[3.890s] -- Performing Test CMAKE_HAVE_LIBC_PTHREAD - Success
[3.894s] -- Found Threads: TRUE  
[3.902s] -- Found ament_lint_auto: 0.12.11 (/opt/ros/humble/share/ament_lint_auto/cmake)
[3.944s] -- Configuring done
[3.963s] -- Generating done
[3.966s] -- Build files have been written to: /home/robot/ws_moveit2/build/srdfdom
[3.983s] Invoked command in '/home/robot/ws_moveit2/build/srdfdom' returned '0': CMAKE_PREFIX_PATH=${CMAKE_PREFIX_PATH}:/home/robot/ws_moveit2/install/motion_planning_python_api:/home/robot/ws_moveit2/install/moveit_configs_utils:/home/robot/ws_moveit2/install/my_robot_first_servo_control:/home/robot/ws_moveit2/install/my_pybullet_package:/home/robot/ws_moveit2/install/launch_param_builder:/home/robot/ros2_ws/install/my_turtlesim_project:/home/robot/ros2_ws/install/my_robot_first_servo_control:/home/robot/ros2_ws/install/my_py_pkg:/home/robot/ros2_ws/install/actions_py:/opt/ros/humble /usr/bin/cmake /home/robot/ws_moveit2/src/srdfdom -DCMAKE_BUILD_TYPE=Release -DCMAKE_CXX_FLAGS=--param ggc-min-expand=20 -DCMAKE_INSTALL_PREFIX=/home/robot/ws_moveit2/install/srdfdom
[3.988s] Invoking command in '/home/robot/ws_moveit2/build/srdfdom': CMAKE_PREFIX_PATH=${CMAKE_PREFIX_PATH}:/home/robot/ws_moveit2/install/motion_planning_python_api:/home/robot/ws_moveit2/install/moveit_configs_utils:/home/robot/ws_moveit2/install/my_robot_first_servo_control:/home/robot/ws_moveit2/install/my_pybullet_package:/home/robot/ws_moveit2/install/launch_param_builder:/home/robot/ros2_ws/install/my_turtlesim_project:/home/robot/ros2_ws/install/my_robot_first_servo_control:/home/robot/ros2_ws/install/my_py_pkg:/home/robot/ros2_ws/install/actions_py:/opt/ros/humble /usr/bin/cmake --build /home/robot/ws_moveit2/build/srdfdom -- -j4 -l4
[4.101s] [  9%] [32mBuilding CXX object gtest/CMakeFiles/gtest_main.dir/src/gtest_main.cc.o[0m
[4.106s] [ 18%] [32mBuilding CXX object CMakeFiles/srdfdom.dir/src/model.cpp.o[0m
[4.129s] [ 27%] [32mBuilding CXX object gtest/CMakeFiles/gtest.dir/src/gtest-all.cc.o[0m
[4.152s] [ 27%] Built target ament_cmake_python_copy_srdfdom
[5.651s] running egg_info
[5.652s] creating srdfdom.egg-info
[5.691s] writing srdfdom.egg-info/PKG-INFO
[5.692s] writing dependency_links to srdfdom.egg-info/dependency_links.txt
[5.693s] writing top-level names to srdfdom.egg-info/top_level.txt
[5.693s] writing manifest file 'srdfdom.egg-info/SOURCES.txt'
[5.853s] reading manifest file 'srdfdom.egg-info/SOURCES.txt'
[5.855s] writing manifest file 'srdfdom.egg-info/SOURCES.txt'
[5.919s] [ 36%] [32m[1mLinking CXX static library libgtest_main.a[0m
[6.005s] [ 36%] Built target ament_cmake_python_build_srdfdom_egg
[6.022s] [ 45%] [32mBuilding CXX object CMakeFiles/srdfdom.dir/src/srdf_writer.cpp.o[0m
[6.069s] [ 45%] Built target gtest_main
[12.024s] [ 54%] [32m[1mLinking CXX shared library libsrdfdom.so[0m
[12.232s] [ 54%] Built target srdfdom
[19.019s] [ 63%] [32m[1mLinking CXX static library libgtest.a[0m
[19.099s] [ 63%] Built target gtest
[19.142s] [ 72%] [32mBuilding CXX object CMakeFiles/test_cpp_C.dir/test/test_parser.cpp.o[0m
[19.146s] [ 81%] [32mBuilding CXX object CMakeFiles/test_cpp_nl_NL.UTF-8.dir/test/test_parser.cpp.o[0m
[23.894s] [ 90%] [32m[1mLinking CXX executable test_cpp_nl_NL.UTF-8[0m
[23.939s] [100%] [32m[1mLinking CXX executable test_cpp_C[0m
[24.108s] [100%] Built target test_cpp_nl_NL.UTF-8
[24.157s] [100%] Built target test_cpp_C
[24.179s] Invoked command in '/home/robot/ws_moveit2/build/srdfdom' returned '0': CMAKE_PREFIX_PATH=${CMAKE_PREFIX_PATH}:/home/robot/ws_moveit2/install/motion_planning_python_api:/home/robot/ws_moveit2/install/moveit_configs_utils:/home/robot/ws_moveit2/install/my_robot_first_servo_control:/home/robot/ws_moveit2/install/my_pybullet_package:/home/robot/ws_moveit2/install/launch_param_builder:/home/robot/ros2_ws/install/my_turtlesim_project:/home/robot/ros2_ws/install/my_robot_first_servo_control:/home/robot/ros2_ws/install/my_py_pkg:/home/robot/ros2_ws/install/actions_py:/opt/ros/humble /usr/bin/cmake --build /home/robot/ws_moveit2/build/srdfdom -- -j4 -l4
[24.283s] Invoking command in '/home/robot/ws_moveit2/build/srdfdom': CMAKE_PREFIX_PATH=${CMAKE_PREFIX_PATH}:/home/robot/ws_moveit2/install/motion_planning_python_api:/home/robot/ws_moveit2/install/moveit_configs_utils:/home/robot/ws_moveit2/install/my_robot_first_servo_control:/home/robot/ws_moveit2/install/my_pybullet_package:/home/robot/ws_moveit2/install/launch_param_builder:/home/robot/ros2_ws/install/my_turtlesim_project:/home/robot/ros2_ws/install/my_robot_first_servo_control:/home/robot/ros2_ws/install/my_py_pkg:/home/robot/ros2_ws/install/actions_py:/opt/ros/humble /usr/bin/cmake --install /home/robot/ws_moveit2/build/srdfdom
[24.295s] -- Install configuration: "Release"
[24.296s] -- Installing: /home/robot/ws_moveit2/install/srdfdom/lib/libsrdfdom.so.2.0.4
[24.297s] -- Set runtime path of "/home/robot/ws_moveit2/install/srdfdom/lib/libsrdfdom.so.2.0.4" to ""
[24.297s] -- Installing: /home/robot/ws_moveit2/install/srdfdom/lib/libsrdfdom.so
[24.297s] -- Installing: /home/robot/ws_moveit2/install/srdfdom/include/srdfdom
[24.297s] -- Installing: /home/robot/ws_moveit2/install/srdfdom/include/srdfdom/visibility_control.h
[24.297s] -- Installing: /home/robot/ws_moveit2/install/srdfdom/include/srdfdom/model.h
[24.298s] -- Installing: /home/robot/ws_moveit2/install/srdfdom/include/srdfdom/srdf_writer.h
[24.298s] -- Installing: /home/robot/ws_moveit2/install/srdfdom/lib/srdfdom/display_srdf
[24.298s] -- Installing: /home/robot/ws_moveit2/install/srdfdom/share/srdfdom/environment/pythonpath.sh
[24.298s] -- Installing: /home/robot/ws_moveit2/install/srdfdom/share/srdfdom/environment/pythonpath.dsv
[24.299s] -- Installing: /home/robot/ws_moveit2/install/srdfdom/local/lib/python3.10/dist-packages/srdfdom-2.0.4-py3.10.egg-info
[24.299s] -- Installing: /home/robot/ws_moveit2/install/srdfdom/local/lib/python3.10/dist-packages/srdfdom-2.0.4-py3.10.egg-info/dependency_links.txt
[24.299s] -- Installing: /home/robot/ws_moveit2/install/srdfdom/local/lib/python3.10/dist-packages/srdfdom-2.0.4-py3.10.egg-info/PKG-INFO
[24.300s] -- Installing: /home/robot/ws_moveit2/install/srdfdom/local/lib/python3.10/dist-packages/srdfdom-2.0.4-py3.10.egg-info/SOURCES.txt
[24.300s] -- Installing: /home/robot/ws_moveit2/install/srdfdom/local/lib/python3.10/dist-packages/srdfdom-2.0.4-py3.10.egg-info/top_level.txt
[24.300s] -- Installing: /home/robot/ws_moveit2/install/srdfdom/local/lib/python3.10/dist-packages/srdfdom
[24.300s] -- Installing: /home/robot/ws_moveit2/install/srdfdom/local/lib/python3.10/dist-packages/srdfdom/srdf.py
[24.300s] -- Installing: /home/robot/ws_moveit2/install/srdfdom/local/lib/python3.10/dist-packages/srdfdom/__init__.py
[24.369s] Listing '/home/robot/ws_moveit2/install/srdfdom/local/lib/python3.10/dist-packages/srdfdom'...
[24.369s] Compiling '/home/robot/ws_moveit2/install/srdfdom/local/lib/python3.10/dist-packages/srdfdom/__init__.py'...
[24.369s] Compiling '/home/robot/ws_moveit2/install/srdfdom/local/lib/python3.10/dist-packages/srdfdom/srdf.py'...
[24.377s] -- Installing: /home/robot/ws_moveit2/install/srdfdom/share/srdfdom/environment/library_path.sh
[24.377s] -- Installing: /home/robot/ws_moveit2/install/srdfdom/share/srdfdom/environment/library_path.dsv
[24.377s] -- Installing: /home/robot/ws_moveit2/install/srdfdom/share/ament_index/resource_index/package_run_dependencies/srdfdom
[24.378s] -- Installing: /home/robot/ws_moveit2/install/srdfdom/share/ament_index/resource_index/parent_prefix_path/srdfdom
[24.378s] -- Installing: /home/robot/ws_moveit2/install/srdfdom/share/srdfdom/environment/ament_prefix_path.sh
[24.378s] -- Installing: /home/robot/ws_moveit2/install/srdfdom/share/srdfdom/environment/ament_prefix_path.dsv
[24.379s] -- Installing: /home/robot/ws_moveit2/install/srdfdom/share/srdfdom/environment/path.sh
[24.379s] -- Installing: /home/robot/ws_moveit2/install/srdfdom/share/srdfdom/environment/path.dsv
[24.379s] -- Installing: /home/robot/ws_moveit2/install/srdfdom/share/srdfdom/local_setup.bash
[24.380s] -- Installing: /home/robot/ws_moveit2/install/srdfdom/share/srdfdom/local_setup.sh
[24.380s] -- Installing: /home/robot/ws_moveit2/install/srdfdom/share/srdfdom/local_setup.zsh
[24.380s] -- Installing: /home/robot/ws_moveit2/install/srdfdom/share/srdfdom/local_setup.dsv
[24.380s] -- Installing: /home/robot/ws_moveit2/install/srdfdom/share/srdfdom/package.dsv
[24.381s] -- Installing: /home/robot/ws_moveit2/install/srdfdom/share/ament_index/resource_index/packages/srdfdom
[24.381s] -- Installing: /home/robot/ws_moveit2/install/srdfdom/share/srdfdom/cmake/srdfdomTargetsExport.cmake
[24.381s] -- Installing: /home/robot/ws_moveit2/install/srdfdom/share/srdfdom/cmake/srdfdomTargetsExport-release.cmake
[24.381s] -- Installing: /home/robot/ws_moveit2/install/srdfdom/share/srdfdom/cmake/ament_cmake_export_targets-extras.cmake
[24.381s] -- Installing: /home/robot/ws_moveit2/install/srdfdom/share/srdfdom/cmake/ament_cmake_export_dependencies-extras.cmake
[24.381s] -- Installing: /home/robot/ws_moveit2/install/srdfdom/share/srdfdom/cmake/srdfdomConfig.cmake
[24.382s] -- Installing: /home/robot/ws_moveit2/install/srdfdom/share/srdfdom/cmake/srdfdomConfig-version.cmake
[24.382s] -- Installing: /home/robot/ws_moveit2/install/srdfdom/share/srdfdom/package.xml
[24.386s] Invoked command in '/home/robot/ws_moveit2/build/srdfdom' returned '0': CMAKE_PREFIX_PATH=${CMAKE_PREFIX_PATH}:/home/robot/ws_moveit2/install/motion_planning_python_api:/home/robot/ws_moveit2/install/moveit_configs_utils:/home/robot/ws_moveit2/install/my_robot_first_servo_control:/home/robot/ws_moveit2/install/my_pybullet_package:/home/robot/ws_moveit2/install/launch_param_builder:/home/robot/ros2_ws/install/my_turtlesim_project:/home/robot/ros2_ws/install/my_robot_first_servo_control:/home/robot/ros2_ws/install/my_py_pkg:/home/robot/ros2_ws/install/actions_py:/opt/ros/humble /usr/bin/cmake --install /home/robot/ws_moveit2/build/srdfdom
