[0.087s] Invoking command in '/home/robot/ws_moveit2/build/rosparam_shortcuts': CMAKE_PREFIX_PATH=${CMAKE_PREFIX_PATH}:/home/robot/ws_moveit2/install/moveit_configs_utils:/home/robot/ws_moveit2/install/launch_param_builder:/home/robot/ros2_ws/install/my_turtlesim_project:/home/robot/ros2_ws/install/my_robot_first_servo_control:/home/robot/ros2_ws/install/my_py_pkg:/home/robot/ros2_ws/install/lifecycle_py:/home/robot/ros2_ws/install/course3_project:/home/robot/ros2_ws/install/actions_py:/opt/ros/humble /home/robot/.local/bin/cmake --build /home/robot/ws_moveit2/build/rosparam_shortcuts -- -j6 -l6
[0.314s] [ 15%] Built target gtest
[0.314s] [ 30%] Built target gtest_main
[0.328s] [ 53%] Built target rosparam_shortcuts
[0.373s] [ 69%] Built target rosparam_shortcuts_example
[0.375s] [ 84%] Built target test_node_parameters
[0.377s] [100%] Built target rosparam_shortcuts_node_parameters_example
[0.402s] Invoked command in '/home/robot/ws_moveit2/build/rosparam_shortcuts' returned '0': CMAKE_PREFIX_PATH=${CMAKE_PREFIX_PATH}:/home/robot/ws_moveit2/install/moveit_configs_utils:/home/robot/ws_moveit2/install/launch_param_builder:/home/robot/ros2_ws/install/my_turtlesim_project:/home/robot/ros2_ws/install/my_robot_first_servo_control:/home/robot/ros2_ws/install/my_py_pkg:/home/robot/ros2_ws/install/lifecycle_py:/home/robot/ros2_ws/install/course3_project:/home/robot/ros2_ws/install/actions_py:/opt/ros/humble /home/robot/.local/bin/cmake --build /home/robot/ws_moveit2/build/rosparam_shortcuts -- -j6 -l6
[0.941s] Invoking command in '/home/robot/ws_moveit2/build/rosparam_shortcuts': CMAKE_PREFIX_PATH=${CMAKE_PREFIX_PATH}:/home/robot/ws_moveit2/install/moveit_configs_utils:/home/robot/ws_moveit2/install/launch_param_builder:/home/robot/ros2_ws/install/my_turtlesim_project:/home/robot/ros2_ws/install/my_robot_first_servo_control:/home/robot/ros2_ws/install/my_py_pkg:/home/robot/ros2_ws/install/lifecycle_py:/home/robot/ros2_ws/install/course3_project:/home/robot/ros2_ws/install/actions_py:/opt/ros/humble /home/robot/.local/bin/cmake --install /home/robot/ws_moveit2/build/rosparam_shortcuts
[1.103s] -- Install configuration: "Release"
[1.103s] -- Up-to-date: /home/robot/ws_moveit2/install/rosparam_shortcuts/lib/librosparam_shortcuts.so
[1.104s] -- Up-to-date: /home/robot/ws_moveit2/install/rosparam_shortcuts/lib/rosparam_shortcuts/example
[1.105s] -- Up-to-date: /home/robot/ws_moveit2/install/rosparam_shortcuts/lib/rosparam_shortcuts/node_parameters_example
[1.106s] -- Up-to-date: /home/robot/ws_moveit2/install/rosparam_shortcuts/include
[1.106s] -- Up-to-date: /home/robot/ws_moveit2/install/rosparam_shortcuts/include/rosparam_shortcuts
[1.106s] -- Up-to-date: /home/robot/ws_moveit2/install/rosparam_shortcuts/include/rosparam_shortcuts/node_parameters.h
[1.106s] -- Up-to-date: /home/robot/ws_moveit2/install/rosparam_shortcuts/include/rosparam_shortcuts/rosparam_shortcuts.h
[1.107s] -- Up-to-date: /home/robot/ws_moveit2/install/rosparam_shortcuts/share/rosparam_shortcuts/launch
[1.107s] -- Up-to-date: /home/robot/ws_moveit2/install/rosparam_shortcuts/share/rosparam_shortcuts/launch/example.launch.py
[1.107s] -- Up-to-date: /home/robot/ws_moveit2/install/rosparam_shortcuts/share/rosparam_shortcuts/config
[1.108s] -- Up-to-date: /home/robot/ws_moveit2/install/rosparam_shortcuts/share/rosparam_shortcuts/config/example.yaml
[1.108s] -- Up-to-date: /home/robot/ws_moveit2/install/rosparam_shortcuts/share/rosparam_shortcuts/environment/library_path.sh
[1.108s] -- Up-to-date: /home/robot/ws_moveit2/install/rosparam_shortcuts/share/rosparam_shortcuts/environment/library_path.dsv
[1.108s] -- Up-to-date: /home/robot/ws_moveit2/install/rosparam_shortcuts/share/ament_index/resource_index/package_run_dependencies/rosparam_shortcuts
[1.108s] -- Up-to-date: /home/robot/ws_moveit2/install/rosparam_shortcuts/share/ament_index/resource_index/parent_prefix_path/rosparam_shortcuts
[1.109s] -- Up-to-date: /home/robot/ws_moveit2/install/rosparam_shortcuts/share/rosparam_shortcuts/environment/ament_prefix_path.sh
[1.109s] -- Up-to-date: /home/robot/ws_moveit2/install/rosparam_shortcuts/share/rosparam_shortcuts/environment/ament_prefix_path.dsv
[1.109s] -- Up-to-date: /home/robot/ws_moveit2/install/rosparam_shortcuts/share/rosparam_shortcuts/environment/path.sh
[1.109s] -- Up-to-date: /home/robot/ws_moveit2/install/rosparam_shortcuts/share/rosparam_shortcuts/environment/path.dsv
[1.109s] -- Up-to-date: /home/robot/ws_moveit2/install/rosparam_shortcuts/share/rosparam_shortcuts/local_setup.bash
[1.110s] -- Up-to-date: /home/robot/ws_moveit2/install/rosparam_shortcuts/share/rosparam_shortcuts/local_setup.sh
[1.110s] -- Up-to-date: /home/robot/ws_moveit2/install/rosparam_shortcuts/share/rosparam_shortcuts/local_setup.zsh
[1.110s] -- Up-to-date: /home/robot/ws_moveit2/install/rosparam_shortcuts/share/rosparam_shortcuts/local_setup.dsv
[1.110s] -- Installing: /home/robot/ws_moveit2/install/rosparam_shortcuts/share/rosparam_shortcuts/package.dsv
[1.110s] -- Up-to-date: /home/robot/ws_moveit2/install/rosparam_shortcuts/share/ament_index/resource_index/packages/rosparam_shortcuts
[1.110s] -- Up-to-date: /home/robot/ws_moveit2/install/rosparam_shortcuts/share/rosparam_shortcuts/cmake/export_rosparam_shortcutsExport.cmake
[1.110s] -- Up-to-date: /home/robot/ws_moveit2/install/rosparam_shortcuts/share/rosparam_shortcuts/cmake/export_rosparam_shortcutsExport-release.cmake
[1.110s] -- Up-to-date: /home/robot/ws_moveit2/install/rosparam_shortcuts/share/rosparam_shortcuts/cmake/ament_cmake_export_targets-extras.cmake
[1.110s] -- Up-to-date: /home/robot/ws_moveit2/install/rosparam_shortcuts/share/rosparam_shortcuts/cmake/ament_cmake_export_dependencies-extras.cmake
[1.110s] -- Up-to-date: /home/robot/ws_moveit2/install/rosparam_shortcuts/share/rosparam_shortcuts/cmake/rosparam_shortcutsConfig.cmake
[1.110s] -- Up-to-date: /home/robot/ws_moveit2/install/rosparam_shortcuts/share/rosparam_shortcuts/cmake/rosparam_shortcutsConfig-version.cmake
[1.111s] -- Up-to-date: /home/robot/ws_moveit2/install/rosparam_shortcuts/share/rosparam_shortcuts/package.xml
[1.126s] Invoked command in '/home/robot/ws_moveit2/build/rosparam_shortcuts' returned '0': CMAKE_PREFIX_PATH=${CMAKE_PREFIX_PATH}:/home/robot/ws_moveit2/install/moveit_configs_utils:/home/robot/ws_moveit2/install/launch_param_builder:/home/robot/ros2_ws/install/my_turtlesim_project:/home/robot/ros2_ws/install/my_robot_first_servo_control:/home/robot/ros2_ws/install/my_py_pkg:/home/robot/ros2_ws/install/lifecycle_py:/home/robot/ros2_ws/install/course3_project:/home/robot/ros2_ws/install/actions_py:/opt/ros/humble /home/robot/.local/bin/cmake --install /home/robot/ws_moveit2/build/rosparam_shortcuts
