[0.054s] Invoking command in '/home/robot/ws_moveit2/build/rosparam_shortcuts': CMAKE_PREFIX_PATH=${CMAKE_PREFIX_PATH}:/home/robot/ws_moveit2/install/moveit_configs_utils:/home/robot/ws_moveit2/install/launch_param_builder:/home/robot/ros2_ws/install/my_turtlesim_project:/home/robot/ros2_ws/install/my_robot_first_servo_control:/home/robot/ros2_ws/install/my_py_pkg:/home/robot/ros2_ws/install/lifecycle_py:/home/robot/ros2_ws/install/course3_project:/home/robot/ros2_ws/install/actions_py:/opt/ros/humble /home/robot/.local/bin/cmake --build /home/robot/ws_moveit2/build/rosparam_shortcuts -- -j6 -l6
[0.284s] [ 15%] Built target gtest_main
[0.286s] [ 30%] Built target gtest
[0.293s] [ 53%] Built target rosparam_shortcuts
[0.346s] [ 84%] Built target rosparam_shortcuts_example
[0.346s] [ 84%] Built target test_node_parameters
[0.346s] [100%] Built target rosparam_shortcuts_node_parameters_example
[0.375s] Invoked command in '/home/robot/ws_moveit2/build/rosparam_shortcuts' returned '0': CMAKE_PREFIX_PATH=${CMAKE_PREFIX_PATH}:/home/robot/ws_moveit2/install/moveit_configs_utils:/home/robot/ws_moveit2/install/launch_param_builder:/home/robot/ros2_ws/install/my_turtlesim_project:/home/robot/ros2_ws/install/my_robot_first_servo_control:/home/robot/ros2_ws/install/my_py_pkg:/home/robot/ros2_ws/install/lifecycle_py:/home/robot/ros2_ws/install/course3_project:/home/robot/ros2_ws/install/actions_py:/opt/ros/humble /home/robot/.local/bin/cmake --build /home/robot/ws_moveit2/build/rosparam_shortcuts -- -j6 -l6
[0.712s] Invoking command in '/home/robot/ws_moveit2/build/rosparam_shortcuts': CMAKE_PREFIX_PATH=${CMAKE_PREFIX_PATH}:/home/robot/ws_moveit2/install/moveit_configs_utils:/home/robot/ws_moveit2/install/launch_param_builder:/home/robot/ros2_ws/install/my_turtlesim_project:/home/robot/ros2_ws/install/my_robot_first_servo_control:/home/robot/ros2_ws/install/my_py_pkg:/home/robot/ros2_ws/install/lifecycle_py:/home/robot/ros2_ws/install/course3_project:/home/robot/ros2_ws/install/actions_py:/opt/ros/humble /home/robot/.local/bin/cmake --install /home/robot/ws_moveit2/build/rosparam_shortcuts
[0.953s] -- Install configuration: "Release"
[0.954s] -- Up-to-date: /home/robot/ws_moveit2/install/rosparam_shortcuts/lib/librosparam_shortcuts.so
[0.955s] -- Up-to-date: /home/robot/ws_moveit2/install/rosparam_shortcuts/lib/rosparam_shortcuts/example
[0.956s] -- Up-to-date: /home/robot/ws_moveit2/install/rosparam_shortcuts/lib/rosparam_shortcuts/node_parameters_example
[0.957s] -- Up-to-date: /home/robot/ws_moveit2/install/rosparam_shortcuts/include
[0.957s] -- Up-to-date: /home/robot/ws_moveit2/install/rosparam_shortcuts/include/rosparam_shortcuts
[0.957s] -- Up-to-date: /home/robot/ws_moveit2/install/rosparam_shortcuts/include/rosparam_shortcuts/node_parameters.h
[0.958s] -- Up-to-date: /home/robot/ws_moveit2/install/rosparam_shortcuts/include/rosparam_shortcuts/rosparam_shortcuts.h
[0.958s] -- Up-to-date: /home/robot/ws_moveit2/install/rosparam_shortcuts/share/rosparam_shortcuts/launch
[0.958s] -- Up-to-date: /home/robot/ws_moveit2/install/rosparam_shortcuts/share/rosparam_shortcuts/launch/example.launch.py
[0.958s] -- Up-to-date: /home/robot/ws_moveit2/install/rosparam_shortcuts/share/rosparam_shortcuts/config
[0.959s] -- Up-to-date: /home/robot/ws_moveit2/install/rosparam_shortcuts/share/rosparam_shortcuts/config/example.yaml
[0.959s] -- Up-to-date: /home/robot/ws_moveit2/install/rosparam_shortcuts/share/rosparam_shortcuts/environment/library_path.sh
[0.959s] -- Up-to-date: /home/robot/ws_moveit2/install/rosparam_shortcuts/share/rosparam_shortcuts/environment/library_path.dsv
[0.960s] -- Up-to-date: /home/robot/ws_moveit2/install/rosparam_shortcuts/share/ament_index/resource_index/package_run_dependencies/rosparam_shortcuts
[0.960s] -- Up-to-date: /home/robot/ws_moveit2/install/rosparam_shortcuts/share/ament_index/resource_index/parent_prefix_path/rosparam_shortcuts
[0.960s] -- Up-to-date: /home/robot/ws_moveit2/install/rosparam_shortcuts/share/rosparam_shortcuts/environment/ament_prefix_path.sh
[0.960s] -- Up-to-date: /home/robot/ws_moveit2/install/rosparam_shortcuts/share/rosparam_shortcuts/environment/ament_prefix_path.dsv
[0.961s] -- Up-to-date: /home/robot/ws_moveit2/install/rosparam_shortcuts/share/rosparam_shortcuts/environment/path.sh
[0.961s] -- Up-to-date: /home/robot/ws_moveit2/install/rosparam_shortcuts/share/rosparam_shortcuts/environment/path.dsv
[0.962s] -- Up-to-date: /home/robot/ws_moveit2/install/rosparam_shortcuts/share/rosparam_shortcuts/local_setup.bash
[0.962s] -- Up-to-date: /home/robot/ws_moveit2/install/rosparam_shortcuts/share/rosparam_shortcuts/local_setup.sh
[0.962s] -- Up-to-date: /home/robot/ws_moveit2/install/rosparam_shortcuts/share/rosparam_shortcuts/local_setup.zsh
[0.962s] -- Up-to-date: /home/robot/ws_moveit2/install/rosparam_shortcuts/share/rosparam_shortcuts/local_setup.dsv
[0.963s] -- Installing: /home/robot/ws_moveit2/install/rosparam_shortcuts/share/rosparam_shortcuts/package.dsv
[0.963s] -- Up-to-date: /home/robot/ws_moveit2/install/rosparam_shortcuts/share/ament_index/resource_index/packages/rosparam_shortcuts
[0.964s] -- Up-to-date: /home/robot/ws_moveit2/install/rosparam_shortcuts/share/rosparam_shortcuts/cmake/export_rosparam_shortcutsExport.cmake
[0.964s] -- Up-to-date: /home/robot/ws_moveit2/install/rosparam_shortcuts/share/rosparam_shortcuts/cmake/export_rosparam_shortcutsExport-release.cmake
[0.965s] -- Up-to-date: /home/robot/ws_moveit2/install/rosparam_shortcuts/share/rosparam_shortcuts/cmake/ament_cmake_export_targets-extras.cmake
[0.965s] -- Up-to-date: /home/robot/ws_moveit2/install/rosparam_shortcuts/share/rosparam_shortcuts/cmake/ament_cmake_export_dependencies-extras.cmake
[0.965s] -- Up-to-date: /home/robot/ws_moveit2/install/rosparam_shortcuts/share/rosparam_shortcuts/cmake/rosparam_shortcutsConfig.cmake
[0.966s] -- Up-to-date: /home/robot/ws_moveit2/install/rosparam_shortcuts/share/rosparam_shortcuts/cmake/rosparam_shortcutsConfig-version.cmake
[0.966s] -- Up-to-date: /home/robot/ws_moveit2/install/rosparam_shortcuts/share/rosparam_shortcuts/package.xml
[0.984s] Invoked command in '/home/robot/ws_moveit2/build/rosparam_shortcuts' returned '0': CMAKE_PREFIX_PATH=${CMAKE_PREFIX_PATH}:/home/robot/ws_moveit2/install/moveit_configs_utils:/home/robot/ws_moveit2/install/launch_param_builder:/home/robot/ros2_ws/install/my_turtlesim_project:/home/robot/ros2_ws/install/my_robot_first_servo_control:/home/robot/ros2_ws/install/my_py_pkg:/home/robot/ros2_ws/install/lifecycle_py:/home/robot/ros2_ws/install/course3_project:/home/robot/ros2_ws/install/actions_py:/opt/ros/humble /home/robot/.local/bin/cmake --install /home/robot/ws_moveit2/build/rosparam_shortcuts
