[0.301s] Invoking command in '/home/robot/ws_moveit2/build/moveit2_tutorials': AMENT_PREFIX_PATH=/home/robot/ws_moveit2/install/moveit_configs_utils:/home/robot/ws_moveit2/install/launch_param_builder:/home/robot/ws_moveit2/install/pilz_industrial_motion_planner_testutils:/home/robot/ws_moveit2/install/moveit_resources:/home/robot/ws_moveit2/install/myrobot_moveit_config:/home/robot/ws_moveit2/install/moveit_runtime:/home/robot/ws_moveit2/install/moveit2_tutorials:/home/robot/ws_moveit2/install/moveit:/home/robot/ws_moveit2/install/moveit_planners:/home/robot/ws_moveit2/install/pilz_industrial_motion_planner:/home/robot/ws_moveit2/install/myrobot_hello_moveit:/home/robot/ws_moveit2/install/mtc_tutorial:/home/robot/ws_moveit2/install/hello_moveit:/home/robot/ws_moveit2/install/moveit_visual_tools:/home/robot/ws_moveit2/install/moveit_task_constructor_visualization:/home/robot/ws_moveit2/install/moveit_task_constructor_demo:/home/robot/ws_moveit2/install/moveit_task_constructor_capabilities:/home/robot/ws_moveit2/install/moveit_task_constructor_core:/home/robot/ws_moveit2/install/moveit_ros_control_interface:/home/robot/ws_moveit2/install/moveit_plugins:/home/robot/ws_moveit2/install/moveit_simple_controller_manager:/home/robot/ws_moveit2/install/moveit_setup_assistant:/home/robot/ws_moveit2/install/moveit_setup_srdf_plugins:/home/robot/ws_moveit2/install/moveit_setup_core_plugins:/home/robot/ws_moveit2/install/moveit_setup_controllers:/home/robot/ws_moveit2/install/moveit_setup_app_plugins:/home/robot/ws_moveit2/install/moveit_setup_framework:/home/robot/ws_moveit2/install/moveit_servo:/home/robot/ws_moveit2/install/moveit_ros:/home/robot/ws_moveit2/install/moveit_ros_visualization:/home/robot/ws_moveit2/install/moveit_hybrid_planning:/home/robot/ws_moveit2/install/moveit_ros_planning_interface:/home/robot/ws_moveit2/install/moveit_ros_benchmarks:/home/robot/ws_moveit2/install/moveit_ros_warehouse:/home/robot/ws_moveit2/install/moveit_ros_robot_interaction:/home/robot/ws_moveit2/install/moveit_ros_perception:/home/robot/ws_moveit2/install/moveit_resources_prbt_pg70_support:/home/robot/ws_moveit2/install/moveit_resources_prbt_moveit_config:/home/robot/ws_moveit2/install/moveit_ros_move_group:/home/robot/ws_moveit2/install/moveit_planners_ompl:/home/robot/ws_moveit2/install/moveit_ros_planning:/home/robot/ws_moveit2/install/moveit_ros_occupancy_map_monitor:/home/robot/ws_moveit2/install/moveit_resources_prbt_ikfast_manipulator_plugin:/home/robot/ws_moveit2/install/moveit_planners_chomp:/home/robot/ws_moveit2/install/moveit_kinematics:/home/robot/ws_moveit2/install/moveit_chomp_optimizer_adapter:/home/robot/ws_moveit2/install/chomp_motion_planner:/home/robot/ws_moveit2/install/moveit_core:/home/robot/ws_moveit2/install/srdfdom:/home/robot/ws_moveit2/install/rviz_marker_tools:/home/robot/ws_moveit2/install/rosparam_shortcuts:/home/robot/ws_moveit2/install/my_6DOF_roboticarm:/home/robot/ws_moveit2/install/moveit_task_constructor_msgs:/home/robot/ws_moveit2/install/moveit_resources_prbt_support:/home/robot/ws_moveit2/install/moveit_resources_pr2_description:/home/robot/ws_moveit2/install/moveit_resources_panda_moveit_config:/home/robot/ws_moveit2/install/moveit_resources_panda_description:/home/robot/ws_moveit2/install/moveit_resources_myrobot_description:/home/robot/ws_moveit2/install/moveit_resources_fanuc_moveit_config:/home/robot/ws_moveit2/install/moveit_resources_fanuc_description:/home/robot/ws_moveit2/install/moveit_common:/home/robot/ros2_ws/install/my_turtlesim_project:/home/robot/ros2_ws/install/my_robot_first_servo_control:/home/robot/ros2_ws/install/my_robot_bringup:/home/robot/ros2_ws/install/my_py_pkg:/home/robot/ros2_ws/install/my_robot_interfaces:/home/robot/ros2_ws/install/my_robot_firstrobot:/home/robot/ros2_ws/install/my_robot_first_roboticarm:/home/robot/ros2_ws/install/my_cpp_pkg:/home/robot/ros2_ws/install/lifecycle_py:/home/robot/ros2_ws/install/course3_project:/home/robot/ros2_ws/install/actions_py:/home/robot/turtlebot_ws/install/turtlebot3_simulations:/home/robot/turtlebot_ws/install/turtlebot3_gazebo:/home/robot/turtlebot_ws/install/turtlebot3_fake_node:/opt/ros/humble CMAKE_PREFIX_PATH=/home/robot/ws_moveit2/install/moveit:/home/robot/ws_moveit2/install/moveit_task_constructor_core:/home/robot/ws_moveit2/install/moveit_setup_assistant:/home/robot/ws_moveit2/install/moveit_setup_srdf_plugins:/home/robot/ws_moveit2/install/moveit_setup_core_plugins:/home/robot/ws_moveit2/install/moveit_setup_controllers:/home/robot/ws_moveit2/install/moveit_setup_app_plugins:/home/robot/ws_moveit2/install/moveit_planners:/home/robot/ws_moveit2/install/pilz_industrial_motion_planner:/home/robot/ws_moveit2/install/moveit_setup_framework:/home/robot/ws_moveit2/install/moveit_ros:/home/robot/ws_moveit2/install/moveit_servo:/home/robot/ws_moveit2/install/moveit_ros_visualization:/home/robot/ws_moveit2/install/moveit_resources_prbt_pg70_support:/home/robot/ws_moveit2/install/moveit_hybrid_planning:/home/robot/ws_moveit2/install/moveit_ros_planning_interface:/home/robot/ws_moveit2/install/moveit_resources_prbt_moveit_config:/home/robot/ws_moveit2/install/moveit_ros_move_group:/home/robot/ws_moveit2/install/moveit_ros_benchmarks:/home/robot/ws_moveit2/install/moveit_visual_tools:/home/robot/ws_moveit2/install/moveit_ros_warehouse:/home/robot/ws_moveit2/install/moveit_ros_robot_interaction:/home/robot/ws_moveit2/install/moveit_ros_perception:/home/robot/ws_moveit2/install/moveit_planners_ompl:/home/robot/ws_moveit2/install/moveit_kinematics:/home/robot/ws_moveit2/install/moveit_ros_planning:/home/robot/ws_moveit2/install/moveit_plugins:/home/robot/ws_moveit2/install/pilz_industrial_motion_planner_testutils:/home/robot/ws_moveit2/install/moveit_simple_controller_manager:/home/robot/ws_moveit2/install/moveit_ros_occupancy_map_monitor:/home/robot/ws_moveit2/install/moveit_resources_prbt_ikfast_manipulator_plugin:/home/robot/ws_moveit2/install/moveit_core:/home/robot/ws_moveit2/install/rviz_marker_tools:/home/robot/ws_moveit2/install/moveit_resources_panda_moveit_config:/home/robot/ws_moveit2/install/moveit_resources_fanuc_moveit_config:/home/robot/ws_moveit2/install/srdfdom:/home/robot/ws_moveit2/install/moveit_task_constructor_msgs:/home/robot/ws_moveit2/install/moveit_resources_prbt_support:/home/robot/ws_moveit2/install/moveit_resources_pr2_description:/home/robot/ws_moveit2/install/moveit_resources_panda_description:/home/robot/ws_moveit2/install/moveit_resources_fanuc_description:/home/robot/ws_moveit2/install/moveit_common:/home/robot/ws_moveit2/install/moveit_resources:/home/robot/ws_moveit2/install/myrobot_moveit_config:/home/robot/ws_moveit2/install/moveit_runtime:/home/robot/ws_moveit2/install/moveit2_tutorials:/home/robot/ws_moveit2/install/myrobot_hello_moveit:/home/robot/ws_moveit2/install/mtc_tutorial:/home/robot/ws_moveit2/install/hello_moveit:/home/robot/ws_moveit2/install/moveit_task_constructor_visualization:/home/robot/ws_moveit2/install/moveit_task_constructor_demo:/home/robot/ws_moveit2/install/moveit_task_constructor_capabilities:/home/robot/ws_moveit2/install/moveit_ros_control_interface:/home/robot/ws_moveit2/install/moveit_planners_chomp:/home/robot/ws_moveit2/install/moveit_chomp_optimizer_adapter:/home/robot/ws_moveit2/install/chomp_motion_planner:/home/robot/ws_moveit2/install/rosparam_shortcuts:/home/robot/ws_moveit2/install/my_6DOF_roboticarm:/home/robot/ws_moveit2/install/moveit_resources_myrobot_description:/home/robot/ros2_ws/install/my_robot_bringup:/home/robot/ros2_ws/install/my_robot_interfaces:/home/robot/ros2_ws/install/my_robot_firstrobot:/home/robot/ros2_ws/install/my_robot_first_roboticarm:/home/robot/ros2_ws/install/my_cpp_pkg:/home/robot/turtlebot_ws/install/turtlebot3_simulations:/home/robot/turtlebot_ws/install/turtlebot3_gazebo:/home/robot/turtlebot_ws/install/turtlebot3_fake_node:/home/robot/ws_moveit2/install/moveit_configs_utils:/home/robot/ws_moveit2/install/launch_param_builder:/home/robot/ros2_ws/install/my_turtlesim_project:/home/robot/ros2_ws/install/my_robot_first_servo_control:/home/robot/ros2_ws/install/my_py_pkg:/home/robot/ros2_ws/install/lifecycle_py:/home/robot/ros2_ws/install/course3_project:/home/robot/ros2_ws/install/actions_py:/opt/ros/humble LD_LIBRARY_PATH=/home/robot/ws_moveit2/install/moveit_task_constructor_core/lib:/home/robot/ws_moveit2/install/moveit_setup_srdf_plugins/lib:/home/robot/ws_moveit2/install/moveit_setup_core_plugins/lib:/home/robot/ws_moveit2/install/moveit_setup_controllers/lib:/home/robot/ws_moveit2/install/moveit_setup_app_plugins/lib:/home/robot/ws_moveit2/install/pilz_industrial_motion_planner/lib:/home/robot/ws_moveit2/install/moveit_setup_framework/lib:/home/robot/ws_moveit2/install/moveit_servo/lib:/home/robot/ws_moveit2/install/moveit_ros_visualization/lib:/home/robot/ws_moveit2/install/moveit_hybrid_planning/lib:/home/robot/ws_moveit2/install/moveit_ros_planning_interface/lib:/home/robot/ws_moveit2/install/moveit_ros_move_group/lib:/home/robot/ws_moveit2/install/moveit_ros_benchmarks/lib:/home/robot/ws_moveit2/install/moveit_visual_tools/lib:/home/robot/ws_moveit2/install/moveit_ros_warehouse/lib:/home/robot/ws_moveit2/install/moveit_ros_robot_interaction/lib:/home/robot/ws_moveit2/install/moveit_ros_perception/lib:/home/robot/ws_moveit2/install/moveit_planners_ompl/lib:/home/robot/ws_moveit2/install/moveit_kinematics/lib:/home/robot/ws_moveit2/install/moveit_ros_planning/lib:/home/robot/ws_moveit2/install/pilz_industrial_motion_planner_testutils/lib:/home/robot/ws_moveit2/install/moveit_simple_controller_manager/lib:/home/robot/ws_moveit2/install/moveit_ros_occupancy_map_monitor/lib:/home/robot/ws_moveit2/install/moveit_resources_prbt_ikfast_manipulator_plugin/lib:/home/robot/ws_moveit2/install/moveit_core/lib:/home/robot/ws_moveit2/install/rviz_marker_tools/lib:/home/robot/ws_moveit2/install/srdfdom/lib:/home/robot/ws_moveit2/install/moveit_task_constructor_msgs/lib:/home/robot/ws_moveit2/install/moveit_task_constructor_visualization/lib:/home/robot/ws_moveit2/install/moveit_task_constructor_demo/lib:/home/robot/ws_moveit2/install/moveit_task_constructor_capabilities/lib:/home/robot/ws_moveit2/install/moveit_ros_control_interface/lib:/home/robot/ws_moveit2/install/moveit_setup_assistant/lib:/home/robot/ws_moveit2/install/moveit_planners_chomp/lib:/home/robot/ws_moveit2/install/moveit_chomp_optimizer_adapter/lib:/home/robot/ws_moveit2/install/chomp_motion_planner/lib:/home/robot/ws_moveit2/install/rosparam_shortcuts/lib:/home/robot/ros2_ws/install/my_robot_interfaces/lib:/usr/lib/x86_64-linux-gnu/gazebo-11/plugins:/opt/ros/humble/opt/rviz_ogre_vendor/lib:/opt/ros/humble/lib/x86_64-linux-gnu:/opt/ros/humble/lib:/usr/share/gazebo/../../lib/x86_64-linux-gnu/gazebo-11/plugins PYTHONPATH=/home/robot/ws_moveit2/install/moveit_configs_utils/lib/python3.10/site-packages:/home/robot/ws_moveit2/install/launch_param_builder/lib/python3.10/site-packages:/home/robot/ws_moveit2/install/moveit_task_constructor_core/local/lib/python3.10/dist-packages:/home/robot/ws_moveit2/install/srdfdom/local/lib/python3.10/dist-packages:/home/robot/ws_moveit2/install/moveit_task_constructor_msgs/local/lib/python3.10/dist-packages:/home/robot/ros2_ws/install/my_turtlesim_project/lib/python3.10/site-packages:/home/robot/ros2_ws/install/my_robot_first_servo_control/lib/python3.10/site-packages:/home/robot/ros2_ws/install/my_py_pkg/lib/python3.10/site-packages:/home/robot/ros2_ws/install/my_robot_interfaces/local/lib/python3.10/dist-packages:/home/robot/ros2_ws/install/lifecycle_py/lib/python3.10/site-packages:/home/robot/ros2_ws/install/course3_project/lib/python3.10/site-packages:/home/robot/ros2_ws/install/actions_py/lib/python3.10/site-packages:/opt/ros/humble/lib/python3.10/site-packages:/opt/ros/humble/local/lib/python3.10/dist-packages /home/robot/.local/bin/cmake --build /home/robot/ws_moveit2/build/moveit2_tutorials -- -j6 -l6
[0.461s] -- Found moveit_common: 2.5.5 (/home/robot/ws_moveit2/install/moveit_common/share/moveit_common/cmake)
[0.461s] -- Found ament_cmake: 1.3.9 (/opt/ros/humble/share/ament_cmake/cmake)
[1.242s] -- Could NOT find libbfd (missing: LIBBFD_LIBRARY LIBBFD_INCLUDE_DIR) 
[1.242s] -- BACKWARD_HAS_UNWIND=1
[1.242s] -- BACKWARD_HAS_BACKTRACE=0
[1.242s] -- BACKWARD_HAS_BACKTRACE_SYMBOL=0
[1.242s] -- BACKWARD_HAS_DW=1
[1.242s] -- BACKWARD_HAS_BFD=0
[1.243s] -- Found Backward: /opt/ros/humble/share/backward_ros/cmake
[1.245s] [33mCMake Warning (dev) at CMakeLists.txt:9 (find_package):
[1.245s]   Policy CMP0167 is not set: The FindBoost module is removed.  Run "cmake
[1.245s]   --help-policy CMP0167" for policy details.  Use the cmake_policy command to
[1.245s]   set the policy and suppress this warning.
[1.245s] 
[1.245s] This warning is for project developers.  Use -Wno-dev to suppress it.
[1.245s] [0m
[1.268s] -- Found Boost: /usr/lib/x86_64-linux-gnu/cmake/Boost-1.74.0/BoostConfig.cmake (found version "1.74.0") found components: system filesystem date_time thread
[1.270s] -- Found control_msgs: 4.6.0 (/opt/ros/humble/share/control_msgs/cmake)
[1.311s] -- Found rosidl_generator_c: 3.1.5 (/opt/ros/humble/share/rosidl_generator_c/cmake)
[1.316s] -- Found rosidl_adapter: 3.1.5 (/opt/ros/humble/share/rosidl_adapter/cmake)
[1.327s] -- Found rosidl_generator_cpp: 3.1.5 (/opt/ros/humble/share/rosidl_generator_cpp/cmake)
[1.354s] -- Using all available rosidl_typesupport_c: rosidl_typesupport_fastrtps_c;rosidl_typesupport_introspection_c
[1.390s] -- Using all available rosidl_typesupport_cpp: rosidl_typesupport_fastrtps_cpp;rosidl_typesupport_introspection_cpp
[2.269s] -- Found moveit_core: 2.5.5 (/home/robot/ws_moveit2/install/moveit_core/share/moveit_core/cmake)
[2.270s] [33mCMake Warning (dev) at /home/robot/ws_moveit2/install/moveit_core/share/moveit_core/cmake/ConfigExtras.cmake:3 (find_package):
[2.270s]   Policy CMP0167 is not set: The FindBoost module is removed.  Run "cmake
[2.270s]   --help-policy CMP0167" for policy details.  Use the cmake_policy command to
[2.270s]   set the policy and suppress this warning.
[2.270s] 
[2.270s] Call Stack (most recent call first):
[2.270s]   /home/robot/ws_moveit2/install/moveit_core/share/moveit_core/cmake/moveit_coreConfig.cmake:41 (include)
[2.270s]   CMakeLists.txt:12 (find_package)
[2.270s] This warning is for project developers.  Use -Wno-dev to suppress it.
[2.270s] [0m
[2.285s] -- Found Boost: /usr/lib/x86_64-linux-gnu/cmake/Boost-1.74.0/BoostConfig.cmake (found version "1.74.0") found components: chrono date_time filesystem iostreams program_options regex serialization system thread
[2.342s] -- Found parameter_traits: 0.3.8 (/opt/ros/humble/share/parameter_traits/cmake)
[2.433s] -- Found rmw_implementation_cmake: 6.1.2 (/opt/ros/humble/share/rmw_implementation_cmake/cmake)
[2.441s] -- Found rmw_fastrtps_cpp: 6.2.6 (/opt/ros/humble/share/rmw_fastrtps_cpp/cmake)
[2.730s] -- Using RMW implementation 'rmw_fastrtps_cpp' as default
[3.014s] -- Found rclcpp_lifecycle: 16.0.9 (/opt/ros/humble/share/rclcpp_lifecycle/cmake)
[3.085s] [33mCMake Warning (dev) at /opt/ros/humble/share/geometric_shapes/cmake/ConfigExtras.cmake:31 (find_package):
[3.085s]   Policy CMP0167 is not set: The FindBoost module is removed.  Run "cmake
[3.085s]   --help-policy CMP0167" for policy details.  Use the cmake_policy command to
[3.085s]   set the policy and suppress this warning.
[3.085s] 
[3.085s] Call Stack (most recent call first):
[3.085s]   /opt/ros/humble/share/geometric_shapes/cmake/geometric_shapesConfig.cmake:41 (include)
[3.085s]   /home/robot/ws_moveit2/install/moveit_core/share/moveit_core/cmake/ament_cmake_export_dependencies-extras.cmake:21 (find_package)
[3.086s]   /home/robot/ws_moveit2/install/moveit_core/share/moveit_core/cmake/moveit_coreConfig.cmake:41 (include)
[3.086s]   CMakeLists.txt:12 (find_package)
[3.086s] This warning is for project developers.  Use -Wno-dev to suppress it.
[3.086s] [0m
[3.091s] -- Found Boost: /usr/lib/x86_64-linux-gnu/cmake/Boost-1.74.0/BoostConfig.cmake (found version "1.74.0") found components: filesystem
[3.180s] -- library: /usr/lib/x86_64-linux-gnu/libcurl.so
[3.518s] -- Ensuring Eigen3 include directory is part of orocos-kdl CMake target
[5.048s] -- Found moveit_task_constructor_core: 0.1.3 (/home/robot/ws_moveit2/install/moveit_task_constructor_core/share/moveit_task_constructor_core/cmake)
[5.158s] [33mCMake Warning (dev) at /home/robot/ws_moveit2/install/moveit_ros_planning/share/moveit_ros_planning/cmake/ConfigExtras.cmake:3 (find_package):
[5.158s]   Policy CMP0167 is not set: The FindBoost module is removed.  Run "cmake
[5.158s]   --help-policy CMP0167" for policy details.  Use the cmake_policy command to
[5.158s]   set the policy and suppress this warning.
[5.158s] 
[5.158s] Call Stack (most recent call first):
[5.158s]   /home/robot/ws_moveit2/install/moveit_ros_planning/share/moveit_ros_planning/cmake/moveit_ros_planningConfig.cmake:41 (include)
[5.158s]   /home/robot/ws_moveit2/install/moveit_task_constructor_core/share/moveit_task_constructor_core/cmake/ament_cmake_export_dependencies-extras.cmake:21 (find_package)
[5.159s]   /home/robot/ws_moveit2/install/moveit_task_constructor_core/share/moveit_task_constructor_core/cmake/moveit_task_constructor_coreConfig.cmake:41 (include)
[5.159s]   CMakeLists.txt:13 (find_package)
[5.159s] This warning is for project developers.  Use -Wno-dev to suppress it.
[5.159s] [0m
[5.166s] -- Found Boost: /usr/lib/x86_64-linux-gnu/cmake/Boost-1.74.0/BoostConfig.cmake (found version "1.74.0") found components: system filesystem date_time program_options thread chrono
[5.976s] [33mCMake Warning (dev) at /home/robot/ws_moveit2/install/moveit_ros_planning_interface/share/moveit_ros_planning_interface/cmake/ConfigExtras.cmake:9 (find_package):
[5.976s]   Policy CMP0167 is not set: The FindBoost module is removed.  Run "cmake
[5.977s]   --help-policy CMP0167" for policy details.  Use the cmake_policy command to
[5.977s]   set the policy and suppress this warning.
[5.977s] 
[5.977s] Call Stack (most recent call first):
[5.977s]   /home/robot/ws_moveit2/install/moveit_ros_planning_interface/share/moveit_ros_planning_interface/cmake/moveit_ros_planning_interfaceConfig.cmake:41 (include)
[5.977s]   /home/robot/ws_moveit2/install/moveit_task_constructor_core/share/moveit_task_constructor_core/cmake/ament_cmake_export_dependencies-extras.cmake:21 (find_package)
[5.977s]   /home/robot/ws_moveit2/install/moveit_task_constructor_core/share/moveit_task_constructor_core/cmake/moveit_task_constructor_coreConfig.cmake:41 (include)
[5.977s]   CMakeLists.txt:13 (find_package)
[5.977s] This warning is for project developers.  Use -Wno-dev to suppress it.
[5.977s] [0m
[5.984s] -- Found Boost: /usr/lib/x86_64-linux-gnu/cmake/Boost-1.74.0/BoostConfig.cmake (found version "1.74.0") found components: date_time filesystem program_options system thread
[6.262s] [33mCMake Warning (dev) at /home/robot/ws_moveit2/install/moveit_ros_warehouse/share/moveit_ros_warehouse/cmake/ConfigExtras.cmake:3 (find_package):
[6.262s]   Policy CMP0167 is not set: The FindBoost module is removed.  Run "cmake
[6.262s]   --help-policy CMP0167" for policy details.  Use the cmake_policy command to
[6.262s]   set the policy and suppress this warning.
[6.262s] 
[6.263s] Call Stack (most recent call first):
[6.263s]   /home/robot/ws_moveit2/install/moveit_ros_warehouse/share/moveit_ros_warehouse/cmake/moveit_ros_warehouseConfig.cmake:41 (include)
[6.263s]   /home/robot/ws_moveit2/install/moveit_ros_planning_interface/share/moveit_ros_planning_interface/cmake/ament_cmake_export_dependencies-extras.cmake:21 (find_package)
[6.263s]   /home/robot/ws_moveit2/install/moveit_ros_planning_interface/share/moveit_ros_planning_interface/cmake/moveit_ros_planning_interfaceConfig.cmake:41 (include)
[6.263s]   /home/robot/ws_moveit2/install/moveit_task_constructor_core/share/moveit_task_constructor_core/cmake/ament_cmake_export_dependencies-extras.cmake:21 (find_package)
[6.263s]   /home/robot/ws_moveit2/install/moveit_task_constructor_core/share/moveit_task_constructor_core/cmake/moveit_task_constructor_coreConfig.cmake:41 (include)
[6.263s]   CMakeLists.txt:13 (find_package)
[6.263s] This warning is for project developers.  Use -Wno-dev to suppress it.
[6.263s] [0m
[6.270s] -- Found Boost: /usr/lib/x86_64-linux-gnu/cmake/Boost-1.74.0/BoostConfig.cmake (found version "1.74.0") found components: thread system filesystem regex date_time program_options
[6.639s] [33mCMake Warning (dev) at /home/robot/ws_moveit2/install/moveit_ros_move_group/share/moveit_ros_move_group/cmake/ConfigExtras.cmake:3 (find_package):
[6.639s]   Policy CMP0167 is not set: The FindBoost module is removed.  Run "cmake
[6.640s]   --help-policy CMP0167" for policy details.  Use the cmake_policy command to
[6.640s]   set the policy and suppress this warning.
[6.640s] 
[6.640s] Call Stack (most recent call first):
[6.640s]   /home/robot/ws_moveit2/install/moveit_ros_move_group/share/moveit_ros_move_group/cmake/moveit_ros_move_groupConfig.cmake:41 (include)
[6.640s]   /home/robot/ws_moveit2/install/moveit_ros_planning_interface/share/moveit_ros_planning_interface/cmake/ament_cmake_export_dependencies-extras.cmake:21 (find_package)
[6.640s]   /home/robot/ws_moveit2/install/moveit_ros_planning_interface/share/moveit_ros_planning_interface/cmake/moveit_ros_planning_interfaceConfig.cmake:41 (include)
[6.640s]   /home/robot/ws_moveit2/install/moveit_task_constructor_core/share/moveit_task_constructor_core/cmake/ament_cmake_export_dependencies-extras.cmake:21 (find_package)
[6.640s]   /home/robot/ws_moveit2/install/moveit_task_constructor_core/share/moveit_task_constructor_core/cmake/moveit_task_constructor_coreConfig.cmake:41 (include)
[6.640s]   CMakeLists.txt:13 (find_package)
[6.640s] This warning is for project developers.  Use -Wno-dev to suppress it.
[6.641s] [0m
[6.647s] -- Found Boost: /usr/lib/x86_64-linux-gnu/cmake/Boost-1.74.0/BoostConfig.cmake (found version "1.74.0") found components: system filesystem date_time program_options thread
[7.972s] -- Found moveit_ros_perception: 2.5.5 (/home/robot/ws_moveit2/install/moveit_ros_perception/share/moveit_ros_perception/cmake)
[7.973s] [33mCMake Warning (dev) at /home/robot/ws_moveit2/install/moveit_ros_perception/share/moveit_ros_perception/cmake/ConfigExtras.cmake:3 (find_package):
[7.973s]   Policy CMP0167 is not set: The FindBoost module is removed.  Run "cmake
[7.973s]   --help-policy CMP0167" for policy details.  Use the cmake_policy command to
[7.973s]   set the policy and suppress this warning.
[7.973s] 
[7.973s] Call Stack (most recent call first):
[7.973s]   /home/robot/ws_moveit2/install/moveit_ros_perception/share/moveit_ros_perception/cmake/moveit_ros_perceptionConfig.cmake:41 (include)
[7.973s]   CMakeLists.txt:16 (find_package)
[7.974s] This warning is for project developers.  Use -Wno-dev to suppress it.
[7.974s] [0m
[7.977s] -- Found Boost: /usr/lib/x86_64-linux-gnu/cmake/Boost-1.74.0/BoostConfig.cmake (found version "1.74.0") found components: thread
[8.467s] -- Found moveit_servo: 2.5.5 (/home/robot/ws_moveit2/install/moveit_servo/share/moveit_servo/cmake)
[9.380s] -- Found interactive_markers: 2.3.2 (/opt/ros/humble/share/interactive_markers/cmake)
[9.397s] -- Found rviz_visual_tools: 4.1.4 (/opt/ros/humble/share/rviz_visual_tools/cmake)
[9.555s] -- Setting OGRE_DIR to: '/opt/ros/humble/share/rviz_ogre_vendor/cmake/../../../opt/rviz_ogre_vendor/lib/OGRE/cmake'
[9.557s] -- Found OGRE
[9.557s] --   static     : OFF
[9.557s] --   components : HLMS;MeshLodGenerator;Overlay;Paging;Property;RTShaderSystem;Terrain;Volume
[9.557s] --   plugins    : Plugin_BSPSceneManager;Plugin_OctreeSceneManager;Plugin_PCZSceneManager;Plugin_ParticleFX;RenderSystem_GL;RenderSystem_GL3Plus;Codec_STBI
[9.557s] --   media      : /opt/ros/humble/opt/rviz_ogre_vendor/share/OGRE/Media
[9.558s] -- OGRE_LIBRARIES: OgreHLMS;OgreMeshLodGenerator;OgreOverlay;OgrePaging;OgreProperty;OgreRTShaderSystem;OgreTerrain;OgreVolume;OgreMain
[9.558s] -- OGRE_LIBRARY_DIRS: /opt/ros/humble/opt/rviz_ogre_vendor/lib
[9.558s] -- OGRE_PLUGINS: Plugin_BSPSceneManager;Plugin_OctreeSceneManager;Plugin_PCZSceneManager;Plugin_ParticleFX;RenderSystem_GL;RenderSystem_GL3Plus;Codec_STBI
[9.558s] -- OGRE_PLUGIN_DIR: /opt/ros/humble/opt/rviz_ogre_vendor/lib/OGRE
[9.558s] -- rviz_ogre_vendor::OgreOverlay for IMPORTED_LOCATION_RELEASE: /opt/ros/humble/opt/rviz_ogre_vendor/lib/libOgreOverlay.so
[9.558s] -- rviz_ogre_vendor::OgreOverlay for IMPORTED_LOCATION_DEBUG: /opt/ros/humble/opt/rviz_ogre_vendor/lib/libOgreOverlay.so
[9.558s] -- rviz_ogre_vendor::OgreMain for IMPORTED_LOCATION_RELEASE: /opt/ros/humble/opt/rviz_ogre_vendor/lib/libOgreMain.so
[9.558s] -- rviz_ogre_vendor::OgreMain for IMPORTED_LOCATION_DEBUG: /opt/ros/humble/opt/rviz_ogre_vendor/lib/libOgreMain.so
[9.821s] -- rviz_ogre_vendor::RenderSystem_GL for IMPORTED_LOCATION_RELEASE: _render_system_gl_static_library_abs-NOTFOUND
[9.822s] -- rviz_ogre_vendor::RenderSystem_GL for IMPORTED_LOCATION_DEBUG: _render_system_gl_static_library_abs-NOTFOUND
[10.722s] -- Found moveit_visual_tools: 4.1.0 (/home/robot/ws_moveit2/install/moveit_visual_tools/share/moveit_visual_tools/cmake)
[11.779s] [33mCMake Warning (dev) at doc/examples/perception_pipeline/CMakeLists.txt:4 (find_package):
[11.779s]   Policy CMP0167 is not set: The FindBoost module is removed.  Run "cmake
[11.779s]   --help-policy CMP0167" for policy details.  Use the cmake_policy command to
[11.780s]   set the policy and suppress this warning.
[11.780s] 
[11.780s] This warning is for project developers.  Use -Wno-dev to suppress it.
[11.780s] [0m
[11.785s] -- Found Boost: /usr/lib/x86_64-linux-gnu/cmake/Boost-1.74.0/BoostConfig.cmake (found version "1.74.0")
[11.786s] -- Found rosbag2_cpp: 0.15.11 (/opt/ros/humble/share/rosbag2_cpp/cmake)
[11.832s] -- Found pcl_conversions: 2.4.0 (/opt/ros/humble/share/pcl_conversions/cmake)
[12.122s] [31mCMake Error at doc/examples/perception_pipeline/CMakeLists.txt:8 (find_package):
[12.122s]   By not providing "Findpcl.cmake" in CMAKE_MODULE_PATH this project has
[12.122s]   asked CMake to find a package configuration file provided by "pcl", but
[12.122s]   CMake did not find one.
[12.122s] 
[12.122s]   Could not find a package configuration file provided by "pcl" with any of
[12.122s]   the following names:
[12.123s] 
[12.123s]     pclConfig.cmake
[12.123s]     pcl-config.cmake
[12.123s] 
[12.123s]   Add the installation prefix of "pcl" to CMAKE_PREFIX_PATH or set "pcl_DIR"
[12.123s]   to a directory containing one of the above files.  If "pcl" provides a
[12.123s]   separate development package or SDK, be sure it has been installed.
[12.124s] 
[12.124s] [0m
[12.124s] -- Configuring incomplete, errors occurred!
[12.149s] gmake: *** [Makefile:436: cmake_check_build_system] Error 1
[12.170s] Invoked command in '/home/robot/ws_moveit2/build/moveit2_tutorials' returned '2': AMENT_PREFIX_PATH=/home/robot/ws_moveit2/install/moveit_configs_utils:/home/robot/ws_moveit2/install/launch_param_builder:/home/robot/ws_moveit2/install/pilz_industrial_motion_planner_testutils:/home/robot/ws_moveit2/install/moveit_resources:/home/robot/ws_moveit2/install/myrobot_moveit_config:/home/robot/ws_moveit2/install/moveit_runtime:/home/robot/ws_moveit2/install/moveit2_tutorials:/home/robot/ws_moveit2/install/moveit:/home/robot/ws_moveit2/install/moveit_planners:/home/robot/ws_moveit2/install/pilz_industrial_motion_planner:/home/robot/ws_moveit2/install/myrobot_hello_moveit:/home/robot/ws_moveit2/install/mtc_tutorial:/home/robot/ws_moveit2/install/hello_moveit:/home/robot/ws_moveit2/install/moveit_visual_tools:/home/robot/ws_moveit2/install/moveit_task_constructor_visualization:/home/robot/ws_moveit2/install/moveit_task_constructor_demo:/home/robot/ws_moveit2/install/moveit_task_constructor_capabilities:/home/robot/ws_moveit2/install/moveit_task_constructor_core:/home/robot/ws_moveit2/install/moveit_ros_control_interface:/home/robot/ws_moveit2/install/moveit_plugins:/home/robot/ws_moveit2/install/moveit_simple_controller_manager:/home/robot/ws_moveit2/install/moveit_setup_assistant:/home/robot/ws_moveit2/install/moveit_setup_srdf_plugins:/home/robot/ws_moveit2/install/moveit_setup_core_plugins:/home/robot/ws_moveit2/install/moveit_setup_controllers:/home/robot/ws_moveit2/install/moveit_setup_app_plugins:/home/robot/ws_moveit2/install/moveit_setup_framework:/home/robot/ws_moveit2/install/moveit_servo:/home/robot/ws_moveit2/install/moveit_ros:/home/robot/ws_moveit2/install/moveit_ros_visualization:/home/robot/ws_moveit2/install/moveit_hybrid_planning:/home/robot/ws_moveit2/install/moveit_ros_planning_interface:/home/robot/ws_moveit2/install/moveit_ros_benchmarks:/home/robot/ws_moveit2/install/moveit_ros_warehouse:/home/robot/ws_moveit2/install/moveit_ros_robot_interaction:/home/robot/ws_moveit2/install/moveit_ros_perception:/home/robot/ws_moveit2/install/moveit_resources_prbt_pg70_support:/home/robot/ws_moveit2/install/moveit_resources_prbt_moveit_config:/home/robot/ws_moveit2/install/moveit_ros_move_group:/home/robot/ws_moveit2/install/moveit_planners_ompl:/home/robot/ws_moveit2/install/moveit_ros_planning:/home/robot/ws_moveit2/install/moveit_ros_occupancy_map_monitor:/home/robot/ws_moveit2/install/moveit_resources_prbt_ikfast_manipulator_plugin:/home/robot/ws_moveit2/install/moveit_planners_chomp:/home/robot/ws_moveit2/install/moveit_kinematics:/home/robot/ws_moveit2/install/moveit_chomp_optimizer_adapter:/home/robot/ws_moveit2/install/chomp_motion_planner:/home/robot/ws_moveit2/install/moveit_core:/home/robot/ws_moveit2/install/srdfdom:/home/robot/ws_moveit2/install/rviz_marker_tools:/home/robot/ws_moveit2/install/rosparam_shortcuts:/home/robot/ws_moveit2/install/my_6DOF_roboticarm:/home/robot/ws_moveit2/install/moveit_task_constructor_msgs:/home/robot/ws_moveit2/install/moveit_resources_prbt_support:/home/robot/ws_moveit2/install/moveit_resources_pr2_description:/home/robot/ws_moveit2/install/moveit_resources_panda_moveit_config:/home/robot/ws_moveit2/install/moveit_resources_panda_description:/home/robot/ws_moveit2/install/moveit_resources_myrobot_description:/home/robot/ws_moveit2/install/moveit_resources_fanuc_moveit_config:/home/robot/ws_moveit2/install/moveit_resources_fanuc_description:/home/robot/ws_moveit2/install/moveit_common:/home/robot/ros2_ws/install/my_turtlesim_project:/home/robot/ros2_ws/install/my_robot_first_servo_control:/home/robot/ros2_ws/install/my_robot_bringup:/home/robot/ros2_ws/install/my_py_pkg:/home/robot/ros2_ws/install/my_robot_interfaces:/home/robot/ros2_ws/install/my_robot_firstrobot:/home/robot/ros2_ws/install/my_robot_first_roboticarm:/home/robot/ros2_ws/install/my_cpp_pkg:/home/robot/ros2_ws/install/lifecycle_py:/home/robot/ros2_ws/install/course3_project:/home/robot/ros2_ws/install/actions_py:/home/robot/turtlebot_ws/install/turtlebot3_simulations:/home/robot/turtlebot_ws/install/turtlebot3_gazebo:/home/robot/turtlebot_ws/install/turtlebot3_fake_node:/opt/ros/humble CMAKE_PREFIX_PATH=/home/robot/ws_moveit2/install/moveit:/home/robot/ws_moveit2/install/moveit_task_constructor_core:/home/robot/ws_moveit2/install/moveit_setup_assistant:/home/robot/ws_moveit2/install/moveit_setup_srdf_plugins:/home/robot/ws_moveit2/install/moveit_setup_core_plugins:/home/robot/ws_moveit2/install/moveit_setup_controllers:/home/robot/ws_moveit2/install/moveit_setup_app_plugins:/home/robot/ws_moveit2/install/moveit_planners:/home/robot/ws_moveit2/install/pilz_industrial_motion_planner:/home/robot/ws_moveit2/install/moveit_setup_framework:/home/robot/ws_moveit2/install/moveit_ros:/home/robot/ws_moveit2/install/moveit_servo:/home/robot/ws_moveit2/install/moveit_ros_visualization:/home/robot/ws_moveit2/install/moveit_resources_prbt_pg70_support:/home/robot/ws_moveit2/install/moveit_hybrid_planning:/home/robot/ws_moveit2/install/moveit_ros_planning_interface:/home/robot/ws_moveit2/install/moveit_resources_prbt_moveit_config:/home/robot/ws_moveit2/install/moveit_ros_move_group:/home/robot/ws_moveit2/install/moveit_ros_benchmarks:/home/robot/ws_moveit2/install/moveit_visual_tools:/home/robot/ws_moveit2/install/moveit_ros_warehouse:/home/robot/ws_moveit2/install/moveit_ros_robot_interaction:/home/robot/ws_moveit2/install/moveit_ros_perception:/home/robot/ws_moveit2/install/moveit_planners_ompl:/home/robot/ws_moveit2/install/moveit_kinematics:/home/robot/ws_moveit2/install/moveit_ros_planning:/home/robot/ws_moveit2/install/moveit_plugins:/home/robot/ws_moveit2/install/pilz_industrial_motion_planner_testutils:/home/robot/ws_moveit2/install/moveit_simple_controller_manager:/home/robot/ws_moveit2/install/moveit_ros_occupancy_map_monitor:/home/robot/ws_moveit2/install/moveit_resources_prbt_ikfast_manipulator_plugin:/home/robot/ws_moveit2/install/moveit_core:/home/robot/ws_moveit2/install/rviz_marker_tools:/home/robot/ws_moveit2/install/moveit_resources_panda_moveit_config:/home/robot/ws_moveit2/install/moveit_resources_fanuc_moveit_config:/home/robot/ws_moveit2/install/srdfdom:/home/robot/ws_moveit2/install/moveit_task_constructor_msgs:/home/robot/ws_moveit2/install/moveit_resources_prbt_support:/home/robot/ws_moveit2/install/moveit_resources_pr2_description:/home/robot/ws_moveit2/install/moveit_resources_panda_description:/home/robot/ws_moveit2/install/moveit_resources_fanuc_description:/home/robot/ws_moveit2/install/moveit_common:/home/robot/ws_moveit2/install/moveit_resources:/home/robot/ws_moveit2/install/myrobot_moveit_config:/home/robot/ws_moveit2/install/moveit_runtime:/home/robot/ws_moveit2/install/moveit2_tutorials:/home/robot/ws_moveit2/install/myrobot_hello_moveit:/home/robot/ws_moveit2/install/mtc_tutorial:/home/robot/ws_moveit2/install/hello_moveit:/home/robot/ws_moveit2/install/moveit_task_constructor_visualization:/home/robot/ws_moveit2/install/moveit_task_constructor_demo:/home/robot/ws_moveit2/install/moveit_task_constructor_capabilities:/home/robot/ws_moveit2/install/moveit_ros_control_interface:/home/robot/ws_moveit2/install/moveit_planners_chomp:/home/robot/ws_moveit2/install/moveit_chomp_optimizer_adapter:/home/robot/ws_moveit2/install/chomp_motion_planner:/home/robot/ws_moveit2/install/rosparam_shortcuts:/home/robot/ws_moveit2/install/my_6DOF_roboticarm:/home/robot/ws_moveit2/install/moveit_resources_myrobot_description:/home/robot/ros2_ws/install/my_robot_bringup:/home/robot/ros2_ws/install/my_robot_interfaces:/home/robot/ros2_ws/install/my_robot_firstrobot:/home/robot/ros2_ws/install/my_robot_first_roboticarm:/home/robot/ros2_ws/install/my_cpp_pkg:/home/robot/turtlebot_ws/install/turtlebot3_simulations:/home/robot/turtlebot_ws/install/turtlebot3_gazebo:/home/robot/turtlebot_ws/install/turtlebot3_fake_node:/home/robot/ws_moveit2/install/moveit_configs_utils:/home/robot/ws_moveit2/install/launch_param_builder:/home/robot/ros2_ws/install/my_turtlesim_project:/home/robot/ros2_ws/install/my_robot_first_servo_control:/home/robot/ros2_ws/install/my_py_pkg:/home/robot/ros2_ws/install/lifecycle_py:/home/robot/ros2_ws/install/course3_project:/home/robot/ros2_ws/install/actions_py:/opt/ros/humble LD_LIBRARY_PATH=/home/robot/ws_moveit2/install/moveit_task_constructor_core/lib:/home/robot/ws_moveit2/install/moveit_setup_srdf_plugins/lib:/home/robot/ws_moveit2/install/moveit_setup_core_plugins/lib:/home/robot/ws_moveit2/install/moveit_setup_controllers/lib:/home/robot/ws_moveit2/install/moveit_setup_app_plugins/lib:/home/robot/ws_moveit2/install/pilz_industrial_motion_planner/lib:/home/robot/ws_moveit2/install/moveit_setup_framework/lib:/home/robot/ws_moveit2/install/moveit_servo/lib:/home/robot/ws_moveit2/install/moveit_ros_visualization/lib:/home/robot/ws_moveit2/install/moveit_hybrid_planning/lib:/home/robot/ws_moveit2/install/moveit_ros_planning_interface/lib:/home/robot/ws_moveit2/install/moveit_ros_move_group/lib:/home/robot/ws_moveit2/install/moveit_ros_benchmarks/lib:/home/robot/ws_moveit2/install/moveit_visual_tools/lib:/home/robot/ws_moveit2/install/moveit_ros_warehouse/lib:/home/robot/ws_moveit2/install/moveit_ros_robot_interaction/lib:/home/robot/ws_moveit2/install/moveit_ros_perception/lib:/home/robot/ws_moveit2/install/moveit_planners_ompl/lib:/home/robot/ws_moveit2/install/moveit_kinematics/lib:/home/robot/ws_moveit2/install/moveit_ros_planning/lib:/home/robot/ws_moveit2/install/pilz_industrial_motion_planner_testutils/lib:/home/robot/ws_moveit2/install/moveit_simple_controller_manager/lib:/home/robot/ws_moveit2/install/moveit_ros_occupancy_map_monitor/lib:/home/robot/ws_moveit2/install/moveit_resources_prbt_ikfast_manipulator_plugin/lib:/home/robot/ws_moveit2/install/moveit_core/lib:/home/robot/ws_moveit2/install/rviz_marker_tools/lib:/home/robot/ws_moveit2/install/srdfdom/lib:/home/robot/ws_moveit2/install/moveit_task_constructor_msgs/lib:/home/robot/ws_moveit2/install/moveit_task_constructor_visualization/lib:/home/robot/ws_moveit2/install/moveit_task_constructor_demo/lib:/home/robot/ws_moveit2/install/moveit_task_constructor_capabilities/lib:/home/robot/ws_moveit2/install/moveit_ros_control_interface/lib:/home/robot/ws_moveit2/install/moveit_setup_assistant/lib:/home/robot/ws_moveit2/install/moveit_planners_chomp/lib:/home/robot/ws_moveit2/install/moveit_chomp_optimizer_adapter/lib:/home/robot/ws_moveit2/install/chomp_motion_planner/lib:/home/robot/ws_moveit2/install/rosparam_shortcuts/lib:/home/robot/ros2_ws/install/my_robot_interfaces/lib:/usr/lib/x86_64-linux-gnu/gazebo-11/plugins:/opt/ros/humble/opt/rviz_ogre_vendor/lib:/opt/ros/humble/lib/x86_64-linux-gnu:/opt/ros/humble/lib:/usr/share/gazebo/../../lib/x86_64-linux-gnu/gazebo-11/plugins PYTHONPATH=/home/robot/ws_moveit2/install/moveit_configs_utils/lib/python3.10/site-packages:/home/robot/ws_moveit2/install/launch_param_builder/lib/python3.10/site-packages:/home/robot/ws_moveit2/install/moveit_task_constructor_core/local/lib/python3.10/dist-packages:/home/robot/ws_moveit2/install/srdfdom/local/lib/python3.10/dist-packages:/home/robot/ws_moveit2/install/moveit_task_constructor_msgs/local/lib/python3.10/dist-packages:/home/robot/ros2_ws/install/my_turtlesim_project/lib/python3.10/site-packages:/home/robot/ros2_ws/install/my_robot_first_servo_control/lib/python3.10/site-packages:/home/robot/ros2_ws/install/my_py_pkg/lib/python3.10/site-packages:/home/robot/ros2_ws/install/my_robot_interfaces/local/lib/python3.10/dist-packages:/home/robot/ros2_ws/install/lifecycle_py/lib/python3.10/site-packages:/home/robot/ros2_ws/install/course3_project/lib/python3.10/site-packages:/home/robot/ros2_ws/install/actions_py/lib/python3.10/site-packages:/opt/ros/humble/lib/python3.10/site-packages:/opt/ros/humble/local/lib/python3.10/dist-packages /home/robot/.local/bin/cmake --build /home/robot/ws_moveit2/build/moveit2_tutorials -- -j6 -l6
